2025-04-07 16:54:25,861 - INFO - 开始登录...
2025-04-07 16:54:25,862 - INFO - 尝试刷新登录状态...
2025-04-07 16:54:26,188 - INFO - 登录刷新成功!
2025-04-07 16:54:26,188 - INFO - 登录成功!
2025-04-07 16:54:26,191 - INFO - 成功创建Netscape格式的cookies文件
2025-04-07 16:54:26,192 - DEBUG - 更新后的Cookie信息: {'SESSDATA': 'e37c7bc4%2C1759568066%2Ce14abf41CjD8gOo8dba1z7q9SbLF_YT9kj0xSAD6eWYJRItCCswxeaiHaTboRI7bSVoDexuTV6YSVm9Ua2FyMzZEa1N3OHp0MnZKZWZENkRHVEswX2U4cldEYUdsZjZldEt0enRWeVJxSEV3OTJZOU54VkRncUZBbXNfaWo3WmhlQW8zTFNrVXhGSXlPcjZBIIEC', 'bili_jct': 'b63ec7a5811cd43e08b367569cabb7a1', 'DedeUserID': '501695519', 'DedeUserID__ckMd5': '3584d425f96fc469', 'sid': '8ek3xq9i'}
2025-04-07 16:54:26,201 - DEBUG - 开始验证登录状态...
2025-04-07 16:54:26,207 - DEBUG - 当前Cookie信息: {'SESSDATA': 'e37c7bc4%2C1759568066%2Ce14abf41CjD8gOo8dba1z7q9SbLF_YT9kj0xSAD6eWYJRItCCswxeaiHaTboRI7bSVoDexuTV6YSVm9Ua2FyMzZEa1N3OHp0MnZKZWZENkRHVEswX2U4cldEYUdsZjZldEt0enRWeVJxSEV3OTJZOU54VkRncUZBbXNfaWo3WmhlQW8zTFNrVXhGSXlPcjZBIIEC', 'bili_jct': 'b63ec7a5811cd43e08b367569cabb7a1', 'buvid3': ''}
2025-04-07 16:54:26,208 - DEBUG - 发送验证请求...
2025-04-07 16:54:26,613 - DEBUG - 验证响应: {'code': 0, 'message': '0', 'ttl': 1, 'data': {'isLogin': True, 'email_verified': 1, 'face': 'https://i2.hdslb.com/bfs/face/8d6df08d48ff886b6d2d52cc07b5e167fc472f96.jpg', 'face_nft': 0, 'face_nft_type': 0, 'level_info': {'current_level': 5, 'current_min': 10800, 'current_exp': 18144, 'next_exp': 28800}, 'mid': 501695519, 'mobile_verified': 1, 'money': 280.2, 'moral': 70, 'official': {'role': 0, 'title': '', 'desc': '', 'type': -1}, 'officialVerify': {'type': -1, 'desc': ''}, 'pendant': {'pid': 0, 'name': '', 'image': '', 'expire': 0, 'image_enhance': '', 'image_enhance_frame': '', 'n_pid': 0}, 'scores': 0, 'uname': '取个好昵称真费劲', 'vipDueDate': 0, 'vipStatus': 0, 'vipType': 0, 'vip_pay_type': 0, 'vip_theme_type': 0, 'vip_label': {'path': '', 'text': '', 'label_theme': '', 'text_color': '', 'bg_style': 0, 'bg_color': '', 'border_color': '', 'use_img_label': True, 'img_label_uri_hans': '', 'img_label_uri_hant': '', 'img_label_uri_hans_static': 'https://i0.hdslb.com/bfs/vip/d7b702ef65a976b20ed854cbd04cb9e27341bb79.png', 'img_label_uri_hant_static': 'https://i0.hdslb.com/bfs/activity-plat/static/20220614/e369244d0b14644f5e1a06431e22a4d5/KJunwh19T5.png'}, 'vip_avatar_subscript': 0, 'vip_nickname_color': '', 'vip': {'type': 0, 'status': 0, 'due_date': 0, 'vip_pay_type': 0, 'theme_type': 0, 'label': {'path': '', 'text': '', 'label_theme': '', 'text_color': '', 'bg_style': 0, 'bg_color': '', 'border_color': '', 'use_img_label': True, 'img_label_uri_hans': '', 'img_label_uri_hant': '', 'img_label_uri_hans_static': 'https://i0.hdslb.com/bfs/vip/d7b702ef65a976b20ed854cbd04cb9e27341bb79.png', 'img_label_uri_hant_static': 'https://i0.hdslb.com/bfs/activity-plat/static/20220614/e369244d0b14644f5e1a06431e22a4d5/KJunwh19T5.png'}, 'avatar_subscript': 0, 'nickname_color': '', 'role': 0, 'avatar_subscript_url': '', 'tv_vip_status': 0, 'tv_vip_pay_type': 0, 'tv_due_date': 0, 'avatar_icon': {'icon_resource': {}}}, 'wallet': {'mid': 501695519, 'bcoin_balance': 0, 'coupon_balance': 0, 'coupon_due_time': 0}, 'has_shop': False, 'shop_url': '', 'answer_status': 0, 'is_senior_member': 0, 'wbi_img': {'img_url': 'https://i0.hdslb.com/bfs/wbi/7cd084941338484aae1ad9425b84077c.png', 'sub_url': 'https://i0.hdslb.com/bfs/wbi/4932caff0ff746eab6f01bf08b70ac45.png'}, 'is_jury': False, 'name_render': None}}
2025-04-07 16:54:26,615 - INFO - 成功创建Netscape格式的cookies文件
2025-04-07 16:54:26,812 - INFO - 登录状态有效：取个好昵称真费劲
2025-04-07 16:54:28,137 - DEBUG - 开始验证登录状态...
2025-04-07 16:54:28,137 - DEBUG - 当前Cookie信息: {'SESSDATA': 'e37c7bc4%2C1759568066%2Ce14abf41CjD8gOo8dba1z7q9SbLF_YT9kj0xSAD6eWYJRItCCswxeaiHaTboRI7bSVoDexuTV6YSVm9Ua2FyMzZEa1N3OHp0MnZKZWZENkRHVEswX2U4cldEYUdsZjZldEt0enRWeVJxSEV3OTJZOU54VkRncUZBbXNfaWo3WmhlQW8zTFNrVXhGSXlPcjZBIIEC', 'bili_jct': 'b63ec7a5811cd43e08b367569cabb7a1', 'buvid3': ''}
2025-04-07 16:54:28,138 - DEBUG - 发送验证请求...
2025-04-07 16:54:28,462 - DEBUG - 验证响应: {'code': 0, 'message': '0', 'ttl': 1, 'data': {'isLogin': True, 'email_verified': 1, 'face': 'https://i2.hdslb.com/bfs/face/8d6df08d48ff886b6d2d52cc07b5e167fc472f96.jpg', 'face_nft': 0, 'face_nft_type': 0, 'level_info': {'current_level': 5, 'current_min': 10800, 'current_exp': 18144, 'next_exp': 28800}, 'mid': 501695519, 'mobile_verified': 1, 'money': 280.2, 'moral': 70, 'official': {'role': 0, 'title': '', 'desc': '', 'type': -1}, 'officialVerify': {'type': -1, 'desc': ''}, 'pendant': {'pid': 0, 'name': '', 'image': '', 'expire': 0, 'image_enhance': '', 'image_enhance_frame': '', 'n_pid': 0}, 'scores': 0, 'uname': '取个好昵称真费劲', 'vipDueDate': 0, 'vipStatus': 0, 'vipType': 0, 'vip_pay_type': 0, 'vip_theme_type': 0, 'vip_label': {'path': '', 'text': '', 'label_theme': '', 'text_color': '', 'bg_style': 0, 'bg_color': '', 'border_color': '', 'use_img_label': True, 'img_label_uri_hans': '', 'img_label_uri_hant': '', 'img_label_uri_hans_static': 'https://i0.hdslb.com/bfs/vip/d7b702ef65a976b20ed854cbd04cb9e27341bb79.png', 'img_label_uri_hant_static': 'https://i0.hdslb.com/bfs/activity-plat/static/20220614/e369244d0b14644f5e1a06431e22a4d5/KJunwh19T5.png'}, 'vip_avatar_subscript': 0, 'vip_nickname_color': '', 'vip': {'type': 0, 'status': 0, 'due_date': 0, 'vip_pay_type': 0, 'theme_type': 0, 'label': {'path': '', 'text': '', 'label_theme': '', 'text_color': '', 'bg_style': 0, 'bg_color': '', 'border_color': '', 'use_img_label': True, 'img_label_uri_hans': '', 'img_label_uri_hant': '', 'img_label_uri_hans_static': 'https://i0.hdslb.com/bfs/vip/d7b702ef65a976b20ed854cbd04cb9e27341bb79.png', 'img_label_uri_hant_static': 'https://i0.hdslb.com/bfs/activity-plat/static/20220614/e369244d0b14644f5e1a06431e22a4d5/KJunwh19T5.png'}, 'avatar_subscript': 0, 'nickname_color': '', 'role': 0, 'avatar_subscript_url': '', 'tv_vip_status': 0, 'tv_vip_pay_type': 0, 'tv_due_date': 0, 'avatar_icon': {'icon_resource': {}}}, 'wallet': {'mid': 501695519, 'bcoin_balance': 0, 'coupon_balance': 0, 'coupon_due_time': 0}, 'has_shop': False, 'shop_url': '', 'answer_status': 0, 'is_senior_member': 0, 'wbi_img': {'img_url': 'https://i0.hdslb.com/bfs/wbi/7cd084941338484aae1ad9425b84077c.png', 'sub_url': 'https://i0.hdslb.com/bfs/wbi/4932caff0ff746eab6f01bf08b70ac45.png'}, 'is_jury': False, 'name_render': None}}
2025-04-07 16:54:28,464 - INFO - 成功创建Netscape格式的cookies文件
2025-04-07 16:54:28,465 - INFO - 登录状态有效：取个好昵称真费劲
2025-04-07 16:54:28,466 - INFO - 开始获取用户 501695519 的收藏夹 3473636419
2025-04-07 16:54:29,182 - INFO - 共找到 6 个视频
2025-04-07 16:54:29,257 - INFO - 使用缓存的格式信息：BV1uD421T7bx
2025-04-07 16:54:29,257 - INFO - 使用缓存的格式信息：BV1AcNpegEt1
2025-04-07 16:54:29,257 - INFO - 使用缓存的格式信息：BV1tM411B7NA
2025-04-07 16:54:29,660 - INFO - 完成获取格式：视频 BV1uD421T7bx
2025-04-07 16:54:29,803 - INFO - 完成获取格式：视频 BV1AcNpegEt1
2025-04-07 16:54:29,865 - INFO - 完成获取格式：视频 BV1tM411B7NA
2025-04-07 16:54:29,866 - INFO - 格式信息获取进度: 3/6
2025-04-07 16:54:29,895 - INFO - 使用缓存的格式信息：BV1X341177zi
2025-04-07 16:54:29,895 - INFO - 使用缓存的格式信息：BV1pu4y1N7KM
2025-04-07 16:54:29,895 - INFO - 使用缓存的格式信息：BV11u4y1B71e
2025-04-07 16:54:29,958 - INFO - 完成获取格式：视频 BV1X341177zi
2025-04-07 16:54:30,063 - INFO - 完成获取格式：视频 BV1pu4y1N7KM
2025-04-07 16:54:30,100 - INFO - 完成获取格式：视频 BV11u4y1B71e
2025-04-07 16:54:30,102 - INFO - 格式信息获取进度: 6/6
2025-04-07 16:54:30,141 - INFO - 所有视频格式获取完成
2025-04-07 16:54:33,353 - INFO - 为视频 不眠之夜，但全程一个调 选择格式：高清 1080P avc1.640032 (dash-flv-AVC) (代码: dash-flv-AVC)
2025-04-07 16:54:33,353 - INFO - 为视频 你 从 丹 东 来 ，想 吃 广 东 菜！🖐😭🤚 选择格式：高清 1080P avc1.640032 (dash-flv-AVC) (代码: dash-flv-AVC)
2025-04-07 16:54:33,354 - INFO - 为视频 《原神》角色演示-「珐露珊：百岁珊」 选择格式：高清 1080P avc1.640032 (dash-flv-AVC) (代码: dash-flv-AVC)
2025-04-07 16:54:33,354 - INFO - 为视频 《原神》角色演示-「八 重 蔡 子」 选择格式：高清 1080P avc1.640032 (dash-flv-AVC) (代码: dash-flv-AVC)
2025-04-07 16:54:33,354 - INFO - 为视频 《原神》角色演示-「芙宁娜：全程跑调」 选择格式：高清 1080P avc1.640033 (dash-flv-AVC) (代码: dash-flv-AVC)
2025-04-07 16:54:33,354 - INFO - 为视频 【星穹铁道】卡芙卡PV——「戏剧性漏气」 选择格式：高清 1080P avc1.640032 (dash-flv-AVC) (代码: dash-flv-AVC)
2025-04-07 16:54:36,266 - INFO - 弹幕下载状态: 禁用
2025-04-07 16:54:36,267 - INFO - 跳过下载视频 不眠之夜，但全程一个调 的弹幕
2025-04-07 16:54:36,277 - INFO - 弹幕下载状态: 禁用
2025-04-07 16:54:36,277 - DEBUG - 下载命令: "you-get" --format=dash-flv-AVC -o "D:/System/Desktop" -c "cookies.txt" --no-caption "https://www.bilibili.com/video/BV1uD421T7bx"
2025-04-07 16:54:36,289 - INFO - 跳过下载视频 你 从 丹 东 来 ，想 吃 广 东 菜！🖐😭🤚 的弹幕
2025-04-07 16:54:36,297 - INFO - 弹幕下载状态: 禁用
2025-04-07 16:54:36,309 - DEBUG - 下载命令: "you-get" --format=dash-flv-AVC -o "D:/System/Desktop" -c "cookies.txt" --no-caption "https://www.bilibili.com/video/BV1AcNpegEt1"
2025-04-07 16:54:36,322 - INFO - 跳过下载视频 《原神》角色演示-「珐露珊：百岁珊」 的弹幕
2025-04-07 16:54:36,345 - DEBUG - 下载命令: "you-get" --format=dash-flv-AVC -o "D:/System/Desktop" -c "cookies.txt" --no-caption "https://www.bilibili.com/video/BV1tM411B7NA"
2025-04-07 16:54:50,185 - DEBUG - you-get输出: site:                Bilibili
2025-04-07 16:54:50,185 - DEBUG - you-get输出: title:               你 从 丹 东 来 ，想 吃 广 东 菜！🖐😭🤚
2025-04-07 16:54:50,200 - DEBUG - you-get输出: stream:
2025-04-07 16:54:50,211 - DEBUG - you-get输出: - format:        dash-flv-AVC
2025-04-07 16:54:50,224 - DEBUG - you-get输出: container:     mp4
2025-04-07 16:54:50,236 - DEBUG - you-get输出: quality:       高清 1080P avc1.640032
2025-04-07 16:54:50,248 - DEBUG - you-get输出: size:          20.9 MiB (21958102 bytes)
2025-04-07 16:54:50,258 - DEBUG - you-get输出: # download-with: you-get --format=dash-flv-AVC [URL]
2025-04-07 16:54:50,268 - DEBUG - you-get输出: Downloading 你 从 丹 东 来 ，想 吃 广 东 菜！🖐😭🤚.mp4 ...
2025-04-07 16:54:50,545 - DEBUG - you-get输出: 0.0% (  0.0/ 20.9MB) ├────────────────────────────────────────┤[1/2]
2025-04-07 16:54:50,586 - DEBUG - you-get输出: 1.2% (  0.2/ 20.9MB) ├█───────────────────────────────────────┤[1/2]  711 kB/s
2025-04-07 16:54:50,615 - DEBUG - you-get输出: 2.4% (  0.5/ 20.9MB) ├█───────────────────────────────────────┤[1/2]    6 MB/s
2025-04-07 16:54:50,627 - DEBUG - you-get输出: 3.6% (  0.8/ 20.9MB) ├██──────────────────────────────────────┤[1/2]    8 MB/s
2025-04-07 16:54:50,647 - DEBUG - you-get输出: 4.8% (  1.0/ 20.9MB) ├██──────────────────────────────────────┤[1/2]   22 MB/s
2025-04-07 16:54:50,718 - DEBUG - you-get输出: 6.0% (  1.2/ 20.9MB) ├███─────────────────────────────────────┤[1/2]   12 MB/s
2025-04-07 16:54:50,719 - DEBUG - you-get输出: 7.2% (  1.5/ 20.9MB) ├███─────────────────────────────────────┤[1/2]   22 MB/s
2025-04-07 16:54:50,734 - DEBUG - you-get输出: 8.4% (  1.8/ 20.9MB) ├████────────────────────────────────────┤[1/2]   26 MB/s
2025-04-07 16:54:50,789 - DEBUG - you-get输出: 9.6% (  2.0/ 20.9MB) ├████────────────────────────────────────┤[1/2]   36 MB/s
2025-04-07 16:54:50,789 - DEBUG - you-get输出: 10.7% (  2.2/ 20.9MB) ├█████───────────────────────────────────┤[1/2]   17 MB/s
2025-04-07 16:54:50,803 - DEBUG - you-get输出: 11.9% (  2.5/ 20.9MB) ├█████───────────────────────────────────┤[1/2]   24 MB/s
2025-04-07 16:54:50,818 - DEBUG - you-get输出: 13.1% (  2.8/ 20.9MB) ├██████──────────────────────────────────┤[1/2]   16 MB/s
2025-04-07 16:54:50,836 - DEBUG - you-get输出: 14.3% (  3.0/ 20.9MB) ├██████──────────────────────────────────┤[1/2]   48 MB/s
2025-04-07 16:54:50,899 - DEBUG - you-get输出: 15.5% (  3.2/ 20.9MB) ├███████─────────────────────────────────┤[1/2]   22 MB/s
2025-04-07 16:54:50,900 - DEBUG - you-get输出: 16.7% (  3.5/ 20.9MB) ├███████─────────────────────────────────┤[1/2]   81 MB/s
2025-04-07 16:54:50,919 - DEBUG - you-get输出: 17.9% (  3.8/ 20.9MB) ├███████─────────────────────────────────┤[1/2]   10 MB/s
2025-04-07 16:54:50,943 - DEBUG - you-get输出: 19.1% (  4.0/ 20.9MB) ├████████────────────────────────────────┤[1/2]   27 MB/s
2025-04-07 16:54:51,000 - DEBUG - you-get输出: 20.3% (  4.2/ 20.9MB) ├█████████───────────────────────────────┤[1/2]   34 MB/s
2025-04-07 16:54:51,000 - DEBUG - you-get输出: 21.5% (  4.5/ 20.9MB) ├█████████───────────────────────────────┤[1/2]   15 MB/s
2025-04-07 16:54:51,018 - DEBUG - you-get输出: 22.7% (  4.8/ 20.9MB) ├█████████───────────────────────────────┤[1/2]   22 MB/s
2025-04-07 16:54:51,036 - DEBUG - you-get输出: 23.9% (  5.0/ 20.9MB) ├██████████──────────────────────────────┤[1/2]   34 MB/s
2025-04-07 16:54:51,058 - DEBUG - you-get输出: 25.1% (  5.2/ 20.9MB) ├███████████─────────────────────────────┤[1/2]    9 MB/s
2025-04-07 16:54:51,124 - DEBUG - you-get输出: 26.3% (  5.5/ 20.9MB) ├███████████─────────────────────────────┤[1/2]   30 MB/s
2025-04-07 16:54:51,125 - DEBUG - you-get输出: 27.5% (  5.8/ 20.9MB) ├███████████─────────────────────────────┤[1/2]   36 MB/s
2025-04-07 16:54:51,142 - DEBUG - you-get输出: 28.7% (  6.0/ 20.9MB) ├████████████────────────────────────────┤[1/2]   31 MB/s
2025-04-07 16:54:51,161 - DEBUG - you-get输出: 29.8% (  6.2/ 20.9MB) ├████████████────────────────────────────┤[1/2]   11 MB/s
2025-04-07 16:54:51,276 - DEBUG - you-get输出: 31.0% (  6.5/ 20.9MB) ├█████████████───────────────────────────┤[1/2]   29 MB/s
2025-04-07 16:54:51,277 - DEBUG - you-get输出: 32.2% (  6.8/ 20.9MB) ├█████████████───────────────────────────┤[1/2]   33 MB/s
2025-04-07 16:54:51,350 - DEBUG - you-get输出: 33.4% (  7.0/ 20.9MB) ├██████████████──────────────────────────┤[1/2]   12 MB/s
2025-04-07 16:54:51,351 - DEBUG - you-get输出: 34.6% (  7.2/ 20.9MB) ├██████████████──────────────────────────┤[1/2]   42 MB/s
2025-04-07 16:54:51,370 - DEBUG - you-get输出: 35.8% (  7.5/ 20.9MB) ├███████████████─────────────────────────┤[1/2]   25 MB/s
2025-04-07 16:54:51,388 - DEBUG - you-get输出: 37.0% (  7.8/ 20.9MB) ├███████████████─────────────────────────┤[1/2]   16 MB/s
2025-04-07 16:54:51,460 - DEBUG - you-get输出: 38.2% (  8.0/ 20.9MB) ├████████████████────────────────────────┤[1/2]   26 MB/s
2025-04-07 16:54:51,461 - DEBUG - you-get输出: 39.4% (  8.2/ 20.9MB) ├████████████████────────────────────────┤[1/2]   33 MB/s
2025-04-07 16:54:51,478 - DEBUG - you-get输出: 40.6% (  8.5/ 20.9MB) ├█████████████████───────────────────────┤[1/2]   15 MB/s
2025-04-07 16:54:51,495 - DEBUG - you-get输出: 41.8% (  8.8/ 20.9MB) ├█████████████████───────────────────────┤[1/2]   20 MB/s
2025-04-07 16:54:51,555 - DEBUG - you-get输出: 43.0% (  9.0/ 20.9MB) ├██████████████████──────────────────────┤[1/2]   33 MB/s
2025-04-07 16:54:51,556 - DEBUG - you-get输出: 44.2% (  9.2/ 20.9MB) ├██████████████████──────────────────────┤[1/2]   41 MB/s
2025-04-07 16:54:51,572 - DEBUG - you-get输出: 45.4% (  9.5/ 20.9MB) ├███████████████████─────────────────────┤[1/2]   15 MB/s
2025-04-07 16:54:51,589 - DEBUG - you-get输出: 46.6% (  9.8/ 20.9MB) ├███████████████████─────────────────────┤[1/2]   22 MB/s
2025-04-07 16:54:51,606 - DEBUG - you-get输出: 47.8% ( 10.0/ 20.9MB) ├███████████████████─────────────────────┤[1/2]   31 MB/s
2025-04-07 16:54:51,661 - DEBUG - you-get输出: 48.9% ( 10.2/ 20.9MB) ├████████████████████────────────────────┤[1/2]   19 MB/s
2025-04-07 16:54:51,662 - DEBUG - you-get输出: 50.1% ( 10.5/ 20.9MB) ├█████████████████████───────────────────┤[1/2]   36 MB/s
2025-04-07 16:54:51,678 - DEBUG - you-get输出: 51.3% ( 10.8/ 20.9MB) ├█████████████████████───────────────────┤[1/2]   18 MB/s
2025-04-07 16:54:51,695 - DEBUG - you-get输出: 52.5% ( 11.0/ 20.9MB) ├█████████████████████───────────────────┤[1/2]   13 MB/s
2025-04-07 16:54:51,712 - DEBUG - you-get输出: 53.7% ( 11.2/ 20.9MB) ├██████████████████████──────────────────┤[1/2]   34 MB/s
2025-04-07 16:54:53,777 - INFO - 暂停下载：你 从 丹 东 来 ，想 吃 广 东 菜！🖐😭🤚
2025-04-07 16:54:53,816 - INFO - 视频 你 从 丹 东 来 ，想 吃 广 东 菜！🖐😭🤚 下载完成
2025-04-07 16:54:53,868 - INFO - 弹幕下载状态: 禁用
2025-04-07 16:54:53,868 - INFO - 跳过下载视频 《原神》角色演示-「八 重 蔡 子」 的弹幕
2025-04-07 16:54:53,882 - DEBUG - 下载命令: "you-get" --format=dash-flv-AVC -o "D:/System/Desktop" -c "cookies.txt" --no-caption "https://www.bilibili.com/video/BV1X341177zi"
2025-04-07 16:54:58,175 - DEBUG - you-get输出: site:                Bilibili
2025-04-07 16:54:58,176 - DEBUG - you-get输出: title:               《原神》角色演示-「珐露珊：百岁珊」 (P1. 《原神》角色演示-「珐露珊：百岁珊」)
2025-04-07 16:54:58,188 - DEBUG - you-get输出: stream:
2025-04-07 16:54:58,202 - DEBUG - you-get输出: - format:        dash-flv-AVC
2025-04-07 16:54:58,213 - DEBUG - you-get输出: container:     mp4
2025-04-07 16:54:58,226 - DEBUG - you-get输出: quality:       高清 1080P avc1.640032
2025-04-07 16:54:58,236 - DEBUG - you-get输出: size:          21.3 MiB (22331947 bytes)
2025-04-07 16:54:58,248 - DEBUG - you-get输出: # download-with: you-get --format=dash-flv-AVC [URL]
2025-04-07 16:54:58,259 - DEBUG - you-get输出: Downloading 《原神》角色演示-「珐露珊：百岁珊」 (P1. 《原神》角色演示-「珐露珊：百岁珊」).mp4 ...
2025-04-07 16:54:58,798 - DEBUG - you-get输出: 0.0% (  0.0/ 21.3MB) ├────────────────────────────────────────┤[1/2]
2025-04-07 16:54:58,938 - DEBUG - you-get输出: 1.2% (  0.2/ 21.3MB) ├█───────────────────────────────────────┤[1/2]  411 kB/s
2025-04-07 16:54:58,975 - DEBUG - you-get输出: 2.3% (  0.5/ 21.3MB) ├█───────────────────────────────────────┤[1/2]    2 MB/s
2025-04-07 16:54:59,022 - DEBUG - you-get输出: 3.5% (  0.8/ 21.3MB) ├██──────────────────────────────────────┤[1/2]   20 MB/s
2025-04-07 16:54:59,040 - DEBUG - you-get输出: 4.7% (  1.0/ 21.3MB) ├██──────────────────────────────────────┤[1/2]    3 MB/s
2025-04-07 16:54:59,092 - DEBUG - you-get输出: 5.9% (  1.2/ 21.3MB) ├███─────────────────────────────────────┤[1/2]   14 MB/s
2025-04-07 16:54:59,149 - DEBUG - you-get输出: 7.0% (  1.5/ 21.3MB) ├███─────────────────────────────────────┤[1/2]    5 MB/s
2025-04-07 16:54:59,203 - DEBUG - you-get输出: 8.2% (  1.8/ 21.3MB) ├████────────────────────────────────────┤[1/2]    4 MB/s
2025-04-07 16:54:59,217 - DEBUG - you-get输出: 9.4% (  2.0/ 21.3MB) ├████────────────────────────────────────┤[1/2]   11 MB/s
2025-04-07 16:54:59,237 - DEBUG - you-get输出: 10.6% (  2.2/ 21.3MB) ├█████───────────────────────────────────┤[1/2]    6 MB/s
2025-04-07 16:54:59,348 - DEBUG - you-get输出: 11.7% (  2.5/ 21.3MB) ├█████───────────────────────────────────┤[1/2]   12 MB/s
2025-04-07 16:54:59,406 - DEBUG - you-get输出: 12.9% (  2.8/ 21.3MB) ├█████───────────────────────────────────┤[1/2]    2 MB/s
2025-04-07 16:54:59,421 - DEBUG - you-get输出: 14.1% (  3.0/ 21.3MB) ├██████──────────────────────────────────┤[1/2]    4 MB/s
2025-04-07 16:54:59,477 - DEBUG - you-get输出: 15.3% (  3.2/ 21.3MB) ├███████─────────────────────────────────┤[1/2]   16 MB/s
2025-04-07 16:54:59,513 - DEBUG - you-get输出: 16.4% (  3.5/ 21.3MB) ├███████─────────────────────────────────┤[1/2]    5 MB/s
2025-04-07 16:54:59,541 - DEBUG - you-get输出: 17.6% (  3.8/ 21.3MB) ├███████─────────────────────────────────┤[1/2]   20 MB/s
2025-04-07 16:54:59,556 - DEBUG - you-get输出: 18.8% (  4.0/ 21.3MB) ├████████────────────────────────────────┤[1/2]    5 MB/s
2025-04-07 16:54:59,609 - DEBUG - you-get输出: 20.0% (  4.2/ 21.3MB) ├█████████───────────────────────────────┤[1/2]   17 MB/s
2025-04-07 16:54:59,694 - DEBUG - you-get输出: 21.1% (  4.5/ 21.3MB) ├█████████───────────────────────────────┤[1/2]    5 MB/s
2025-04-07 16:54:59,747 - DEBUG - you-get输出: 22.3% (  4.8/ 21.3MB) ├█████████───────────────────────────────┤[1/2]    3 MB/s
2025-04-07 16:54:59,785 - DEBUG - you-get输出: 23.5% (  5.0/ 21.3MB) ├██████████──────────────────────────────┤[1/2]    5 MB/s
2025-04-07 16:54:59,813 - DEBUG - you-get输出: 24.7% (  5.2/ 21.3MB) ├██████████──────────────────────────────┤[1/2]   14 MB/s
2025-04-07 16:54:59,827 - DEBUG - you-get输出: 25.8% (  5.5/ 21.3MB) ├███████████─────────────────────────────┤[1/2]    5 MB/s
2025-04-07 16:54:59,935 - DEBUG - you-get输出: 27.0% (  5.8/ 21.3MB) ├███████████─────────────────────────────┤[1/2]   18 MB/s
2025-04-07 16:55:00,026 - DEBUG - you-get输出: 28.2% (  6.0/ 21.3MB) ├████████████────────────────────────────┤[1/2]    2 MB/s
2025-04-07 16:55:00,027 - DEBUG - you-get输出: 29.3% (  6.2/ 21.3MB) ├████████████────────────────────────────┤[1/2]    3 MB/s
2025-04-07 16:55:00,102 - DEBUG - you-get输出: 30.5% (  6.5/ 21.3MB) ├█████████████───────────────────────────┤[1/2]  280 MB/s
2025-04-07 16:55:00,103 - DEBUG - you-get输出: 31.7% (  6.8/ 21.3MB) ├█████████████───────────────────────────┤[1/2]    5 MB/s
2025-04-07 16:55:00,155 - DEBUG - you-get输出: 32.9% (  7.0/ 21.3MB) ├█████████████───────────────────────────┤[1/2]   13 MB/s
2025-04-07 16:55:00,193 - DEBUG - you-get输出: 34.0% (  7.2/ 21.3MB) ├██████████████──────────────────────────┤[1/2]    5 MB/s
2025-04-07 16:55:00,219 - DEBUG - you-get输出: 35.2% (  7.5/ 21.3MB) ├███████████████─────────────────────────┤[1/2]   14 MB/s
2025-04-07 16:55:00,277 - DEBUG - you-get输出: 36.4% (  7.8/ 21.3MB) ├███████████████─────────────────────────┤[1/2]    6 MB/s
2025-04-07 16:55:00,923 - INFO - 暂停下载：《原神》角色演示-「珐露珊：百岁珊」
2025-04-07 16:55:00,960 - DEBUG - you-get输出: 37.6% (  8.0/ 21.3MB) ├███████████████─────────────────────────┤[1/2]    4 MB/s
2025-04-07 16:55:00,997 - DEBUG - you-get输出: 38.7% (  8.2/ 21.3MB) ├████████████████────────────────────────┤[1/2]   12 MB/s
2025-04-07 16:55:00,997 - DEBUG - you-get输出: 39.9% (  8.5/ 21.3MB) ├████████████████────────────────────────┤[1/2]    6 MB/s
2025-04-07 16:55:01,014 - DEBUG - you-get输出: 41.1% (  8.8/ 21.3MB) ├█████████████████───────────────────────┤[1/2]    2 MB/s
2025-04-07 16:55:01,031 - DEBUG - you-get输出: 42.3% (  9.0/ 21.3MB) ├█████████████████───────────────────────┤[1/2]  306 MB/s
2025-04-07 16:55:01,048 - DEBUG - you-get输出: 43.4% (  9.2/ 21.3MB) ├██████████████████──────────────────────┤[1/2]    4 MB/s
2025-04-07 16:55:01,106 - DEBUG - you-get输出: 44.6% (  9.5/ 21.3MB) ├██████████████████──────────────────────┤[1/2]   12 MB/s
2025-04-07 16:55:01,107 - DEBUG - you-get输出: 45.8% (  9.8/ 21.3MB) ├███████████████████─────────────────────┤[1/2]    5 MB/s
2025-04-07 16:55:01,125 - DEBUG - you-get输出: 47.0% ( 10.0/ 21.3MB) ├███████████████████─────────────────────┤[1/2]    4 MB/s
2025-04-07 16:55:01,143 - DEBUG - you-get输出: 48.1% ( 10.2/ 21.3MB) ├████████████████████────────────────────┤[1/2]    9 MB/s
2025-04-07 16:55:01,161 - DEBUG - you-get输出: 49.3% ( 10.5/ 21.3MB) ├████████████████████────────────────────┤[1/2]    5 MB/s
2025-04-07 16:55:01,236 - DEBUG - you-get输出: 50.5% ( 10.8/ 21.3MB) ├█████████████████████───────────────────┤[1/2]   12 MB/s
2025-04-07 16:55:01,236 - DEBUG - you-get输出: 51.6% ( 11.0/ 21.3MB) ├█████████████████████───────────────────┤[1/2]    6 MB/s
2025-04-07 16:55:01,255 - DEBUG - you-get输出: 52.8% ( 11.2/ 21.3MB) ├█████████████████████───────────────────┤[1/2]   13 MB/s
2025-04-07 16:55:01,271 - DEBUG - you-get输出: 54.0% ( 11.5/ 21.3MB) ├██████████████████████──────────────────┤[1/2]    6 MB/s
2025-04-07 16:55:01,341 - DEBUG - you-get输出: 55.2% ( 11.8/ 21.3MB) ├███████████████████████─────────────────┤[1/2]    5 MB/s
2025-04-07 16:55:01,342 - DEBUG - you-get输出: 56.3% ( 12.0/ 21.3MB) ├███████████████████████─────────────────┤[1/2]    5 MB/s
2025-04-07 16:55:01,359 - DEBUG - you-get输出: 57.5% ( 12.2/ 21.3MB) ├███████████████████████─────────────────┤[1/2]    9 MB/s
2025-04-07 16:55:01,375 - DEBUG - you-get输出: 58.7% ( 12.5/ 21.3MB) ├████████████████████████────────────────┤[1/2]    5 MB/s
2025-04-07 16:55:01,445 - DEBUG - you-get输出: 59.9% ( 12.8/ 21.3MB) ├████████████████████████────────────────┤[1/2]   13 MB/s
2025-04-07 16:55:01,446 - DEBUG - you-get输出: 61.0% ( 13.0/ 21.3MB) ├█████████████████████████───────────────┤[1/2]    4 MB/s
2025-04-07 16:55:01,462 - DEBUG - you-get输出: 62.2% ( 13.2/ 21.3MB) ├█████████████████████████───────────────┤[1/2]    7 MB/s
2025-04-07 16:55:01,478 - DEBUG - you-get输出: 63.4% ( 13.5/ 21.3MB) ├██████████████████████████──────────────┤[1/2]    6 MB/s
2025-04-07 16:55:01,534 - DEBUG - you-get输出: 64.6% ( 13.8/ 21.3MB) ├██████████████████████████──────────────┤[1/2]   11 MB/s
2025-04-07 16:55:01,534 - DEBUG - you-get输出: 65.7% ( 14.0/ 21.3MB) ├███████████████████████████─────────────┤[1/2]    1 MB/s
2025-04-07 16:55:01,551 - DEBUG - you-get输出: 66.9% ( 14.2/ 21.3MB) ├███████████████████████████─────────────┤[1/2]    8 MB/s
2025-04-07 16:55:01,569 - DEBUG - you-get输出: 68.1% ( 14.5/ 21.3MB) ├████████████████████████████────────────┤[1/2]    9 MB/s
2025-04-07 16:55:01,586 - DEBUG - you-get输出: 69.3% ( 14.8/ 21.3MB) ├████████████████████████████────────────┤[1/2]    5 MB/s
2025-04-07 16:55:01,646 - DEBUG - you-get输出: 70.4% ( 15.0/ 21.3MB) ├█████████████████████████████───────────┤[1/2]   10 MB/s
2025-04-07 16:55:01,647 - DEBUG - you-get输出: 71.6% ( 15.2/ 21.3MB) ├█████████████████████████████───────────┤[1/2]    6 MB/s
2025-04-07 16:55:01,680 - DEBUG - you-get输出: 72.8% ( 15.5/ 21.3MB) ├█████████████████████████████───────────┤[1/2]    7 MB/s
2025-04-07 16:55:01,713 - DEBUG - you-get输出: 74.0% ( 15.8/ 21.3MB) ├██████████████████████████████──────────┤[1/2]    4 MB/s
2025-04-07 16:55:01,768 - DEBUG - you-get输出: 75.1% ( 16.0/ 21.3MB) ├███████████████████████████████─────────┤[1/2]    7 MB/s
2025-04-07 16:55:01,786 - DEBUG - you-get输出: 76.3% ( 16.2/ 21.3MB) ├███████████████████████████████─────────┤[1/2]    8 MB/s
2025-04-07 16:55:01,819 - DEBUG - you-get输出: 77.5% ( 16.5/ 21.3MB) ├███████████████████████████████─────────┤[1/2]    6 MB/s
2025-04-07 16:55:01,948 - DEBUG - you-get输出: 78.6% ( 16.8/ 21.3MB) ├████████████████████████████████────────┤[1/2]    8 MB/s
2025-04-07 16:55:02,000 - DEBUG - you-get输出: 79.8% ( 17.0/ 21.3MB) ├████████████████████████████████────────┤[1/2]    2 MB/s
2025-04-07 16:55:02,104 - DEBUG - you-get输出: 81.0% ( 17.2/ 21.3MB) ├█████████████████████████████████───────┤[1/2]  326 MB/s
2025-04-07 16:55:02,642 - INFO - 暂停下载：《原神》角色演示-「珐露珊：百岁珊」
2025-04-07 16:55:02,684 - DEBUG - you-get输出: 82.2% ( 17.5/ 21.3MB) ├█████████████████████████████████───────┤[1/2]    2 MB/s
2025-04-07 16:55:02,729 - DEBUG - you-get输出: 83.3% ( 17.8/ 21.3MB) ├██████████████████████████████████──────┤[1/2]   26 MB/s
2025-04-07 16:55:02,729 - DEBUG - you-get输出: 84.5% ( 18.0/ 21.3MB) ├██████████████████████████████████──────┤[1/2]    4 MB/s
2025-04-07 16:55:02,750 - DEBUG - you-get输出: 85.7% ( 18.2/ 21.3MB) ├███████████████████████████████████─────┤[1/2]   23 MB/s
2025-04-07 16:55:02,767 - DEBUG - you-get输出: 86.9% ( 18.5/ 21.3MB) ├███████████████████████████████████─────┤[1/2]    5 MB/s
2025-04-07 16:55:02,784 - DEBUG - you-get输出: 86.9% ( 18.5/ 21.3MB) ├███████████████████████████████████─────┤[1/2]    7 MB/s
2025-04-07 16:55:02,849 - DEBUG - you-get输出: 88.0% ( 18.8/ 21.3MB) ├████████████████████████████████████────┤[2/2]  572 kB/s
2025-04-07 16:55:02,849 - DEBUG - you-get输出: 89.2% ( 19.0/ 21.3MB) ├████████████████████████████████████────┤[2/2]    6 MB/s
2025-04-07 16:55:02,868 - DEBUG - you-get输出: 90.4% ( 19.3/ 21.3MB) ├█████████████████████████████████████───┤[2/2]    7 MB/s
2025-04-07 16:55:02,889 - DEBUG - you-get输出: 91.6% ( 19.5/ 21.3MB) ├█████████████████████████████████████───┤[2/2]   19 MB/s
2025-04-07 16:55:02,952 - DEBUG - you-get输出: 92.7% ( 19.8/ 21.3MB) ├█████████████████████████████████████───┤[2/2]    9 MB/s
2025-04-07 16:55:02,953 - DEBUG - you-get输出: 93.9% ( 20.0/ 21.3MB) ├██████████████████████████████████████──┤[2/2]    7 MB/s
2025-04-07 16:55:02,971 - DEBUG - you-get输出: 95.1% ( 20.3/ 21.3MB) ├███████████████████████████████████████─┤[2/2]   22 MB/s
2025-04-07 16:55:02,990 - DEBUG - you-get输出: 96.3% ( 20.5/ 21.3MB) ├███████████████████████████████████████─┤[2/2]    8 MB/s
2025-04-07 16:55:03,007 - DEBUG - you-get输出: 97.4% ( 20.8/ 21.3MB) ├███████████████████████████████████████─┤[2/2]    8 MB/s
2025-04-07 16:55:03,064 - INFO - 视频 《原神》角色演示-「珐露珊：百岁珊」 下载完成
2025-04-07 16:55:03,101 - INFO - 弹幕下载状态: 禁用
2025-04-07 16:55:03,118 - INFO - 跳过下载视频 《原神》角色演示-「芙宁娜：全程跑调」 的弹幕
2025-04-07 16:55:03,133 - DEBUG - 下载命令: "you-get" --format=dash-flv-AVC -o "D:/System/Desktop" -c "cookies.txt" --no-caption "https://www.bilibili.com/video/BV1pu4y1N7KM"
2025-04-07 16:55:03,312 - DEBUG - you-get输出: site:                Bilibili
2025-04-07 16:55:03,313 - DEBUG - you-get输出: title:               不眠之夜，但全程一个调
2025-04-07 16:55:03,330 - DEBUG - you-get输出: stream:
2025-04-07 16:55:03,345 - DEBUG - you-get输出: - format:        dash-flv-AVC
2025-04-07 16:55:03,360 - DEBUG - you-get输出: container:     mp4
2025-04-07 16:55:03,372 - DEBUG - you-get输出: quality:       高清 1080P avc1.640032
2025-04-07 16:55:03,382 - DEBUG - you-get输出: size:          28.3 MiB (29635259 bytes)
2025-04-07 16:55:03,394 - DEBUG - you-get输出: # download-with: you-get --format=dash-flv-AVC [URL]
2025-04-07 16:55:03,404 - DEBUG - you-get输出: Downloading 不眠之夜，但全程一个调.mp4 ...
2025-04-07 16:55:03,797 - DEBUG - you-get输出: 0.0% (  0.0/ 28.3MB) ├────────────────────────────────────────┤[1/2]
2025-04-07 16:55:03,849 - DEBUG - you-get输出: 0.9% (  0.2/ 28.3MB) ├────────────────────────────────────────┤[1/2]  528 kB/s
2025-04-07 16:55:03,862 - DEBUG - you-get输出: 1.8% (  0.5/ 28.3MB) ├█───────────────────────────────────────┤[1/2]    7 MB/s
2025-04-07 16:55:03,884 - DEBUG - you-get输出: 2.7% (  0.8/ 28.3MB) ├█───────────────────────────────────────┤[1/2]    8 MB/s
2025-04-07 16:55:03,906 - DEBUG - you-get输出: 3.5% (  1.0/ 28.3MB) ├██──────────────────────────────────────┤[1/2]   11 MB/s
2025-04-07 16:55:03,947 - DEBUG - you-get输出: 4.4% (  1.2/ 28.3MB) ├██──────────────────────────────────────┤[1/2]   11 MB/s
2025-04-07 16:55:03,948 - DEBUG - you-get输出: 5.3% (  1.5/ 28.3MB) ├███─────────────────────────────────────┤[1/2]   13 MB/s
2025-04-07 16:55:03,968 - DEBUG - you-get输出: 6.2% (  1.8/ 28.3MB) ├███─────────────────────────────────────┤[1/2]   14 MB/s
2025-04-07 16:55:03,989 - DEBUG - you-get输出: 7.1% (  2.0/ 28.3MB) ├███─────────────────────────────────────┤[1/2]   10 MB/s
2025-04-07 16:55:04,007 - DEBUG - you-get输出: 8.0% (  2.2/ 28.3MB) ├████────────────────────────────────────┤[1/2]   12 MB/s
2025-04-07 16:55:04,052 - DEBUG - you-get输出: 8.8% (  2.5/ 28.3MB) ├████────────────────────────────────────┤[1/2]   14 MB/s
2025-04-07 16:55:04,052 - DEBUG - you-get输出: 9.7% (  2.8/ 28.3MB) ├████────────────────────────────────────┤[1/2]    8 MB/s
2025-04-07 16:55:04,074 - DEBUG - you-get输出: 10.6% (  3.0/ 28.3MB) ├█████───────────────────────────────────┤[1/2]   40 MB/s
2025-04-07 16:55:04,104 - DEBUG - you-get输出: 11.5% (  3.2/ 28.3MB) ├█████───────────────────────────────────┤[1/2]    9 MB/s
2025-04-07 16:55:04,114 - DEBUG - you-get输出: 12.4% (  3.5/ 28.3MB) ├█████───────────────────────────────────┤[1/2]    8 MB/s
2025-04-07 16:55:04,181 - DEBUG - you-get输出: 13.3% (  3.8/ 28.3MB) ├██████──────────────────────────────────┤[1/2]   24 MB/s
2025-04-07 16:55:04,182 - DEBUG - you-get输出: 14.2% (  4.0/ 28.3MB) ├██████──────────────────────────────────┤[1/2]    7 MB/s
2025-04-07 16:55:04,200 - DEBUG - you-get输出: 15.0% (  4.2/ 28.3MB) ├███████─────────────────────────────────┤[1/2]   49 MB/s
2025-04-07 16:55:04,219 - DEBUG - you-get输出: 15.9% (  4.5/ 28.3MB) ├███████─────────────────────────────────┤[1/2]    8 MB/s
2025-04-07 16:55:04,285 - DEBUG - you-get输出: 16.8% (  4.8/ 28.3MB) ├███████─────────────────────────────────┤[1/2]   17 MB/s
2025-04-07 16:55:04,286 - DEBUG - you-get输出: 17.7% (  5.0/ 28.3MB) ├███████─────────────────────────────────┤[1/2]   11 MB/s
2025-04-07 16:55:04,304 - DEBUG - you-get输出: 18.6% (  5.2/ 28.3MB) ├████████────────────────────────────────┤[1/2]   18 MB/s
2025-04-07 16:55:04,321 - DEBUG - you-get输出: 19.5% (  5.5/ 28.3MB) ├████████────────────────────────────────┤[1/2]   11 MB/s
2025-04-07 16:55:04,386 - DEBUG - you-get输出: 20.3% (  5.8/ 28.3MB) ├█████████───────────────────────────────┤[1/2]   20 MB/s
2025-04-07 16:55:04,386 - DEBUG - you-get输出: 21.2% (  6.0/ 28.3MB) ├█████████───────────────────────────────┤[1/2]   10 MB/s
2025-04-07 16:55:04,403 - DEBUG - you-get输出: 22.1% (  6.2/ 28.3MB) ├█████████───────────────────────────────┤[1/2]   18 MB/s
2025-04-07 16:55:04,421 - DEBUG - you-get输出: 23.0% (  6.5/ 28.3MB) ├██████████──────────────────────────────┤[1/2]   12 MB/s
2025-04-07 16:55:04,438 - DEBUG - you-get输出: 23.9% (  6.8/ 28.3MB) ├██████████──────────────────────────────┤[1/2]    9 MB/s
2025-04-07 16:55:04,497 - DEBUG - you-get输出: 24.8% (  7.0/ 28.3MB) ├██████████──────────────────────────────┤[1/2]   12 MB/s
2025-04-07 16:55:04,497 - DEBUG - you-get输出: 25.7% (  7.2/ 28.3MB) ├███████████─────────────────────────────┤[1/2]   12 MB/s
2025-04-07 16:55:04,516 - DEBUG - you-get输出: 26.5% (  7.5/ 28.3MB) ├███████████─────────────────────────────┤[1/2]    8 MB/s
2025-04-07 16:55:04,534 - DEBUG - you-get输出: 27.4% (  7.8/ 28.3MB) ├███████████─────────────────────────────┤[1/2]   19 MB/s
2025-04-07 16:55:04,553 - DEBUG - you-get输出: 28.3% (  8.0/ 28.3MB) ├████████████────────────────────────────┤[1/2]   10 MB/s
2025-04-07 16:55:04,621 - DEBUG - you-get输出: 29.2% (  8.2/ 28.3MB) ├████████████────────────────────────────┤[1/2]    9 MB/s
2025-04-07 16:55:04,622 - DEBUG - you-get输出: 30.1% (  8.5/ 28.3MB) ├█████████████───────────────────────────┤[1/2]    8 MB/s
2025-04-07 16:55:04,640 - DEBUG - you-get输出: 31.0% (  8.8/ 28.3MB) ├█████████████───────────────────────────┤[1/2]   29 MB/s
2025-04-07 16:55:04,659 - DEBUG - you-get输出: 31.8% (  9.0/ 28.3MB) ├█████████████───────────────────────────┤[1/2]    9 MB/s
2025-04-07 16:55:04,745 - DEBUG - you-get输出: 32.7% (  9.2/ 28.3MB) ├█████████████───────────────────────────┤[1/2]   24 MB/s
2025-04-07 16:55:04,746 - DEBUG - you-get输出: 33.6% (  9.5/ 28.3MB) ├██████████████──────────────────────────┤[1/2]   10 MB/s
2025-04-07 16:55:04,763 - DEBUG - you-get输出: 34.5% (  9.8/ 28.3MB) ├██████████████──────────────────────────┤[1/2]   14 MB/s
2025-04-07 16:55:04,829 - DEBUG - you-get输出: 35.4% ( 10.0/ 28.3MB) ├███████████████─────────────────────────┤[1/2]   13 MB/s
2025-04-07 16:55:04,830 - DEBUG - you-get输出: 36.3% ( 10.2/ 28.3MB) ├███████████████─────────────────────────┤[1/2]   15 MB/s
2025-04-07 16:55:04,849 - DEBUG - you-get输出: 37.2% ( 10.5/ 28.3MB) ├███████████████─────────────────────────┤[1/2]   10 MB/s
2025-04-07 16:55:04,866 - DEBUG - you-get输出: 38.0% ( 10.8/ 28.3MB) ├████████████████────────────────────────┤[1/2]   17 MB/s
2025-04-07 16:55:04,992 - DEBUG - you-get输出: 38.9% ( 11.0/ 28.3MB) ├████████████████────────────────────────┤[1/2]   10 MB/s
2025-04-07 16:55:05,050 - DEBUG - you-get输出: 39.8% ( 11.2/ 28.3MB) ├████████████████────────────────────────┤[1/2]   20 MB/s
2025-04-07 16:55:05,051 - DEBUG - you-get输出: 40.7% ( 11.5/ 28.3MB) ├█████████████████───────────────────────┤[1/2]    9 MB/s
2025-04-07 16:55:05,069 - DEBUG - you-get输出: 41.6% ( 11.8/ 28.3MB) ├█████████████████───────────────────────┤[1/2]   24 MB/s
2025-04-07 16:55:05,087 - DEBUG - you-get输出: 42.5% ( 12.0/ 28.3MB) ├█████████████████───────────────────────┤[1/2]    9 MB/s
2025-04-07 16:55:05,168 - DEBUG - you-get输出: 43.3% ( 12.2/ 28.3MB) ├██████████████████──────────────────────┤[1/2]    8 MB/s
2025-04-07 16:55:05,168 - DEBUG - you-get输出: 44.2% ( 12.5/ 28.3MB) ├██████████████████──────────────────────┤[1/2]   30 MB/s
2025-04-07 16:55:05,187 - DEBUG - you-get输出: 45.1% ( 12.8/ 28.3MB) ├███████████████████─────────────────────┤[1/2]    9 MB/s
2025-04-07 16:55:05,253 - DEBUG - you-get输出: 46.0% ( 13.0/ 28.3MB) ├███████████████████─────────────────────┤[1/2]    8 MB/s
2025-04-07 16:55:05,254 - DEBUG - you-get输出: 46.9% ( 13.2/ 28.3MB) ├███████████████████─────────────────────┤[1/2]   30 MB/s
2025-04-07 16:55:05,273 - DEBUG - you-get输出: 47.8% ( 13.5/ 28.3MB) ├███████████████████─────────────────────┤[1/2]    9 MB/s
2025-04-07 16:55:05,292 - DEBUG - you-get输出: 48.7% ( 13.8/ 28.3MB) ├████████████████████────────────────────┤[1/2]   27 MB/s
2025-04-07 16:55:05,355 - DEBUG - you-get输出: 49.5% ( 14.0/ 28.3MB) ├████████████████████────────────────────┤[1/2]    9 MB/s
2025-04-07 16:55:05,355 - DEBUG - you-get输出: 50.4% ( 14.2/ 28.3MB) ├█████████████████████───────────────────┤[1/2]    9 MB/s
2025-04-07 16:55:05,372 - DEBUG - you-get输出: 51.3% ( 14.5/ 28.3MB) ├█████████████████████───────────────────┤[1/2]   24 MB/s
2025-04-07 16:55:05,391 - DEBUG - you-get输出: 52.2% ( 14.8/ 28.3MB) ├█████████████████████───────────────────┤[1/2]   10 MB/s
2025-04-07 16:55:05,408 - DEBUG - you-get输出: 53.1% ( 15.0/ 28.3MB) ├██████████████████████──────────────────┤[1/2]   18 MB/s
2025-04-07 16:55:05,464 - DEBUG - you-get输出: 54.0% ( 15.2/ 28.3MB) ├██████████████████████──────────────────┤[1/2]    9 MB/s
2025-04-07 16:55:05,465 - DEBUG - you-get输出: 54.8% ( 15.5/ 28.3MB) ├██████████████████████──────────────────┤[1/2]    9 MB/s
2025-04-07 16:55:05,482 - DEBUG - you-get输出: 55.7% ( 15.8/ 28.3MB) ├███████████████████████─────────────────┤[1/2]   18 MB/s
2025-04-07 16:55:05,500 - DEBUG - you-get输出: 56.6% ( 16.0/ 28.3MB) ├███████████████████████─────────────────┤[1/2]    8 MB/s
2025-04-07 16:55:05,517 - DEBUG - you-get输出: 57.5% ( 16.2/ 28.3MB) ├███████████████████████─────────────────┤[1/2]   27 MB/s
2025-04-07 16:55:05,582 - DEBUG - you-get输出: 58.4% ( 16.5/ 28.3MB) ├████████████████████████────────────────┤[1/2]    8 MB/s
2025-04-07 16:55:05,583 - DEBUG - you-get输出: 59.3% ( 16.8/ 28.3MB) ├████████████████████████────────────────┤[1/2]    9 MB/s
2025-04-07 16:55:05,600 - DEBUG - you-get输出: 60.2% ( 17.0/ 28.3MB) ├█████████████████████████───────────────┤[1/2]   21 MB/s
2025-04-07 16:55:05,618 - DEBUG - you-get输出: 61.0% ( 17.2/ 28.3MB) ├█████████████████████████───────────────┤[1/2]    9 MB/s
2025-04-07 16:55:05,634 - DEBUG - you-get输出: 61.9% ( 17.5/ 28.3MB) ├█████████████████████████───────────────┤[1/2]   36 MB/s
2025-04-07 16:55:05,699 - DEBUG - you-get输出: 62.8% ( 17.8/ 28.3MB) ├█████████████████████████───────────────┤[1/2]    8 MB/s
2025-04-07 16:55:05,699 - DEBUG - you-get输出: 63.7% ( 18.0/ 28.3MB) ├██████████████████████████──────────────┤[1/2]    9 MB/s
2025-04-07 16:55:05,716 - DEBUG - you-get输出: 64.6% ( 18.2/ 28.3MB) ├██████████████████████████──────────────┤[1/2]   22 MB/s
2025-04-07 16:55:05,734 - DEBUG - you-get输出: 65.5% ( 18.5/ 28.3MB) ├███████████████████████████─────────────┤[1/2]    8 MB/s
2025-04-07 16:55:05,753 - DEBUG - you-get输出: 66.3% ( 18.8/ 28.3MB) ├███████████████████████████─────────────┤[1/2]   21 MB/s
2025-04-07 16:55:05,815 - DEBUG - you-get输出: 67.2% ( 19.0/ 28.3MB) ├███████████████████████████─────────────┤[1/2]   10 MB/s
2025-04-07 16:55:05,816 - DEBUG - you-get输出: 68.1% ( 19.2/ 28.3MB) ├████████████████████████████────────────┤[1/2]    9 MB/s
2025-04-07 16:55:05,834 - DEBUG - you-get输出: 69.0% ( 19.5/ 28.3MB) ├████████████████████████████────────────┤[1/2]   17 MB/s
2025-04-07 16:55:05,852 - DEBUG - you-get输出: 69.9% ( 19.8/ 28.3MB) ├████████████████████████████────────────┤[1/2]    8 MB/s
2025-04-07 16:55:05,869 - DEBUG - you-get输出: 70.8% ( 20.0/ 28.3MB) ├█████████████████████████████───────────┤[1/2]   23 MB/s
2025-04-07 16:55:05,922 - DEBUG - you-get输出: site:                Bilibili
2025-04-07 16:55:05,927 - DEBUG - you-get输出: title:               《原神》角色演示-「八 重 蔡 子」
2025-04-07 16:55:05,942 - DEBUG - you-get输出: stream:
2025-04-07 16:55:05,959 - DEBUG - you-get输出: - format:        dash-flv-AVC
2025-04-07 16:55:05,973 - DEBUG - you-get输出: container:     mp4
2025-04-07 16:55:05,987 - DEBUG - you-get输出: quality:       高清 1080P avc1.640032
2025-04-07 16:55:05,999 - DEBUG - you-get输出: size:          45.4 MiB (47623330 bytes)
2025-04-07 16:55:06,011 - DEBUG - you-get输出: # download-with: you-get --format=dash-flv-AVC [URL]
2025-04-07 16:55:06,024 - DEBUG - you-get输出: Downloading 《原神》角色演示-「八 重 蔡 子」.mp4 ...
2025-04-07 16:55:06,050 - DEBUG - you-get输出: 71.7% ( 20.2/ 28.3MB) ├█████████████████████████████───────────┤[1/2]    6 MB/s
2025-04-07 16:55:06,083 - DEBUG - you-get输出: 72.5% ( 20.5/ 28.3MB) ├█████████████████████████████───────────┤[1/2]   10 MB/s
2025-04-07 16:55:06,083 - DEBUG - you-get输出: 73.4% ( 20.8/ 28.3MB) ├██████████████████████████████──────────┤[1/2]   20 MB/s
2025-04-07 16:55:06,095 - DEBUG - you-get输出: 74.3% ( 21.0/ 28.3MB) ├██████████████████████████████──────────┤[1/2]    9 MB/s
2025-04-07 16:55:06,108 - DEBUG - you-get输出: 75.2% ( 21.2/ 28.3MB) ├███████████████████████████████─────────┤[1/2]   13 MB/s
2025-04-07 16:55:06,121 - DEBUG - you-get输出: 76.1% ( 21.5/ 28.3MB) ├███████████████████████████████─────────┤[1/2]   11 MB/s
2025-04-07 16:55:06,136 - DEBUG - you-get输出: 77.0% ( 21.8/ 28.3MB) ├███████████████████████████████─────────┤[1/2]    8 MB/s
2025-04-07 16:55:06,205 - DEBUG - you-get输出: 77.8% ( 22.0/ 28.3MB) ├███████████████████████████████─────────┤[1/2]   23 MB/s
2025-04-07 16:55:06,205 - DEBUG - you-get输出: 78.7% ( 22.2/ 28.3MB) ├████████████████████████████████────────┤[1/2]    9 MB/s
2025-04-07 16:55:06,221 - DEBUG - you-get输出: 79.6% ( 22.5/ 28.3MB) ├████████████████████████████████────────┤[1/2]   27 MB/s
2025-04-07 16:55:06,235 - DEBUG - you-get输出: 80.5% ( 22.8/ 28.3MB) ├█████████████████████████████████───────┤[1/2]    8 MB/s
2025-04-07 16:55:06,249 - DEBUG - you-get输出: 81.4% ( 23.0/ 28.3MB) ├█████████████████████████████████───────┤[1/2]   31 MB/s
2025-04-07 16:55:06,304 - DEBUG - you-get输出: 82.3% ( 23.2/ 28.3MB) ├█████████████████████████████████───────┤[1/2]    9 MB/s
2025-04-07 16:55:06,304 - DEBUG - you-get输出: 83.1% ( 23.5/ 28.3MB) ├██████████████████████████████████──────┤[1/2]    8 MB/s
2025-04-07 16:55:06,321 - DEBUG - you-get输出: 84.0% ( 23.8/ 28.3MB) ├██████████████████████████████████──────┤[1/2]   26 MB/s
2025-04-07 16:55:06,338 - DEBUG - you-get输出: 84.9% ( 24.0/ 28.3MB) ├██████████████████████████████████──────┤[1/2]    9 MB/s
2025-04-07 16:55:06,355 - DEBUG - you-get输出: 85.8% ( 24.2/ 28.3MB) ├███████████████████████████████████─────┤[1/2]   26 MB/s
2025-04-07 16:55:06,398 - DEBUG - you-get输出: 0.0% (  0.0/ 45.4MB) ├────────────────────────────────────────┤[1/2]
2025-04-07 16:55:06,663 - ERROR - 更新下载状态时出错：invalid command name ".!frame.!labelframe4.!treeview"
