2025-04-07 17:05:20,802 - DEBUG - 开始验证登录状态...
2025-04-07 17:05:20,802 - DEBUG - 当前Cookie信息: {'SESSDATA': '60d30b4a%2C1759568400%2C1389d541CjAVWNJL7zo4iXyt4Z20tJZ8FB_fUygvM9x4Y57ZYu3xcwo3ENu0lvXasBEmFJ5sHwcSVnF3UkZDa21NQ1N0d3k1WHROUkY1Ylh4bi1FVlIwWEx5TzZjTE1XdkxPdFlxZ0dkVVRfUDZuOFJhU0lvOE52RkFuQUZGSmVMMlhuallpek13Z09kWHh3IIEC', 'bili_jct': 'ca98a4900e2c383621ddccdf60d75886', 'buvid3': ''}
2025-04-07 17:05:20,803 - DEBUG - 发送验证请求...
2025-04-07 17:05:21,061 - DEBUG - 验证响应: {'code': 0, 'message': '0', 'ttl': 1, 'data': {'isLogin': True, 'email_verified': 1, 'face': 'https://i2.hdslb.com/bfs/face/8d6df08d48ff886b6d2d52cc07b5e167fc472f96.jpg', 'face_nft': 0, 'face_nft_type': 0, 'level_info': {'current_level': 5, 'current_min': 10800, 'current_exp': 18144, 'next_exp': 28800}, 'mid': 501695519, 'mobile_verified': 1, 'money': 280.2, 'moral': 70, 'official': {'role': 0, 'title': '', 'desc': '', 'type': -1}, 'officialVerify': {'type': -1, 'desc': ''}, 'pendant': {'pid': 0, 'name': '', 'image': '', 'expire': 0, 'image_enhance': '', 'image_enhance_frame': '', 'n_pid': 0}, 'scores': 0, 'uname': '取个好昵称真费劲', 'vipDueDate': 0, 'vipStatus': 0, 'vipType': 0, 'vip_pay_type': 0, 'vip_theme_type': 0, 'vip_label': {'path': '', 'text': '', 'label_theme': '', 'text_color': '', 'bg_style': 0, 'bg_color': '', 'border_color': '', 'use_img_label': True, 'img_label_uri_hans': '', 'img_label_uri_hant': '', 'img_label_uri_hans_static': 'https://i0.hdslb.com/bfs/vip/d7b702ef65a976b20ed854cbd04cb9e27341bb79.png', 'img_label_uri_hant_static': 'https://i0.hdslb.com/bfs/activity-plat/static/20220614/e369244d0b14644f5e1a06431e22a4d5/KJunwh19T5.png'}, 'vip_avatar_subscript': 0, 'vip_nickname_color': '', 'vip': {'type': 0, 'status': 0, 'due_date': 0, 'vip_pay_type': 0, 'theme_type': 0, 'label': {'path': '', 'text': '', 'label_theme': '', 'text_color': '', 'bg_style': 0, 'bg_color': '', 'border_color': '', 'use_img_label': True, 'img_label_uri_hans': '', 'img_label_uri_hant': '', 'img_label_uri_hans_static': 'https://i0.hdslb.com/bfs/vip/d7b702ef65a976b20ed854cbd04cb9e27341bb79.png', 'img_label_uri_hant_static': 'https://i0.hdslb.com/bfs/activity-plat/static/20220614/e369244d0b14644f5e1a06431e22a4d5/KJunwh19T5.png'}, 'avatar_subscript': 0, 'nickname_color': '', 'role': 0, 'avatar_subscript_url': '', 'tv_vip_status': 0, 'tv_vip_pay_type': 0, 'tv_due_date': 0, 'avatar_icon': {'icon_resource': {}}}, 'wallet': {'mid': 501695519, 'bcoin_balance': 0, 'coupon_balance': 0, 'coupon_due_time': 0}, 'has_shop': False, 'shop_url': '', 'answer_status': 0, 'is_senior_member': 0, 'wbi_img': {'img_url': 'https://i0.hdslb.com/bfs/wbi/7cd084941338484aae1ad9425b84077c.png', 'sub_url': 'https://i0.hdslb.com/bfs/wbi/4932caff0ff746eab6f01bf08b70ac45.png'}, 'is_jury': False, 'name_render': None}}
2025-04-07 17:05:21,062 - INFO - 成功创建Netscape格式的cookies文件
2025-04-07 17:05:21,068 - INFO - 登录状态有效：取个好昵称真费劲
2025-04-07 17:05:21,307 - INFO - 开始获取用户 501695519 的收藏夹 3473636419
2025-04-07 17:05:21,574 - INFO - 共找到 6 个视频
2025-04-07 17:05:21,908 - INFO - 使用缓存的格式信息：BV1uD421T7bx
2025-04-07 17:05:21,908 - INFO - 使用缓存的格式信息：BV1AcNpegEt1
2025-04-07 17:05:21,908 - INFO - 使用缓存的格式信息：BV1tM411B7NA
2025-04-07 17:05:21,979 - INFO - 完成获取格式：视频 BV1uD421T7bx
2025-04-07 17:05:22,190 - INFO - 完成获取格式：视频 BV1AcNpegEt1
2025-04-07 17:05:22,222 - INFO - 完成获取格式：视频 BV1tM411B7NA
2025-04-07 17:05:22,253 - INFO - 格式信息获取进度: 3/6
2025-04-07 17:05:22,282 - INFO - 使用缓存的格式信息：BV1X341177zi
2025-04-07 17:05:22,282 - INFO - 使用缓存的格式信息：BV1pu4y1N7KM
2025-04-07 17:05:22,282 - INFO - 使用缓存的格式信息：BV11u4y1B71e
2025-04-07 17:05:22,379 - INFO - 完成获取格式：视频 BV1X341177zi
2025-04-07 17:05:22,463 - INFO - 完成获取格式：视频 BV1pu4y1N7KM
2025-04-07 17:05:22,531 - INFO - 完成获取格式：视频 BV11u4y1B71e
2025-04-07 17:05:22,531 - INFO - 格式信息获取进度: 6/6
2025-04-07 17:05:22,569 - INFO - 所有视频格式获取完成
2025-04-07 17:05:22,912 - INFO - 开始登录...
2025-04-07 17:05:22,912 - INFO - 尝试刷新登录状态...
2025-04-07 17:05:23,202 - INFO - 登录刷新成功!
2025-04-07 17:05:23,203 - INFO - 登录成功!
2025-04-07 17:05:23,292 - INFO - 成功创建Netscape格式的cookies文件
2025-04-07 17:05:23,292 - DEBUG - 更新后的Cookie信息: {'SESSDATA': '6a38ddfe%2C1759568723%2C662bcb41CjB_9HsIE18HBFkNDyhttan28VKMKKX6TqwncStj3CHXqawmeIpeDROnCKH_QeNOHYoSVkVrdHR3Umd6UUdpV0dlRUo2ZlR5eDF1WWlySk5yV1N0aVFjVTB1U09WQkljQ1BQUThRNlp0UG01UE5DejFSVS1ZOEUtalpJTnNieFdydlc4TzI2ZlVBIIEC', 'bili_jct': '4aa79505407e8508eb0140ac1feb91ad', 'DedeUserID': '501695519', 'DedeUserID__ckMd5': '3584d425f96fc469', 'sid': 'pvuo6naq'}
2025-04-07 17:05:23,355 - DEBUG - 开始验证登录状态...
2025-04-07 17:05:23,370 - DEBUG - 当前Cookie信息: {'SESSDATA': '6a38ddfe%2C1759568723%2C662bcb41CjB_9HsIE18HBFkNDyhttan28VKMKKX6TqwncStj3CHXqawmeIpeDROnCKH_QeNOHYoSVkVrdHR3Umd6UUdpV0dlRUo2ZlR5eDF1WWlySk5yV1N0aVFjVTB1U09WQkljQ1BQUThRNlp0UG01UE5DejFSVS1ZOEUtalpJTnNieFdydlc4TzI2ZlVBIIEC', 'bili_jct': '4aa79505407e8508eb0140ac1feb91ad', 'buvid3': ''}
2025-04-07 17:05:23,370 - DEBUG - 发送验证请求...
2025-04-07 17:05:23,617 - DEBUG - 验证响应: {'code': 0, 'message': '0', 'ttl': 1, 'data': {'isLogin': True, 'email_verified': 1, 'face': 'https://i2.hdslb.com/bfs/face/8d6df08d48ff886b6d2d52cc07b5e167fc472f96.jpg', 'face_nft': 0, 'face_nft_type': 0, 'level_info': {'current_level': 5, 'current_min': 10800, 'current_exp': 18144, 'next_exp': 28800}, 'mid': 501695519, 'mobile_verified': 1, 'money': 280.2, 'moral': 70, 'official': {'role': 0, 'title': '', 'desc': '', 'type': -1}, 'officialVerify': {'type': -1, 'desc': ''}, 'pendant': {'pid': 0, 'name': '', 'image': '', 'expire': 0, 'image_enhance': '', 'image_enhance_frame': '', 'n_pid': 0}, 'scores': 0, 'uname': '取个好昵称真费劲', 'vipDueDate': 0, 'vipStatus': 0, 'vipType': 0, 'vip_pay_type': 0, 'vip_theme_type': 0, 'vip_label': {'path': '', 'text': '', 'label_theme': '', 'text_color': '', 'bg_style': 0, 'bg_color': '', 'border_color': '', 'use_img_label': True, 'img_label_uri_hans': '', 'img_label_uri_hant': '', 'img_label_uri_hans_static': 'https://i0.hdslb.com/bfs/vip/d7b702ef65a976b20ed854cbd04cb9e27341bb79.png', 'img_label_uri_hant_static': 'https://i0.hdslb.com/bfs/activity-plat/static/20220614/e369244d0b14644f5e1a06431e22a4d5/KJunwh19T5.png'}, 'vip_avatar_subscript': 0, 'vip_nickname_color': '', 'vip': {'type': 0, 'status': 0, 'due_date': 0, 'vip_pay_type': 0, 'theme_type': 0, 'label': {'path': '', 'text': '', 'label_theme': '', 'text_color': '', 'bg_style': 0, 'bg_color': '', 'border_color': '', 'use_img_label': True, 'img_label_uri_hans': '', 'img_label_uri_hant': '', 'img_label_uri_hans_static': 'https://i0.hdslb.com/bfs/vip/d7b702ef65a976b20ed854cbd04cb9e27341bb79.png', 'img_label_uri_hant_static': 'https://i0.hdslb.com/bfs/activity-plat/static/20220614/e369244d0b14644f5e1a06431e22a4d5/KJunwh19T5.png'}, 'avatar_subscript': 0, 'nickname_color': '', 'role': 0, 'avatar_subscript_url': '', 'tv_vip_status': 0, 'tv_vip_pay_type': 0, 'tv_due_date': 0, 'avatar_icon': {'icon_resource': {}}}, 'wallet': {'mid': 501695519, 'bcoin_balance': 0, 'coupon_balance': 0, 'coupon_due_time': 0}, 'has_shop': False, 'shop_url': '', 'answer_status': 0, 'is_senior_member': 0, 'wbi_img': {'img_url': 'https://i0.hdslb.com/bfs/wbi/7cd084941338484aae1ad9425b84077c.png', 'sub_url': 'https://i0.hdslb.com/bfs/wbi/4932caff0ff746eab6f01bf08b70ac45.png'}, 'is_jury': False, 'name_render': None}}
2025-04-07 17:05:23,618 - INFO - 成功创建Netscape格式的cookies文件
2025-04-07 17:05:23,782 - INFO - 登录状态有效：取个好昵称真费劲
