2025-04-07 16:51:47,563 - INFO - 开始登录...
2025-04-07 16:51:47,564 - INFO - 尝试刷新登录状态...
2025-04-07 16:51:48,005 - INFO - 登录刷新成功!
2025-04-07 16:51:48,006 - INFO - 登录成功!
2025-04-07 16:51:48,009 - INFO - 成功创建Netscape格式的cookies文件
2025-04-07 16:51:48,010 - DEBUG - 更新后的Cookie信息: {'SESSDATA': '087ec69a%2C1759567908%2Ca0f7d041CjAWx0IzKPnTu-6dPIuBFzJetcJMJGX8HcBGZYbVCAiDloWCZD5DB7LcAYdk0q7fRd0SVnFlVVdzVzNxU1UwM096QWN2eVJrMjF3Y1htM2d6QkFYSmxOSDNDZkFUT1UtZE1MYl8wMDM4Sjg4dnhPNW9QUzRybVV5cTJtTDJyQVY3WHVULXNQZEJ3IIEC', 'bili_jct': 'e3752d25ea5d1c765b592be7eee9eccd', 'DedeUserID': '501695519', 'DedeUserID__ckMd5': '3584d425f96fc469', 'sid': '8l5uhv2x'}
2025-04-07 16:51:48,018 - DEBUG - 开始验证登录状态...
2025-04-07 16:51:48,024 - DEBUG - 当前Cookie信息: {'SESSDATA': '087ec69a%2C1759567908%2Ca0f7d041CjAWx0IzKPnTu-6dPIuBFzJetcJMJGX8HcBGZYbVCAiDloWCZD5DB7LcAYdk0q7fRd0SVnFlVVdzVzNxU1UwM096QWN2eVJrMjF3Y1htM2d6QkFYSmxOSDNDZkFUT1UtZE1MYl8wMDM4Sjg4dnhPNW9QUzRybVV5cTJtTDJyQVY3WHVULXNQZEJ3IIEC', 'bili_jct': 'e3752d25ea5d1c765b592be7eee9eccd', 'buvid3': ''}
2025-04-07 16:51:48,024 - DEBUG - 发送验证请求...
2025-04-07 16:51:50,459 - DEBUG - 验证响应: {'code': 0, 'message': '0', 'ttl': 1, 'data': {'isLogin': True, 'email_verified': 1, 'face': 'https://i2.hdslb.com/bfs/face/8d6df08d48ff886b6d2d52cc07b5e167fc472f96.jpg', 'face_nft': 0, 'face_nft_type': 0, 'level_info': {'current_level': 5, 'current_min': 10800, 'current_exp': 18144, 'next_exp': 28800}, 'mid': 501695519, 'mobile_verified': 1, 'money': 280.2, 'moral': 70, 'official': {'role': 0, 'title': '', 'desc': '', 'type': -1}, 'officialVerify': {'type': -1, 'desc': ''}, 'pendant': {'pid': 0, 'name': '', 'image': '', 'expire': 0, 'image_enhance': '', 'image_enhance_frame': '', 'n_pid': 0}, 'scores': 0, 'uname': '取个好昵称真费劲', 'vipDueDate': 0, 'vipStatus': 0, 'vipType': 0, 'vip_pay_type': 0, 'vip_theme_type': 0, 'vip_label': {'path': '', 'text': '', 'label_theme': '', 'text_color': '', 'bg_style': 0, 'bg_color': '', 'border_color': '', 'use_img_label': True, 'img_label_uri_hans': '', 'img_label_uri_hant': '', 'img_label_uri_hans_static': 'https://i0.hdslb.com/bfs/vip/d7b702ef65a976b20ed854cbd04cb9e27341bb79.png', 'img_label_uri_hant_static': 'https://i0.hdslb.com/bfs/activity-plat/static/20220614/e369244d0b14644f5e1a06431e22a4d5/KJunwh19T5.png'}, 'vip_avatar_subscript': 0, 'vip_nickname_color': '', 'vip': {'type': 0, 'status': 0, 'due_date': 0, 'vip_pay_type': 0, 'theme_type': 0, 'label': {'path': '', 'text': '', 'label_theme': '', 'text_color': '', 'bg_style': 0, 'bg_color': '', 'border_color': '', 'use_img_label': True, 'img_label_uri_hans': '', 'img_label_uri_hant': '', 'img_label_uri_hans_static': 'https://i0.hdslb.com/bfs/vip/d7b702ef65a976b20ed854cbd04cb9e27341bb79.png', 'img_label_uri_hant_static': 'https://i0.hdslb.com/bfs/activity-plat/static/20220614/e369244d0b14644f5e1a06431e22a4d5/KJunwh19T5.png'}, 'avatar_subscript': 0, 'nickname_color': '', 'role': 0, 'avatar_subscript_url': '', 'tv_vip_status': 0, 'tv_vip_pay_type': 0, 'tv_due_date': 0, 'avatar_icon': {'icon_resource': {}}}, 'wallet': {'mid': 501695519, 'bcoin_balance': 0, 'coupon_balance': 0, 'coupon_due_time': 0}, 'has_shop': False, 'shop_url': '', 'answer_status': 0, 'is_senior_member': 0, 'wbi_img': {'img_url': 'https://i0.hdslb.com/bfs/wbi/7cd084941338484aae1ad9425b84077c.png', 'sub_url': 'https://i0.hdslb.com/bfs/wbi/4932caff0ff746eab6f01bf08b70ac45.png'}, 'is_jury': False, 'name_render': None}}
2025-04-07 16:51:50,461 - INFO - 成功创建Netscape格式的cookies文件
2025-04-07 16:51:50,650 - INFO - 登录状态有效：取个好昵称真费劲
2025-04-07 16:51:52,686 - DEBUG - 开始验证登录状态...
2025-04-07 16:51:52,687 - DEBUG - 当前Cookie信息: {'SESSDATA': '087ec69a%2C1759567908%2Ca0f7d041CjAWx0IzKPnTu-6dPIuBFzJetcJMJGX8HcBGZYbVCAiDloWCZD5DB7LcAYdk0q7fRd0SVnFlVVdzVzNxU1UwM096QWN2eVJrMjF3Y1htM2d6QkFYSmxOSDNDZkFUT1UtZE1MYl8wMDM4Sjg4dnhPNW9QUzRybVV5cTJtTDJyQVY3WHVULXNQZEJ3IIEC', 'bili_jct': 'e3752d25ea5d1c765b592be7eee9eccd', 'buvid3': ''}
2025-04-07 16:51:52,687 - DEBUG - 发送验证请求...
2025-04-07 16:51:52,844 - DEBUG - 验证响应: {'code': 0, 'message': '0', 'ttl': 1, 'data': {'isLogin': True, 'email_verified': 1, 'face': 'https://i2.hdslb.com/bfs/face/8d6df08d48ff886b6d2d52cc07b5e167fc472f96.jpg', 'face_nft': 0, 'face_nft_type': 0, 'level_info': {'current_level': 5, 'current_min': 10800, 'current_exp': 18144, 'next_exp': 28800}, 'mid': 501695519, 'mobile_verified': 1, 'money': 280.2, 'moral': 70, 'official': {'role': 0, 'title': '', 'desc': '', 'type': -1}, 'officialVerify': {'type': -1, 'desc': ''}, 'pendant': {'pid': 0, 'name': '', 'image': '', 'expire': 0, 'image_enhance': '', 'image_enhance_frame': '', 'n_pid': 0}, 'scores': 0, 'uname': '取个好昵称真费劲', 'vipDueDate': 0, 'vipStatus': 0, 'vipType': 0, 'vip_pay_type': 0, 'vip_theme_type': 0, 'vip_label': {'path': '', 'text': '', 'label_theme': '', 'text_color': '', 'bg_style': 0, 'bg_color': '', 'border_color': '', 'use_img_label': True, 'img_label_uri_hans': '', 'img_label_uri_hant': '', 'img_label_uri_hans_static': 'https://i0.hdslb.com/bfs/vip/d7b702ef65a976b20ed854cbd04cb9e27341bb79.png', 'img_label_uri_hant_static': 'https://i0.hdslb.com/bfs/activity-plat/static/20220614/e369244d0b14644f5e1a06431e22a4d5/KJunwh19T5.png'}, 'vip_avatar_subscript': 0, 'vip_nickname_color': '', 'vip': {'type': 0, 'status': 0, 'due_date': 0, 'vip_pay_type': 0, 'theme_type': 0, 'label': {'path': '', 'text': '', 'label_theme': '', 'text_color': '', 'bg_style': 0, 'bg_color': '', 'border_color': '', 'use_img_label': True, 'img_label_uri_hans': '', 'img_label_uri_hant': '', 'img_label_uri_hans_static': 'https://i0.hdslb.com/bfs/vip/d7b702ef65a976b20ed854cbd04cb9e27341bb79.png', 'img_label_uri_hant_static': 'https://i0.hdslb.com/bfs/activity-plat/static/20220614/e369244d0b14644f5e1a06431e22a4d5/KJunwh19T5.png'}, 'avatar_subscript': 0, 'nickname_color': '', 'role': 0, 'avatar_subscript_url': '', 'tv_vip_status': 0, 'tv_vip_pay_type': 0, 'tv_due_date': 0, 'avatar_icon': {'icon_resource': {}}}, 'wallet': {'mid': 501695519, 'bcoin_balance': 0, 'coupon_balance': 0, 'coupon_due_time': 0}, 'has_shop': False, 'shop_url': '', 'answer_status': 0, 'is_senior_member': 0, 'wbi_img': {'img_url': 'https://i0.hdslb.com/bfs/wbi/7cd084941338484aae1ad9425b84077c.png', 'sub_url': 'https://i0.hdslb.com/bfs/wbi/4932caff0ff746eab6f01bf08b70ac45.png'}, 'is_jury': False, 'name_render': None}}
2025-04-07 16:51:52,846 - INFO - 成功创建Netscape格式的cookies文件
2025-04-07 16:51:52,846 - INFO - 登录状态有效：取个好昵称真费劲
2025-04-07 16:51:52,847 - INFO - 开始获取用户 501695519 的收藏夹 3473636419
2025-04-07 16:51:53,484 - INFO - 共找到 6 个视频
2025-04-07 16:51:53,551 - INFO - 使用缓存的格式信息：BV1uD421T7bx
2025-04-07 16:51:53,551 - INFO - 使用缓存的格式信息：BV1AcNpegEt1
2025-04-07 16:51:53,551 - INFO - 使用缓存的格式信息：BV1tM411B7NA
2025-04-07 16:51:53,956 - INFO - 完成获取格式：视频 BV1uD421T7bx
2025-04-07 16:51:54,109 - INFO - 完成获取格式：视频 BV1AcNpegEt1
2025-04-07 16:51:54,144 - INFO - 完成获取格式：视频 BV1tM411B7NA
2025-04-07 16:51:54,144 - INFO - 格式信息获取进度: 3/6
2025-04-07 16:51:54,177 - INFO - 使用缓存的格式信息：BV1X341177zi
2025-04-07 16:51:54,177 - INFO - 使用缓存的格式信息：BV11u4y1B71e
2025-04-07 16:51:54,177 - INFO - 使用缓存的格式信息：BV1pu4y1N7KM
2025-04-07 16:51:54,285 - INFO - 完成获取格式：视频 BV1X341177zi
2025-04-07 16:51:54,365 - INFO - 完成获取格式：视频 BV11u4y1B71e
2025-04-07 16:51:54,418 - INFO - 完成获取格式：视频 BV1pu4y1N7KM
2025-04-07 16:51:54,419 - INFO - 格式信息获取进度: 6/6
2025-04-07 16:51:54,475 - INFO - 所有视频格式获取完成
2025-04-07 16:52:01,409 - INFO - 已添加 1 个视频到下载队列
2025-04-07 16:52:03,906 - INFO - 弹幕下载状态: 禁用
2025-04-07 16:52:03,907 - INFO - 跳过下载视频 《原神》角色演示-「芙宁娜：全程跑调」 的弹幕
2025-04-07 16:52:03,950 - DEBUG - 下载命令: "you-get" --format=dash-flv-AVC -o "D:/System/Desktop" -c "cookies.txt" --no-caption "https://www.bilibili.com/video/BV1pu4y1N7KM"
