2025-04-07 16:44:57,017 - INFO - 开始登录...
2025-04-07 16:44:57,018 - INFO - 尝试刷新登录状态...
2025-04-07 16:44:57,173 - INFO - 登录刷新成功!
2025-04-07 16:44:57,174 - INFO - 登录成功!
2025-04-07 16:44:57,177 - INFO - 成功创建Netscape格式的cookies文件
2025-04-07 16:44:57,178 - DEBUG - 更新后的Cookie信息: {'SESSDATA': 'bf20d773%2C1759567497%2C009f6b41CjAdBVdH0glgtz0ATKVzzLsstZRCJ_4xxzO2vwTegXk5XCIPAI5NGgmeDYeyHVk7G0USVmNFTlhiVlJoUjVQdzRlMF9EU1dUSTJSN3l4UzA0RllLczFQbjN1RThHMDhLV1pqQkdFLUIxMG1sWmxMWkV5a0FXcmk4YXRVLUtFVUZVTnpmX0RudjRBIIEC', 'bili_jct': '8e435fe2ae25bcb90fc0a7ea797c6a9c', 'DedeUserID': '501695519', 'DedeUserID__ckMd5': '3584d425f96fc469', 'sid': 'fzhl3z7m'}
2025-04-07 16:44:57,188 - DEBUG - 开始验证登录状态...
2025-04-07 16:44:57,195 - DEBUG - 当前Cookie信息: {'SESSDATA': 'bf20d773%2C1759567497%2C009f6b41CjAdBVdH0glgtz0ATKVzzLsstZRCJ_4xxzO2vwTegXk5XCIPAI5NGgmeDYeyHVk7G0USVmNFTlhiVlJoUjVQdzRlMF9EU1dUSTJSN3l4UzA0RllLczFQbjN1RThHMDhLV1pqQkdFLUIxMG1sWmxMWkV5a0FXcmk4YXRVLUtFVUZVTnpmX0RudjRBIIEC', 'bili_jct': '8e435fe2ae25bcb90fc0a7ea797c6a9c', 'buvid3': ''}
2025-04-07 16:44:57,196 - DEBUG - 发送验证请求...
2025-04-07 16:44:57,481 - DEBUG - 验证响应: {'code': 0, 'message': '0', 'ttl': 1, 'data': {'isLogin': True, 'email_verified': 1, 'face': 'https://i2.hdslb.com/bfs/face/8d6df08d48ff886b6d2d52cc07b5e167fc472f96.jpg', 'face_nft': 0, 'face_nft_type': 0, 'level_info': {'current_level': 5, 'current_min': 10800, 'current_exp': 18144, 'next_exp': 28800}, 'mid': 501695519, 'mobile_verified': 1, 'money': 280.2, 'moral': 70, 'official': {'role': 0, 'title': '', 'desc': '', 'type': -1}, 'officialVerify': {'type': -1, 'desc': ''}, 'pendant': {'pid': 0, 'name': '', 'image': '', 'expire': 0, 'image_enhance': '', 'image_enhance_frame': '', 'n_pid': 0}, 'scores': 0, 'uname': '取个好昵称真费劲', 'vipDueDate': 0, 'vipStatus': 0, 'vipType': 0, 'vip_pay_type': 0, 'vip_theme_type': 0, 'vip_label': {'path': '', 'text': '', 'label_theme': '', 'text_color': '', 'bg_style': 0, 'bg_color': '', 'border_color': '', 'use_img_label': True, 'img_label_uri_hans': '', 'img_label_uri_hant': '', 'img_label_uri_hans_static': 'https://i0.hdslb.com/bfs/vip/d7b702ef65a976b20ed854cbd04cb9e27341bb79.png', 'img_label_uri_hant_static': 'https://i0.hdslb.com/bfs/activity-plat/static/20220614/e369244d0b14644f5e1a06431e22a4d5/KJunwh19T5.png'}, 'vip_avatar_subscript': 0, 'vip_nickname_color': '', 'vip': {'type': 0, 'status': 0, 'due_date': 0, 'vip_pay_type': 0, 'theme_type': 0, 'label': {'path': '', 'text': '', 'label_theme': '', 'text_color': '', 'bg_style': 0, 'bg_color': '', 'border_color': '', 'use_img_label': True, 'img_label_uri_hans': '', 'img_label_uri_hant': '', 'img_label_uri_hans_static': 'https://i0.hdslb.com/bfs/vip/d7b702ef65a976b20ed854cbd04cb9e27341bb79.png', 'img_label_uri_hant_static': 'https://i0.hdslb.com/bfs/activity-plat/static/20220614/e369244d0b14644f5e1a06431e22a4d5/KJunwh19T5.png'}, 'avatar_subscript': 0, 'nickname_color': '', 'role': 0, 'avatar_subscript_url': '', 'tv_vip_status': 0, 'tv_vip_pay_type': 0, 'tv_due_date': 0, 'avatar_icon': {'icon_resource': {}}}, 'wallet': {'mid': 501695519, 'bcoin_balance': 0, 'coupon_balance': 0, 'coupon_due_time': 0}, 'has_shop': False, 'shop_url': '', 'answer_status': 0, 'is_senior_member': 0, 'wbi_img': {'img_url': 'https://i0.hdslb.com/bfs/wbi/7cd084941338484aae1ad9425b84077c.png', 'sub_url': 'https://i0.hdslb.com/bfs/wbi/4932caff0ff746eab6f01bf08b70ac45.png'}, 'is_jury': False, 'name_render': None}}
2025-04-07 16:44:57,482 - INFO - 成功创建Netscape格式的cookies文件
2025-04-07 16:44:57,666 - INFO - 登录状态有效：取个好昵称真费劲
2025-04-07 16:45:01,121 - DEBUG - 开始验证登录状态...
2025-04-07 16:45:01,121 - DEBUG - 当前Cookie信息: {'SESSDATA': 'bf20d773%2C1759567497%2C009f6b41CjAdBVdH0glgtz0ATKVzzLsstZRCJ_4xxzO2vwTegXk5XCIPAI5NGgmeDYeyHVk7G0USVmNFTlhiVlJoUjVQdzRlMF9EU1dUSTJSN3l4UzA0RllLczFQbjN1RThHMDhLV1pqQkdFLUIxMG1sWmxMWkV5a0FXcmk4YXRVLUtFVUZVTnpmX0RudjRBIIEC', 'bili_jct': '8e435fe2ae25bcb90fc0a7ea797c6a9c', 'buvid3': ''}
2025-04-07 16:45:01,122 - DEBUG - 发送验证请求...
2025-04-07 16:45:01,449 - DEBUG - 验证响应: {'code': 0, 'message': '0', 'ttl': 1, 'data': {'isLogin': True, 'email_verified': 1, 'face': 'https://i2.hdslb.com/bfs/face/8d6df08d48ff886b6d2d52cc07b5e167fc472f96.jpg', 'face_nft': 0, 'face_nft_type': 0, 'level_info': {'current_level': 5, 'current_min': 10800, 'current_exp': 18144, 'next_exp': 28800}, 'mid': 501695519, 'mobile_verified': 1, 'money': 280.2, 'moral': 70, 'official': {'role': 0, 'title': '', 'desc': '', 'type': -1}, 'officialVerify': {'type': -1, 'desc': ''}, 'pendant': {'pid': 0, 'name': '', 'image': '', 'expire': 0, 'image_enhance': '', 'image_enhance_frame': '', 'n_pid': 0}, 'scores': 0, 'uname': '取个好昵称真费劲', 'vipDueDate': 0, 'vipStatus': 0, 'vipType': 0, 'vip_pay_type': 0, 'vip_theme_type': 0, 'vip_label': {'path': '', 'text': '', 'label_theme': '', 'text_color': '', 'bg_style': 0, 'bg_color': '', 'border_color': '', 'use_img_label': True, 'img_label_uri_hans': '', 'img_label_uri_hant': '', 'img_label_uri_hans_static': 'https://i0.hdslb.com/bfs/vip/d7b702ef65a976b20ed854cbd04cb9e27341bb79.png', 'img_label_uri_hant_static': 'https://i0.hdslb.com/bfs/activity-plat/static/20220614/e369244d0b14644f5e1a06431e22a4d5/KJunwh19T5.png'}, 'vip_avatar_subscript': 0, 'vip_nickname_color': '', 'vip': {'type': 0, 'status': 0, 'due_date': 0, 'vip_pay_type': 0, 'theme_type': 0, 'label': {'path': '', 'text': '', 'label_theme': '', 'text_color': '', 'bg_style': 0, 'bg_color': '', 'border_color': '', 'use_img_label': True, 'img_label_uri_hans': '', 'img_label_uri_hant': '', 'img_label_uri_hans_static': 'https://i0.hdslb.com/bfs/vip/d7b702ef65a976b20ed854cbd04cb9e27341bb79.png', 'img_label_uri_hant_static': 'https://i0.hdslb.com/bfs/activity-plat/static/20220614/e369244d0b14644f5e1a06431e22a4d5/KJunwh19T5.png'}, 'avatar_subscript': 0, 'nickname_color': '', 'role': 0, 'avatar_subscript_url': '', 'tv_vip_status': 0, 'tv_vip_pay_type': 0, 'tv_due_date': 0, 'avatar_icon': {'icon_resource': {}}}, 'wallet': {'mid': 501695519, 'bcoin_balance': 0, 'coupon_balance': 0, 'coupon_due_time': 0}, 'has_shop': False, 'shop_url': '', 'answer_status': 0, 'is_senior_member': 0, 'wbi_img': {'img_url': 'https://i0.hdslb.com/bfs/wbi/7cd084941338484aae1ad9425b84077c.png', 'sub_url': 'https://i0.hdslb.com/bfs/wbi/4932caff0ff746eab6f01bf08b70ac45.png'}, 'is_jury': False, 'name_render': None}}
2025-04-07 16:45:01,452 - INFO - 成功创建Netscape格式的cookies文件
2025-04-07 16:45:01,452 - INFO - 登录状态有效：取个好昵称真费劲
2025-04-07 16:45:01,453 - INFO - 开始获取用户 501695519 的收藏夹 3473636419
2025-04-07 16:45:02,195 - INFO - 共找到 6 个视频
2025-04-07 16:45:02,527 - INFO - 使用缓存的格式信息：BV1uD421T7bx
2025-04-07 16:45:02,527 - INFO - 使用缓存的格式信息：BV1AcNpegEt1
2025-04-07 16:45:02,528 - INFO - 使用缓存的格式信息：BV1tM411B7NA
2025-04-07 16:45:02,616 - INFO - 完成获取格式：视频 BV1uD421T7bx
2025-04-07 16:45:02,860 - INFO - 完成获取格式：视频 BV1AcNpegEt1
2025-04-07 16:45:02,895 - INFO - 完成获取格式：视频 BV1tM411B7NA
2025-04-07 16:45:02,895 - INFO - 格式信息获取进度: 3/6
2025-04-07 16:45:02,928 - INFO - 使用缓存的格式信息：BV1X341177zi
2025-04-07 16:45:02,928 - INFO - 使用缓存的格式信息：BV1pu4y1N7KM
2025-04-07 16:45:02,928 - INFO - 使用缓存的格式信息：BV11u4y1B71e
2025-04-07 16:45:03,031 - INFO - 完成获取格式：视频 BV1X341177zi
2025-04-07 16:45:03,105 - INFO - 完成获取格式：视频 BV1pu4y1N7KM
2025-04-07 16:45:03,164 - INFO - 完成获取格式：视频 BV11u4y1B71e
2025-04-07 16:45:03,183 - INFO - 格式信息获取进度: 6/6
2025-04-07 16:45:03,223 - INFO - 所有视频格式获取完成
