2025-04-07 16:56:22,049 - INFO - 开始登录...
2025-04-07 16:56:22,050 - INFO - 尝试刷新登录状态...
2025-04-07 16:56:22,313 - INFO - 登录刷新成功!
2025-04-07 16:56:22,313 - INFO - 登录成功!
2025-04-07 16:56:22,316 - INFO - 成功创建Netscape格式的cookies文件
2025-04-07 16:56:22,317 - DEBUG - 更新后的Cookie信息: {'SESSDATA': 'de21621a%2C1759568182%2C773f3f41CjCIvYrVPhrDrGYCQnw27r8Nrj6fV52ayB-Gfl0r0PkGcfjCIHuVwQoHtA6O2ZWFtJYSVm9hNTlMMFRETWFFQnp2eXhfQUdvN1d3NDltN0M1ZVJTRTJWcVhpNUg1UWNSZy1DbUtzRmRFay0zYkV3OUxfZGZ0V3RRS0NJRXY4ekNRUlFyd2hzRmFRIIEC', 'bili_jct': '32e57a99e3530a7264f75a1a5f4cbd3e', 'DedeUserID': '501695519', 'DedeUserID__ckMd5': '3584d425f96fc469', 'sid': 'had6fjcj'}
2025-04-07 16:56:22,325 - DEBUG - 开始验证登录状态...
2025-04-07 16:56:22,326 - DEBUG - 当前Cookie信息: {'SESSDATA': 'de21621a%2C1759568182%2C773f3f41CjCIvYrVPhrDrGYCQnw27r8Nrj6fV52ayB-Gfl0r0PkGcfjCIHuVwQoHtA6O2ZWFtJYSVm9hNTlMMFRETWFFQnp2eXhfQUdvN1d3NDltN0M1ZVJTRTJWcVhpNUg1UWNSZy1DbUtzRmRFay0zYkV3OUxfZGZ0V3RRS0NJRXY4ekNRUlFyd2hzRmFRIIEC', 'bili_jct': '32e57a99e3530a7264f75a1a5f4cbd3e', 'buvid3': ''}
2025-04-07 16:56:22,326 - DEBUG - 发送验证请求...
2025-04-07 16:56:22,558 - DEBUG - 验证响应: {'code': 0, 'message': '0', 'ttl': 1, 'data': {'isLogin': True, 'email_verified': 1, 'face': 'https://i2.hdslb.com/bfs/face/8d6df08d48ff886b6d2d52cc07b5e167fc472f96.jpg', 'face_nft': 0, 'face_nft_type': 0, 'level_info': {'current_level': 5, 'current_min': 10800, 'current_exp': 18144, 'next_exp': 28800}, 'mid': 501695519, 'mobile_verified': 1, 'money': 280.2, 'moral': 70, 'official': {'role': 0, 'title': '', 'desc': '', 'type': -1}, 'officialVerify': {'type': -1, 'desc': ''}, 'pendant': {'pid': 0, 'name': '', 'image': '', 'expire': 0, 'image_enhance': '', 'image_enhance_frame': '', 'n_pid': 0}, 'scores': 0, 'uname': '取个好昵称真费劲', 'vipDueDate': 0, 'vipStatus': 0, 'vipType': 0, 'vip_pay_type': 0, 'vip_theme_type': 0, 'vip_label': {'path': '', 'text': '', 'label_theme': '', 'text_color': '', 'bg_style': 0, 'bg_color': '', 'border_color': '', 'use_img_label': True, 'img_label_uri_hans': '', 'img_label_uri_hant': '', 'img_label_uri_hans_static': 'https://i0.hdslb.com/bfs/vip/d7b702ef65a976b20ed854cbd04cb9e27341bb79.png', 'img_label_uri_hant_static': 'https://i0.hdslb.com/bfs/activity-plat/static/20220614/e369244d0b14644f5e1a06431e22a4d5/KJunwh19T5.png'}, 'vip_avatar_subscript': 0, 'vip_nickname_color': '', 'vip': {'type': 0, 'status': 0, 'due_date': 0, 'vip_pay_type': 0, 'theme_type': 0, 'label': {'path': '', 'text': '', 'label_theme': '', 'text_color': '', 'bg_style': 0, 'bg_color': '', 'border_color': '', 'use_img_label': True, 'img_label_uri_hans': '', 'img_label_uri_hant': '', 'img_label_uri_hans_static': 'https://i0.hdslb.com/bfs/vip/d7b702ef65a976b20ed854cbd04cb9e27341bb79.png', 'img_label_uri_hant_static': 'https://i0.hdslb.com/bfs/activity-plat/static/20220614/e369244d0b14644f5e1a06431e22a4d5/KJunwh19T5.png'}, 'avatar_subscript': 0, 'nickname_color': '', 'role': 0, 'avatar_subscript_url': '', 'tv_vip_status': 0, 'tv_vip_pay_type': 0, 'tv_due_date': 0, 'avatar_icon': {'icon_resource': {}}}, 'wallet': {'mid': 501695519, 'bcoin_balance': 0, 'coupon_balance': 0, 'coupon_due_time': 0}, 'has_shop': False, 'shop_url': '', 'answer_status': 0, 'is_senior_member': 0, 'wbi_img': {'img_url': 'https://i0.hdslb.com/bfs/wbi/7cd084941338484aae1ad9425b84077c.png', 'sub_url': 'https://i0.hdslb.com/bfs/wbi/4932caff0ff746eab6f01bf08b70ac45.png'}, 'is_jury': False, 'name_render': None}}
2025-04-07 16:56:22,560 - INFO - 成功创建Netscape格式的cookies文件
2025-04-07 16:56:22,756 - INFO - 登录状态有效：取个好昵称真费劲
2025-04-07 16:56:24,350 - DEBUG - 开始验证登录状态...
2025-04-07 16:56:24,351 - DEBUG - 当前Cookie信息: {'SESSDATA': 'de21621a%2C1759568182%2C773f3f41CjCIvYrVPhrDrGYCQnw27r8Nrj6fV52ayB-Gfl0r0PkGcfjCIHuVwQoHtA6O2ZWFtJYSVm9hNTlMMFRETWFFQnp2eXhfQUdvN1d3NDltN0M1ZVJTRTJWcVhpNUg1UWNSZy1DbUtzRmRFay0zYkV3OUxfZGZ0V3RRS0NJRXY4ekNRUlFyd2hzRmFRIIEC', 'bili_jct': '32e57a99e3530a7264f75a1a5f4cbd3e', 'buvid3': ''}
2025-04-07 16:56:24,351 - DEBUG - 发送验证请求...
2025-04-07 16:56:24,579 - DEBUG - 验证响应: {'code': 0, 'message': '0', 'ttl': 1, 'data': {'isLogin': True, 'email_verified': 1, 'face': 'https://i2.hdslb.com/bfs/face/8d6df08d48ff886b6d2d52cc07b5e167fc472f96.jpg', 'face_nft': 0, 'face_nft_type': 0, 'level_info': {'current_level': 5, 'current_min': 10800, 'current_exp': 18144, 'next_exp': 28800}, 'mid': 501695519, 'mobile_verified': 1, 'money': 280.2, 'moral': 70, 'official': {'role': 0, 'title': '', 'desc': '', 'type': -1}, 'officialVerify': {'type': -1, 'desc': ''}, 'pendant': {'pid': 0, 'name': '', 'image': '', 'expire': 0, 'image_enhance': '', 'image_enhance_frame': '', 'n_pid': 0}, 'scores': 0, 'uname': '取个好昵称真费劲', 'vipDueDate': 0, 'vipStatus': 0, 'vipType': 0, 'vip_pay_type': 0, 'vip_theme_type': 0, 'vip_label': {'path': '', 'text': '', 'label_theme': '', 'text_color': '', 'bg_style': 0, 'bg_color': '', 'border_color': '', 'use_img_label': True, 'img_label_uri_hans': '', 'img_label_uri_hant': '', 'img_label_uri_hans_static': 'https://i0.hdslb.com/bfs/vip/d7b702ef65a976b20ed854cbd04cb9e27341bb79.png', 'img_label_uri_hant_static': 'https://i0.hdslb.com/bfs/activity-plat/static/20220614/e369244d0b14644f5e1a06431e22a4d5/KJunwh19T5.png'}, 'vip_avatar_subscript': 0, 'vip_nickname_color': '', 'vip': {'type': 0, 'status': 0, 'due_date': 0, 'vip_pay_type': 0, 'theme_type': 0, 'label': {'path': '', 'text': '', 'label_theme': '', 'text_color': '', 'bg_style': 0, 'bg_color': '', 'border_color': '', 'use_img_label': True, 'img_label_uri_hans': '', 'img_label_uri_hant': '', 'img_label_uri_hans_static': 'https://i0.hdslb.com/bfs/vip/d7b702ef65a976b20ed854cbd04cb9e27341bb79.png', 'img_label_uri_hant_static': 'https://i0.hdslb.com/bfs/activity-plat/static/20220614/e369244d0b14644f5e1a06431e22a4d5/KJunwh19T5.png'}, 'avatar_subscript': 0, 'nickname_color': '', 'role': 0, 'avatar_subscript_url': '', 'tv_vip_status': 0, 'tv_vip_pay_type': 0, 'tv_due_date': 0, 'avatar_icon': {'icon_resource': {}}}, 'wallet': {'mid': 501695519, 'bcoin_balance': 0, 'coupon_balance': 0, 'coupon_due_time': 0}, 'has_shop': False, 'shop_url': '', 'answer_status': 0, 'is_senior_member': 0, 'wbi_img': {'img_url': 'https://i0.hdslb.com/bfs/wbi/7cd084941338484aae1ad9425b84077c.png', 'sub_url': 'https://i0.hdslb.com/bfs/wbi/4932caff0ff746eab6f01bf08b70ac45.png'}, 'is_jury': False, 'name_render': None}}
2025-04-07 16:56:24,580 - INFO - 成功创建Netscape格式的cookies文件
2025-04-07 16:56:24,581 - INFO - 登录状态有效：取个好昵称真费劲
2025-04-07 16:56:24,581 - INFO - 开始获取用户 501695519 的收藏夹 3473636419
2025-04-07 16:56:25,296 - INFO - 共找到 6 个视频
2025-04-07 16:56:25,367 - INFO - 使用缓存的格式信息：BV1uD421T7bx
2025-04-07 16:56:25,368 - INFO - 使用缓存的格式信息：BV1AcNpegEt1
2025-04-07 16:56:25,368 - INFO - 使用缓存的格式信息：BV1tM411B7NA
2025-04-07 16:56:25,723 - INFO - 完成获取格式：视频 BV1uD421T7bx
2025-04-07 16:56:25,950 - INFO - 完成获取格式：视频 BV1AcNpegEt1
2025-04-07 16:56:25,983 - INFO - 完成获取格式：视频 BV1tM411B7NA
2025-04-07 16:56:26,001 - INFO - 格式信息获取进度: 3/6
2025-04-07 16:56:26,034 - INFO - 使用缓存的格式信息：BV1X341177zi
2025-04-07 16:56:26,034 - INFO - 使用缓存的格式信息：BV1pu4y1N7KM
2025-04-07 16:56:26,034 - INFO - 使用缓存的格式信息：BV11u4y1B71e
2025-04-07 16:56:26,105 - INFO - 完成获取格式：视频 BV1X341177zi
2025-04-07 16:56:26,220 - INFO - 完成获取格式：视频 BV1pu4y1N7KM
2025-04-07 16:56:26,260 - INFO - 完成获取格式：视频 BV11u4y1B71e
2025-04-07 16:56:26,278 - INFO - 格式信息获取进度: 6/6
2025-04-07 16:56:26,318 - INFO - 所有视频格式获取完成
2025-04-07 16:56:29,614 - INFO - 为视频 不眠之夜，但全程一个调 选择格式：高清 1080P avc1.640032 (dash-flv-AVC) (代码: dash-flv-AVC)
2025-04-07 16:56:29,614 - INFO - 为视频 你 从 丹 东 来 ，想 吃 广 东 菜！🖐😭🤚 选择格式：高清 1080P avc1.640032 (dash-flv-AVC) (代码: dash-flv-AVC)
2025-04-07 16:56:29,615 - INFO - 为视频 《原神》角色演示-「珐露珊：百岁珊」 选择格式：高清 1080P avc1.640032 (dash-flv-AVC) (代码: dash-flv-AVC)
2025-04-07 16:56:29,615 - INFO - 为视频 《原神》角色演示-「八 重 蔡 子」 选择格式：高清 1080P avc1.640032 (dash-flv-AVC) (代码: dash-flv-AVC)
2025-04-07 16:56:29,615 - INFO - 为视频 《原神》角色演示-「芙宁娜：全程跑调」 选择格式：高清 1080P avc1.640033 (dash-flv-AVC) (代码: dash-flv-AVC)
2025-04-07 16:56:29,615 - INFO - 为视频 【星穹铁道】卡芙卡PV——「戏剧性漏气」 选择格式：高清 1080P avc1.640032 (dash-flv-AVC) (代码: dash-flv-AVC)
2025-04-07 16:56:31,544 - INFO - 弹幕下载状态: 禁用
2025-04-07 16:56:31,545 - INFO - 跳过下载视频 不眠之夜，但全程一个调 的弹幕
2025-04-07 16:56:31,555 - INFO - 弹幕下载状态: 禁用
2025-04-07 16:56:31,555 - DEBUG - 下载命令: "you-get" --format=dash-flv-AVC -o "D:/System/Desktop" -c "cookies.txt" --no-caption "https://www.bilibili.com/video/BV1uD421T7bx"
2025-04-07 16:56:31,567 - INFO - 跳过下载视频 你 从 丹 东 来 ，想 吃 广 东 菜！🖐😭🤚 的弹幕
2025-04-07 16:56:31,575 - INFO - 弹幕下载状态: 禁用
2025-04-07 16:56:31,587 - DEBUG - 下载命令: "you-get" --format=dash-flv-AVC -o "D:/System/Desktop" -c "cookies.txt" --no-caption "https://www.bilibili.com/video/BV1AcNpegEt1"
2025-04-07 16:56:31,599 - INFO - 跳过下载视频 《原神》角色演示-「珐露珊：百岁珊」 的弹幕
2025-04-07 16:56:31,621 - DEBUG - 下载命令: "you-get" --format=dash-flv-AVC -o "D:/System/Desktop" -c "cookies.txt" --no-caption "https://www.bilibili.com/video/BV1tM411B7NA"
2025-04-07 16:56:45,214 - DEBUG - you-get输出: site:                Bilibili
2025-04-07 16:56:45,215 - DEBUG - you-get输出: title:               你 从 丹 东 来 ，想 吃 广 东 菜！🖐😭🤚
2025-04-07 16:56:45,230 - DEBUG - you-get输出: stream:
2025-04-07 16:56:45,242 - DEBUG - you-get输出: - format:        dash-flv-AVC
2025-04-07 16:56:45,256 - DEBUG - you-get输出: container:     mp4
2025-04-07 16:56:45,268 - DEBUG - you-get输出: quality:       高清 1080P avc1.640032
2025-04-07 16:56:45,282 - DEBUG - you-get输出: size:          20.9 MiB (21958102 bytes)
2025-04-07 16:56:45,291 - DEBUG - you-get输出: # download-with: you-get --format=dash-flv-AVC [URL]
2025-04-07 16:56:45,303 - DEBUG - you-get输出: Downloading 你 从 丹 东 来 ，想 吃 广 东 菜！🖐😭🤚.mp4 ...
2025-04-07 16:56:45,799 - DEBUG - you-get输出: 0.0% (  0.0/ 20.9MB) ├────────────────────────────────────────┤[1/2]
2025-04-07 16:56:45,847 - DEBUG - you-get输出: 1.2% (  0.2/ 20.9MB) ├█───────────────────────────────────────┤[1/2]  438 kB/s
2025-04-07 16:56:45,879 - DEBUG - you-get输出: 2.4% (  0.5/ 20.9MB) ├█───────────────────────────────────────┤[1/2]    5 MB/s
2025-04-07 16:56:45,897 - DEBUG - you-get输出: 3.6% (  0.8/ 20.9MB) ├██──────────────────────────────────────┤[1/2]    8 MB/s
2025-04-07 16:56:45,971 - DEBUG - you-get输出: 4.8% (  1.0/ 20.9MB) ├██──────────────────────────────────────┤[1/2]   13 MB/s
2025-04-07 16:56:45,971 - DEBUG - you-get输出: 6.0% (  1.2/ 20.9MB) ├███─────────────────────────────────────┤[1/2]   14 MB/s
2025-04-07 16:56:45,984 - DEBUG - you-get输出: 7.2% (  1.5/ 20.9MB) ├███─────────────────────────────────────┤[1/2]    9 MB/s
2025-04-07 16:56:45,998 - DEBUG - you-get输出: 8.4% (  1.8/ 20.9MB) ├████────────────────────────────────────┤[1/2]   19 MB/s
2025-04-07 16:56:46,082 - DEBUG - you-get输出: 9.6% (  2.0/ 20.9MB) ├████────────────────────────────────────┤[1/2]    9 MB/s
2025-04-07 16:56:46,083 - DEBUG - you-get输出: 10.7% (  2.2/ 20.9MB) ├█████───────────────────────────────────┤[1/2]   16 MB/s
2025-04-07 16:56:46,098 - DEBUG - you-get输出: 11.9% (  2.5/ 20.9MB) ├█████───────────────────────────────────┤[1/2]   12 MB/s
2025-04-07 16:56:46,183 - DEBUG - you-get输出: 13.1% (  2.8/ 20.9MB) ├██████──────────────────────────────────┤[1/2]   10 MB/s
2025-04-07 16:56:46,183 - DEBUG - you-get输出: 14.3% (  3.0/ 20.9MB) ├██████──────────────────────────────────┤[1/2]   35 MB/s
2025-04-07 16:56:46,200 - DEBUG - you-get输出: 15.5% (  3.2/ 20.9MB) ├███████─────────────────────────────────┤[1/2]    9 MB/s
2025-04-07 16:56:46,288 - DEBUG - you-get输出: 16.7% (  3.5/ 20.9MB) ├███████─────────────────────────────────┤[1/2]    9 MB/s
2025-04-07 16:56:46,288 - DEBUG - you-get输出: 17.9% (  3.8/ 20.9MB) ├███████─────────────────────────────────┤[1/2]   26 MB/s
2025-04-07 16:56:46,307 - DEBUG - you-get输出: 19.1% (  4.0/ 20.9MB) ├████████────────────────────────────────┤[1/2]   15 MB/s
2025-04-07 16:56:46,397 - DEBUG - you-get输出: 20.3% (  4.2/ 20.9MB) ├█████████───────────────────────────────┤[1/2]    8 MB/s
2025-04-07 16:56:46,398 - DEBUG - you-get输出: 21.5% (  4.5/ 20.9MB) ├█████████───────────────────────────────┤[1/2]   56 MB/s
2025-04-07 16:56:46,417 - DEBUG - you-get输出: 22.7% (  4.8/ 20.9MB) ├█████████───────────────────────────────┤[1/2]   13 MB/s
2025-04-07 16:56:46,506 - DEBUG - you-get输出: 23.9% (  5.0/ 20.9MB) ├██████████──────────────────────────────┤[1/2]    9 MB/s
2025-04-07 16:56:46,507 - DEBUG - you-get输出: 25.1% (  5.2/ 20.9MB) ├███████████─────────────────────────────┤[1/2]   18 MB/s
2025-04-07 16:56:46,524 - DEBUG - you-get输出: 26.3% (  5.5/ 20.9MB) ├███████████─────────────────────────────┤[1/2]   16 MB/s
2025-04-07 16:56:46,640 - DEBUG - you-get输出: 27.5% (  5.8/ 20.9MB) ├███████████─────────────────────────────┤[1/2]   30 MB/s
2025-04-07 16:56:46,640 - DEBUG - you-get输出: 28.7% (  6.0/ 20.9MB) ├████████████────────────────────────────┤[1/2]    7 MB/s
2025-04-07 16:56:46,735 - DEBUG - you-get输出: 29.8% (  6.2/ 20.9MB) ├████████████────────────────────────────┤[1/2]   12 MB/s
2025-04-07 16:56:46,736 - DEBUG - you-get输出: 31.0% (  6.5/ 20.9MB) ├█████████████───────────────────────────┤[1/2]    8 MB/s
2025-04-07 16:56:46,754 - DEBUG - you-get输出: 32.2% (  6.8/ 20.9MB) ├█████████████───────────────────────────┤[1/2]   37 MB/s
2025-04-07 16:56:46,846 - DEBUG - you-get输出: 33.4% (  7.0/ 20.9MB) ├██████████████──────────────────────────┤[1/2]   14 MB/s
2025-04-07 16:56:46,846 - DEBUG - you-get输出: 34.6% (  7.2/ 20.9MB) ├██████████████──────────────────────────┤[1/2]   17 MB/s
2025-04-07 16:56:46,864 - DEBUG - you-get输出: 35.8% (  7.5/ 20.9MB) ├███████████████─────────────────────────┤[1/2]    9 MB/s
2025-04-07 16:56:46,971 - DEBUG - you-get输出: 37.0% (  7.8/ 20.9MB) ├███████████████─────────────────────────┤[1/2]   16 MB/s
2025-04-07 16:56:46,972 - DEBUG - you-get输出: 38.2% (  8.0/ 20.9MB) ├████████████████────────────────────────┤[1/2]   17 MB/s
2025-04-07 16:56:47,069 - DEBUG - you-get输出: 39.4% (  8.2/ 20.9MB) ├████████████████────────────────────────┤[1/2]   13 MB/s
2025-04-07 16:56:47,069 - DEBUG - you-get输出: 40.6% (  8.5/ 20.9MB) ├█████████████████───────────────────────┤[1/2]   13 MB/s
2025-04-07 16:56:47,087 - DEBUG - you-get输出: 41.8% (  8.8/ 20.9MB) ├█████████████████───────────────────────┤[1/2]   19 MB/s
2025-04-07 16:56:47,195 - DEBUG - you-get输出: 43.0% (  9.0/ 20.9MB) ├██████████████████──────────────────────┤[1/2]   13 MB/s
2025-04-07 16:56:47,195 - DEBUG - you-get输出: 44.2% (  9.2/ 20.9MB) ├██████████████████──────────────────────┤[1/2]   13 MB/s
2025-04-07 16:56:47,282 - DEBUG - you-get输出: 45.4% (  9.5/ 20.9MB) ├███████████████████─────────────────────┤[1/2]   13 MB/s
2025-04-07 16:56:47,283 - DEBUG - you-get输出: 46.6% (  9.8/ 20.9MB) ├███████████████████─────────────────────┤[1/2]    8 MB/s
2025-04-07 16:56:47,301 - DEBUG - you-get输出: 47.8% ( 10.0/ 20.9MB) ├███████████████████─────────────────────┤[1/2]   14 MB/s
2025-04-07 16:56:47,386 - DEBUG - you-get输出: 48.9% ( 10.2/ 20.9MB) ├████████████████████────────────────────┤[1/2]   39 MB/s
2025-04-07 16:56:47,387 - DEBUG - you-get输出: 50.1% ( 10.5/ 20.9MB) ├█████████████████████───────────────────┤[1/2]    8 MB/s
2025-04-07 16:56:47,404 - DEBUG - you-get输出: 51.3% ( 10.8/ 20.9MB) ├█████████████████████───────────────────┤[1/2]   35 MB/s
2025-04-07 16:56:47,499 - DEBUG - you-get输出: 52.5% ( 11.0/ 20.9MB) ├█████████████████████───────────────────┤[1/2]   13 MB/s
2025-04-07 16:56:47,500 - DEBUG - you-get输出: 53.7% ( 11.2/ 20.9MB) ├██████████████████████──────────────────┤[1/2]    7 MB/s
2025-04-07 16:56:47,518 - DEBUG - you-get输出: 54.9% ( 11.5/ 20.9MB) ├██████████████████████──────────────────┤[1/2]   21 MB/s
2025-04-07 16:56:47,609 - DEBUG - you-get输出: 56.1% ( 11.8/ 20.9MB) ├███████████████████████─────────────────┤[1/2]   28 MB/s
2025-04-07 16:56:47,609 - DEBUG - you-get输出: 57.3% ( 12.0/ 20.9MB) ├███████████████████████─────────────────┤[1/2]    9 MB/s
2025-04-07 16:56:47,627 - DEBUG - you-get输出: 58.5% ( 12.2/ 20.9MB) ├████████████████████████────────────────┤[1/2]    8 MB/s
2025-04-07 16:56:47,718 - DEBUG - you-get输出: 59.7% ( 12.5/ 20.9MB) ├████████████████████████────────────────┤[1/2]   14 MB/s
2025-04-07 16:56:47,719 - DEBUG - you-get输出: 60.9% ( 12.8/ 20.9MB) ├█████████████████████████───────────────┤[1/2]   34 MB/s
2025-04-07 16:56:47,737 - DEBUG - you-get输出: 62.1% ( 13.0/ 20.9MB) ├█████████████████████████───────────────┤[1/2]   28 MB/s
2025-04-07 16:56:47,827 - DEBUG - you-get输出: 63.3% ( 13.2/ 20.9MB) ├██████████████████████████──────────────┤[1/2]    7 MB/s
2025-04-07 16:56:47,828 - DEBUG - you-get输出: 64.5% ( 13.5/ 20.9MB) ├██████████████████████████──────────────┤[1/2]   11 MB/s
2025-04-07 16:56:47,845 - DEBUG - you-get输出: 65.7% ( 13.8/ 20.9MB) ├███████████████████████████─────────────┤[1/2]   33 MB/s
2025-04-07 16:56:47,935 - DEBUG - you-get输出: 66.9% ( 14.0/ 20.9MB) ├███████████████████████████─────────────┤[1/2]   36 MB/s
2025-04-07 16:56:47,936 - DEBUG - you-get输出: 68.0% ( 14.2/ 20.9MB) ├████████████████████████████────────────┤[1/2]    9 MB/s
2025-04-07 16:56:47,953 - DEBUG - you-get输出: 69.2% ( 14.5/ 20.9MB) ├████████████████████████████────────────┤[1/2]   10 MB/s
2025-04-07 16:56:48,044 - INFO - 视频 你 从 丹 东 来 ，想 吃 广 东 菜！🖐😭🤚 下载完成
2025-04-07 16:56:48,148 - INFO - 弹幕下载状态: 禁用
2025-04-07 16:56:48,148 - INFO - 跳过下载视频 《原神》角色演示-「八 重 蔡 子」 的弹幕
2025-04-07 16:56:48,164 - DEBUG - 下载命令: "you-get" --format=dash-flv-AVC -o "D:/System/Desktop" -c "cookies.txt" --no-caption "https://www.bilibili.com/video/BV1X341177zi"
2025-04-07 16:56:58,548 - DEBUG - you-get输出: site:                Bilibili
2025-04-07 16:56:58,549 - DEBUG - you-get输出: title:               《原神》角色演示-「珐露珊：百岁珊」 (P1. 《原神》角色演示-「珐露珊：百岁珊」)
2025-04-07 16:56:58,563 - DEBUG - you-get输出: stream:
2025-04-07 16:56:58,578 - DEBUG - you-get输出: - format:        dash-flv-AVC
2025-04-07 16:56:58,593 - DEBUG - you-get输出: container:     mp4
2025-04-07 16:56:58,605 - DEBUG - you-get输出: quality:       高清 1080P avc1.640032
2025-04-07 16:56:58,618 - DEBUG - you-get输出: size:          21.3 MiB (22331947 bytes)
2025-04-07 16:56:58,628 - DEBUG - you-get输出: # download-with: you-get --format=dash-flv-AVC [URL]
2025-04-07 16:56:58,641 - DEBUG - you-get输出: Downloading 《原神》角色演示-「珐露珊：百岁珊」 (P1. 《原神》角色演示-「珐露珊：百岁珊」).mp4 ...
2025-04-07 16:56:59,062 - DEBUG - you-get输出: 0.0% (  0.0/ 21.3MB) ├────────────────────────────────────────┤[1/2]
2025-04-07 16:56:59,108 - DEBUG - you-get输出: 1.2% (  0.2/ 21.3MB) ├█───────────────────────────────────────┤[1/2]  499 kB/s
2025-04-07 16:56:59,139 - DEBUG - you-get输出: 2.3% (  0.5/ 21.3MB) ├█───────────────────────────────────────┤[1/2]    5 MB/s
2025-04-07 16:56:59,160 - DEBUG - you-get输出: 3.5% (  0.8/ 21.3MB) ├██──────────────────────────────────────┤[1/2]    8 MB/s
2025-04-07 16:56:59,194 - DEBUG - you-get输出: 4.7% (  1.0/ 21.3MB) ├██──────────────────────────────────────┤[1/2]   12 MB/s
2025-04-07 16:56:59,228 - DEBUG - you-get输出: 5.9% (  1.2/ 21.3MB) ├███─────────────────────────────────────┤[1/2]    7 MB/s
2025-04-07 16:56:59,244 - DEBUG - you-get输出: 7.0% (  1.5/ 21.3MB) ├███─────────────────────────────────────┤[1/2]    9 MB/s
2025-04-07 16:56:59,268 - DEBUG - you-get输出: 8.2% (  1.8/ 21.3MB) ├████────────────────────────────────────┤[1/2]   11 MB/s
2025-04-07 16:56:59,288 - DEBUG - you-get输出: 9.4% (  2.0/ 21.3MB) ├████────────────────────────────────────┤[1/2]   10 MB/s
2025-04-07 16:56:59,303 - DEBUG - you-get输出: site:                Bilibili
2025-04-07 16:56:59,303 - DEBUG - you-get输出: title:               不眠之夜，但全程一个调
2025-04-07 16:56:59,316 - DEBUG - you-get输出: stream:
2025-04-07 16:56:59,322 - DEBUG - you-get输出: 10.6% (  2.2/ 21.3MB) ├█████───────────────────────────────────┤[1/2]   13 MB/s
2025-04-07 16:56:59,331 - DEBUG - you-get输出: - format:        dash-flv-AVC
2025-04-07 16:56:59,358 - DEBUG - you-get输出: container:     mp4
2025-04-07 16:56:59,372 - DEBUG - you-get输出: quality:       高清 1080P avc1.640032
2025-04-07 16:56:59,385 - DEBUG - you-get输出: size:          28.3 MiB (29635259 bytes)
2025-04-07 16:56:59,397 - DEBUG - you-get输出: # download-with: you-get --format=dash-flv-AVC [URL]
2025-04-07 16:56:59,408 - DEBUG - you-get输出: Downloading 不眠之夜，但全程一个调.mp4 ...
2025-04-07 16:56:59,450 - DEBUG - you-get输出: 11.7% (  2.5/ 21.3MB) ├█████───────────────────────────────────┤[1/2]    7 MB/s
2025-04-07 16:56:59,484 - DEBUG - you-get输出: 12.9% (  2.8/ 21.3MB) ├█████───────────────────────────────────┤[1/2]   21 MB/s
2025-04-07 16:56:59,485 - DEBUG - you-get输出: 14.1% (  3.0/ 21.3MB) ├██████──────────────────────────────────┤[1/2]    6 MB/s
2025-04-07 16:56:59,497 - DEBUG - you-get输出: 15.3% (  3.2/ 21.3MB) ├███████─────────────────────────────────┤[1/2]    9 MB/s
2025-04-07 16:56:59,511 - DEBUG - you-get输出: 16.4% (  3.5/ 21.3MB) ├███████─────────────────────────────────┤[1/2]   15 MB/s
2025-04-07 16:56:59,524 - DEBUG - you-get输出: 17.6% (  3.8/ 21.3MB) ├███████─────────────────────────────────┤[1/2]    7 MB/s
2025-04-07 16:56:59,539 - DEBUG - you-get输出: 18.8% (  4.0/ 21.3MB) ├████████────────────────────────────────┤[1/2]    8 MB/s
2025-04-07 16:56:59,589 - DEBUG - you-get输出: 20.0% (  4.2/ 21.3MB) ├█████████───────────────────────────────┤[1/2]   15 MB/s
2025-04-07 16:56:59,590 - DEBUG - you-get输出: 21.1% (  4.5/ 21.3MB) ├█████████───────────────────────────────┤[1/2]    9 MB/s
2025-04-07 16:56:59,605 - DEBUG - you-get输出: 22.3% (  4.8/ 21.3MB) ├█████████───────────────────────────────┤[1/2]   15 MB/s
2025-04-07 16:56:59,620 - DEBUG - you-get输出: 23.5% (  5.0/ 21.3MB) ├██████████──────────────────────────────┤[1/2]   10 MB/s
2025-04-07 16:56:59,636 - DEBUG - you-get输出: 24.7% (  5.2/ 21.3MB) ├██████████──────────────────────────────┤[1/2]    9 MB/s
2025-04-07 16:56:59,652 - DEBUG - you-get输出: 25.8% (  5.5/ 21.3MB) ├███████████─────────────────────────────┤[1/2]    9 MB/s
2025-04-07 16:56:59,676 - DEBUG - you-get输出: 0.0% (  0.0/ 28.3MB) ├────────────────────────────────────────┤[1/2]
2025-04-07 16:57:00,188 - INFO - 暂停下载：《原神》角色演示-「珐露珊：百岁珊」
2025-04-07 16:57:00,227 - DEBUG - you-get输出: 0.9% (  0.2/ 28.3MB) ├────────────────────────────────────────┤[1/2]  686 kB/s
2025-04-07 16:57:00,227 - DEBUG - you-get输出: 27.0% (  5.8/ 21.3MB) ├███████████─────────────────────────────┤[1/2]    8 MB/s
2025-04-07 16:57:00,302 - DEBUG - you-get输出: 28.2% (  6.0/ 21.3MB) ├████████████────────────────────────────┤[1/2]    7 MB/s
2025-04-07 16:57:00,302 - DEBUG - you-get输出: 1.8% (  0.5/ 28.3MB) ├█───────────────────────────────────────┤[1/2]    7 MB/s
2025-04-07 16:57:00,303 - DEBUG - you-get输出: 29.3% (  6.2/ 21.3MB) ├████████████────────────────────────────┤[1/2]   12 MB/s
2025-04-07 16:57:00,321 - DEBUG - you-get输出: 2.7% (  0.8/ 28.3MB) ├█───────────────────────────────────────┤[1/2]    7 MB/s
2025-04-07 16:57:00,338 - DEBUG - you-get输出: 30.5% (  6.5/ 21.3MB) ├█████████████───────────────────────────┤[1/2]   10 MB/s
2025-04-07 16:57:00,428 - DEBUG - you-get输出: 31.7% (  6.8/ 21.3MB) ├█████████████───────────────────────────┤[1/2]   10 MB/s
2025-04-07 16:57:00,428 - DEBUG - you-get输出: 3.5% (  1.0/ 28.3MB) ├██──────────────────────────────────────┤[1/2]   10 MB/s
2025-04-07 16:57:00,428 - DEBUG - you-get输出: 32.9% (  7.0/ 21.3MB) ├█████████████───────────────────────────┤[1/2]   10 MB/s
2025-04-07 16:57:00,448 - DEBUG - you-get输出: 4.4% (  1.2/ 28.3MB) ├██──────────────────────────────────────┤[1/2]   17 MB/s
2025-04-07 16:57:00,466 - DEBUG - you-get输出: 34.0% (  7.2/ 21.3MB) ├██████████████──────────────────────────┤[1/2]    9 MB/s
2025-04-07 16:57:00,543 - DEBUG - you-get输出: 35.2% (  7.5/ 21.3MB) ├███████████████─────────────────────────┤[1/2]    7 MB/s
2025-04-07 16:57:00,544 - DEBUG - you-get输出: 5.3% (  1.5/ 28.3MB) ├███─────────────────────────────────────┤[1/2]   11 MB/s
2025-04-07 16:57:00,544 - DEBUG - you-get输出: 36.4% (  7.8/ 21.3MB) ├███████████████─────────────────────────┤[1/2]    8 MB/s
2025-04-07 16:57:00,563 - DEBUG - you-get输出: 6.2% (  1.8/ 28.3MB) ├███─────────────────────────────────────┤[1/2]   13 MB/s
2025-04-07 16:57:00,581 - DEBUG - you-get输出: 37.6% (  8.0/ 21.3MB) ├███████████████─────────────────────────┤[1/2]    6 MB/s
2025-04-07 16:57:00,656 - DEBUG - you-get输出: 38.7% (  8.2/ 21.3MB) ├████████████████────────────────────────┤[1/2]   10 MB/s
2025-04-07 16:57:00,657 - DEBUG - you-get输出: 39.9% (  8.5/ 21.3MB) ├████████████████────────────────────────┤[1/2]    8 MB/s
2025-04-07 16:57:00,676 - DEBUG - you-get输出: 41.1% (  8.8/ 21.3MB) ├█████████████████───────────────────────┤[1/2]   11 MB/s
2025-04-07 16:57:00,695 - DEBUG - you-get输出: 42.3% (  9.0/ 21.3MB) ├█████████████████───────────────────────┤[1/2]   10 MB/s
2025-04-07 16:57:00,713 - DEBUG - you-get输出: 43.4% (  9.2/ 21.3MB) ├██████████████████──────────────────────┤[1/2]    8 MB/s
2025-04-07 16:57:00,774 - DEBUG - you-get输出: 44.6% (  9.5/ 21.3MB) ├██████████████████──────────────────────┤[1/2]    9 MB/s
2025-04-07 16:57:00,774 - DEBUG - you-get输出: 7.1% (  2.0/ 28.3MB) ├███─────────────────────────────────────┤[1/2]   14 MB/s
2025-04-07 16:57:00,775 - DEBUG - you-get输出: 45.8% (  9.8/ 21.3MB) ├███████████████████─────────────────────┤[1/2]   12 MB/s
2025-04-07 16:57:00,813 - DEBUG - you-get输出: 47.0% ( 10.0/ 21.3MB) ├███████████████████─────────────────────┤[1/2]    3 MB/s
2025-04-07 16:57:00,832 - DEBUG - you-get输出: 48.1% ( 10.2/ 21.3MB) ├████████████████████────────────────────┤[1/2]    9 MB/s
2025-04-07 16:57:00,888 - DEBUG - you-get输出: 49.3% ( 10.5/ 21.3MB) ├████████████████████────────────────────┤[1/2]    9 MB/s
2025-04-07 16:57:00,888 - DEBUG - you-get输出: 8.0% (  2.2/ 28.3MB) ├████────────────────────────────────────┤[1/2]   13 MB/s
2025-04-07 16:57:00,888 - DEBUG - you-get输出: 50.5% ( 10.8/ 21.3MB) ├█████████████████████───────────────────┤[1/2]    6 MB/s
2025-04-07 16:57:00,925 - DEBUG - you-get输出: 51.6% ( 11.0/ 21.3MB) ├█████████████████████───────────────────┤[1/2]    8 MB/s
2025-04-07 16:57:00,943 - DEBUG - you-get输出: 52.8% ( 11.2/ 21.3MB) ├█████████████████████───────────────────┤[1/2]   13 MB/s
2025-04-07 16:57:00,996 - DEBUG - you-get输出: 54.0% ( 11.5/ 21.3MB) ├██████████████████████──────────────────┤[1/2]    6 MB/s
2025-04-07 16:57:00,996 - DEBUG - you-get输出: 8.8% (  2.5/ 28.3MB) ├████────────────────────────────────────┤[1/2]    9 MB/s
2025-04-07 16:57:00,997 - DEBUG - you-get输出: 55.2% ( 11.8/ 21.3MB) ├███████████████████████─────────────────┤[1/2]   10 MB/s
2025-04-07 16:57:01,033 - DEBUG - you-get输出: 56.3% ( 12.0/ 21.3MB) ├███████████████████████─────────────────┤[1/2]    5 MB/s
2025-04-07 16:57:01,052 - DEBUG - you-get输出: 57.5% ( 12.2/ 21.3MB) ├███████████████████████─────────────────┤[1/2]    8 MB/s
2025-04-07 16:57:01,121 - DEBUG - you-get输出: 58.7% ( 12.5/ 21.3MB) ├████████████████████████────────────────┤[1/2]   16 MB/s
2025-04-07 16:57:01,122 - DEBUG - you-get输出: 9.7% (  2.8/ 28.3MB) ├████────────────────────────────────────┤[1/2]   29 MB/s
2025-04-07 16:57:01,122 - DEBUG - you-get输出: 59.9% ( 12.8/ 21.3MB) ├████████████████████████────────────────┤[1/2]    5 MB/s
2025-04-07 16:57:01,157 - DEBUG - you-get输出: 61.0% ( 13.0/ 21.3MB) ├█████████████████████████───────────────┤[1/2]   31 MB/s
2025-04-07 16:57:01,226 - DEBUG - you-get输出: 62.2% ( 13.2/ 21.3MB) ├█████████████████████████───────────────┤[1/2]    6 MB/s
2025-04-07 16:57:01,226 - DEBUG - you-get输出: 10.6% (  3.0/ 28.3MB) ├█████───────────────────────────────────┤[1/2]    9 MB/s
2025-04-07 16:57:01,226 - DEBUG - you-get输出: 63.4% ( 13.5/ 21.3MB) ├██████████████████████████──────────────┤[1/2]   13 MB/s
2025-04-07 16:57:01,260 - DEBUG - you-get输出: 64.6% ( 13.8/ 21.3MB) ├██████████████████████████──────────────┤[1/2]    6 MB/s
2025-04-07 16:57:01,332 - DEBUG - you-get输出: 65.7% ( 14.0/ 21.3MB) ├███████████████████████████─────────────┤[1/2]    7 MB/s
2025-04-07 16:57:01,333 - DEBUG - you-get输出: 11.5% (  3.2/ 28.3MB) ├█████───────────────────────────────────┤[1/2]   21 MB/s
2025-04-07 16:57:01,333 - DEBUG - you-get输出: 66.9% ( 14.2/ 21.3MB) ├███████████████████████████─────────────┤[1/2]    8 MB/s
2025-04-07 16:57:01,367 - DEBUG - you-get输出: 68.1% ( 14.5/ 21.3MB) ├████████████████████████████────────────┤[1/2]    8 MB/s
2025-04-07 16:57:01,384 - DEBUG - you-get输出: 69.3% ( 14.8/ 21.3MB) ├████████████████████████████────────────┤[1/2]   21 MB/s
2025-04-07 16:57:01,453 - DEBUG - you-get输出: 70.4% ( 15.0/ 21.3MB) ├█████████████████████████████───────────┤[1/2]    7 MB/s
2025-04-07 16:57:01,454 - DEBUG - you-get输出: 12.4% (  3.5/ 28.3MB) ├█████───────────────────────────────────┤[1/2]    8 MB/s
2025-04-07 16:57:01,454 - DEBUG - you-get输出: 71.6% ( 15.2/ 21.3MB) ├█████████████████████████████───────────┤[1/2]   24 MB/s
2025-04-07 16:57:01,488 - DEBUG - you-get输出: 72.8% ( 15.5/ 21.3MB) ├█████████████████████████████───────────┤[1/2]    7 MB/s
2025-04-07 16:57:01,556 - DEBUG - you-get输出: 74.0% ( 15.8/ 21.3MB) ├██████████████████████████████──────────┤[1/2]    6 MB/s
2025-04-07 16:57:01,556 - DEBUG - you-get输出: 13.3% (  3.8/ 28.3MB) ├██████──────────────────────────────────┤[1/2]   29 MB/s
2025-04-07 16:57:01,556 - DEBUG - you-get输出: 75.1% ( 16.0/ 21.3MB) ├███████████████████████████████─────────┤[1/2]   16 MB/s
2025-04-07 16:57:01,590 - DEBUG - you-get输出: 76.3% ( 16.2/ 21.3MB) ├███████████████████████████████─────────┤[1/2]    5 MB/s
2025-04-07 16:57:01,643 - DEBUG - you-get输出: 77.5% ( 16.5/ 21.3MB) ├███████████████████████████████─────────┤[1/2]   37 MB/s
2025-04-07 16:57:01,643 - DEBUG - you-get输出: 14.2% (  4.0/ 28.3MB) ├██████──────────────────────────────────┤[1/2]    8 MB/s
2025-04-07 16:57:01,643 - DEBUG - you-get输出: 78.6% ( 16.8/ 21.3MB) ├████████████████████████████████────────┤[1/2]    6 MB/s
2025-04-07 16:57:01,661 - DEBUG - you-get输出: 15.0% (  4.2/ 28.3MB) ├███████─────────────────────────────────┤[1/2]   11 MB/s
2025-04-07 16:57:01,678 - DEBUG - you-get输出: 79.8% ( 17.0/ 21.3MB) ├████████████████████████████████────────┤[1/2]   11 MB/s
2025-04-07 16:57:01,752 - DEBUG - you-get输出: 81.0% ( 17.2/ 21.3MB) ├█████████████████████████████████───────┤[1/2]    9 MB/s
2025-04-07 16:57:01,752 - DEBUG - you-get输出: 15.9% (  4.5/ 28.3MB) ├███████─────────────────────────────────┤[1/2]   13 MB/s
2025-04-07 16:57:01,752 - DEBUG - you-get输出: 82.2% ( 17.5/ 21.3MB) ├█████████████████████████████████───────┤[1/2]   11 MB/s
2025-04-07 16:57:01,770 - DEBUG - you-get输出: 16.8% (  4.8/ 28.3MB) ├███████─────────────────────────────────┤[1/2]   10 MB/s
2025-04-07 16:57:01,790 - DEBUG - you-get输出: 83.3% ( 17.8/ 21.3MB) ├██████████████████████████████████──────┤[1/2]    8 MB/s
2025-04-07 16:57:01,865 - DEBUG - you-get输出: 84.5% ( 18.0/ 21.3MB) ├██████████████████████████████████──────┤[1/2]    6 MB/s
2025-04-07 16:57:01,866 - DEBUG - you-get输出: 17.7% (  5.0/ 28.3MB) ├███████─────────────────────────────────┤[1/2]   11 MB/s
2025-04-07 16:57:01,866 - DEBUG - you-get输出: 85.7% ( 18.2/ 21.3MB) ├███████████████████████████████████─────┤[1/2]   10 MB/s
2025-04-07 16:57:01,884 - DEBUG - you-get输出: 18.6% (  5.2/ 28.3MB) ├████████────────────────────────────────┤[1/2]   20 MB/s
2025-04-07 16:57:01,902 - DEBUG - you-get输出: 86.9% ( 18.5/ 21.3MB) ├███████████████████████████████████─────┤[1/2]    8 MB/s
2025-04-07 16:57:01,991 - DEBUG - you-get输出: 19.5% (  5.5/ 28.3MB) ├████████────────────────────────────────┤[1/2]   12 MB/s
2025-04-07 16:57:01,991 - DEBUG - you-get输出: 86.9% ( 18.5/ 21.3MB) ├███████████████████████████████████─────┤[1/2]    7 MB/s
2025-04-07 16:57:01,992 - DEBUG - you-get输出: 20.3% (  5.8/ 28.3MB) ├█████████───────────────────────────────┤[1/2]   15 MB/s
2025-04-07 16:57:02,010 - DEBUG - you-get输出: 88.0% ( 18.8/ 21.3MB) ├████████████████████████████████████────┤[2/2]  414 kB/s
2025-04-07 16:57:02,084 - DEBUG - you-get输出: 89.2% ( 19.0/ 21.3MB) ├████████████████████████████████████────┤[2/2]    5 MB/s
2025-04-07 16:57:02,084 - DEBUG - you-get输出: 21.2% (  6.0/ 28.3MB) ├█████████───────────────────────────────┤[1/2]   13 MB/s
2025-04-07 16:57:02,084 - DEBUG - you-get输出: 90.4% ( 19.3/ 21.3MB) ├█████████████████████████████████████───┤[2/2]    6 MB/s
2025-04-07 16:57:02,101 - DEBUG - you-get输出: 22.1% (  6.2/ 28.3MB) ├█████████───────────────────────────────┤[1/2]   17 MB/s
2025-04-07 16:57:02,119 - DEBUG - you-get输出: 91.6% ( 19.5/ 21.3MB) ├█████████████████████████████████████───┤[2/2]    5 MB/s
2025-04-07 16:57:02,192 - DEBUG - you-get输出: 92.7% ( 19.8/ 21.3MB) ├█████████████████████████████████████───┤[2/2]   17 MB/s
2025-04-07 16:57:02,192 - DEBUG - you-get输出: 23.0% (  6.5/ 28.3MB) ├██████████──────────────────────────────┤[1/2]   12 MB/s
2025-04-07 16:57:02,193 - DEBUG - you-get输出: 93.9% ( 20.0/ 21.3MB) ├██████████████████████████████████████──┤[2/2]    5 MB/s
2025-04-07 16:57:02,212 - DEBUG - you-get输出: 23.9% (  6.8/ 28.3MB) ├██████████──────────────────────────────┤[1/2]   12 MB/s
2025-04-07 16:57:02,234 - DEBUG - you-get输出: 95.1% ( 20.3/ 21.3MB) ├███████████████████████████████████████─┤[2/2]   11 MB/s
2025-04-07 16:57:02,762 - INFO - 暂停下载：不眠之夜，但全程一个调
2025-04-07 16:57:02,813 - INFO - 视频 《原神》角色演示-「珐露珊：百岁珊」 下载完成
2025-04-07 16:57:02,813 - DEBUG - you-get输出: 24.8% (  7.0/ 28.3MB) ├██████████──────────────────────────────┤[1/2]   16 MB/s
2025-04-07 16:57:02,898 - INFO - 弹幕下载状态: 禁用
2025-04-07 16:57:02,899 - INFO - 跳过下载视频 《原神》角色演示-「芙宁娜：全程跑调」 的弹幕
2025-04-07 16:57:02,913 - DEBUG - 下载命令: "you-get" --format=dash-flv-AVC -o "D:/System/Desktop" -c "cookies.txt" --no-caption "https://www.bilibili.com/video/BV1pu4y1N7KM"
2025-04-07 16:57:02,942 - DEBUG - you-get输出: 25.7% (  7.2/ 28.3MB) ├███████████─────────────────────────────┤[1/2]   14 MB/s
2025-04-07 16:57:02,974 - DEBUG - you-get输出: 26.5% (  7.5/ 28.3MB) ├███████████─────────────────────────────┤[1/2]    9 MB/s
2025-04-07 16:57:02,975 - DEBUG - you-get输出: 27.4% (  7.8/ 28.3MB) ├███████████─────────────────────────────┤[1/2]   10 MB/s
2025-04-07 16:57:02,990 - DEBUG - you-get输出: 28.3% (  8.0/ 28.3MB) ├████████████────────────────────────────┤[1/2]   15 MB/s
2025-04-07 16:57:03,005 - DEBUG - you-get输出: 29.2% (  8.2/ 28.3MB) ├████████████────────────────────────────┤[1/2]   10 MB/s
2025-04-07 16:57:03,021 - DEBUG - you-get输出: 30.1% (  8.5/ 28.3MB) ├█████████████───────────────────────────┤[1/2]   16 MB/s
2025-04-07 16:57:03,037 - DEBUG - you-get输出: 31.0% (  8.8/ 28.3MB) ├█████████████───────────────────────────┤[1/2]   11 MB/s
2025-04-07 16:57:03,100 - DEBUG - you-get输出: 31.8% (  9.0/ 28.3MB) ├█████████████───────────────────────────┤[1/2]    9 MB/s
2025-04-07 16:57:03,101 - DEBUG - you-get输出: 32.7% (  9.2/ 28.3MB) ├█████████████───────────────────────────┤[1/2]   17 MB/s
2025-04-07 16:57:03,119 - DEBUG - you-get输出: 33.6% (  9.5/ 28.3MB) ├██████████████──────────────────────────┤[1/2]    7 MB/s
2025-04-07 16:57:03,136 - DEBUG - you-get输出: 34.5% (  9.8/ 28.3MB) ├██████████████──────────────────────────┤[1/2]    8 MB/s
2025-04-07 16:57:03,215 - DEBUG - you-get输出: 35.4% ( 10.0/ 28.3MB) ├███████████████─────────────────────────┤[1/2]   11 MB/s
2025-04-07 16:57:03,215 - DEBUG - you-get输出: 36.3% ( 10.2/ 28.3MB) ├███████████████─────────────────────────┤[1/2]   15 MB/s
2025-04-07 16:57:03,233 - DEBUG - you-get输出: 37.2% ( 10.5/ 28.3MB) ├███████████████─────────────────────────┤[1/2]   15 MB/s
2025-04-07 16:57:03,252 - DEBUG - you-get输出: 38.0% ( 10.8/ 28.3MB) ├████████████████────────────────────────┤[1/2]   11 MB/s
2025-04-07 16:57:03,307 - DEBUG - you-get输出: 38.9% ( 11.0/ 28.3MB) ├████████████████────────────────────────┤[1/2]   11 MB/s
2025-04-07 16:57:03,308 - DEBUG - you-get输出: 39.8% ( 11.2/ 28.3MB) ├████████████████────────────────────────┤[1/2]    7 MB/s
2025-04-07 16:57:03,326 - DEBUG - you-get输出: 40.7% ( 11.5/ 28.3MB) ├█████████████████───────────────────────┤[1/2]   15 MB/s
2025-04-07 16:57:03,344 - DEBUG - you-get输出: 41.6% ( 11.8/ 28.3MB) ├█████████████████───────────────────────┤[1/2]   10 MB/s
2025-04-07 16:57:03,362 - DEBUG - you-get输出: 42.5% ( 12.0/ 28.3MB) ├█████████████████───────────────────────┤[1/2]   16 MB/s
2025-04-07 16:57:03,434 - DEBUG - you-get输出: 43.3% ( 12.2/ 28.3MB) ├██████████████████──────────────────────┤[1/2]   10 MB/s
2025-04-07 16:57:03,434 - DEBUG - you-get输出: 44.2% ( 12.5/ 28.3MB) ├██████████████████──────────────────────┤[1/2]   10 MB/s
2025-04-07 16:57:03,452 - DEBUG - you-get输出: 45.1% ( 12.8/ 28.3MB) ├███████████████████─────────────────────┤[1/2]   18 MB/s
2025-04-07 16:57:03,471 - DEBUG - you-get输出: 46.0% ( 13.0/ 28.3MB) ├███████████████████─────────────────────┤[1/2]  179 kB/s
2025-04-07 16:57:03,543 - DEBUG - you-get输出: 46.9% ( 13.2/ 28.3MB) ├███████████████████─────────────────────┤[1/2]  229 MB/s
2025-04-07 16:57:03,544 - DEBUG - you-get输出: 47.8% ( 13.5/ 28.3MB) ├███████████████████─────────────────────┤[1/2]  226 MB/s
2025-04-07 16:57:03,563 - DEBUG - you-get输出: 48.7% ( 13.8/ 28.3MB) ├████████████████████────────────────────┤[1/2]  192 MB/s
2025-04-07 16:57:03,581 - DEBUG - you-get输出: 49.5% ( 14.0/ 28.3MB) ├████████████████████────────────────────┤[1/2]  227 MB/s
2025-04-07 16:57:03,636 - DEBUG - you-get输出: 50.4% ( 14.2/ 28.3MB) ├█████████████████████───────────────────┤[1/2]    8 MB/s
2025-04-07 16:57:03,636 - DEBUG - you-get输出: 51.3% ( 14.5/ 28.3MB) ├█████████████████████───────────────────┤[1/2]    8 MB/s
2025-04-07 16:57:03,655 - DEBUG - you-get输出: 52.2% ( 14.8/ 28.3MB) ├█████████████████████───────────────────┤[1/2]   24 MB/s
2025-04-07 16:57:03,673 - DEBUG - you-get输出: 53.1% ( 15.0/ 28.3MB) ├██████████████████████──────────────────┤[1/2]    8 MB/s
2025-04-07 16:57:03,692 - DEBUG - you-get输出: 54.0% ( 15.2/ 28.3MB) ├██████████████████████──────────────────┤[1/2]    7 MB/s
2025-04-07 16:57:03,749 - DEBUG - you-get输出: 54.8% ( 15.5/ 28.3MB) ├██████████████████████──────────────────┤[1/2]    9 MB/s
2025-04-07 16:57:03,750 - DEBUG - you-get输出: 55.7% ( 15.8/ 28.3MB) ├███████████████████████─────────────────┤[1/2]   25 MB/s
2025-04-07 16:57:03,768 - DEBUG - you-get输出: 56.6% ( 16.0/ 28.3MB) ├███████████████████████─────────────────┤[1/2]    9 MB/s
2025-04-07 16:57:03,787 - DEBUG - you-get输出: 57.5% ( 16.2/ 28.3MB) ├███████████████████████─────────────────┤[1/2]   27 MB/s
2025-04-07 16:57:03,805 - DEBUG - you-get输出: 58.4% ( 16.5/ 28.3MB) ├████████████████████████────────────────┤[1/2]    8 MB/s
2025-04-07 16:57:03,861 - DEBUG - you-get输出: 59.3% ( 16.8/ 28.3MB) ├████████████████████████────────────────┤[1/2]   23 MB/s
2025-04-07 16:57:03,862 - DEBUG - you-get输出: 60.2% ( 17.0/ 28.3MB) ├█████████████████████████───────────────┤[1/2]   10 MB/s
2025-04-07 16:57:03,880 - DEBUG - you-get输出: 61.0% ( 17.2/ 28.3MB) ├█████████████████████████───────────────┤[1/2]   10 MB/s
2025-04-07 16:57:03,899 - DEBUG - you-get输出: 61.9% ( 17.5/ 28.3MB) ├█████████████████████████───────────────┤[1/2]   20 MB/s
2025-04-07 16:57:03,916 - DEBUG - you-get输出: 62.8% ( 17.8/ 28.3MB) ├█████████████████████████───────────────┤[1/2]    8 MB/s
2025-04-07 16:57:03,972 - DEBUG - you-get输出: 63.7% ( 18.0/ 28.3MB) ├██████████████████████████──────────────┤[1/2]   25 MB/s
2025-04-07 16:57:03,972 - DEBUG - you-get输出: 64.6% ( 18.2/ 28.3MB) ├██████████████████████████──────────────┤[1/2]    9 MB/s
2025-04-07 16:57:03,991 - DEBUG - you-get输出: 65.5% ( 18.5/ 28.3MB) ├███████████████████████████─────────────┤[1/2]   30 MB/s
2025-04-07 16:57:04,009 - DEBUG - you-get输出: 66.3% ( 18.8/ 28.3MB) ├███████████████████████████─────────────┤[1/2]    8 MB/s
2025-04-07 16:57:04,027 - DEBUG - you-get输出: 67.2% ( 19.0/ 28.3MB) ├███████████████████████████─────────────┤[1/2]    9 MB/s
2025-04-07 16:57:04,084 - DEBUG - you-get输出: 68.1% ( 19.2/ 28.3MB) ├████████████████████████████────────────┤[1/2]  321 kB/s
2025-04-07 16:57:04,084 - DEBUG - you-get输出: 69.0% ( 19.5/ 28.3MB) ├████████████████████████████────────────┤[1/2]  239 MB/s
2025-04-07 16:57:04,102 - DEBUG - you-get输出: 69.9% ( 19.8/ 28.3MB) ├████████████████████████████────────────┤[1/2]  257 MB/s
2025-04-07 16:57:04,123 - DEBUG - you-get输出: 70.8% ( 20.0/ 28.3MB) ├█████████████████████████████───────────┤[1/2]  262 MB/s
2025-04-07 16:57:04,145 - DEBUG - you-get输出: 71.7% ( 20.2/ 28.3MB) ├█████████████████████████████───────────┤[1/2]    9 MB/s
2025-04-07 16:57:04,205 - DEBUG - you-get输出: 72.5% ( 20.5/ 28.3MB) ├█████████████████████████████───────────┤[1/2]   48 MB/s
2025-04-07 16:57:04,206 - DEBUG - you-get输出: 73.4% ( 20.8/ 28.3MB) ├██████████████████████████████──────────┤[1/2]    7 MB/s
2025-04-07 16:57:04,224 - DEBUG - you-get输出: 74.3% ( 21.0/ 28.3MB) ├██████████████████████████████──────────┤[1/2]   34 MB/s
2025-04-07 16:57:04,242 - DEBUG - you-get输出: 75.2% ( 21.2/ 28.3MB) ├███████████████████████████████─────────┤[1/2]    9 MB/s
2025-04-07 16:57:04,259 - DEBUG - you-get输出: 76.1% ( 21.5/ 28.3MB) ├███████████████████████████████─────────┤[1/2]    8 MB/s
2025-04-07 16:57:04,332 - DEBUG - you-get输出: 77.0% ( 21.8/ 28.3MB) ├███████████████████████████████─────────┤[1/2]   34 MB/s
2025-04-07 16:57:04,332 - DEBUG - you-get输出: 77.8% ( 22.0/ 28.3MB) ├███████████████████████████████─────────┤[1/2]    9 MB/s
2025-04-07 16:57:04,354 - DEBUG - you-get输出: 78.7% ( 22.2/ 28.3MB) ├████████████████████████████████────────┤[1/2]   29 MB/s
2025-04-07 16:57:04,374 - DEBUG - you-get输出: 79.6% ( 22.5/ 28.3MB) ├████████████████████████████████────────┤[1/2]    7 MB/s
2025-04-07 16:57:04,447 - DEBUG - you-get输出: 80.5% ( 22.8/ 28.3MB) ├█████████████████████████████████───────┤[1/2]   34 MB/s
2025-04-07 16:57:04,447 - DEBUG - you-get输出: 81.4% ( 23.0/ 28.3MB) ├█████████████████████████████████───────┤[1/2]    7 MB/s
2025-04-07 16:57:04,464 - DEBUG - you-get输出: 82.3% ( 23.2/ 28.3MB) ├█████████████████████████████████───────┤[1/2]    9 MB/s
2025-04-07 16:57:04,483 - DEBUG - you-get输出: 83.1% ( 23.5/ 28.3MB) ├██████████████████████████████████──────┤[1/2]   18 MB/s
2025-04-07 16:57:04,543 - DEBUG - you-get输出: 84.0% ( 23.8/ 28.3MB) ├██████████████████████████████████──────┤[1/2]   12 MB/s
2025-04-07 16:57:04,543 - DEBUG - you-get输出: 84.9% ( 24.0/ 28.3MB) ├██████████████████████████████████──────┤[1/2]   18 MB/s
2025-04-07 16:57:04,562 - DEBUG - you-get输出: 85.8% ( 24.2/ 28.3MB) ├███████████████████████████████████─────┤[1/2]    7 MB/s
2025-04-07 16:57:04,580 - DEBUG - you-get输出: 86.7% ( 24.5/ 28.3MB) ├███████████████████████████████████─────┤[1/2]   18 MB/s
2025-04-07 16:57:04,599 - DEBUG - you-get输出: 87.6% ( 24.8/ 28.3MB) ├███████████████████████████████████─────┤[1/2]   11 MB/s
2025-04-07 16:57:04,657 - DEBUG - you-get输出: 88.5% ( 25.0/ 28.3MB) ├████████████████████████████████████────┤[1/2]   14 MB/s
2025-04-07 16:57:04,658 - DEBUG - you-get输出: 89.3% ( 25.2/ 28.3MB) ├████████████████████████████████████────┤[1/2]    7 MB/s
2025-04-07 16:57:04,676 - DEBUG - you-get输出: 90.2% ( 25.5/ 28.3MB) ├█████████████████████████████████████───┤[1/2]    2 MB/s
2025-04-07 16:57:04,696 - DEBUG - you-get输出: 91.1% ( 25.8/ 28.3MB) ├█████████████████████████████████████───┤[1/2]  356 MB/s
2025-04-07 16:57:04,714 - DEBUG - you-get输出: 91.8% ( 25.9/ 28.3MB) ├█████████████████████████████████████───┤[1/2]  285 MB/s
2025-04-07 16:57:04,785 - DEBUG - you-get输出: 92.7% ( 26.2/ 28.3MB) ├█████████████████████████████████████───┤[2/2]  456 kB/s
2025-04-07 16:57:04,786 - DEBUG - you-get输出: 93.6% ( 26.4/ 28.3MB) ├██████████████████████████████████████──┤[2/2]    7 MB/s
2025-04-07 16:57:04,804 - DEBUG - you-get输出: 94.4% ( 26.7/ 28.3MB) ├██████████████████████████████████████──┤[2/2]    8 MB/s
2025-04-07 16:57:04,824 - DEBUG - you-get输出: 95.3% ( 26.9/ 28.3MB) ├███████████████████████████████████████─┤[2/2]   19 MB/s
2025-04-07 16:57:04,886 - DEBUG - you-get输出: 96.2% ( 27.2/ 28.3MB) ├███████████████████████████████████████─┤[2/2]    9 MB/s
2025-04-07 16:57:04,887 - DEBUG - you-get输出: 97.1% ( 27.4/ 28.3MB) ├███████████████████████████████████████─┤[2/2]    8 MB/s
2025-04-07 16:57:04,905 - DEBUG - you-get输出: 98.0% ( 27.7/ 28.3MB) ├████████████████████████████████████████┤[2/2]   21 MB/s
2025-04-07 16:57:04,923 - DEBUG - you-get输出: 98.9% ( 27.9/ 28.3MB) ├████████████████████████████████████████┤[2/2]    7 MB/s
2025-04-07 16:57:04,942 - INFO - 视频 不眠之夜，但全程一个调 下载完成
2025-04-07 16:57:04,999 - INFO - 弹幕下载状态: 禁用
2025-04-07 16:57:05,000 - INFO - 跳过下载视频 【星穹铁道】卡芙卡PV——「戏剧性漏气」 的弹幕
2025-04-07 16:57:05,016 - DEBUG - 下载命令: "you-get" --format=dash-flv-AVC -o "D:/System/Desktop" -c "cookies.txt" --no-caption "https://www.bilibili.com/video/BV11u4y1B71e"
2025-04-07 16:57:05,101 - DEBUG - you-get输出: site:                Bilibili
2025-04-07 16:57:05,102 - DEBUG - you-get输出: title:               《原神》角色演示-「八 重 蔡 子」
2025-04-07 16:57:05,119 - DEBUG - you-get输出: stream:
2025-04-07 16:57:05,134 - DEBUG - you-get输出: - format:        dash-flv-AVC
2025-04-07 16:57:05,147 - DEBUG - you-get输出: container:     mp4
2025-04-07 16:57:05,159 - DEBUG - you-get输出: quality:       高清 1080P avc1.640032
2025-04-07 16:57:05,169 - DEBUG - you-get输出: size:          45.4 MiB (47623330 bytes)
2025-04-07 16:57:05,180 - DEBUG - you-get输出: # download-with: you-get --format=dash-flv-AVC [URL]
2025-04-07 16:57:05,190 - DEBUG - you-get输出: Downloading 《原神》角色演示-「八 重 蔡 子」.mp4 ...
2025-04-07 16:57:05,531 - DEBUG - you-get输出: 0.0% (  0.0/ 45.4MB) ├────────────────────────────────────────┤[1/2]
2025-04-07 16:57:05,577 - DEBUG - you-get输出: 0.6% (  0.2/ 45.4MB) ├────────────────────────────────────────┤[1/2]  596 kB/s
2025-04-07 16:57:05,613 - DEBUG - you-get输出: 1.1% (  0.5/ 45.4MB) ├█───────────────────────────────────────┤[1/2]    6 MB/s
2025-04-07 16:57:05,626 - DEBUG - you-get输出: 1.7% (  0.8/ 45.4MB) ├█───────────────────────────────────────┤[1/2]    7 MB/s
2025-04-07 16:57:05,663 - DEBUG - you-get输出: 2.2% (  1.0/ 45.4MB) ├█───────────────────────────────────────┤[1/2]   20 MB/s
2025-04-07 16:57:05,800 - DEBUG - you-get输出: 2.8% (  1.2/ 45.4MB) ├█───────────────────────────────────────┤[1/2]    7 MB/s
2025-04-07 16:57:05,845 - DEBUG - you-get输出: 3.3% (  1.5/ 45.4MB) ├██──────────────────────────────────────┤[1/2]    8 MB/s
2025-04-07 16:57:05,845 - DEBUG - you-get输出: 3.9% (  1.8/ 45.4MB) ├██──────────────────────────────────────┤[1/2]   13 MB/s
2025-04-07 16:57:05,860 - DEBUG - you-get输出: 4.4% (  2.0/ 45.4MB) ├██──────────────────────────────────────┤[1/2]   11 MB/s
2025-04-07 16:57:05,875 - DEBUG - you-get输出: 5.0% (  2.2/ 45.4MB) ├███─────────────────────────────────────┤[1/2]   13 MB/s
2025-04-07 16:57:05,890 - DEBUG - you-get输出: 5.5% (  2.5/ 45.4MB) ├███─────────────────────────────────────┤[1/2]   11 MB/s
2025-04-07 16:57:05,958 - DEBUG - you-get输出: 6.1% (  2.8/ 45.4MB) ├███─────────────────────────────────────┤[1/2]    9 MB/s
2025-04-07 16:57:05,959 - DEBUG - you-get输出: 6.6% (  3.0/ 45.4MB) ├███─────────────────────────────────────┤[1/2]   10 MB/s
2025-04-07 16:57:05,976 - DEBUG - you-get输出: 7.2% (  3.2/ 45.4MB) ├███─────────────────────────────────────┤[1/2]    9 MB/s
2025-04-07 16:57:05,995 - DEBUG - you-get输出: 7.7% (  3.5/ 45.4MB) ├███─────────────────────────────────────┤[1/2]   15 MB/s
2025-04-07 16:57:06,051 - DEBUG - you-get输出: 8.3% (  3.8/ 45.4MB) ├████────────────────────────────────────┤[1/2]    7 MB/s
2025-04-07 16:57:06,051 - DEBUG - you-get输出: 8.8% (  4.0/ 45.4MB) ├████────────────────────────────────────┤[1/2]   24 MB/s
2025-04-07 16:57:06,069 - DEBUG - you-get输出: 9.4% (  4.2/ 45.4MB) ├████────────────────────────────────────┤[1/2]    7 MB/s
2025-04-07 16:57:06,090 - DEBUG - you-get输出: 9.9% (  4.5/ 45.4MB) ├████────────────────────────────────────┤[1/2]   26 MB/s
2025-04-07 16:57:06,106 - DEBUG - you-get输出: 10.5% (  4.8/ 45.4MB) ├█████───────────────────────────────────┤[1/2]    7 MB/s
2025-04-07 16:57:06,177 - DEBUG - you-get输出: 11.0% (  5.0/ 45.4MB) ├█████───────────────────────────────────┤[1/2]    8 MB/s
2025-04-07 16:57:06,178 - DEBUG - you-get输出: 11.6% (  5.2/ 45.4MB) ├█████───────────────────────────────────┤[1/2]   17 MB/s
2025-04-07 16:57:06,196 - DEBUG - you-get输出: 12.1% (  5.5/ 45.4MB) ├█████───────────────────────────────────┤[1/2]    8 MB/s
2025-04-07 16:57:06,214 - DEBUG - you-get输出: 12.7% (  5.8/ 45.4MB) ├█████───────────────────────────────────┤[1/2]    7 MB/s
2025-04-07 16:57:06,276 - DEBUG - you-get输出: 13.2% (  6.0/ 45.4MB) ├██████──────────────────────────────────┤[1/2]   18 MB/s
2025-04-07 16:57:06,276 - DEBUG - you-get输出: 13.8% (  6.2/ 45.4MB) ├██████──────────────────────────────────┤[1/2]    9 MB/s
2025-04-07 16:57:06,295 - DEBUG - you-get输出: 14.3% (  6.5/ 45.4MB) ├██████──────────────────────────────────┤[1/2]   16 MB/s
2025-04-07 16:57:06,314 - DEBUG - you-get输出: 14.9% (  6.8/ 45.4MB) ├██████──────────────────────────────────┤[1/2]    8 MB/s
2025-04-07 16:57:06,373 - DEBUG - you-get输出: 15.4% (  7.0/ 45.4MB) ├███████─────────────────────────────────┤[1/2]   20 MB/s
2025-04-07 16:57:06,374 - DEBUG - you-get输出: 16.0% (  7.2/ 45.4MB) ├███████─────────────────────────────────┤[1/2]    6 MB/s
2025-04-07 16:57:06,394 - DEBUG - you-get输出: 16.5% (  7.5/ 45.4MB) ├███████─────────────────────────────────┤[1/2]    8 MB/s
2025-04-07 16:57:06,412 - DEBUG - you-get输出: 17.1% (  7.8/ 45.4MB) ├███████─────────────────────────────────┤[1/2]   23 MB/s
2025-04-07 16:57:06,431 - DEBUG - you-get输出: 17.6% (  8.0/ 45.4MB) ├███████─────────────────────────────────┤[1/2]    8 MB/s
2025-04-07 16:57:06,517 - DEBUG - you-get输出: 18.2% (  8.2/ 45.4MB) ├████████────────────────────────────────┤[1/2]   19 MB/s
2025-04-07 16:57:06,518 - DEBUG - you-get输出: 18.7% (  8.5/ 45.4MB) ├████████────────────────────────────────┤[1/2]    9 MB/s
2025-04-07 16:57:06,538 - DEBUG - you-get输出: 19.3% (  8.8/ 45.4MB) ├████████────────────────────────────────┤[1/2]   17 MB/s
2025-04-07 16:57:06,615 - DEBUG - you-get输出: 19.8% (  9.0/ 45.4MB) ├████████────────────────────────────────┤[1/2]    8 MB/s
2025-04-07 16:57:06,616 - DEBUG - you-get输出: 20.4% (  9.2/ 45.4MB) ├█████████───────────────────────────────┤[1/2]    7 MB/s
2025-04-07 16:57:06,633 - DEBUG - you-get输出: 20.9% (  9.5/ 45.4MB) ├█████████───────────────────────────────┤[1/2]   25 MB/s
2025-04-07 16:57:06,651 - DEBUG - you-get输出: 21.5% (  9.8/ 45.4MB) ├█████████───────────────────────────────┤[1/2]    7 MB/s
2025-04-07 16:57:06,709 - DEBUG - you-get输出: 22.0% ( 10.0/ 45.4MB) ├█████████───────────────────────────────┤[1/2]   25 MB/s
2025-04-07 16:57:06,709 - DEBUG - you-get输出: 22.6% ( 10.2/ 45.4MB) ├█████████───────────────────────────────┤[1/2]    7 MB/s
2025-04-07 16:57:06,728 - DEBUG - you-get输出: 23.1% ( 10.5/ 45.4MB) ├██████████──────────────────────────────┤[1/2]   20 MB/s
2025-04-07 16:57:06,746 - DEBUG - you-get输出: 23.7% ( 10.8/ 45.4MB) ├██████████──────────────────────────────┤[1/2]    8 MB/s
2025-04-07 16:57:06,764 - DEBUG - you-get输出: 24.2% ( 11.0/ 45.4MB) ├██████████──────────────────────────────┤[1/2]    7 MB/s
2025-04-07 16:57:06,822 - DEBUG - you-get输出: 24.8% ( 11.2/ 45.4MB) ├██████████──────────────────────────────┤[1/2]   21 MB/s
2025-04-07 16:57:06,823 - DEBUG - you-get输出: 25.3% ( 11.5/ 45.4MB) ├███████████─────────────────────────────┤[1/2]   19 MB/s
2025-04-07 16:57:06,840 - DEBUG - you-get输出: 25.9% ( 11.8/ 45.4MB) ├███████████─────────────────────────────┤[1/2]    7 MB/s
2025-04-07 16:57:06,857 - DEBUG - you-get输出: 26.4% ( 12.0/ 45.4MB) ├███████████─────────────────────────────┤[1/2]    7 MB/s
2025-04-07 16:57:06,876 - DEBUG - you-get输出: 27.0% ( 12.2/ 45.4MB) ├███████████─────────────────────────────┤[1/2]   22 MB/s
2025-04-07 16:57:06,946 - DEBUG - you-get输出: 27.5% ( 12.5/ 45.4MB) ├███████████─────────────────────────────┤[1/2]    7 MB/s
2025-04-07 16:57:06,947 - DEBUG - you-get输出: 28.1% ( 12.8/ 45.4MB) ├████████████────────────────────────────┤[1/2]   16 MB/s
2025-04-07 16:57:06,966 - DEBUG - you-get输出: 28.6% ( 13.0/ 45.4MB) ├████████████────────────────────────────┤[1/2]    7 MB/s
2025-04-07 16:57:06,987 - DEBUG - you-get输出: 29.2% ( 13.2/ 45.4MB) ├████████████────────────────────────────┤[1/2]    9 MB/s
2025-04-07 16:57:07,050 - DEBUG - you-get输出: 29.7% ( 13.5/ 45.4MB) ├████████████────────────────────────────┤[1/2]    8 MB/s
2025-04-07 16:57:07,051 - DEBUG - you-get输出: 30.3% ( 13.8/ 45.4MB) ├█████████████───────────────────────────┤[1/2]    9 MB/s
2025-04-07 16:57:07,070 - DEBUG - you-get输出: 30.8% ( 14.0/ 45.4MB) ├█████████████───────────────────────────┤[1/2]   18 MB/s
2025-04-07 16:57:07,092 - DEBUG - you-get输出: 31.4% ( 14.2/ 45.4MB) ├█████████████───────────────────────────┤[1/2]    9 MB/s
2025-04-07 16:57:07,153 - DEBUG - you-get输出: 31.9% ( 14.5/ 45.4MB) ├█████████████───────────────────────────┤[1/2]    8 MB/s
2025-04-07 16:57:07,154 - DEBUG - you-get输出: 32.5% ( 14.8/ 45.4MB) ├█████████████───────────────────────────┤[1/2]   14 MB/s
2025-04-07 16:57:07,174 - DEBUG - you-get输出: 33.0% ( 15.0/ 45.4MB) ├██████████████──────────────────────────┤[1/2]   10 MB/s
2025-04-07 16:57:07,193 - DEBUG - you-get输出: 33.6% ( 15.2/ 45.4MB) ├██████████████──────────────────────────┤[1/2]   12 MB/s
2025-04-07 16:57:07,257 - DEBUG - you-get输出: 34.1% ( 15.5/ 45.4MB) ├██████████████──────────────────────────┤[1/2]    8 MB/s
2025-04-07 16:57:07,258 - DEBUG - you-get输出: 34.7% ( 15.8/ 45.4MB) ├██████████████──────────────────────────┤[1/2]   15 MB/s
2025-04-07 16:57:07,276 - DEBUG - you-get输出: 35.2% ( 16.0/ 45.4MB) ├███████████████─────────────────────────┤[1/2]    9 MB/s
2025-04-07 16:57:07,294 - DEBUG - you-get输出: 35.8% ( 16.2/ 45.4MB) ├███████████████─────────────────────────┤[1/2]    7 MB/s
2025-04-07 16:57:07,359 - DEBUG - you-get输出: 36.3% ( 16.5/ 45.4MB) ├███████████████─────────────────────────┤[1/2]   10 MB/s
2025-04-07 16:57:07,360 - DEBUG - you-get输出: 36.9% ( 16.8/ 45.4MB) ├███████████████─────────────────────────┤[1/2]    6 MB/s
2025-04-07 16:57:07,378 - DEBUG - you-get输出: 37.4% ( 17.0/ 45.4MB) ├███████████████─────────────────────────┤[1/2]   33 MB/s
2025-04-07 16:57:07,397 - DEBUG - you-get输出: 38.0% ( 17.2/ 45.4MB) ├████████████████────────────────────────┤[1/2]    7 MB/s
2025-04-07 16:57:07,475 - DEBUG - you-get输出: 38.5% ( 17.5/ 45.4MB) ├████████████████────────────────────────┤[1/2]   11 MB/s
2025-04-07 16:57:07,475 - DEBUG - you-get输出: 39.1% ( 17.8/ 45.4MB) ├████████████████────────────────────────┤[1/2]   10 MB/s
2025-04-07 16:57:07,492 - DEBUG - you-get输出: 39.6% ( 18.0/ 45.4MB) ├████████████████────────────────────────┤[1/2]   16 MB/s
2025-04-07 16:57:07,510 - DEBUG - you-get输出: 40.2% ( 18.2/ 45.4MB) ├█████████████████───────────────────────┤[1/2]   10 MB/s
2025-04-07 16:57:07,564 - DEBUG - you-get输出: 40.7% ( 18.5/ 45.4MB) ├█████████████████───────────────────────┤[1/2]   15 MB/s
2025-04-07 16:57:07,565 - DEBUG - you-get输出: 41.3% ( 18.8/ 45.4MB) ├█████████████████───────────────────────┤[1/2]    7 MB/s
2025-04-07 16:57:07,582 - DEBUG - you-get输出: 41.8% ( 19.0/ 45.4MB) ├█████████████████───────────────────────┤[1/2]   10 MB/s
2025-04-07 16:57:07,599 - DEBUG - you-get输出: 42.4% ( 19.2/ 45.4MB) ├█████████████████───────────────────────┤[1/2]   15 MB/s
2025-04-07 16:57:07,616 - DEBUG - you-get输出: 42.9% ( 19.5/ 45.4MB) ├█████████████████───────────────────────┤[1/2]    8 MB/s
2025-04-07 16:57:07,691 - DEBUG - you-get输出: 43.5% ( 19.8/ 45.4MB) ├██████████████████──────────────────────┤[1/2]   14 MB/s
2025-04-07 16:57:07,692 - DEBUG - you-get输出: 44.0% ( 20.0/ 45.4MB) ├██████████████████──────────────────────┤[1/2]    3 MB/s
2025-04-07 16:57:07,709 - DEBUG - you-get输出: 44.6% ( 20.2/ 45.4MB) ├██████████████████──────────────────────┤[1/2]    8 MB/s
2025-04-07 16:57:07,728 - DEBUG - you-get输出: 45.1% ( 20.5/ 45.4MB) ├███████████████████─────────────────────┤[1/2]    7 MB/s
2025-04-07 16:57:07,783 - DEBUG - you-get输出: 45.7% ( 20.8/ 45.4MB) ├███████████████████─────────────────────┤[1/2]   11 MB/s
2025-04-07 16:57:07,784 - DEBUG - you-get输出: 46.2% ( 21.0/ 45.4MB) ├███████████████████─────────────────────┤[1/2]   12 MB/s
2025-04-07 16:57:07,802 - DEBUG - you-get输出: 46.8% ( 21.2/ 45.4MB) ├███████████████████─────────────────────┤[1/2]    9 MB/s
2025-04-07 16:57:07,820 - DEBUG - you-get输出: 47.3% ( 21.5/ 45.4MB) ├███████████████████─────────────────────┤[1/2]   11 MB/s
2025-04-07 16:57:07,837 - DEBUG - you-get输出: 47.9% ( 21.8/ 45.4MB) ├███████████████████─────────────────────┤[1/2]    7 MB/s
2025-04-07 16:57:07,909 - DEBUG - you-get输出: 48.4% ( 22.0/ 45.4MB) ├████████████████████────────────────────┤[1/2]   13 MB/s
2025-04-07 16:57:07,910 - DEBUG - you-get输出: 49.0% ( 22.2/ 45.4MB) ├████████████████████────────────────────┤[1/2]   11 MB/s
2025-04-07 16:57:07,927 - DEBUG - you-get输出: 49.5% ( 22.5/ 45.4MB) ├████████████████████────────────────────┤[1/2]   12 MB/s
2025-04-07 16:57:07,944 - DEBUG - you-get输出: 50.1% ( 22.8/ 45.4MB) ├█████████████████████───────────────────┤[1/2]   12 MB/s
2025-04-07 16:57:08,007 - DEBUG - you-get输出: 50.6% ( 23.0/ 45.4MB) ├█████████████████████───────────────────┤[1/2]    7 MB/s
2025-04-07 16:57:08,008 - DEBUG - you-get输出: 51.2% ( 23.2/ 45.4MB) ├█████████████████████───────────────────┤[1/2]   16 MB/s
2025-04-07 16:57:08,026 - DEBUG - you-get输出: 51.7% ( 23.5/ 45.4MB) ├█████████████████████───────────────────┤[1/2]    8 MB/s
2025-04-07 16:57:08,047 - DEBUG - you-get输出: 52.3% ( 23.8/ 45.4MB) ├█████████████████████───────────────────┤[1/2]   12 MB/s
2025-04-07 16:57:08,109 - DEBUG - you-get输出: 52.8% ( 24.0/ 45.4MB) ├█████████████████████───────────────────┤[1/2]   11 MB/s
2025-04-07 16:57:08,109 - DEBUG - you-get输出: 53.4% ( 24.2/ 45.4MB) ├██████████████████████──────────────────┤[1/2]   12 MB/s
2025-04-07 16:57:08,126 - DEBUG - you-get输出: 53.9% ( 24.5/ 45.4MB) ├██████████████████████──────────────────┤[1/2]   11 MB/s
2025-04-07 16:57:08,145 - DEBUG - you-get输出: 54.5% ( 24.8/ 45.4MB) ├██████████████████████──────────────────┤[1/2]    7 MB/s
2025-04-07 16:57:08,163 - DEBUG - you-get输出: 55.0% ( 25.0/ 45.4MB) ├███████████████████████─────────────────┤[1/2]   12 MB/s
2025-04-07 16:57:08,219 - DEBUG - you-get输出: 55.6% ( 25.2/ 45.4MB) ├███████████████████████─────────────────┤[1/2]    9 MB/s
2025-04-07 16:57:08,220 - DEBUG - you-get输出: 56.1% ( 25.5/ 45.4MB) ├███████████████████████─────────────────┤[1/2]   16 MB/s
2025-04-07 16:57:08,245 - DEBUG - you-get输出: 56.7% ( 25.8/ 45.4MB) ├███████████████████████─────────────────┤[1/2]    7 MB/s
2025-04-07 16:57:08,273 - DEBUG - you-get输出: 57.2% ( 26.0/ 45.4MB) ├███████████████████████─────────────────┤[1/2]    3 MB/s
2025-04-07 16:57:08,303 - DEBUG - you-get输出: 57.8% ( 26.2/ 45.4MB) ├███████████████████████─────────────────┤[1/2]    9 MB/s
2025-04-07 16:57:08,342 - DEBUG - you-get输出: 58.3% ( 26.5/ 45.4MB) ├████████████████████████────────────────┤[1/2]    8 MB/s
2025-04-07 16:57:08,364 - DEBUG - you-get输出: 58.9% ( 26.8/ 45.4MB) ├████████████████████████────────────────┤[1/2]   10 MB/s
2025-04-07 16:57:08,381 - DEBUG - you-get输出: 59.4% ( 27.0/ 45.4MB) ├████████████████████████────────────────┤[1/2]    7 MB/s
2025-04-07 16:57:08,410 - DEBUG - you-get输出: 60.0% ( 27.2/ 45.4MB) ├█████████████████████████───────────────┤[1/2]   15 MB/s
2025-04-07 16:57:08,455 - DEBUG - you-get输出: 60.5% ( 27.5/ 45.4MB) ├█████████████████████████───────────────┤[1/2]    8 MB/s
2025-04-07 16:57:08,456 - DEBUG - you-get输出: 61.1% ( 27.8/ 45.4MB) ├█████████████████████████───────────────┤[1/2]   13 MB/s
2025-04-07 16:57:08,475 - DEBUG - you-get输出: 61.7% ( 28.0/ 45.4MB) ├█████████████████████████───────────────┤[1/2]   10 MB/s
2025-04-07 16:57:08,510 - DEBUG - you-get输出: 62.2% ( 28.2/ 45.4MB) ├█████████████████████████───────────────┤[1/2]   13 MB/s
2025-04-07 16:57:08,549 - DEBUG - you-get输出: 62.8% ( 28.5/ 45.4MB) ├█████████████████████████───────────────┤[1/2]    7 MB/s
2025-04-07 16:57:08,554 - DEBUG - you-get输出: 63.3% ( 28.8/ 45.4MB) ├██████████████████████████──────────────┤[1/2]   10 MB/s
2025-04-07 16:57:08,577 - DEBUG - you-get输出: 63.9% ( 29.0/ 45.4MB) ├██████████████████████████──────────────┤[1/2]   13 MB/s
2025-04-07 16:57:08,613 - DEBUG - you-get输出: 64.4% ( 29.2/ 45.4MB) ├██████████████████████████──────────────┤[1/2]   11 MB/s
2025-04-07 16:57:08,659 - DEBUG - you-get输出: 65.0% ( 29.5/ 45.4MB) ├███████████████████████████─────────────┤[1/2]    7 MB/s
2025-04-07 16:57:08,721 - DEBUG - you-get输出: 65.5% ( 29.8/ 45.4MB) ├███████████████████████████─────────────┤[1/2]   13 MB/s
2025-04-07 16:57:08,759 - DEBUG - you-get输出: 66.1% ( 30.0/ 45.4MB) ├███████████████████████████─────────────┤[1/2]    3 MB/s
2025-04-07 16:57:08,795 - DEBUG - you-get输出: 66.6% ( 30.2/ 45.4MB) ├███████████████████████████─────────────┤[1/2]    7 MB/s
2025-04-07 16:57:08,809 - DEBUG - you-get输出: 67.2% ( 30.5/ 45.4MB) ├███████████████████████████─────────────┤[1/2]   10 MB/s
2025-04-07 16:57:08,835 - DEBUG - you-get输出: 67.7% ( 30.8/ 45.4MB) ├███████████████████████████─────────────┤[1/2]   10 MB/s
2025-04-07 16:57:08,923 - DEBUG - you-get输出: 68.3% ( 31.0/ 45.4MB) ├████████████████████████████────────────┤[1/2]   10 MB/s
2025-04-07 16:57:08,923 - DEBUG - you-get输出: 68.8% ( 31.2/ 45.4MB) ├████████████████████████████────────────┤[1/2]   14 MB/s
2025-04-07 16:57:08,942 - DEBUG - you-get输出: 69.4% ( 31.5/ 45.4MB) ├████████████████████████████────────────┤[1/2]    6 MB/s
2025-04-07 16:57:08,961 - DEBUG - you-get输出: 69.9% ( 31.8/ 45.4MB) ├████████████████████████████────────────┤[1/2]   10 MB/s
2025-04-07 16:57:09,040 - DEBUG - you-get输出: 70.5% ( 32.0/ 45.4MB) ├█████████████████████████████───────────┤[1/2]    6 MB/s
2025-04-07 16:57:09,041 - DEBUG - you-get输出: 71.0% ( 32.2/ 45.4MB) ├█████████████████████████████───────────┤[1/2]    9 MB/s
2025-04-07 16:57:09,059 - DEBUG - you-get输出: 71.6% ( 32.5/ 45.4MB) ├█████████████████████████████───────────┤[1/2]    6 MB/s
2025-04-07 16:57:09,158 - DEBUG - you-get输出: 72.1% ( 32.8/ 45.4MB) ├█████████████████████████████───────────┤[1/2]    9 MB/s
2025-04-07 16:57:09,158 - DEBUG - you-get输出: 72.7% ( 33.0/ 45.4MB) ├█████████████████████████████───────────┤[1/2]   15 MB/s
2025-04-07 16:57:09,176 - DEBUG - you-get输出: 73.2% ( 33.2/ 45.4MB) ├██████████████████████████████──────────┤[1/2]    7 MB/s
2025-04-07 16:57:09,268 - DEBUG - you-get输出: 73.8% ( 33.5/ 45.4MB) ├██████████████████████████████──────────┤[1/2]   19 MB/s
2025-04-07 16:57:09,268 - DEBUG - you-get输出: 74.3% ( 33.8/ 45.4MB) ├██████████████████████████████──────────┤[1/2]    8 MB/s
2025-04-07 16:57:09,288 - DEBUG - you-get输出: 74.9% ( 34.0/ 45.4MB) ├██████████████████████████████──────────┤[1/2]    7 MB/s
2025-04-07 16:57:09,394 - DEBUG - you-get输出: 75.4% ( 34.2/ 45.4MB) ├███████████████████████████████─────────┤[1/2]   10 MB/s
2025-04-07 16:57:09,395 - DEBUG - you-get输出: 76.0% ( 34.5/ 45.4MB) ├███████████████████████████████─────────┤[1/2]    8 MB/s
2025-04-07 16:57:09,488 - DEBUG - you-get输出: 76.5% ( 34.8/ 45.4MB) ├███████████████████████████████─────────┤[1/2]   18 MB/s
2025-04-07 16:57:09,488 - DEBUG - you-get输出: 77.1% ( 35.0/ 45.4MB) ├███████████████████████████████─────────┤[1/2]    8 MB/s
2025-04-07 16:57:09,506 - DEBUG - you-get输出: 77.6% ( 35.2/ 45.4MB) ├███████████████████████████████─────────┤[1/2]   16 MB/s
2025-04-07 16:57:09,584 - DEBUG - you-get输出: 78.2% ( 35.5/ 45.4MB) ├████████████████████████████████────────┤[1/2]    9 MB/s
2025-04-07 16:57:09,585 - DEBUG - you-get输出: 78.7% ( 35.8/ 45.4MB) ├████████████████████████████████────────┤[1/2]   14 MB/s
2025-04-07 16:57:09,603 - DEBUG - you-get输出: 79.3% ( 36.0/ 45.4MB) ├████████████████████████████████────────┤[1/2]    9 MB/s
2025-04-07 16:57:09,621 - DEBUG - you-get输出: 79.8% ( 36.2/ 45.4MB) ├████████████████████████████████────────┤[1/2]    7 MB/s
2025-04-07 16:57:09,715 - DEBUG - you-get输出: 80.4% ( 36.5/ 45.4MB) ├█████████████████████████████████───────┤[1/2]    8 MB/s
2025-04-07 16:57:09,716 - DEBUG - you-get输出: 80.9% ( 36.8/ 45.4MB) ├█████████████████████████████████───────┤[1/2]   16 MB/s
2025-04-07 16:57:09,733 - DEBUG - you-get输出: 81.5% ( 37.0/ 45.4MB) ├█████████████████████████████████───────┤[1/2]    7 MB/s
2025-04-07 16:57:09,824 - DEBUG - you-get输出: 82.0% ( 37.2/ 45.4MB) ├█████████████████████████████████───────┤[1/2]   15 MB/s
2025-04-07 16:57:09,825 - DEBUG - you-get输出: 82.6% ( 37.5/ 45.4MB) ├█████████████████████████████████───────┤[1/2]    8 MB/s
2025-04-07 16:57:09,843 - DEBUG - you-get输出: 83.1% ( 37.8/ 45.4MB) ├██████████████████████████████████──────┤[1/2]   14 MB/s
2025-04-07 16:57:09,952 - DEBUG - you-get输出: 83.7% ( 38.0/ 45.4MB) ├██████████████████████████████████──────┤[1/2]    9 MB/s
2025-04-07 16:57:09,953 - DEBUG - you-get输出: 84.2% ( 38.2/ 45.4MB) ├██████████████████████████████████──────┤[1/2]   14 MB/s
2025-04-07 16:57:10,044 - DEBUG - you-get输出: 84.8% ( 38.5/ 45.4MB) ├██████████████████████████████████──────┤[1/2]    9 MB/s
2025-04-07 16:57:10,045 - DEBUG - you-get输出: 85.3% ( 38.8/ 45.4MB) ├███████████████████████████████████─────┤[1/2]   12 MB/s
2025-04-07 16:57:10,062 - DEBUG - you-get输出: 85.9% ( 39.0/ 45.4MB) ├███████████████████████████████████─────┤[1/2]   11 MB/s
2025-04-07 16:57:10,158 - DEBUG - you-get输出: 86.4% ( 39.2/ 45.4MB) ├███████████████████████████████████─────┤[1/2]    7 MB/s
2025-04-07 16:57:10,158 - DEBUG - you-get输出: 87.0% ( 39.5/ 45.4MB) ├███████████████████████████████████─────┤[1/2]   11 MB/s
2025-04-07 16:57:10,176 - DEBUG - you-get输出: 87.5% ( 39.8/ 45.4MB) ├███████████████████████████████████─────┤[1/2]   10 MB/s
2025-04-07 16:57:10,271 - DEBUG - you-get输出: 88.1% ( 40.0/ 45.4MB) ├████████████████████████████████████────┤[1/2]   13 MB/s
2025-04-07 16:57:10,271 - DEBUG - you-get输出: 88.6% ( 40.2/ 45.4MB) ├████████████████████████████████████────┤[1/2]   11 MB/s
2025-04-07 16:57:10,290 - DEBUG - you-get输出: 89.2% ( 40.5/ 45.4MB) ├████████████████████████████████████────┤[1/2]   11 MB/s
2025-04-07 16:57:10,395 - DEBUG - you-get输出: 89.7% ( 40.8/ 45.4MB) ├████████████████████████████████████────┤[1/2]    9 MB/s
2025-04-07 16:57:10,395 - DEBUG - you-get输出: 90.3% ( 41.0/ 45.4MB) ├█████████████████████████████████████───┤[1/2]   14 MB/s
2025-04-07 16:57:10,492 - DEBUG - you-get输出: 90.8% ( 41.2/ 45.4MB) ├█████████████████████████████████████───┤[1/2]    6 MB/s
2025-04-07 16:57:10,492 - DEBUG - you-get输出: 91.4% ( 41.5/ 45.4MB) ├█████████████████████████████████████───┤[1/2]   11 MB/s
2025-04-07 16:57:10,509 - DEBUG - you-get输出: 91.9% ( 41.8/ 45.4MB) ├█████████████████████████████████████───┤[1/2]   13 MB/s
2025-04-07 16:57:10,611 - DEBUG - you-get输出: 92.5% ( 42.0/ 45.4MB) ├█████████████████████████████████████───┤[1/2]   10 MB/s
2025-04-07 16:57:10,611 - DEBUG - you-get输出: 93.0% ( 42.2/ 45.4MB) ├██████████████████████████████████████──┤[1/2]   11 MB/s
2025-04-07 16:57:10,717 - DEBUG - you-get输出: 93.6% ( 42.5/ 45.4MB) ├██████████████████████████████████████──┤[1/2]   11 MB/s
2025-04-07 16:57:10,718 - DEBUG - you-get输出: 94.1% ( 42.8/ 45.4MB) ├██████████████████████████████████████──┤[1/2]    7 MB/s
2025-04-07 16:57:10,812 - DEBUG - you-get输出: 94.3% ( 42.8/ 45.4MB) ├██████████████████████████████████████──┤[1/2]   43 MB/s
2025-04-07 16:57:10,813 - DEBUG - you-get输出: 94.8% ( 43.1/ 45.4MB) ├██████████████████████████████████████──┤[2/2]  590 kB/s
2025-04-07 16:57:10,830 - DEBUG - you-get输出: 95.4% ( 43.3/ 45.4MB) ├███████████████████████████████████████─┤[2/2]    6 MB/s
2025-04-07 16:57:10,934 - INFO - 视频 《原神》角色演示-「八 重 蔡 子」 下载完成
2025-04-07 16:57:11,211 - INFO - 暂停下载：《原神》角色演示-「芙宁娜：全程跑调」
2025-04-07 16:57:13,648 - INFO - 继续下载：《原神》角色演示-「芙宁娜：全程跑调」
2025-04-07 16:57:15,558 - DEBUG - you-get输出: site:                Bilibili
2025-04-07 16:57:15,559 - DEBUG - you-get输出: title:               《原神》角色演示-「芙宁娜：全程跑调」
2025-04-07 16:57:15,572 - DEBUG - you-get输出: stream:
2025-04-07 16:57:15,586 - DEBUG - you-get输出: - format:        dash-flv-AVC
2025-04-07 16:57:15,598 - DEBUG - you-get输出: container:     mp4
2025-04-07 16:57:15,609 - DEBUG - you-get输出: quality:       高清 1080P avc1.640033
2025-04-07 16:57:15,620 - DEBUG - you-get输出: size:          75.5 MiB (79116407 bytes)
2025-04-07 16:57:15,630 - DEBUG - you-get输出: # download-with: you-get --format=dash-flv-AVC [URL]
2025-04-07 16:57:15,638 - DEBUG - you-get输出: Downloading 《原神》角色演示-「芙宁娜：全程跑调」.mp4 ...
2025-04-07 16:57:15,954 - DEBUG - you-get输出: 0.0% (  0.0/ 75.5MB) ├────────────────────────────────────────┤[1/2]
2025-04-07 16:57:15,989 - DEBUG - you-get输出: 0.3% (  0.2/ 75.5MB) ├────────────────────────────────────────┤[1/2]  647 kB/s
2025-04-07 16:57:16,013 - DEBUG - you-get输出: 0.7% (  0.5/ 75.5MB) ├────────────────────────────────────────┤[1/2]    7 MB/s
2025-04-07 16:57:16,033 - DEBUG - you-get输出: 1.0% (  0.8/ 75.5MB) ├█───────────────────────────────────────┤[1/2]   10 MB/s
2025-04-07 16:57:16,065 - DEBUG - you-get输出: 1.3% (  1.0/ 75.5MB) ├█───────────────────────────────────────┤[1/2]   13 MB/s
2025-04-07 16:57:16,099 - DEBUG - you-get输出: 1.7% (  1.2/ 75.5MB) ├█───────────────────────────────────────┤[1/2]    8 MB/s
2025-04-07 16:57:16,102 - DEBUG - you-get输出: 2.0% (  1.5/ 75.5MB) ├█───────────────────────────────────────┤[1/2]   17 MB/s
2025-04-07 16:57:16,126 - DEBUG - you-get输出: 2.3% (  1.8/ 75.5MB) ├█───────────────────────────────────────┤[1/2]   11 MB/s
2025-04-07 16:57:16,142 - DEBUG - you-get输出: 2.7% (  2.0/ 75.5MB) ├█───────────────────────────────────────┤[1/2]   11 MB/s
2025-04-07 16:57:16,167 - DEBUG - you-get输出: 3.0% (  2.2/ 75.5MB) ├██──────────────────────────────────────┤[1/2]   15 MB/s
2025-04-07 16:57:16,200 - DEBUG - you-get输出: 3.3% (  2.5/ 75.5MB) ├██──────────────────────────────────────┤[1/2]   10 MB/s
2025-04-07 16:57:16,210 - DEBUG - you-get输出: 3.6% (  2.8/ 75.5MB) ├██──────────────────────────────────────┤[1/2]   20 MB/s
2025-04-07 16:57:16,221 - DEBUG - you-get输出: 4.0% (  3.0/ 75.5MB) ├██──────────────────────────────────────┤[1/2]    8 MB/s
2025-04-07 16:57:16,250 - DEBUG - you-get输出: 4.3% (  3.2/ 75.5MB) ├██──────────────────────────────────────┤[1/2]   23 MB/s
2025-04-07 16:57:16,259 - DEBUG - you-get输出: 4.6% (  3.5/ 75.5MB) ├██──────────────────────────────────────┤[1/2]    9 MB/s
2025-04-07 16:57:16,468 - DEBUG - you-get输出: 5.0% (  3.8/ 75.5MB) ├███─────────────────────────────────────┤[1/2]   27 MB/s
2025-04-07 16:57:16,523 - DEBUG - you-get输出: 5.3% (  4.0/ 75.5MB) ├███─────────────────────────────────────┤[1/2]    1 MB/s
2025-04-07 16:57:16,523 - DEBUG - you-get输出: 5.6% (  4.2/ 75.5MB) ├███─────────────────────────────────────┤[1/2]   10 MB/s
2025-04-07 16:57:16,542 - DEBUG - you-get输出: 6.0% (  4.5/ 75.5MB) ├███─────────────────────────────────────┤[1/2]   10 MB/s
2025-04-07 16:57:16,578 - DEBUG - you-get输出: 6.3% (  4.8/ 75.5MB) ├███─────────────────────────────────────┤[1/2]   11 MB/s
2025-04-07 16:57:17,089 - INFO - 暂停下载：《原神》角色演示-「芙宁娜：全程跑调」
2025-04-07 16:57:17,131 - DEBUG - you-get输出: 6.6% (  5.0/ 75.5MB) ├███─────────────────────────────────────┤[1/2]    7 MB/s
2025-04-07 16:57:17,189 - DEBUG - you-get输出: 7.0% (  5.2/ 75.5MB) ├███─────────────────────────────────────┤[1/2]   13 MB/s
2025-04-07 16:57:17,189 - DEBUG - you-get输出: 7.3% (  5.5/ 75.5MB) ├███─────────────────────────────────────┤[1/2]   13 MB/s
2025-04-07 16:57:17,211 - DEBUG - you-get输出: 7.6% (  5.8/ 75.5MB) ├███─────────────────────────────────────┤[1/2]   10 MB/s
2025-04-07 16:57:17,230 - DEBUG - you-get输出: 8.0% (  6.0/ 75.5MB) ├████────────────────────────────────────┤[1/2]    2 MB/s
2025-04-07 16:57:17,283 - DEBUG - you-get输出: 8.3% (  6.2/ 75.5MB) ├████────────────────────────────────────┤[1/2]   11 MB/s
2025-04-07 16:57:17,284 - DEBUG - you-get输出: 8.6% (  6.5/ 75.5MB) ├████────────────────────────────────────┤[1/2]   10 MB/s
2025-04-07 16:57:17,303 - DEBUG - you-get输出: 8.9% (  6.8/ 75.5MB) ├████────────────────────────────────────┤[1/2]   10 MB/s
2025-04-07 16:57:17,321 - DEBUG - you-get输出: 9.3% (  7.0/ 75.5MB) ├████────────────────────────────────────┤[1/2]    9 MB/s
2025-04-07 16:57:17,340 - DEBUG - you-get输出: 9.6% (  7.2/ 75.5MB) ├████────────────────────────────────────┤[1/2]   12 MB/s
2025-04-07 16:57:17,397 - DEBUG - you-get输出: 9.9% (  7.5/ 75.5MB) ├████────────────────────────────────────┤[1/2]   10 MB/s
2025-04-07 16:57:17,397 - DEBUG - you-get输出: 10.3% (  7.8/ 75.5MB) ├█████───────────────────────────────────┤[1/2]    8 MB/s
2025-04-07 16:57:17,416 - DEBUG - you-get输出: 10.6% (  8.0/ 75.5MB) ├█████───────────────────────────────────┤[1/2]  730 kB/s
2025-04-07 16:57:17,435 - DEBUG - you-get输出: 10.9% (  8.2/ 75.5MB) ├█████───────────────────────────────────┤[1/2]   10 MB/s
2025-04-07 16:57:17,454 - DEBUG - you-get输出: 11.3% (  8.5/ 75.5MB) ├█████───────────────────────────────────┤[1/2]   10 MB/s
2025-04-07 16:57:17,538 - DEBUG - you-get输出: 11.6% (  8.8/ 75.5MB) ├█████───────────────────────────────────┤[1/2]   10 MB/s
2025-04-07 16:57:17,539 - DEBUG - you-get输出: 11.9% (  9.0/ 75.5MB) ├█████───────────────────────────────────┤[1/2]    5 MB/s
2025-04-07 16:57:17,558 - DEBUG - you-get输出: 12.3% (  9.2/ 75.5MB) ├█████───────────────────────────────────┤[1/2]   10 MB/s
2025-04-07 16:57:17,618 - DEBUG - you-get输出: 12.6% (  9.5/ 75.5MB) ├█████───────────────────────────────────┤[1/2]   10 MB/s
2025-04-07 16:57:17,675 - DEBUG - you-get输出: 12.9% (  9.8/ 75.5MB) ├█████───────────────────────────────────┤[1/2]   11 MB/s
2025-04-07 16:57:17,742 - DEBUG - you-get输出: 13.3% ( 10.0/ 75.5MB) ├██████──────────────────────────────────┤[1/2]    2 MB/s
2025-04-07 16:57:17,762 - DEBUG - you-get输出: 13.6% ( 10.2/ 75.5MB) ├██████──────────────────────────────────┤[1/2]   10 MB/s
2025-04-07 16:57:17,784 - DEBUG - you-get输出: 13.9% ( 10.5/ 75.5MB) ├██████──────────────────────────────────┤[1/2]    4 MB/s
2025-04-07 16:57:18,131 - DEBUG - you-get输出: 14.2% ( 10.8/ 75.5MB) ├██████──────────────────────────────────┤[1/2]   11 MB/s
2025-04-07 16:57:18,177 - DEBUG - you-get输出: 14.6% ( 11.0/ 75.5MB) ├██████──────────────────────────────────┤[1/2]  738 kB/s
2025-04-07 16:57:18,177 - DEBUG - you-get输出: 14.9% ( 11.2/ 75.5MB) ├██████──────────────────────────────────┤[1/2]   12 MB/s
2025-04-07 16:57:18,201 - DEBUG - you-get输出: 15.2% ( 11.5/ 75.5MB) ├███████─────────────────────────────────┤[1/2]   11 MB/s
2025-04-07 16:57:18,499 - DEBUG - you-get输出: 15.6% ( 11.8/ 75.5MB) ├███████─────────────────────────────────┤[1/2]   10 MB/s
2025-04-07 16:57:18,632 - DEBUG - you-get输出: 15.9% ( 12.0/ 75.5MB) ├███████─────────────────────────────────┤[1/2]  862 kB/s
2025-04-07 16:57:18,690 - DEBUG - you-get输出: 16.2% ( 12.2/ 75.5MB) ├███████─────────────────────────────────┤[1/2]    2 MB/s
2025-04-07 16:57:18,690 - DEBUG - you-get输出: 16.6% ( 12.5/ 75.5MB) ├███████─────────────────────────────────┤[1/2]   11 MB/s
2025-04-07 16:57:18,709 - DEBUG - you-get输出: 16.9% ( 12.8/ 75.5MB) ├███████─────────────────────────────────┤[1/2]   11 MB/s
2025-04-07 16:57:18,734 - DEBUG - you-get输出: 17.2% ( 13.0/ 75.5MB) ├███████─────────────────────────────────┤[1/2]    8 MB/s
2025-04-07 16:57:18,788 - DEBUG - you-get输出: 17.6% ( 13.2/ 75.5MB) ├███████─────────────────────────────────┤[1/2]   10 MB/s
2025-04-07 16:57:18,789 - DEBUG - you-get输出: 17.9% ( 13.5/ 75.5MB) ├███████─────────────────────────────────┤[1/2]   14 MB/s
2025-04-07 16:57:18,873 - DEBUG - you-get输出: site:                Bilibili
2025-04-07 16:57:18,874 - DEBUG - you-get输出: title:               【星穹铁道】卡芙卡PV——「戏剧性漏气」
2025-04-07 16:57:18,891 - DEBUG - you-get输出: stream:
2025-04-07 16:57:18,906 - DEBUG - you-get输出: - format:        dash-flv-AVC
2025-04-07 16:57:18,920 - DEBUG - you-get输出: 18.2% ( 13.8/ 75.5MB) ├████████────────────────────────────────┤[1/2]   14 MB/s
2025-04-07 16:57:18,921 - DEBUG - you-get输出: container:     mp4
2025-04-07 16:57:18,951 - DEBUG - you-get输出: quality:       高清 1080P avc1.640032
2025-04-07 16:57:18,963 - DEBUG - you-get输出: size:          31.6 MiB (33108996 bytes)
2025-04-07 16:57:18,976 - DEBUG - you-get输出: # download-with: you-get --format=dash-flv-AVC [URL]
2025-04-07 16:57:18,987 - DEBUG - you-get输出: Downloading 【星穹铁道】卡芙卡PV——「戏剧性漏气」.mp4 ...
2025-04-07 16:57:19,025 - DEBUG - you-get输出: 18.6% ( 14.0/ 75.5MB) ├████████────────────────────────────────┤[1/2]    2 MB/s
2025-04-07 16:57:19,025 - DEBUG - you-get输出: 18.9% ( 14.2/ 75.5MB) ├████████────────────────────────────────┤[1/2]   11 MB/s
2025-04-07 16:57:19,070 - DEBUG - you-get输出: 19.2% ( 14.5/ 75.5MB) ├████████────────────────────────────────┤[1/2]   12 MB/s
2025-04-07 16:57:19,070 - DEBUG - you-get输出: 19.5% ( 14.8/ 75.5MB) ├████████────────────────────────────────┤[1/2]   11 MB/s
2025-04-07 16:57:19,084 - DEBUG - you-get输出: 19.9% ( 15.0/ 75.5MB) ├████████────────────────────────────────┤[1/2]    4 MB/s
2025-04-07 16:57:19,098 - DEBUG - you-get输出: 20.2% ( 15.2/ 75.5MB) ├█████████───────────────────────────────┤[1/2]   11 MB/s
2025-04-07 16:57:19,133 - DEBUG - you-get输出: 20.5% ( 15.5/ 75.5MB) ├█████████───────────────────────────────┤[1/2]   13 MB/s
2025-04-07 16:57:19,359 - DEBUG - you-get输出: 0.0% (  0.0/ 31.6MB) ├────────────────────────────────────────┤[1/2]
2025-04-07 16:57:19,404 - DEBUG - you-get输出: 0.8% (  0.2/ 31.6MB) ├────────────────────────────────────────┤[1/2]  527 kB/s
2025-04-07 16:57:19,429 - DEBUG - you-get输出: 20.9% ( 15.8/ 75.5MB) ├█████████───────────────────────────────┤[1/2]    7 MB/s
2025-04-07 16:57:19,447 - DEBUG - you-get输出: 1.6% (  0.5/ 31.6MB) ├█───────────────────────────────────────┤[1/2]    6 MB/s
2025-04-07 16:57:19,464 - DEBUG - you-get输出: 2.4% (  0.8/ 31.6MB) ├█───────────────────────────────────────┤[1/2]    6 MB/s
2025-04-07 16:57:19,508 - DEBUG - you-get输出: 3.2% (  1.0/ 31.6MB) ├██──────────────────────────────────────┤[1/2]   14 MB/s
2025-04-07 16:57:19,513 - DEBUG - you-get输出: 4.0% (  1.2/ 31.6MB) ├██──────────────────────────────────────┤[1/2]    9 MB/s
2025-04-07 16:57:19,534 - DEBUG - you-get输出: 4.8% (  1.5/ 31.6MB) ├██──────────────────────────────────────┤[1/2]   12 MB/s
2025-04-07 16:57:19,546 - DEBUG - you-get输出: 5.5% (  1.8/ 31.6MB) ├███─────────────────────────────────────┤[1/2]   12 MB/s
2025-04-07 16:57:19,563 - DEBUG - you-get输出: 6.3% (  2.0/ 31.6MB) ├███─────────────────────────────────────┤[1/2]   37 MB/s
2025-04-07 16:57:19,621 - DEBUG - you-get输出: 7.1% (  2.2/ 31.6MB) ├███─────────────────────────────────────┤[1/2]   14 MB/s
2025-04-07 16:57:19,621 - DEBUG - you-get输出: 21.2% ( 16.0/ 75.5MB) ├█████████───────────────────────────────┤[1/2]  863 kB/s
2025-04-07 16:57:19,622 - DEBUG - you-get输出: 7.9% (  2.5/ 31.6MB) ├███─────────────────────────────────────┤[1/2]   36 MB/s
2025-04-07 16:57:19,660 - DEBUG - you-get输出: 8.7% (  2.8/ 31.6MB) ├████────────────────────────────────────┤[1/2]    8 MB/s
2025-04-07 16:57:19,678 - DEBUG - you-get输出: 9.5% (  3.0/ 31.6MB) ├████────────────────────────────────────┤[1/2]   37 MB/s
2025-04-07 16:57:20,365 - INFO - 取消所有下载
