2025-04-07 17:01:48,724 - INFO - 开始登录...
2025-04-07 17:01:48,724 - INFO - 尝试刷新登录状态...
2025-04-07 17:01:48,973 - INFO - 登录刷新成功!
2025-04-07 17:01:48,974 - INFO - 登录成功!
2025-04-07 17:01:48,978 - INFO - 成功创建Netscape格式的cookies文件
2025-04-07 17:01:48,979 - DEBUG - 更新后的Cookie信息: {'SESSDATA': 'af3fc7d9%2C1759568509%2C9f9b9841CjDDUpo6QikVUOZpojaK59QJ5zrIR1ZX6moA4w9_hmZq8BRS0Mtj2ayLkUOD-FDLOIISVlE1QS1ZS1hpbXV4VXRfMFg3TW1PWkJzaDA3c2l6bktWRWswdmZUUy1KbmhKQlNCQm1Sc2Z0aGpGNTJFQnR4WkF6NWtmdzJEanZoVmhUbU5ZVWN1RzRRIIEC', 'bili_jct': '14819e00ce43f146d3c20661fd2ce4ec', 'DedeUserID': '501695519', 'DedeUserID__ckMd5': '3584d425f96fc469', 'sid': 'qjqgox15'}
2025-04-07 17:01:48,989 - DEBUG - 开始验证登录状态...
2025-04-07 17:01:48,996 - DEBUG - 当前Cookie信息: {'SESSDATA': 'af3fc7d9%2C1759568509%2C9f9b9841CjDDUpo6QikVUOZpojaK59QJ5zrIR1ZX6moA4w9_hmZq8BRS0Mtj2ayLkUOD-FDLOIISVlE1QS1ZS1hpbXV4VXRfMFg3TW1PWkJzaDA3c2l6bktWRWswdmZUUy1KbmhKQlNCQm1Sc2Z0aGpGNTJFQnR4WkF6NWtmdzJEanZoVmhUbU5ZVWN1RzRRIIEC', 'bili_jct': '14819e00ce43f146d3c20661fd2ce4ec', 'buvid3': ''}
2025-04-07 17:01:48,996 - DEBUG - 发送验证请求...
2025-04-07 17:01:49,185 - DEBUG - 验证响应: {'code': 0, 'message': '0', 'ttl': 1, 'data': {'isLogin': True, 'email_verified': 1, 'face': 'https://i2.hdslb.com/bfs/face/8d6df08d48ff886b6d2d52cc07b5e167fc472f96.jpg', 'face_nft': 0, 'face_nft_type': 0, 'level_info': {'current_level': 5, 'current_min': 10800, 'current_exp': 18144, 'next_exp': 28800}, 'mid': 501695519, 'mobile_verified': 1, 'money': 280.2, 'moral': 70, 'official': {'role': 0, 'title': '', 'desc': '', 'type': -1}, 'officialVerify': {'type': -1, 'desc': ''}, 'pendant': {'pid': 0, 'name': '', 'image': '', 'expire': 0, 'image_enhance': '', 'image_enhance_frame': '', 'n_pid': 0}, 'scores': 0, 'uname': '取个好昵称真费劲', 'vipDueDate': 0, 'vipStatus': 0, 'vipType': 0, 'vip_pay_type': 0, 'vip_theme_type': 0, 'vip_label': {'path': '', 'text': '', 'label_theme': '', 'text_color': '', 'bg_style': 0, 'bg_color': '', 'border_color': '', 'use_img_label': True, 'img_label_uri_hans': '', 'img_label_uri_hant': '', 'img_label_uri_hans_static': 'https://i0.hdslb.com/bfs/vip/d7b702ef65a976b20ed854cbd04cb9e27341bb79.png', 'img_label_uri_hant_static': 'https://i0.hdslb.com/bfs/activity-plat/static/20220614/e369244d0b14644f5e1a06431e22a4d5/KJunwh19T5.png'}, 'vip_avatar_subscript': 0, 'vip_nickname_color': '', 'vip': {'type': 0, 'status': 0, 'due_date': 0, 'vip_pay_type': 0, 'theme_type': 0, 'label': {'path': '', 'text': '', 'label_theme': '', 'text_color': '', 'bg_style': 0, 'bg_color': '', 'border_color': '', 'use_img_label': True, 'img_label_uri_hans': '', 'img_label_uri_hant': '', 'img_label_uri_hans_static': 'https://i0.hdslb.com/bfs/vip/d7b702ef65a976b20ed854cbd04cb9e27341bb79.png', 'img_label_uri_hant_static': 'https://i0.hdslb.com/bfs/activity-plat/static/20220614/e369244d0b14644f5e1a06431e22a4d5/KJunwh19T5.png'}, 'avatar_subscript': 0, 'nickname_color': '', 'role': 0, 'avatar_subscript_url': '', 'tv_vip_status': 0, 'tv_vip_pay_type': 0, 'tv_due_date': 0, 'avatar_icon': {'icon_resource': {}}}, 'wallet': {'mid': 501695519, 'bcoin_balance': 0, 'coupon_balance': 0, 'coupon_due_time': 0}, 'has_shop': False, 'shop_url': '', 'answer_status': 0, 'is_senior_member': 0, 'wbi_img': {'img_url': 'https://i0.hdslb.com/bfs/wbi/7cd084941338484aae1ad9425b84077c.png', 'sub_url': 'https://i0.hdslb.com/bfs/wbi/4932caff0ff746eab6f01bf08b70ac45.png'}, 'is_jury': False, 'name_render': None}}
2025-04-07 17:01:49,187 - INFO - 成功创建Netscape格式的cookies文件
2025-04-07 17:01:49,385 - INFO - 登录状态有效：取个好昵称真费劲
2025-04-07 17:01:49,780 - DEBUG - 开始验证登录状态...
2025-04-07 17:01:49,780 - DEBUG - 当前Cookie信息: {'SESSDATA': 'af3fc7d9%2C1759568509%2C9f9b9841CjDDUpo6QikVUOZpojaK59QJ5zrIR1ZX6moA4w9_hmZq8BRS0Mtj2ayLkUOD-FDLOIISVlE1QS1ZS1hpbXV4VXRfMFg3TW1PWkJzaDA3c2l6bktWRWswdmZUUy1KbmhKQlNCQm1Sc2Z0aGpGNTJFQnR4WkF6NWtmdzJEanZoVmhUbU5ZVWN1RzRRIIEC', 'bili_jct': '14819e00ce43f146d3c20661fd2ce4ec', 'buvid3': ''}
2025-04-07 17:01:49,780 - DEBUG - 发送验证请求...
2025-04-07 17:01:49,953 - DEBUG - 验证响应: {'code': 0, 'message': '0', 'ttl': 1, 'data': {'isLogin': True, 'email_verified': 1, 'face': 'https://i2.hdslb.com/bfs/face/8d6df08d48ff886b6d2d52cc07b5e167fc472f96.jpg', 'face_nft': 0, 'face_nft_type': 0, 'level_info': {'current_level': 5, 'current_min': 10800, 'current_exp': 18144, 'next_exp': 28800}, 'mid': 501695519, 'mobile_verified': 1, 'money': 280.2, 'moral': 70, 'official': {'role': 0, 'title': '', 'desc': '', 'type': -1}, 'officialVerify': {'type': -1, 'desc': ''}, 'pendant': {'pid': 0, 'name': '', 'image': '', 'expire': 0, 'image_enhance': '', 'image_enhance_frame': '', 'n_pid': 0}, 'scores': 0, 'uname': '取个好昵称真费劲', 'vipDueDate': 0, 'vipStatus': 0, 'vipType': 0, 'vip_pay_type': 0, 'vip_theme_type': 0, 'vip_label': {'path': '', 'text': '', 'label_theme': '', 'text_color': '', 'bg_style': 0, 'bg_color': '', 'border_color': '', 'use_img_label': True, 'img_label_uri_hans': '', 'img_label_uri_hant': '', 'img_label_uri_hans_static': 'https://i0.hdslb.com/bfs/vip/d7b702ef65a976b20ed854cbd04cb9e27341bb79.png', 'img_label_uri_hant_static': 'https://i0.hdslb.com/bfs/activity-plat/static/20220614/e369244d0b14644f5e1a06431e22a4d5/KJunwh19T5.png'}, 'vip_avatar_subscript': 0, 'vip_nickname_color': '', 'vip': {'type': 0, 'status': 0, 'due_date': 0, 'vip_pay_type': 0, 'theme_type': 0, 'label': {'path': '', 'text': '', 'label_theme': '', 'text_color': '', 'bg_style': 0, 'bg_color': '', 'border_color': '', 'use_img_label': True, 'img_label_uri_hans': '', 'img_label_uri_hant': '', 'img_label_uri_hans_static': 'https://i0.hdslb.com/bfs/vip/d7b702ef65a976b20ed854cbd04cb9e27341bb79.png', 'img_label_uri_hant_static': 'https://i0.hdslb.com/bfs/activity-plat/static/20220614/e369244d0b14644f5e1a06431e22a4d5/KJunwh19T5.png'}, 'avatar_subscript': 0, 'nickname_color': '', 'role': 0, 'avatar_subscript_url': '', 'tv_vip_status': 0, 'tv_vip_pay_type': 0, 'tv_due_date': 0, 'avatar_icon': {'icon_resource': {}}}, 'wallet': {'mid': 501695519, 'bcoin_balance': 0, 'coupon_balance': 0, 'coupon_due_time': 0}, 'has_shop': False, 'shop_url': '', 'answer_status': 0, 'is_senior_member': 0, 'wbi_img': {'img_url': 'https://i0.hdslb.com/bfs/wbi/7cd084941338484aae1ad9425b84077c.png', 'sub_url': 'https://i0.hdslb.com/bfs/wbi/4932caff0ff746eab6f01bf08b70ac45.png'}, 'is_jury': False, 'name_render': None}}
2025-04-07 17:01:49,954 - INFO - 成功创建Netscape格式的cookies文件
2025-04-07 17:01:49,955 - INFO - 登录状态有效：取个好昵称真费劲
2025-04-07 17:01:49,956 - INFO - 开始获取用户 501695519 的收藏夹 3473636419
2025-04-07 17:01:50,567 - INFO - 共找到 6 个视频
2025-04-07 17:01:50,917 - INFO - 使用缓存的格式信息：BV1uD421T7bx
2025-04-07 17:01:50,917 - INFO - 使用缓存的格式信息：BV1AcNpegEt1
2025-04-07 17:01:50,917 - INFO - 使用缓存的格式信息：BV1tM411B7NA
2025-04-07 17:01:50,995 - INFO - 完成获取格式：视频 BV1uD421T7bx
2025-04-07 17:01:51,221 - INFO - 完成获取格式：视频 BV1AcNpegEt1
2025-04-07 17:01:51,254 - INFO - 完成获取格式：视频 BV1tM411B7NA
2025-04-07 17:01:51,255 - INFO - 格式信息获取进度: 3/6
2025-04-07 17:01:51,290 - INFO - 使用缓存的格式信息：BV1X341177zi
2025-04-07 17:01:51,290 - INFO - 使用缓存的格式信息：BV11u4y1B71e
2025-04-07 17:01:51,290 - INFO - 使用缓存的格式信息：BV1pu4y1N7KM
2025-04-07 17:01:51,359 - INFO - 完成获取格式：视频 BV1X341177zi
2025-04-07 17:01:51,474 - INFO - 完成获取格式：视频 BV11u4y1B71e
2025-04-07 17:01:51,514 - INFO - 完成获取格式：视频 BV1pu4y1N7KM
2025-04-07 17:01:51,559 - INFO - 格式信息获取进度: 6/6
2025-04-07 17:01:51,601 - INFO - 所有视频格式获取完成
2025-04-07 17:01:54,132 - INFO - 为视频 不眠之夜，但全程一个调 选择格式：高清 1080P avc1.640032 (dash-flv-AVC) (代码: dash-flv-AVC)
2025-04-07 17:01:54,133 - INFO - 为视频 你 从 丹 东 来 ，想 吃 广 东 菜！🖐😭🤚 选择格式：高清 1080P avc1.640032 (dash-flv-AVC) (代码: dash-flv-AVC)
2025-04-07 17:01:54,133 - INFO - 为视频 《原神》角色演示-「珐露珊：百岁珊」 选择格式：高清 1080P avc1.640032 (dash-flv-AVC) (代码: dash-flv-AVC)
2025-04-07 17:01:54,133 - INFO - 为视频 《原神》角色演示-「八 重 蔡 子」 选择格式：高清 1080P avc1.640032 (dash-flv-AVC) (代码: dash-flv-AVC)
2025-04-07 17:01:54,134 - INFO - 为视频 《原神》角色演示-「芙宁娜：全程跑调」 选择格式：高清 1080P avc1.640033 (dash-flv-AVC) (代码: dash-flv-AVC)
2025-04-07 17:01:54,134 - INFO - 为视频 【星穹铁道】卡芙卡PV——「戏剧性漏气」 选择格式：高清 1080P avc1.640032 (dash-flv-AVC) (代码: dash-flv-AVC)
2025-04-07 17:01:56,083 - INFO - 弹幕下载状态: 禁用
2025-04-07 17:01:56,103 - INFO - 跳过下载视频 不眠之夜，但全程一个调 的弹幕
2025-04-07 17:01:56,112 - INFO - 弹幕下载状态: 禁用
2025-04-07 17:01:56,114 - DEBUG - 下载命令: "you-get" --format=dash-flv-AVC -o "D:/System/Desktop" -c "cookies.txt" --no-caption "https://www.bilibili.com/video/BV1uD421T7bx"
2025-04-07 17:01:56,124 - INFO - 弹幕下载状态: 禁用
2025-04-07 17:01:56,126 - INFO - 跳过下载视频 你 从 丹 东 来 ，想 吃 广 东 菜！🖐😭🤚 的弹幕
2025-04-07 17:01:56,147 - INFO - 跳过下载视频 《原神》角色演示-「珐露珊：百岁珊」 的弹幕
2025-04-07 17:01:56,157 - DEBUG - 下载命令: "you-get" --format=dash-flv-AVC -o "D:/System/Desktop" -c "cookies.txt" --no-caption "https://www.bilibili.com/video/BV1AcNpegEt1"
2025-04-07 17:01:56,166 - DEBUG - 下载命令: "you-get" --format=dash-flv-AVC -o "D:/System/Desktop" -c "cookies.txt" --no-caption "https://www.bilibili.com/video/BV1tM411B7NA"
2025-04-07 17:02:11,122 - DEBUG - you-get输出: site:                Bilibili
2025-04-07 17:02:11,123 - DEBUG - you-get输出: title:               你 从 丹 东 来 ，想 吃 广 东 菜！🖐😭🤚
2025-04-07 17:02:11,137 - DEBUG - you-get输出: stream:
2025-04-07 17:02:11,150 - DEBUG - you-get输出: - format:        dash-flv-AVC
2025-04-07 17:02:11,162 - DEBUG - you-get输出: container:     mp4
2025-04-07 17:02:11,174 - DEBUG - you-get输出: quality:       高清 1080P avc1.640032
2025-04-07 17:02:11,185 - DEBUG - you-get输出: size:          20.9 MiB (21958102 bytes)
2025-04-07 17:02:11,197 - DEBUG - you-get输出: # download-with: you-get --format=dash-flv-AVC [URL]
2025-04-07 17:02:11,208 - DEBUG - you-get输出: Downloading 你 从 丹 东 来 ，想 吃 广 东 菜！🖐😭🤚.mp4 ...
2025-04-07 17:02:11,641 - INFO - 暂停所有下载
2025-04-07 17:02:11,734 - DEBUG - you-get输出: 0.0% (  0.0/ 20.9MB) ├────────────────────────────────────────┤[1/2]
2025-04-07 17:02:11,800 - DEBUG - you-get输出: 1.2% (  0.2/ 20.9MB) ├█───────────────────────────────────────┤[1/2]  419 kB/s
2025-04-07 17:02:11,849 - DEBUG - you-get输出: 2.4% (  0.5/ 20.9MB) ├█───────────────────────────────────────┤[1/2]    4 MB/s
2025-04-07 17:02:11,871 - DEBUG - you-get输出: 3.6% (  0.8/ 20.9MB) ├██──────────────────────────────────────┤[1/2]    5 MB/s
2025-04-07 17:02:11,911 - DEBUG - you-get输出: 4.8% (  1.0/ 20.9MB) ├██──────────────────────────────────────┤[1/2]   11 MB/s
2025-04-07 17:02:11,923 - DEBUG - you-get输出: 6.0% (  1.2/ 20.9MB) ├███─────────────────────────────────────┤[1/2]    8 MB/s
2025-04-07 17:02:11,936 - DEBUG - you-get输出: 7.2% (  1.5/ 20.9MB) ├███─────────────────────────────────────┤[1/2]   12 MB/s
2025-04-07 17:02:11,982 - DEBUG - you-get输出: 8.4% (  1.8/ 20.9MB) ├████────────────────────────────────────┤[1/2]   18 MB/s
2025-04-07 17:02:12,017 - DEBUG - you-get输出: 9.6% (  2.0/ 20.9MB) ├████────────────────────────────────────┤[1/2]    6 MB/s
2025-04-07 17:02:12,018 - DEBUG - you-get输出: 10.7% (  2.2/ 20.9MB) ├█████───────────────────────────────────┤[1/2]   12 MB/s
2025-04-07 17:02:12,046 - DEBUG - you-get输出: 11.9% (  2.5/ 20.9MB) ├█████───────────────────────────────────┤[1/2]   37 MB/s
2025-04-07 17:02:12,052 - DEBUG - you-get输出: 13.1% (  2.8/ 20.9MB) ├██████──────────────────────────────────┤[1/2]    7 MB/s
2025-04-07 17:02:12,068 - DEBUG - you-get输出: 14.3% (  3.0/ 20.9MB) ├██████──────────────────────────────────┤[1/2]   40 MB/s
2025-04-07 17:02:12,155 - DEBUG - you-get输出: 15.5% (  3.2/ 20.9MB) ├███████─────────────────────────────────┤[1/2]   16 MB/s
2025-04-07 17:02:12,156 - DEBUG - you-get输出: 16.7% (  3.5/ 20.9MB) ├███████─────────────────────────────────┤[1/2]   33 MB/s
2025-04-07 17:02:12,175 - DEBUG - you-get输出: 17.9% (  3.8/ 20.9MB) ├███████─────────────────────────────────┤[1/2]    6 MB/s
2025-04-07 17:02:12,242 - DEBUG - you-get输出: 19.1% (  4.0/ 20.9MB) ├████████────────────────────────────────┤[1/2]   28 MB/s
2025-04-07 17:02:12,243 - DEBUG - you-get输出: 20.3% (  4.2/ 20.9MB) ├█████████───────────────────────────────┤[1/2]   30 MB/s
2025-04-07 17:02:12,262 - DEBUG - you-get输出: 21.5% (  4.5/ 20.9MB) ├█████████───────────────────────────────┤[1/2]    6 MB/s
2025-04-07 17:02:12,284 - DEBUG - you-get输出: 22.7% (  4.8/ 20.9MB) ├█████████───────────────────────────────┤[1/2]   28 MB/s
2025-04-07 17:02:12,345 - DEBUG - you-get输出: 23.9% (  5.0/ 20.9MB) ├██████████──────────────────────────────┤[1/2]   23 MB/s
2025-04-07 17:02:12,345 - DEBUG - you-get输出: 25.1% (  5.2/ 20.9MB) ├███████████─────────────────────────────┤[1/2]   25 MB/s
2025-04-07 17:02:12,364 - DEBUG - you-get输出: 26.3% (  5.5/ 20.9MB) ├███████████─────────────────────────────┤[1/2]    6 MB/s
2025-04-07 17:02:12,384 - DEBUG - you-get输出: 27.5% (  5.8/ 20.9MB) ├███████████─────────────────────────────┤[1/2]   29 MB/s
2025-04-07 17:02:12,451 - DEBUG - you-get输出: 28.7% (  6.0/ 20.9MB) ├████████████────────────────────────────┤[1/2]   40 MB/s
2025-04-07 17:02:12,452 - DEBUG - you-get输出: 29.8% (  6.2/ 20.9MB) ├████████████────────────────────────────┤[1/2]    6 MB/s
2025-04-07 17:02:12,472 - DEBUG - you-get输出: 31.0% (  6.5/ 20.9MB) ├█████████████───────────────────────────┤[1/2]   20 MB/s
2025-04-07 17:02:12,490 - DEBUG - you-get输出: 32.2% (  6.8/ 20.9MB) ├█████████████───────────────────────────┤[1/2]   19 MB/s
2025-04-07 17:02:12,577 - DEBUG - you-get输出: 33.4% (  7.0/ 20.9MB) ├██████████████──────────────────────────┤[1/2]    7 MB/s
2025-04-07 17:02:12,578 - DEBUG - you-get输出: 34.6% (  7.2/ 20.9MB) ├██████████████──────────────────────────┤[1/2]   17 MB/s
2025-04-07 17:02:12,597 - DEBUG - you-get输出: 35.8% (  7.5/ 20.9MB) ├███████████████─────────────────────────┤[1/2]   35 MB/s
2025-04-07 17:02:12,661 - DEBUG - you-get输出: 37.0% (  7.8/ 20.9MB) ├███████████████─────────────────────────┤[1/2]    7 MB/s
2025-04-07 17:02:12,661 - DEBUG - you-get输出: 38.2% (  8.0/ 20.9MB) ├████████████████────────────────────────┤[1/2]   14 MB/s
2025-04-07 17:02:12,680 - DEBUG - you-get输出: 39.4% (  8.2/ 20.9MB) ├████████████████────────────────────────┤[1/2]   33 MB/s
2025-04-07 17:02:12,698 - DEBUG - you-get输出: 40.6% (  8.5/ 20.9MB) ├█████████████████───────────────────────┤[1/2]    7 MB/s
2025-04-07 17:02:12,762 - DEBUG - you-get输出: 41.8% (  8.8/ 20.9MB) ├█████████████████───────────────────────┤[1/2]   39 MB/s
2025-04-07 17:02:12,763 - DEBUG - you-get输出: 43.0% (  9.0/ 20.9MB) ├██████████████████──────────────────────┤[1/2]   16 MB/s
2025-04-07 17:02:12,781 - DEBUG - you-get输出: 44.2% (  9.2/ 20.9MB) ├██████████████████──────────────────────┤[1/2]    6 MB/s
2025-04-07 17:02:12,799 - DEBUG - you-get输出: 45.4% (  9.5/ 20.9MB) ├███████████████████─────────────────────┤[1/2]   36 MB/s
2025-04-07 17:02:12,816 - DEBUG - you-get输出: 46.6% (  9.8/ 20.9MB) ├███████████████████─────────────────────┤[1/2]   24 MB/s
2025-04-07 17:02:12,885 - DEBUG - you-get输出: 47.8% ( 10.0/ 20.9MB) ├███████████████████─────────────────────┤[1/2]    5 MB/s
2025-04-07 17:02:12,885 - DEBUG - you-get输出: 48.9% ( 10.2/ 20.9MB) ├████████████████████────────────────────┤[1/2]   25 MB/s
2025-04-07 17:02:12,910 - DEBUG - you-get输出: 50.1% ( 10.5/ 20.9MB) ├█████████████████████───────────────────┤[1/2]   38 MB/s
2025-04-07 17:02:12,930 - DEBUG - you-get输出: 51.3% ( 10.8/ 20.9MB) ├█████████████████████───────────────────┤[1/2]    4 MB/s
2025-04-07 17:02:12,995 - DEBUG - you-get输出: 52.5% ( 11.0/ 20.9MB) ├█████████████████████───────────────────┤[1/2]   26 MB/s
2025-04-07 17:02:12,996 - DEBUG - you-get输出: 53.7% ( 11.2/ 20.9MB) ├██████████████████████──────────────────┤[1/2]   34 MB/s
2025-04-07 17:02:13,015 - DEBUG - you-get输出: 54.9% ( 11.5/ 20.9MB) ├██████████████████████──────────────────┤[1/2]   12 MB/s
2025-04-07 17:02:13,035 - DEBUG - you-get输出: 56.1% ( 11.8/ 20.9MB) ├███████████████████████─────────────────┤[1/2]    7 MB/s
2025-04-07 17:02:13,093 - DEBUG - you-get输出: 57.3% ( 12.0/ 20.9MB) ├███████████████████████─────────────────┤[1/2]   10 MB/s
2025-04-07 17:02:13,094 - DEBUG - you-get输出: 58.5% ( 12.2/ 20.9MB) ├████████████████████████────────────────┤[1/2]   13 MB/s
2025-04-07 17:02:13,114 - DEBUG - you-get输出: 59.7% ( 12.5/ 20.9MB) ├████████████████████████────────────────┤[1/2]   16 MB/s
2025-04-07 17:02:13,132 - DEBUG - you-get输出: 60.9% ( 12.8/ 20.9MB) ├█████████████████████████───────────────┤[1/2]   24 MB/s
2025-04-07 17:02:13,151 - DEBUG - you-get输出: 62.1% ( 13.0/ 20.9MB) ├█████████████████████████───────────────┤[1/2]    8 MB/s
2025-04-07 17:02:13,213 - DEBUG - you-get输出: 63.3% ( 13.2/ 20.9MB) ├██████████████████████████──────────────┤[1/2]   34 MB/s
2025-04-07 17:02:13,214 - DEBUG - you-get输出: 64.5% ( 13.5/ 20.9MB) ├██████████████████████████──────────────┤[1/2]   12 MB/s
2025-04-07 17:02:13,233 - DEBUG - you-get输出: 65.7% ( 13.8/ 20.9MB) ├███████████████████████████─────────────┤[1/2]    8 MB/s
2025-04-07 17:02:13,252 - DEBUG - you-get输出: 66.9% ( 14.0/ 20.9MB) ├███████████████████████████─────────────┤[1/2]   12 MB/s
2025-04-07 17:02:13,270 - DEBUG - you-get输出: 68.0% ( 14.2/ 20.9MB) ├████████████████████████████────────────┤[1/2]   14 MB/s
2025-04-07 17:02:13,325 - DEBUG - you-get输出: 69.2% ( 14.5/ 20.9MB) ├████████████████████████████────────────┤[1/2]   17 MB/s
2025-04-07 17:02:13,326 - DEBUG - you-get输出: 70.4% ( 14.8/ 20.9MB) ├█████████████████████████████───────────┤[1/2]   11 MB/s
2025-04-07 17:02:13,344 - DEBUG - you-get输出: 71.6% ( 15.0/ 20.9MB) ├█████████████████████████████───────────┤[1/2]   12 MB/s
2025-04-07 17:02:13,361 - DEBUG - you-get输出: 72.8% ( 15.2/ 20.9MB) ├█████████████████████████████───────────┤[1/2]   28 MB/s
2025-04-07 17:02:13,379 - DEBUG - you-get输出: 74.0% ( 15.5/ 20.9MB) ├██████████████████████████████──────────┤[1/2]    8 MB/s
2025-04-07 17:02:13,431 - DEBUG - you-get输出: 75.2% ( 15.8/ 20.9MB) ├███████████████████████████████─────────┤[1/2]   12 MB/s
2025-04-07 17:02:13,432 - DEBUG - you-get输出: 76.4% ( 16.0/ 20.9MB) ├███████████████████████████████─────────┤[1/2]   45 MB/s
2025-04-07 17:02:13,450 - DEBUG - you-get输出: 77.6% ( 16.2/ 20.9MB) ├███████████████████████████████─────────┤[1/2]    8 MB/s
2025-04-07 17:02:13,466 - DEBUG - you-get输出: 78.8% ( 16.5/ 20.9MB) ├████████████████████████████████────────┤[1/2]   20 MB/s
2025-04-07 17:02:13,484 - DEBUG - you-get输出: 80.0% ( 16.8/ 20.9MB) ├█████████████████████████████████───────┤[1/2]    8 MB/s
2025-04-07 17:02:13,539 - DEBUG - you-get输出: 81.2% ( 17.0/ 20.9MB) ├█████████████████████████████████───────┤[1/2]   14 MB/s
2025-04-07 17:02:13,540 - DEBUG - you-get输出: 82.4% ( 17.2/ 20.9MB) ├█████████████████████████████████───────┤[1/2]   32 MB/s
2025-04-07 17:02:13,557 - DEBUG - you-get输出: 83.6% ( 17.5/ 20.9MB) ├██████████████████████████████████──────┤[1/2]    8 MB/s
2025-04-07 17:02:13,573 - DEBUG - you-get输出: 84.8% ( 17.8/ 20.9MB) ├██████████████████████████████████──────┤[1/2]   32 MB/s
2025-04-07 17:02:13,591 - DEBUG - you-get输出: 86.0% ( 18.0/ 20.9MB) ├███████████████████████████████████─────┤[1/2]   11 MB/s
2025-04-07 17:02:13,767 - DEBUG - you-get输出: site:                Bilibili
2025-04-07 17:02:13,768 - DEBUG - you-get输出: title:               不眠之夜，但全程一个调
2025-04-07 17:02:13,785 - DEBUG - you-get输出: stream:
2025-04-07 17:02:13,800 - DEBUG - you-get输出: - format:        dash-flv-AVC
2025-04-07 17:02:13,817 - DEBUG - you-get输出: container:     mp4
2025-04-07 17:02:13,831 - DEBUG - you-get输出: quality:       高清 1080P avc1.640032
2025-04-07 17:02:13,844 - DEBUG - you-get输出: 86.7% ( 18.2/ 20.9MB) ├███████████████████████████████████─────┤[1/2]   42 MB/s
2025-04-07 17:02:13,845 - DEBUG - you-get输出: size:          28.3 MiB (29635259 bytes)
2025-04-07 17:02:13,869 - DEBUG - you-get输出: # download-with: you-get --format=dash-flv-AVC [URL]
2025-04-07 17:02:13,880 - DEBUG - you-get输出: Downloading 不眠之夜，但全程一个调.mp4 ...
2025-04-07 17:02:13,919 - DEBUG - you-get输出: 87.9% ( 18.4/ 20.9MB) ├███████████████████████████████████─────┤[2/2]  441 kB/s
2025-04-07 17:02:13,952 - DEBUG - you-get输出: 89.1% ( 18.7/ 20.9MB) ├████████████████████████████████████────┤[2/2]    5 MB/s
2025-04-07 17:02:13,970 - DEBUG - you-get输出: 90.3% ( 18.9/ 20.9MB) ├█████████████████████████████████████───┤[2/2]    5 MB/s
2025-04-07 17:02:14,007 - DEBUG - you-get输出: 91.5% ( 19.2/ 20.9MB) ├█████████████████████████████████████───┤[2/2]   14 MB/s
2025-04-07 17:02:14,027 - DEBUG - you-get输出: 92.7% ( 19.4/ 20.9MB) ├█████████████████████████████████████───┤[2/2]    7 MB/s
2025-04-07 17:02:14,045 - DEBUG - you-get输出: 93.9% ( 19.7/ 20.9MB) ├██████████████████████████████████████──┤[2/2]   12 MB/s
2025-04-07 17:02:14,072 - DEBUG - you-get输出: 95.1% ( 19.9/ 20.9MB) ├███████████████████████████████████████─┤[2/2]   14 MB/s
2025-04-07 17:02:14,110 - DEBUG - you-get输出: 96.3% ( 20.2/ 20.9MB) ├███████████████████████████████████████─┤[2/2]    9 MB/s
2025-04-07 17:02:14,110 - DEBUG - you-get输出: 97.5% ( 20.4/ 20.9MB) ├███████████████████████████████████████─┤[2/2]   33 MB/s
2025-04-07 17:02:14,125 - DEBUG - you-get输出: 98.7% ( 20.7/ 20.9MB) ├████████████████████████████████████████┤[2/2]   10 MB/s
2025-04-07 17:02:14,141 - DEBUG - you-get输出: 99.9% ( 20.9/ 20.9MB) ├████████████████████████████████████████┤[2/2]   43 MB/s
2025-04-07 17:02:14,157 - DEBUG - you-get输出: 100% ( 20.9/ 20.9MB) ├████████████████████████████████████████┤[2/2]    7 MB/s
2025-04-07 17:02:14,230 - INFO - 视频 你 从 丹 东 来 ，想 吃 广 东 菜！🖐😭🤚 下载完成
2025-04-07 17:02:14,265 - INFO - 弹幕下载状态: 禁用
2025-04-07 17:02:14,266 - INFO - 跳过下载视频 《原神》角色演示-「八 重 蔡 子」 的弹幕
2025-04-07 17:02:14,281 - DEBUG - 下载命令: "you-get" --format=dash-flv-AVC -o "D:/System/Desktop" -c "cookies.txt" --no-caption "https://www.bilibili.com/video/BV1X341177zi"
2025-04-07 17:02:15,703 - DEBUG - you-get输出: 0.0% (  0.0/ 28.3MB) ├────────────────────────────────────────┤[1/2]
2025-04-07 17:02:15,755 - DEBUG - you-get输出: 0.9% (  0.2/ 28.3MB) ├────────────────────────────────────────┤[1/2]  132 kB/s
2025-04-07 17:02:15,789 - DEBUG - you-get输出: 1.8% (  0.5/ 28.3MB) ├█───────────────────────────────────────┤[1/2]    5 MB/s
2025-04-07 17:02:15,835 - DEBUG - you-get输出: 2.7% (  0.8/ 28.3MB) ├█───────────────────────────────────────┤[1/2]    7 MB/s
2025-04-07 17:02:15,898 - DEBUG - you-get输出: 3.5% (  1.0/ 28.3MB) ├██──────────────────────────────────────┤[1/2]    5 MB/s
2025-04-07 17:02:15,908 - DEBUG - you-get输出: 4.4% (  1.2/ 28.3MB) ├██──────────────────────────────────────┤[1/2]    7 MB/s
2025-04-07 17:02:15,934 - DEBUG - you-get输出: 5.3% (  1.5/ 28.3MB) ├███─────────────────────────────────────┤[1/2]    7 MB/s
2025-04-07 17:02:15,977 - DEBUG - you-get输出: 6.2% (  1.8/ 28.3MB) ├███─────────────────────────────────────┤[1/2]   10 MB/s
2025-04-07 17:02:15,998 - INFO - 继续所有下载
2025-04-07 17:02:16,014 - DEBUG - you-get输出: 7.1% (  2.0/ 28.3MB) ├███─────────────────────────────────────┤[1/2]    6 MB/s
2025-04-07 17:02:16,037 - DEBUG - you-get输出: 8.0% (  2.2/ 28.3MB) ├████────────────────────────────────────┤[1/2]    7 MB/s
2025-04-07 17:02:16,105 - DEBUG - you-get输出: 8.8% (  2.5/ 28.3MB) ├████────────────────────────────────────┤[1/2]   11 MB/s
2025-04-07 17:02:16,106 - DEBUG - you-get输出: 9.7% (  2.8/ 28.3MB) ├████────────────────────────────────────┤[1/2]    7 MB/s
2025-04-07 17:02:16,147 - DEBUG - you-get输出: 10.6% (  3.0/ 28.3MB) ├█████───────────────────────────────────┤[1/2]   11 MB/s
2025-04-07 17:02:16,178 - DEBUG - you-get输出: 11.5% (  3.2/ 28.3MB) ├█████───────────────────────────────────┤[1/2]    5 MB/s
2025-04-07 17:02:16,238 - DEBUG - you-get输出: 12.4% (  3.5/ 28.3MB) ├█████───────────────────────────────────┤[1/2]    8 MB/s
2025-04-07 17:02:16,240 - DEBUG - you-get输出: 13.3% (  3.8/ 28.3MB) ├██████──────────────────────────────────┤[1/2]    9 MB/s
2025-04-07 17:02:16,288 - DEBUG - you-get输出: 14.2% (  4.0/ 28.3MB) ├██████──────────────────────────────────┤[1/2]    7 MB/s
2025-04-07 17:02:16,338 - DEBUG - you-get输出: 15.0% (  4.2/ 28.3MB) ├███████─────────────────────────────────┤[1/2]    5 MB/s
2025-04-07 17:02:16,349 - DEBUG - you-get输出: 15.9% (  4.5/ 28.3MB) ├███████─────────────────────────────────┤[1/2]   10 MB/s
2025-04-07 17:02:16,374 - DEBUG - you-get输出: 16.8% (  4.8/ 28.3MB) ├███████─────────────────────────────────┤[1/2]    7 MB/s
2025-04-07 17:02:16,423 - DEBUG - you-get输出: 17.7% (  5.0/ 28.3MB) ├███████─────────────────────────────────┤[1/2]   10 MB/s
2025-04-07 17:02:16,468 - DEBUG - you-get输出: 18.6% (  5.2/ 28.3MB) ├████████────────────────────────────────┤[1/2]    5 MB/s
2025-04-07 17:02:16,488 - DEBUG - you-get输出: 19.5% (  5.5/ 28.3MB) ├████████────────────────────────────────┤[1/2]    7 MB/s
2025-04-07 17:02:16,529 - DEBUG - you-get输出: 20.3% (  5.8/ 28.3MB) ├█████████───────────────────────────────┤[1/2]    9 MB/s
2025-04-07 17:02:16,587 - DEBUG - you-get输出: 21.2% (  6.0/ 28.3MB) ├█████████───────────────────────────────┤[1/2]    6 MB/s
2025-04-07 17:02:16,599 - DEBUG - you-get输出: 22.1% (  6.2/ 28.3MB) ├█████████───────────────────────────────┤[1/2]   10 MB/s
2025-04-07 17:02:16,642 - DEBUG - you-get输出: 23.0% (  6.5/ 28.3MB) ├██████████──────────────────────────────┤[1/2]    5 MB/s
2025-04-07 17:02:16,684 - DEBUG - you-get输出: 23.9% (  6.8/ 28.3MB) ├██████████──────────────────────────────┤[1/2]    6 MB/s
2025-04-07 17:02:16,709 - DEBUG - you-get输出: 24.8% (  7.0/ 28.3MB) ├██████████──────────────────────────────┤[1/2]   10 MB/s
2025-04-07 17:02:16,730 - DEBUG - you-get输出: 25.7% (  7.2/ 28.3MB) ├███████████─────────────────────────────┤[1/2]    6 MB/s
2025-04-07 17:02:16,789 - DEBUG - you-get输出: 26.5% (  7.5/ 28.3MB) ├███████████─────────────────────────────┤[1/2]   12 MB/s
2025-04-07 17:02:16,850 - DEBUG - you-get输出: 27.4% (  7.8/ 28.3MB) ├███████████─────────────────────────────┤[1/2]    4 MB/s
2025-04-07 17:02:16,853 - DEBUG - you-get输出: 28.3% (  8.0/ 28.3MB) ├████████████────────────────────────────┤[1/2]   13 MB/s
2025-04-07 17:02:16,872 - DEBUG - you-get输出: 29.2% (  8.2/ 28.3MB) ├████████████────────────────────────────┤[1/2]    6 MB/s
2025-04-07 17:02:16,935 - DEBUG - you-get输出: 30.1% (  8.5/ 28.3MB) ├█████████████───────────────────────────┤[1/2]   13 MB/s
2025-04-07 17:02:16,938 - DEBUG - you-get输出: 31.0% (  8.8/ 28.3MB) ├█████████████───────────────────────────┤[1/2]    6 MB/s
2025-04-07 17:02:16,991 - DEBUG - you-get输出: 31.8% (  9.0/ 28.3MB) ├█████████████───────────────────────────┤[1/2]   12 MB/s
2025-04-07 17:02:17,034 - DEBUG - you-get输出: 32.7% (  9.2/ 28.3MB) ├█████████████───────────────────────────┤[1/2]    5 MB/s
2025-04-07 17:02:17,072 - DEBUG - you-get输出: 33.6% (  9.5/ 28.3MB) ├██████████████──────────────────────────┤[1/2]    6 MB/s
2025-04-07 17:02:17,097 - DEBUG - you-get输出: 34.5% (  9.8/ 28.3MB) ├██████████████──────────────────────────┤[1/2]   12 MB/s
2025-04-07 17:02:17,120 - DEBUG - you-get输出: 35.4% ( 10.0/ 28.3MB) ├███████████████─────────────────────────┤[1/2]    6 MB/s
2025-04-07 17:02:17,170 - DEBUG - you-get输出: 36.3% ( 10.2/ 28.3MB) ├███████████████─────────────────────────┤[1/2]   11 MB/s
2025-04-07 17:02:17,212 - DEBUG - you-get输出: 37.2% ( 10.5/ 28.3MB) ├███████████████─────────────────────────┤[1/2]    5 MB/s
2025-04-07 17:02:17,233 - DEBUG - you-get输出: 38.0% ( 10.8/ 28.3MB) ├████████████████────────────────────────┤[1/2]    7 MB/s
2025-04-07 17:02:17,267 - DEBUG - you-get输出: 38.9% ( 11.0/ 28.3MB) ├████████████████────────────────────────┤[1/2]    9 MB/s
2025-04-07 17:02:17,294 - DEBUG - you-get输出: 39.8% ( 11.2/ 28.3MB) ├████████████████────────────────────────┤[1/2]    7 MB/s
2025-04-07 17:02:17,334 - DEBUG - you-get输出: 40.7% ( 11.5/ 28.3MB) ├█████████████████───────────────────────┤[1/2]    9 MB/s
2025-04-07 17:02:17,383 - DEBUG - you-get输出: 41.6% ( 11.8/ 28.3MB) ├█████████████████───────────────────────┤[1/2]    6 MB/s
2025-04-07 17:02:17,414 - DEBUG - you-get输出: 42.5% ( 12.0/ 28.3MB) ├█████████████████───────────────────────┤[1/2]    5 MB/s
2025-04-07 17:02:17,473 - DEBUG - you-get输出: 43.3% ( 12.2/ 28.3MB) ├██████████████████──────────────────────┤[1/2]    8 MB/s
2025-04-07 17:02:17,482 - DEBUG - you-get输出: 44.2% ( 12.5/ 28.3MB) ├██████████████████──────────────────────┤[1/2]    7 MB/s
2025-04-07 17:02:17,512 - DEBUG - you-get输出: 45.1% ( 12.8/ 28.3MB) ├███████████████████─────────────────────┤[1/2]    8 MB/s
2025-04-07 17:02:17,542 - DEBUG - you-get输出: 46.0% ( 13.0/ 28.3MB) ├███████████████████─────────────────────┤[1/2]    8 MB/s
2025-04-07 17:02:17,598 - DEBUG - you-get输出: 46.9% ( 13.2/ 28.3MB) ├███████████████████─────────────────────┤[1/2]    8 MB/s
2025-04-07 17:02:17,630 - DEBUG - you-get输出: 47.8% ( 13.5/ 28.3MB) ├███████████████████─────────────────────┤[1/2]    5 MB/s
2025-04-07 17:02:17,667 - DEBUG - you-get输出: 48.7% ( 13.8/ 28.3MB) ├████████████████████────────────────────┤[1/2]    7 MB/s
2025-04-07 17:02:17,727 - DEBUG - you-get输出: 49.5% ( 14.0/ 28.3MB) ├████████████████████────────────────────┤[1/2]    7 MB/s
2025-04-07 17:02:17,728 - DEBUG - you-get输出: 50.4% ( 14.2/ 28.3MB) ├█████████████████████───────────────────┤[1/2]   11 MB/s
2025-04-07 17:02:17,778 - DEBUG - you-get输出: 51.3% ( 14.5/ 28.3MB) ├█████████████████████───────────────────┤[1/2]    7 MB/s
2025-04-07 17:02:17,816 - INFO - 暂停所有下载
2025-04-07 17:02:17,856 - DEBUG - you-get输出: 52.2% ( 14.8/ 28.3MB) ├█████████████████████───────────────────┤[1/2]    5 MB/s
2025-04-07 17:02:17,857 - DEBUG - you-get输出: 53.1% ( 15.0/ 28.3MB) ├██████████████████████──────────────────┤[1/2]   10 MB/s
2025-04-07 17:02:17,893 - DEBUG - you-get输出: 54.0% ( 15.2/ 28.3MB) ├██████████████████████──────────────────┤[1/2]    6 MB/s
2025-04-07 17:02:17,947 - DEBUG - you-get输出: 54.8% ( 15.5/ 28.3MB) ├██████████████████████──────────────────┤[1/2]    6 MB/s
2025-04-07 17:02:17,976 - DEBUG - you-get输出: 55.7% ( 15.8/ 28.3MB) ├███████████████████████─────────────────┤[1/2]    8 MB/s
2025-04-07 17:02:18,001 - DEBUG - you-get输出: 56.6% ( 16.0/ 28.3MB) ├███████████████████████─────────────────┤[1/2]    5 MB/s
2025-04-07 17:02:18,041 - DEBUG - you-get输出: 57.5% ( 16.2/ 28.3MB) ├███████████████████████─────────────────┤[1/2]   10 MB/s
2025-04-07 17:02:18,062 - DEBUG - you-get输出: 58.4% ( 16.5/ 28.3MB) ├████████████████████████────────────────┤[1/2]    6 MB/s
2025-04-07 17:02:18,099 - DEBUG - you-get输出: 59.3% ( 16.8/ 28.3MB) ├████████████████████████────────────────┤[1/2]   11 MB/s
2025-04-07 17:02:18,124 - DEBUG - you-get输出: 60.2% ( 17.0/ 28.3MB) ├█████████████████████████───────────────┤[1/2]    7 MB/s
2025-04-07 17:02:18,163 - DEBUG - you-get输出: 61.0% ( 17.2/ 28.3MB) ├█████████████████████████───────────────┤[1/2]   10 MB/s
2025-04-07 17:02:18,206 - DEBUG - you-get输出: 61.9% ( 17.5/ 28.3MB) ├█████████████████████████───────────────┤[1/2]    7 MB/s
2025-04-07 17:02:18,233 - DEBUG - you-get输出: 62.8% ( 17.8/ 28.3MB) ├█████████████████████████───────────────┤[1/2]    5 MB/s
2025-04-07 17:02:18,272 - DEBUG - you-get输出: 63.7% ( 18.0/ 28.3MB) ├██████████████████████████──────────────┤[1/2]    9 MB/s
2025-04-07 17:02:18,295 - DEBUG - you-get输出: 64.6% ( 18.2/ 28.3MB) ├██████████████████████████──────────────┤[1/2]    6 MB/s
2025-04-07 17:02:18,345 - DEBUG - you-get输出: 65.5% ( 18.5/ 28.3MB) ├███████████████████████████─────────────┤[1/2]   11 MB/s
2025-04-07 17:02:18,413 - DEBUG - you-get输出: 66.3% ( 18.8/ 28.3MB) ├███████████████████████████─────────────┤[1/2]    5 MB/s
2025-04-07 17:02:18,413 - DEBUG - you-get输出: 67.2% ( 19.0/ 28.3MB) ├███████████████████████████─────────────┤[1/2]    6 MB/s
2025-04-07 17:02:18,452 - DEBUG - you-get输出: 68.1% ( 19.2/ 28.3MB) ├████████████████████████████────────────┤[1/2]   11 MB/s
2025-04-07 17:02:18,493 - DEBUG - you-get输出: 69.0% ( 19.5/ 28.3MB) ├████████████████████████████────────────┤[1/2]    6 MB/s
2025-04-07 17:02:18,513 - DEBUG - you-get输出: 69.9% ( 19.8/ 28.3MB) ├████████████████████████████────────────┤[1/2]   13 MB/s
2025-04-07 17:02:18,537 - DEBUG - you-get输出: 70.8% ( 20.0/ 28.3MB) ├█████████████████████████████───────────┤[1/2]    6 MB/s
2025-04-07 17:02:18,574 - DEBUG - you-get输出: 71.7% ( 20.2/ 28.3MB) ├█████████████████████████████───────────┤[1/2]   10 MB/s
2025-04-07 17:02:18,625 - DEBUG - you-get输出: 72.5% ( 20.5/ 28.3MB) ├█████████████████████████████───────────┤[1/2]    7 MB/s
2025-04-07 17:02:18,642 - DEBUG - you-get输出: 73.4% ( 20.8/ 28.3MB) ├██████████████████████████████──────────┤[1/2]    5 MB/s
2025-04-07 17:02:18,686 - DEBUG - you-get输出: 74.3% ( 21.0/ 28.3MB) ├██████████████████████████████──────────┤[1/2]   15 MB/s
2025-04-07 17:02:18,725 - DEBUG - you-get输出: 75.2% ( 21.2/ 28.3MB) ├███████████████████████████████─────────┤[1/2]    6 MB/s
2025-04-07 17:02:18,749 - DEBUG - you-get输出: 76.1% ( 21.5/ 28.3MB) ├███████████████████████████████─────────┤[1/2]   11 MB/s
2025-04-07 17:02:18,772 - DEBUG - you-get输出: 77.0% ( 21.8/ 28.3MB) ├███████████████████████████████─────────┤[1/2]    6 MB/s
2025-04-07 17:02:18,820 - DEBUG - you-get输出: 77.8% ( 22.0/ 28.3MB) ├███████████████████████████████─────────┤[1/2]   11 MB/s
2025-04-07 17:02:18,873 - DEBUG - you-get输出: 78.7% ( 22.2/ 28.3MB) ├████████████████████████████████────────┤[1/2]    5 MB/s
2025-04-07 17:02:18,883 - DEBUG - you-get输出: 79.6% ( 22.5/ 28.3MB) ├████████████████████████████████────────┤[1/2]    6 MB/s
2025-04-07 17:02:18,922 - DEBUG - you-get输出: 80.5% ( 22.8/ 28.3MB) ├█████████████████████████████████───────┤[1/2]   11 MB/s
2025-04-07 17:02:18,962 - DEBUG - you-get输出: 81.4% ( 23.0/ 28.3MB) ├█████████████████████████████████───────┤[1/2]    6 MB/s
2025-04-07 17:02:18,980 - INFO - 继续所有下载
2025-04-07 17:02:18,988 - DEBUG - you-get输出: 82.3% ( 23.2/ 28.3MB) ├█████████████████████████████████───────┤[1/2]   11 MB/s
2025-04-07 17:02:19,039 - DEBUG - you-get输出: 83.1% ( 23.5/ 28.3MB) ├██████████████████████████████████──────┤[1/2]    6 MB/s
2025-04-07 17:02:19,076 - DEBUG - you-get输出: 84.0% ( 23.8/ 28.3MB) ├██████████████████████████████████──────┤[1/2]    5 MB/s
2025-04-07 17:02:19,121 - DEBUG - you-get输出: 84.9% ( 24.0/ 28.3MB) ├██████████████████████████████████──────┤[1/2]    9 MB/s
2025-04-07 17:02:19,133 - DEBUG - you-get输出: 85.8% ( 24.2/ 28.3MB) ├███████████████████████████████████─────┤[1/2]    5 MB/s
2025-04-07 17:02:19,183 - DEBUG - you-get输出: 86.7% ( 24.5/ 28.3MB) ├███████████████████████████████████─────┤[1/2]   21 MB/s
2025-04-07 17:02:19,234 - DEBUG - you-get输出: 87.6% ( 24.8/ 28.3MB) ├███████████████████████████████████─────┤[1/2]    5 MB/s
2025-04-07 17:02:19,243 - DEBUG - you-get输出: 88.5% ( 25.0/ 28.3MB) ├████████████████████████████████████────┤[1/2]   21 MB/s
2025-04-07 17:02:19,293 - DEBUG - you-get输出: 89.3% ( 25.2/ 28.3MB) ├████████████████████████████████████────┤[1/2]    5 MB/s
2025-04-07 17:02:19,365 - DEBUG - you-get输出: 90.2% ( 25.5/ 28.3MB) ├█████████████████████████████████████───┤[1/2]    5 MB/s
2025-04-07 17:02:19,366 - DEBUG - you-get输出: 91.1% ( 25.8/ 28.3MB) ├█████████████████████████████████████───┤[1/2]   32 MB/s
2025-04-07 17:02:19,893 - DEBUG - you-get输出: 91.8% ( 25.9/ 28.3MB) ├█████████████████████████████████████───┤[1/2]    4 MB/s
2025-04-07 17:02:19,933 - DEBUG - you-get输出: 92.7% ( 26.2/ 28.3MB) ├█████████████████████████████████████───┤[2/2]  471 kB/s
2025-04-07 17:02:19,960 - DEBUG - you-get输出: 93.6% ( 26.4/ 28.3MB) ├██████████████████████████████████████──┤[2/2]    7 MB/s
2025-04-07 17:02:19,993 - DEBUG - you-get输出: 94.4% ( 26.7/ 28.3MB) ├██████████████████████████████████████──┤[2/2]    8 MB/s
2025-04-07 17:02:20,038 - DEBUG - you-get输出: 95.3% ( 26.9/ 28.3MB) ├███████████████████████████████████████─┤[2/2]    7 MB/s
2025-04-07 17:02:20,040 - DEBUG - you-get输出: 96.2% ( 27.2/ 28.3MB) ├███████████████████████████████████████─┤[2/2]   12 MB/s
2025-04-07 17:02:20,057 - DEBUG - you-get输出: 97.1% ( 27.4/ 28.3MB) ├███████████████████████████████████████─┤[2/2]    9 MB/s
2025-04-07 17:02:20,092 - DEBUG - you-get输出: 98.0% ( 27.7/ 28.3MB) ├████████████████████████████████████████┤[2/2]   14 MB/s
2025-04-07 17:02:20,128 - DEBUG - you-get输出: 98.9% ( 27.9/ 28.3MB) ├████████████████████████████████████████┤[2/2]    7 MB/s
2025-04-07 17:02:20,166 - DEBUG - you-get输出: 99.7% ( 28.2/ 28.3MB) ├████████████████████████████████████████┤[2/2]    7 MB/s
2025-04-07 17:02:20,167 - DEBUG - you-get输出: 100% ( 28.3/ 28.3MB) ├████████████████████████████████████████┤[2/2]   38 MB/s
2025-04-07 17:02:20,213 - DEBUG - you-get输出: Merging video parts... Merged into 不眠之夜，但全程一个调.mp4
2025-04-07 17:02:20,213 - DEBUG - you-get输出: Skipping captions or danmaku.
2025-04-07 17:02:20,247 - INFO - 视频 不眠之夜，但全程一个调 下载完成
2025-04-07 17:02:20,301 - INFO - 弹幕下载状态: 禁用
2025-04-07 17:02:20,302 - INFO - 跳过下载视频 《原神》角色演示-「芙宁娜：全程跑调」 的弹幕
2025-04-07 17:02:20,315 - DEBUG - 下载命令: "you-get" --format=dash-flv-AVC -o "D:/System/Desktop" -c "cookies.txt" --no-caption "https://www.bilibili.com/video/BV1pu4y1N7KM"
2025-04-07 17:02:22,763 - DEBUG - you-get输出: site:                Bilibili
2025-04-07 17:02:22,764 - DEBUG - you-get输出: title:               《原神》角色演示-「珐露珊：百岁珊」 (P1. 《原神》角色演示-「珐露珊：百岁珊」)
2025-04-07 17:02:22,779 - DEBUG - you-get输出: stream:
2025-04-07 17:02:22,792 - DEBUG - you-get输出: - format:        dash-flv-AVC
2025-04-07 17:02:22,804 - DEBUG - you-get输出: container:     mp4
2025-04-07 17:02:22,815 - DEBUG - you-get输出: quality:       高清 1080P avc1.640032
2025-04-07 17:02:22,827 - DEBUG - you-get输出: size:          21.3 MiB (22331947 bytes)
2025-04-07 17:02:22,837 - DEBUG - you-get输出: # download-with: you-get --format=dash-flv-AVC [URL]
2025-04-07 17:02:22,849 - DEBUG - you-get输出: Downloading 《原神》角色演示-「珐露珊：百岁珊」 (P1. 《原神》角色演示-「珐露珊：百岁珊」).mp4 ...
2025-04-07 17:02:23,442 - DEBUG - you-get输出: 0.0% (  0.0/ 21.3MB) ├────────────────────────────────────────┤[1/2]
2025-04-07 17:02:23,493 - DEBUG - you-get输出: 1.2% (  0.2/ 21.3MB) ├█───────────────────────────────────────┤[1/2]  377 kB/s
2025-04-07 17:02:23,538 - DEBUG - you-get输出: 2.3% (  0.5/ 21.3MB) ├█───────────────────────────────────────┤[1/2]    5 MB/s
2025-04-07 17:02:23,574 - DEBUG - you-get输出: 3.5% (  0.8/ 21.3MB) ├██──────────────────────────────────────┤[1/2]    6 MB/s
2025-04-07 17:02:23,610 - DEBUG - you-get输出: 4.7% (  1.0/ 21.3MB) ├██──────────────────────────────────────┤[1/2]    7 MB/s
2025-04-07 17:02:23,645 - DEBUG - you-get输出: 5.9% (  1.2/ 21.3MB) ├███─────────────────────────────────────┤[1/2]   10 MB/s
2025-04-07 17:02:23,679 - DEBUG - you-get输出: 7.0% (  1.5/ 21.3MB) ├███─────────────────────────────────────┤[1/2]    5 MB/s
2025-04-07 17:02:23,730 - DEBUG - you-get输出: 8.2% (  1.8/ 21.3MB) ├████────────────────────────────────────┤[1/2]    7 MB/s
2025-04-07 17:02:23,735 - DEBUG - you-get输出: 9.4% (  2.0/ 21.3MB) ├████────────────────────────────────────┤[1/2]   11 MB/s
2025-04-07 17:02:23,760 - DEBUG - you-get输出: 10.6% (  2.2/ 21.3MB) ├█████───────────────────────────────────┤[1/2]    8 MB/s
2025-04-07 17:02:23,791 - DEBUG - you-get输出: 11.7% (  2.5/ 21.3MB) ├█████───────────────────────────────────┤[1/2]   10 MB/s
2025-04-07 17:02:23,847 - DEBUG - you-get输出: 12.9% (  2.8/ 21.3MB) ├█████───────────────────────────────────┤[1/2]    8 MB/s
2025-04-07 17:02:23,871 - DEBUG - you-get输出: 14.1% (  3.0/ 21.3MB) ├██████──────────────────────────────────┤[1/2]    8 MB/s
2025-04-07 17:02:23,901 - DEBUG - you-get输出: 15.3% (  3.2/ 21.3MB) ├███████─────────────────────────────────┤[1/2]    5 MB/s
2025-04-07 17:02:23,961 - DEBUG - you-get输出: 16.4% (  3.5/ 21.3MB) ├███████─────────────────────────────────┤[1/2]    8 MB/s
2025-04-07 17:02:23,962 - DEBUG - you-get输出: 17.6% (  3.8/ 21.3MB) ├███████─────────────────────────────────┤[1/2]    6 MB/s
2025-04-07 17:02:24,006 - DEBUG - you-get输出: 18.8% (  4.0/ 21.3MB) ├████████────────────────────────────────┤[1/2]   18 MB/s
2025-04-07 17:02:24,058 - DEBUG - you-get输出: 20.0% (  4.2/ 21.3MB) ├█████████───────────────────────────────┤[1/2]    5 MB/s
2025-04-07 17:02:24,076 - DEBUG - you-get输出: 21.1% (  4.5/ 21.3MB) ├█████████───────────────────────────────┤[1/2]   18 MB/s
2025-04-07 17:02:24,128 - DEBUG - you-get输出: 22.3% (  4.8/ 21.3MB) ├█████████───────────────────────────────┤[1/2]    4 MB/s
2025-04-07 17:02:24,165 - DEBUG - you-get输出: 23.5% (  5.0/ 21.3MB) ├██████████──────────────────────────────┤[1/2]    5 MB/s
2025-04-07 17:02:24,188 - DEBUG - you-get输出: 24.7% (  5.2/ 21.3MB) ├██████████──────────────────────────────┤[1/2]   13 MB/s
2025-04-07 17:02:24,210 - DEBUG - you-get输出: 25.8% (  5.5/ 21.3MB) ├███████████─────────────────────────────┤[1/2]    6 MB/s
2025-04-07 17:02:24,260 - DEBUG - you-get输出: 27.0% (  5.8/ 21.3MB) ├███████████─────────────────────────────┤[1/2]   11 MB/s
2025-04-07 17:02:24,314 - DEBUG - you-get输出: 28.2% (  6.0/ 21.3MB) ├████████████────────────────────────────┤[1/2]    5 MB/s
2025-04-07 17:02:24,331 - DEBUG - you-get输出: 29.3% (  6.2/ 21.3MB) ├████████████────────────────────────────┤[1/2]    7 MB/s
2025-04-07 17:02:24,355 - DEBUG - you-get输出: 30.5% (  6.5/ 21.3MB) ├█████████████───────────────────────────┤[1/2]    7 MB/s
2025-04-07 17:02:24,394 - DEBUG - you-get输出: 31.7% (  6.8/ 21.3MB) ├█████████████───────────────────────────┤[1/2]   10 MB/s
2025-04-07 17:02:24,430 - DEBUG - you-get输出: 32.9% (  7.0/ 21.3MB) ├█████████████───────────────────────────┤[1/2]    6 MB/s
2025-04-07 17:02:24,467 - DEBUG - you-get输出: 34.0% (  7.2/ 21.3MB) ├██████████████──────────────────────────┤[1/2]   13 MB/s
2025-04-07 17:02:24,499 - DEBUG - you-get输出: 35.2% (  7.5/ 21.3MB) ├███████████████─────────────────────────┤[1/2]    5 MB/s
2025-04-07 17:02:24,697 - DEBUG - you-get输出: 36.4% (  7.8/ 21.3MB) ├███████████████─────────────────────────┤[1/2]    8 MB/s
2025-04-07 17:02:24,747 - DEBUG - you-get输出: 37.6% (  8.0/ 21.3MB) ├███████████████─────────────────────────┤[1/2]    5 MB/s
2025-04-07 17:02:24,748 - DEBUG - you-get输出: 38.7% (  8.2/ 21.3MB) ├████████████████────────────────────────┤[1/2]    4 MB/s
2025-04-07 17:02:24,767 - DEBUG - you-get输出: 39.9% (  8.5/ 21.3MB) ├████████████████────────────────────────┤[1/2]  279 MB/s
2025-04-07 17:02:24,788 - DEBUG - you-get输出: 41.1% (  8.8/ 21.3MB) ├█████████████████───────────────────────┤[1/2]    4 MB/s
2025-04-07 17:02:24,879 - DEBUG - you-get输出: 42.3% (  9.0/ 21.3MB) ├█████████████████───────────────────────┤[1/2]   25 MB/s
2025-04-07 17:02:24,880 - DEBUG - you-get输出: 43.4% (  9.2/ 21.3MB) ├██████████████████──────────────────────┤[1/2]    5 MB/s
2025-04-07 17:02:24,898 - DEBUG - you-get输出: 44.6% (  9.5/ 21.3MB) ├██████████████████──────────────────────┤[1/2]    5 MB/s
2025-04-07 17:02:24,956 - DEBUG - you-get输出: 45.8% (  9.8/ 21.3MB) ├███████████████████─────────────────────┤[1/2]   16 MB/s
2025-04-07 17:02:24,956 - DEBUG - you-get输出: 47.0% ( 10.0/ 21.3MB) ├███████████████████─────────────────────┤[1/2]    6 MB/s
2025-04-07 17:02:24,974 - DEBUG - you-get输出: 48.1% ( 10.2/ 21.3MB) ├████████████████████────────────────────┤[1/2]   15 MB/s
2025-04-07 17:02:24,993 - DEBUG - you-get输出: 49.3% ( 10.5/ 21.3MB) ├████████████████████────────────────────┤[1/2]    6 MB/s
2025-04-07 17:02:25,011 - DEBUG - you-get输出: 50.5% ( 10.8/ 21.3MB) ├█████████████████████───────────────────┤[1/2]    6 MB/s
2025-04-07 17:02:25,067 - DEBUG - you-get输出: 51.6% ( 11.0/ 21.3MB) ├█████████████████████───────────────────┤[1/2]   12 MB/s
2025-04-07 17:02:25,067 - DEBUG - you-get输出: 52.8% ( 11.2/ 21.3MB) ├█████████████████████───────────────────┤[1/2]    6 MB/s
2025-04-07 17:02:25,086 - DEBUG - you-get输出: 54.0% ( 11.5/ 21.3MB) ├██████████████████████──────────────────┤[1/2]   16 MB/s
2025-04-07 17:02:25,104 - DEBUG - you-get输出: 55.2% ( 11.8/ 21.3MB) ├███████████████████████─────────────────┤[1/2]    6 MB/s
2025-04-07 17:02:25,121 - DEBUG - you-get输出: 56.3% ( 12.0/ 21.3MB) ├███████████████████████─────────────────┤[1/2]    9 MB/s
2025-04-07 17:02:25,182 - DEBUG - you-get输出: 57.5% ( 12.2/ 21.3MB) ├███████████████████████─────────────────┤[1/2]    7 MB/s
2025-04-07 17:02:25,182 - DEBUG - you-get输出: 58.7% ( 12.5/ 21.3MB) ├████████████████████████────────────────┤[1/2]    5 MB/s
2025-04-07 17:02:25,229 - DEBUG - you-get输出: 59.9% ( 12.8/ 21.3MB) ├████████████████████████────────────────┤[1/2]   21 MB/s
2025-04-07 17:02:25,242 - DEBUG - you-get输出: 61.0% ( 13.0/ 21.3MB) ├█████████████████████████───────────────┤[1/2]    5 MB/s
2025-04-07 17:02:25,292 - DEBUG - you-get输出: 62.2% ( 13.2/ 21.3MB) ├█████████████████████████───────────────┤[1/2]   19 MB/s
2025-04-07 17:02:25,304 - DEBUG - you-get输出: 63.4% ( 13.5/ 21.3MB) ├██████████████████████████──────────────┤[1/2]    5 MB/s
2025-04-07 17:02:25,351 - DEBUG - you-get输出: 64.6% ( 13.8/ 21.3MB) ├██████████████████████████──────────────┤[1/2]   22 MB/s
2025-04-07 17:02:25,399 - DEBUG - you-get输出: 65.7% ( 14.0/ 21.3MB) ├███████████████████████████─────────────┤[1/2]    5 MB/s
2025-04-07 17:02:25,412 - DEBUG - you-get输出: 66.9% ( 14.2/ 21.3MB) ├███████████████████████████─────────────┤[1/2]    5 MB/s
2025-04-07 17:02:25,460 - DEBUG - you-get输出: 68.1% ( 14.5/ 21.3MB) ├████████████████████████████────────────┤[1/2]   20 MB/s
2025-04-07 17:02:25,533 - DEBUG - you-get输出: 69.3% ( 14.8/ 21.3MB) ├████████████████████████████────────────┤[1/2]    5 MB/s
2025-04-07 17:02:25,540 - DEBUG - you-get输出: 70.4% ( 15.0/ 21.3MB) ├█████████████████████████████───────────┤[1/2]    5 MB/s
2025-04-07 17:02:25,572 - DEBUG - you-get输出: 71.6% ( 15.2/ 21.3MB) ├█████████████████████████████───────────┤[1/2]   29 MB/s
2025-04-07 17:02:25,654 - DEBUG - you-get输出: 72.8% ( 15.5/ 21.3MB) ├█████████████████████████████───────────┤[1/2]    5 MB/s
2025-04-07 17:02:25,655 - DEBUG - you-get输出: 74.0% ( 15.8/ 21.3MB) ├██████████████████████████████──────────┤[1/2]   24 MB/s
2025-04-07 17:02:25,686 - DEBUG - you-get输出: 75.1% ( 16.0/ 21.3MB) ├███████████████████████████████─────────┤[1/2]    5 MB/s
2025-04-07 17:02:25,777 - DEBUG - you-get输出: 76.3% ( 16.2/ 21.3MB) ├███████████████████████████████─────────┤[1/2]    5 MB/s
2025-04-07 17:02:25,778 - DEBUG - you-get输出: 77.5% ( 16.5/ 21.3MB) ├███████████████████████████████─────────┤[1/2]   25 MB/s
2025-04-07 17:02:25,861 - DEBUG - you-get输出: 78.6% ( 16.8/ 21.3MB) ├████████████████████████████████────────┤[1/2]    6 MB/s
2025-04-07 17:02:25,861 - DEBUG - you-get输出: 79.8% ( 17.0/ 21.3MB) ├████████████████████████████████────────┤[1/2]   21 MB/s
2025-04-07 17:02:25,879 - DEBUG - you-get输出: 81.0% ( 17.2/ 21.3MB) ├█████████████████████████████████───────┤[1/2]    6 MB/s
2025-04-07 17:02:25,956 - DEBUG - you-get输出: 82.2% ( 17.5/ 21.3MB) ├█████████████████████████████████───────┤[1/2]    5 MB/s
2025-04-07 17:02:25,956 - DEBUG - you-get输出: 83.3% ( 17.8/ 21.3MB) ├██████████████████████████████████──────┤[1/2]   26 MB/s
2025-04-07 17:02:25,975 - DEBUG - you-get输出: 84.5% ( 18.0/ 21.3MB) ├██████████████████████████████████──────┤[1/2]    5 MB/s
2025-04-07 17:02:25,992 - DEBUG - you-get输出: 85.7% ( 18.2/ 21.3MB) ├███████████████████████████████████─────┤[1/2]   11 MB/s
