2025-04-07 16:23:50,378 - INFO - 开始登录...
2025-04-07 16:23:50,379 - INFO - 尝试刷新登录状态...
2025-04-07 16:23:50,698 - INFO - 登录刷新成功!
2025-04-07 16:23:50,699 - INFO - 登录成功!
2025-04-07 16:23:50,703 - ERROR - 读取登录信息失败: 'BiliFavGUI' object has no attribute 'create_netscape_cookies'
2025-04-07 16:23:50,713 - DEBUG - 开始验证登录状态...
2025-04-07 16:23:50,716 - DEBUG - 当前Cookie信息: {'SESSDATA': '0f81b276%2C1759566230%2Cb47dc541CjCXKijUFI0JaMfrHsrXvAJIKMbupZlekgdvIiK2EHccgoiGak3KgooJKMaQfDvbnEoSVlQzNFZtQkdfdVJxVzVLd0RTN25fRkd1ek9EWVdRZ0tMa1dHZlB0OXdWSWdKOVc2d1lSR2tFcVRLZ0NUYTZOcTgtT1BaRnRsbzR4bXFhLVBUdm93Q0JRIIEC', 'bili_jct': 'cb926f7e83caae456e42e3b2406522e6', 'buvid3': ''}
2025-04-07 16:23:50,721 - DEBUG - 发送验证请求...
2025-04-07 16:23:51,082 - DEBUG - 验证响应: {'code': 0, 'message': '0', 'ttl': 1, 'data': {'isLogin': True, 'email_verified': 1, 'face': 'https://i2.hdslb.com/bfs/face/8d6df08d48ff886b6d2d52cc07b5e167fc472f96.jpg', 'face_nft': 0, 'face_nft_type': 0, 'level_info': {'current_level': 5, 'current_min': 10800, 'current_exp': 18144, 'next_exp': 28800}, 'mid': 501695519, 'mobile_verified': 1, 'money': 280.2, 'moral': 70, 'official': {'role': 0, 'title': '', 'desc': '', 'type': -1}, 'officialVerify': {'type': -1, 'desc': ''}, 'pendant': {'pid': 0, 'name': '', 'image': '', 'expire': 0, 'image_enhance': '', 'image_enhance_frame': '', 'n_pid': 0}, 'scores': 0, 'uname': '取个好昵称真费劲', 'vipDueDate': 0, 'vipStatus': 0, 'vipType': 0, 'vip_pay_type': 0, 'vip_theme_type': 0, 'vip_label': {'path': '', 'text': '', 'label_theme': '', 'text_color': '', 'bg_style': 0, 'bg_color': '', 'border_color': '', 'use_img_label': True, 'img_label_uri_hans': '', 'img_label_uri_hant': '', 'img_label_uri_hans_static': 'https://i0.hdslb.com/bfs/vip/d7b702ef65a976b20ed854cbd04cb9e27341bb79.png', 'img_label_uri_hant_static': 'https://i0.hdslb.com/bfs/activity-plat/static/20220614/e369244d0b14644f5e1a06431e22a4d5/KJunwh19T5.png'}, 'vip_avatar_subscript': 0, 'vip_nickname_color': '', 'vip': {'type': 0, 'status': 0, 'due_date': 0, 'vip_pay_type': 0, 'theme_type': 0, 'label': {'path': '', 'text': '', 'label_theme': '', 'text_color': '', 'bg_style': 0, 'bg_color': '', 'border_color': '', 'use_img_label': True, 'img_label_uri_hans': '', 'img_label_uri_hant': '', 'img_label_uri_hans_static': 'https://i0.hdslb.com/bfs/vip/d7b702ef65a976b20ed854cbd04cb9e27341bb79.png', 'img_label_uri_hant_static': 'https://i0.hdslb.com/bfs/activity-plat/static/20220614/e369244d0b14644f5e1a06431e22a4d5/KJunwh19T5.png'}, 'avatar_subscript': 0, 'nickname_color': '', 'role': 0, 'avatar_subscript_url': '', 'tv_vip_status': 0, 'tv_vip_pay_type': 0, 'tv_due_date': 0, 'avatar_icon': {'icon_resource': {}}}, 'wallet': {'mid': 501695519, 'bcoin_balance': 0, 'coupon_balance': 0, 'coupon_due_time': 0}, 'has_shop': False, 'shop_url': '', 'answer_status': 0, 'is_senior_member': 0, 'wbi_img': {'img_url': 'https://i0.hdslb.com/bfs/wbi/7cd084941338484aae1ad9425b84077c.png', 'sub_url': 'https://i0.hdslb.com/bfs/wbi/4932caff0ff746eab6f01bf08b70ac45.png'}, 'is_jury': False, 'name_render': None}}
2025-04-07 16:23:51,197 - ERROR - 验证登录状态失败：'BiliFavGUI' object has no attribute 'create_netscape_cookies'
Traceback (most recent call last):
  File "d:\System\Desktop\bilibili\main.py", line 2151, in verify_login
    self.create_netscape_cookies(cookies)
    ^^^^^^^^^^^^^^^^^^^^^^^^^^^^
AttributeError: 'BiliFavGUI' object has no attribute 'create_netscape_cookies'
2025-04-07 16:24:05,820 - DEBUG - 开始验证登录状态...
2025-04-07 16:24:05,821 - DEBUG - 当前Cookie信息: {'SESSDATA': '0f81b276%2C1759566230%2Cb47dc541CjCXKijUFI0JaMfrHsrXvAJIKMbupZlekgdvIiK2EHccgoiGak3KgooJKMaQfDvbnEoSVlQzNFZtQkdfdVJxVzVLd0RTN25fRkd1ek9EWVdRZ0tMa1dHZlB0OXdWSWdKOVc2d1lSR2tFcVRLZ0NUYTZOcTgtT1BaRnRsbzR4bXFhLVBUdm93Q0JRIIEC', 'bili_jct': 'cb926f7e83caae456e42e3b2406522e6', 'buvid3': ''}
2025-04-07 16:24:05,821 - DEBUG - 发送验证请求...
2025-04-07 16:24:05,984 - DEBUG - 验证响应: {'code': 0, 'message': '0', 'ttl': 1, 'data': {'isLogin': True, 'email_verified': 1, 'face': 'https://i2.hdslb.com/bfs/face/8d6df08d48ff886b6d2d52cc07b5e167fc472f96.jpg', 'face_nft': 0, 'face_nft_type': 0, 'level_info': {'current_level': 5, 'current_min': 10800, 'current_exp': 18144, 'next_exp': 28800}, 'mid': 501695519, 'mobile_verified': 1, 'money': 280.2, 'moral': 70, 'official': {'role': 0, 'title': '', 'desc': '', 'type': -1}, 'officialVerify': {'type': -1, 'desc': ''}, 'pendant': {'pid': 0, 'name': '', 'image': '', 'expire': 0, 'image_enhance': '', 'image_enhance_frame': '', 'n_pid': 0}, 'scores': 0, 'uname': '取个好昵称真费劲', 'vipDueDate': 0, 'vipStatus': 0, 'vipType': 0, 'vip_pay_type': 0, 'vip_theme_type': 0, 'vip_label': {'path': '', 'text': '', 'label_theme': '', 'text_color': '', 'bg_style': 0, 'bg_color': '', 'border_color': '', 'use_img_label': True, 'img_label_uri_hans': '', 'img_label_uri_hant': '', 'img_label_uri_hans_static': 'https://i0.hdslb.com/bfs/vip/d7b702ef65a976b20ed854cbd04cb9e27341bb79.png', 'img_label_uri_hant_static': 'https://i0.hdslb.com/bfs/activity-plat/static/20220614/e369244d0b14644f5e1a06431e22a4d5/KJunwh19T5.png'}, 'vip_avatar_subscript': 0, 'vip_nickname_color': '', 'vip': {'type': 0, 'status': 0, 'due_date': 0, 'vip_pay_type': 0, 'theme_type': 0, 'label': {'path': '', 'text': '', 'label_theme': '', 'text_color': '', 'bg_style': 0, 'bg_color': '', 'border_color': '', 'use_img_label': True, 'img_label_uri_hans': '', 'img_label_uri_hant': '', 'img_label_uri_hans_static': 'https://i0.hdslb.com/bfs/vip/d7b702ef65a976b20ed854cbd04cb9e27341bb79.png', 'img_label_uri_hant_static': 'https://i0.hdslb.com/bfs/activity-plat/static/20220614/e369244d0b14644f5e1a06431e22a4d5/KJunwh19T5.png'}, 'avatar_subscript': 0, 'nickname_color': '', 'role': 0, 'avatar_subscript_url': '', 'tv_vip_status': 0, 'tv_vip_pay_type': 0, 'tv_due_date': 0, 'avatar_icon': {'icon_resource': {}}}, 'wallet': {'mid': 501695519, 'bcoin_balance': 0, 'coupon_balance': 0, 'coupon_due_time': 0}, 'has_shop': False, 'shop_url': '', 'answer_status': 0, 'is_senior_member': 0, 'wbi_img': {'img_url': 'https://i0.hdslb.com/bfs/wbi/7cd084941338484aae1ad9425b84077c.png', 'sub_url': 'https://i0.hdslb.com/bfs/wbi/4932caff0ff746eab6f01bf08b70ac45.png'}, 'is_jury': False, 'name_render': None}}
2025-04-07 16:24:05,985 - ERROR - 验证登录状态失败：'BiliFavGUI' object has no attribute 'create_netscape_cookies'
Traceback (most recent call last):
  File "d:\System\Desktop\bilibili\main.py", line 2151, in verify_login
    self.create_netscape_cookies(cookies)
    ^^^^^^^^^^^^^^^^^^^^^^^^^^^^
AttributeError: 'BiliFavGUI' object has no attribute 'create_netscape_cookies'
