2025-04-07 16:31:33,525 - INFO - 开始登录...
2025-04-07 16:31:33,526 - INFO - 尝试刷新登录状态...
2025-04-07 16:31:33,710 - INFO - 登录刷新成功!
2025-04-07 16:31:33,710 - INFO - 登录成功!
2025-04-07 16:31:33,714 - INFO - 成功创建Netscape格式的cookies文件
2025-04-07 16:31:33,714 - DEBUG - 更新后的Cookie信息: {'SESSDATA': '02b0f536%2C1759566693%2Ca25cda41CjC1dtS4qkKA_CKY2chovlDhnRVjX1IZrOP9Db7BRwLO6dZOnEFIOsjN9mygJxeYjLESVlo5WVNLX0EwSUdnRmlaNE14S0UtU2JBLWgtSTNpTU9CTTY2OUlYblVOUTFjdUFYbGJRcUlja0p1V09iSFJlSi00cFk1Nk5waklBZXFWTkxpNjE5R1ZBIIEC', 'bili_jct': '5e3824bc12ce4f94a857d0c3c89b48db', 'DedeUserID': '501695519', 'DedeUserID__ckMd5': '3584d425f96fc469', 'sid': 'qfk5rult'}
2025-04-07 16:31:33,724 - DEBUG - 开始验证登录状态...
2025-04-07 16:31:33,736 - DEBUG - 当前Cookie信息: {'SESSDATA': '02b0f536%2C1759566693%2Ca25cda41CjC1dtS4qkKA_CKY2chovlDhnRVjX1IZrOP9Db7BRwLO6dZOnEFIOsjN9mygJxeYjLESVlo5WVNLX0EwSUdnRmlaNE14S0UtU2JBLWgtSTNpTU9CTTY2OUlYblVOUTFjdUFYbGJRcUlja0p1V09iSFJlSi00cFk1Nk5waklBZXFWTkxpNjE5R1ZBIIEC', 'bili_jct': '5e3824bc12ce4f94a857d0c3c89b48db', 'buvid3': ''}
2025-04-07 16:31:33,736 - DEBUG - 发送验证请求...
2025-04-07 16:31:33,916 - DEBUG - 验证响应: {'code': 0, 'message': '0', 'ttl': 1, 'data': {'isLogin': True, 'email_verified': 1, 'face': 'https://i2.hdslb.com/bfs/face/8d6df08d48ff886b6d2d52cc07b5e167fc472f96.jpg', 'face_nft': 0, 'face_nft_type': 0, 'level_info': {'current_level': 5, 'current_min': 10800, 'current_exp': 18144, 'next_exp': 28800}, 'mid': 501695519, 'mobile_verified': 1, 'money': 280.2, 'moral': 70, 'official': {'role': 0, 'title': '', 'desc': '', 'type': -1}, 'officialVerify': {'type': -1, 'desc': ''}, 'pendant': {'pid': 0, 'name': '', 'image': '', 'expire': 0, 'image_enhance': '', 'image_enhance_frame': '', 'n_pid': 0}, 'scores': 0, 'uname': '取个好昵称真费劲', 'vipDueDate': 0, 'vipStatus': 0, 'vipType': 0, 'vip_pay_type': 0, 'vip_theme_type': 0, 'vip_label': {'path': '', 'text': '', 'label_theme': '', 'text_color': '', 'bg_style': 0, 'bg_color': '', 'border_color': '', 'use_img_label': True, 'img_label_uri_hans': '', 'img_label_uri_hant': '', 'img_label_uri_hans_static': 'https://i0.hdslb.com/bfs/vip/d7b702ef65a976b20ed854cbd04cb9e27341bb79.png', 'img_label_uri_hant_static': 'https://i0.hdslb.com/bfs/activity-plat/static/20220614/e369244d0b14644f5e1a06431e22a4d5/KJunwh19T5.png'}, 'vip_avatar_subscript': 0, 'vip_nickname_color': '', 'vip': {'type': 0, 'status': 0, 'due_date': 0, 'vip_pay_type': 0, 'theme_type': 0, 'label': {'path': '', 'text': '', 'label_theme': '', 'text_color': '', 'bg_style': 0, 'bg_color': '', 'border_color': '', 'use_img_label': True, 'img_label_uri_hans': '', 'img_label_uri_hant': '', 'img_label_uri_hans_static': 'https://i0.hdslb.com/bfs/vip/d7b702ef65a976b20ed854cbd04cb9e27341bb79.png', 'img_label_uri_hant_static': 'https://i0.hdslb.com/bfs/activity-plat/static/20220614/e369244d0b14644f5e1a06431e22a4d5/KJunwh19T5.png'}, 'avatar_subscript': 0, 'nickname_color': '', 'role': 0, 'avatar_subscript_url': '', 'tv_vip_status': 0, 'tv_vip_pay_type': 0, 'tv_due_date': 0, 'avatar_icon': {'icon_resource': {}}}, 'wallet': {'mid': 501695519, 'bcoin_balance': 0, 'coupon_balance': 0, 'coupon_due_time': 0}, 'has_shop': False, 'shop_url': '', 'answer_status': 0, 'is_senior_member': 0, 'wbi_img': {'img_url': 'https://i0.hdslb.com/bfs/wbi/7cd084941338484aae1ad9425b84077c.png', 'sub_url': 'https://i0.hdslb.com/bfs/wbi/4932caff0ff746eab6f01bf08b70ac45.png'}, 'is_jury': False, 'name_render': None}}
2025-04-07 16:31:33,917 - INFO - 成功创建Netscape格式的cookies文件
2025-04-07 16:31:34,104 - INFO - 登录状态有效：取个好昵称真费劲
2025-04-07 16:31:36,974 - DEBUG - 开始验证登录状态...
2025-04-07 16:31:36,974 - DEBUG - 当前Cookie信息: {'SESSDATA': '02b0f536%2C1759566693%2Ca25cda41CjC1dtS4qkKA_CKY2chovlDhnRVjX1IZrOP9Db7BRwLO6dZOnEFIOsjN9mygJxeYjLESVlo5WVNLX0EwSUdnRmlaNE14S0UtU2JBLWgtSTNpTU9CTTY2OUlYblVOUTFjdUFYbGJRcUlja0p1V09iSFJlSi00cFk1Nk5waklBZXFWTkxpNjE5R1ZBIIEC', 'bili_jct': '5e3824bc12ce4f94a857d0c3c89b48db', 'buvid3': ''}
2025-04-07 16:31:36,975 - DEBUG - 发送验证请求...
2025-04-07 16:31:37,415 - DEBUG - 验证响应: {'code': 0, 'message': '0', 'ttl': 1, 'data': {'isLogin': True, 'email_verified': 1, 'face': 'https://i2.hdslb.com/bfs/face/8d6df08d48ff886b6d2d52cc07b5e167fc472f96.jpg', 'face_nft': 0, 'face_nft_type': 0, 'level_info': {'current_level': 5, 'current_min': 10800, 'current_exp': 18144, 'next_exp': 28800}, 'mid': 501695519, 'mobile_verified': 1, 'money': 280.2, 'moral': 70, 'official': {'role': 0, 'title': '', 'desc': '', 'type': -1}, 'officialVerify': {'type': -1, 'desc': ''}, 'pendant': {'pid': 0, 'name': '', 'image': '', 'expire': 0, 'image_enhance': '', 'image_enhance_frame': '', 'n_pid': 0}, 'scores': 0, 'uname': '取个好昵称真费劲', 'vipDueDate': 0, 'vipStatus': 0, 'vipType': 0, 'vip_pay_type': 0, 'vip_theme_type': 0, 'vip_label': {'path': '', 'text': '', 'label_theme': '', 'text_color': '', 'bg_style': 0, 'bg_color': '', 'border_color': '', 'use_img_label': True, 'img_label_uri_hans': '', 'img_label_uri_hant': '', 'img_label_uri_hans_static': 'https://i0.hdslb.com/bfs/vip/d7b702ef65a976b20ed854cbd04cb9e27341bb79.png', 'img_label_uri_hant_static': 'https://i0.hdslb.com/bfs/activity-plat/static/20220614/e369244d0b14644f5e1a06431e22a4d5/KJunwh19T5.png'}, 'vip_avatar_subscript': 0, 'vip_nickname_color': '', 'vip': {'type': 0, 'status': 0, 'due_date': 0, 'vip_pay_type': 0, 'theme_type': 0, 'label': {'path': '', 'text': '', 'label_theme': '', 'text_color': '', 'bg_style': 0, 'bg_color': '', 'border_color': '', 'use_img_label': True, 'img_label_uri_hans': '', 'img_label_uri_hant': '', 'img_label_uri_hans_static': 'https://i0.hdslb.com/bfs/vip/d7b702ef65a976b20ed854cbd04cb9e27341bb79.png', 'img_label_uri_hant_static': 'https://i0.hdslb.com/bfs/activity-plat/static/20220614/e369244d0b14644f5e1a06431e22a4d5/KJunwh19T5.png'}, 'avatar_subscript': 0, 'nickname_color': '', 'role': 0, 'avatar_subscript_url': '', 'tv_vip_status': 0, 'tv_vip_pay_type': 0, 'tv_due_date': 0, 'avatar_icon': {'icon_resource': {}}}, 'wallet': {'mid': 501695519, 'bcoin_balance': 0, 'coupon_balance': 0, 'coupon_due_time': 0}, 'has_shop': False, 'shop_url': '', 'answer_status': 0, 'is_senior_member': 0, 'wbi_img': {'img_url': 'https://i0.hdslb.com/bfs/wbi/7cd084941338484aae1ad9425b84077c.png', 'sub_url': 'https://i0.hdslb.com/bfs/wbi/4932caff0ff746eab6f01bf08b70ac45.png'}, 'is_jury': False, 'name_render': None}}
2025-04-07 16:31:37,417 - INFO - 成功创建Netscape格式的cookies文件
2025-04-07 16:31:37,417 - INFO - 登录状态有效：取个好昵称真费劲
2025-04-07 16:31:37,417 - INFO - 开始获取用户 501695519 的收藏夹 3473636419
2025-04-07 16:31:38,136 - INFO - 共找到 6 个视频，开始获取格式信息...
2025-04-07 16:31:38,500 - INFO - 使用缓存的格式信息：BV1uD421T7bx
2025-04-07 16:31:38,501 - INFO - 使用缓存的格式信息：BV1AcNpegEt1
2025-04-07 16:31:38,501 - INFO - 使用缓存的格式信息：BV1tM411B7NA
2025-04-07 16:31:38,501 - INFO - 使用缓存的格式信息：BV1X341177zi
2025-04-07 16:31:38,501 - INFO - 格式信息获取进度: 1/6
2025-04-07 16:31:38,571 - INFO - 使用缓存的格式信息：BV1pu4y1N7KM
2025-04-07 16:31:38,640 - INFO - 使用缓存的格式信息：BV11u4y1B71e
2025-04-07 16:31:38,818 - INFO - 格式信息获取进度: 2/6
2025-04-07 16:31:38,915 - INFO - 格式信息获取进度: 3/6
2025-04-07 16:31:38,966 - INFO - 格式信息获取进度: 4/6
2025-04-07 16:31:39,001 - INFO - 格式信息获取进度: 5/6
2025-04-07 16:31:39,037 - INFO - 格式信息获取进度: 6/6
2025-04-07 16:31:39,090 - INFO - 所有视频格式获取完成
2025-04-07 16:32:05,239 - INFO - 已添加 4 个视频到下载队列
2025-04-07 16:32:06,725 - INFO - 弹幕下载状态: 禁用
2025-04-07 16:32:06,725 - INFO - 跳过下载视频 不眠之夜，但全程一个调 的弹幕
2025-04-07 16:32:06,767 - INFO - 弹幕下载状态: 禁用
2025-04-07 16:32:06,767 - DEBUG - 下载命令: "you-get" --format=dash-flv-AVC -o "D:/System/Desktop" -c "cookies.txt" --no-caption "https://www.bilibili.com/video/BV1uD421T7bx"
2025-04-07 16:32:06,809 - INFO - 弹幕下载状态: 禁用
2025-04-07 16:32:06,810 - INFO - 跳过下载视频 你 从 丹 东 来 ，想 吃 广 东 菜！🖐😭🤚 的弹幕
2025-04-07 16:32:06,901 - INFO - 跳过下载视频 《原神》角色演示-「珐露珊：百岁珊」 的弹幕
2025-04-07 16:32:06,950 - DEBUG - 下载命令: "you-get" --format=dash-flv-AVC -o "D:/System/Desktop" -c "cookies.txt" --no-caption "https://www.bilibili.com/video/BV1AcNpegEt1"
2025-04-07 16:32:07,019 - DEBUG - 下载命令: "you-get" --format=dash-flv-AVC -o "D:/System/Desktop" -c "cookies.txt" --no-caption "https://www.bilibili.com/video/BV1tM411B7NA"
2025-04-07 16:32:15,571 - DEBUG - you-get输出: site:                Bilibili
2025-04-07 16:32:15,571 - DEBUG - you-get输出: title:               《原神》角色演示-「珐露珊：百岁珊」 (P1. 《原神》角色演示-「珐露珊：百岁珊」)
2025-04-07 16:32:15,581 - DEBUG - you-get输出: stream:
2025-04-07 16:32:15,590 - DEBUG - you-get输出: - format:        dash-flv-AVC
2025-04-07 16:32:15,598 - DEBUG - you-get输出: container:     mp4
2025-04-07 16:32:15,606 - DEBUG - you-get输出: quality:       高清 1080P avc1.640032
2025-04-07 16:32:15,615 - DEBUG - you-get输出: size:          21.3 MiB (22331947 bytes)
2025-04-07 16:32:15,623 - DEBUG - you-get输出: # download-with: you-get --format=dash-flv-AVC [URL]
2025-04-07 16:32:15,632 - DEBUG - you-get输出: Downloading 《原神》角色演示-「珐露珊：百岁珊」 (P1. 《原神》角色演示-「珐露珊：百岁珊」).mp4 ...
2025-04-07 16:32:15,817 - DEBUG - you-get输出: 0.0% (  0.0/ 21.3MB) ├────────────────────────────────────────┤[1/2]
2025-04-07 16:32:15,847 - DEBUG - you-get输出: 1.2% (  0.2/ 21.3MB) ├█───────────────────────────────────────┤[1/2]    1 MB/s
2025-04-07 16:32:15,861 - DEBUG - you-get输出: 2.3% (  0.5/ 21.3MB) ├█───────────────────────────────────────┤[1/2]   14 MB/s
2025-04-07 16:32:15,873 - DEBUG - you-get输出: 3.5% (  0.8/ 21.3MB) ├██──────────────────────────────────────┤[1/2]    9 MB/s
2025-04-07 16:32:15,894 - DEBUG - you-get输出: 4.7% (  1.0/ 21.3MB) ├██──────────────────────────────────────┤[1/2]   20 MB/s
2025-04-07 16:32:15,901 - DEBUG - you-get输出: 5.9% (  1.2/ 21.3MB) ├███─────────────────────────────────────┤[1/2]   12 MB/s
2025-04-07 16:32:15,909 - DEBUG - you-get输出: 7.0% (  1.5/ 21.3MB) ├███─────────────────────────────────────┤[1/2]   39 MB/s
2025-04-07 16:32:15,961 - DEBUG - you-get输出: 8.2% (  1.8/ 21.3MB) ├████────────────────────────────────────┤[1/2]   39 MB/s
2025-04-07 16:32:15,962 - DEBUG - you-get输出: 9.4% (  2.0/ 21.3MB) ├████────────────────────────────────────┤[1/2]   34 MB/s
2025-04-07 16:32:15,976 - DEBUG - you-get输出: 10.6% (  2.2/ 21.3MB) ├█████───────────────────────────────────┤[1/2]   30 MB/s
2025-04-07 16:32:15,990 - DEBUG - you-get输出: 11.7% (  2.5/ 21.3MB) ├█████───────────────────────────────────┤[1/2]   30 MB/s
2025-04-07 16:32:16,006 - DEBUG - you-get输出: 12.9% (  2.8/ 21.3MB) ├█████───────────────────────────────────┤[1/2]   16 MB/s
2025-04-07 16:32:16,022 - DEBUG - you-get输出: 14.1% (  3.0/ 21.3MB) ├██████──────────────────────────────────┤[1/2]   35 MB/s
2025-04-07 16:32:16,082 - DEBUG - you-get输出: 15.3% (  3.2/ 21.3MB) ├███████─────────────────────────────────┤[1/2]   15 MB/s
2025-04-07 16:32:16,082 - DEBUG - you-get输出: 16.4% (  3.5/ 21.3MB) ├███████─────────────────────────────────┤[1/2]   11 MB/s
2025-04-07 16:32:16,099 - DEBUG - you-get输出: 17.6% (  3.8/ 21.3MB) ├███████─────────────────────────────────┤[1/2]   10 MB/s
2025-04-07 16:32:16,116 - DEBUG - you-get输出: 18.8% (  4.0/ 21.3MB) ├████████────────────────────────────────┤[1/2]   16 MB/s
2025-04-07 16:32:16,134 - DEBUG - you-get输出: 20.0% (  4.2/ 21.3MB) ├█████████───────────────────────────────┤[1/2]   27 MB/s
2025-04-07 16:32:16,190 - DEBUG - you-get输出: 21.1% (  4.5/ 21.3MB) ├█████████───────────────────────────────┤[1/2]   14 MB/s
2025-04-07 16:32:16,190 - DEBUG - you-get输出: 22.3% (  4.8/ 21.3MB) ├█████████───────────────────────────────┤[1/2]   11 MB/s
2025-04-07 16:32:16,208 - DEBUG - you-get输出: 23.5% (  5.0/ 21.3MB) ├██████████──────────────────────────────┤[1/2]   11 MB/s
2025-04-07 16:32:16,227 - DEBUG - you-get输出: 24.7% (  5.2/ 21.3MB) ├██████████──────────────────────────────┤[1/2]   22 MB/s
2025-04-07 16:32:16,245 - DEBUG - you-get输出: 25.8% (  5.5/ 21.3MB) ├███████████─────────────────────────────┤[1/2]   38 MB/s
2025-04-07 16:32:16,302 - DEBUG - you-get输出: 27.0% (  5.8/ 21.3MB) ├███████████─────────────────────────────┤[1/2]   19 MB/s
2025-04-07 16:32:16,303 - DEBUG - you-get输出: 28.2% (  6.0/ 21.3MB) ├████████████────────────────────────────┤[1/2]   10 MB/s
2025-04-07 16:32:16,319 - DEBUG - you-get输出: 29.3% (  6.2/ 21.3MB) ├████████████────────────────────────────┤[1/2]   33 MB/s
2025-04-07 16:32:16,335 - DEBUG - you-get输出: 30.5% (  6.5/ 21.3MB) ├█████████████───────────────────────────┤[1/2]   18 MB/s
2025-04-07 16:32:16,353 - DEBUG - you-get输出: 31.7% (  6.8/ 21.3MB) ├█████████████───────────────────────────┤[1/2]    8 MB/s
2025-04-07 16:32:16,410 - DEBUG - you-get输出: 32.9% (  7.0/ 21.3MB) ├█████████████───────────────────────────┤[1/2]   31 MB/s
2025-04-07 16:32:16,410 - DEBUG - you-get输出: 34.0% (  7.2/ 21.3MB) ├██████████████──────────────────────────┤[1/2]   34 MB/s
2025-04-07 16:32:16,427 - DEBUG - you-get输出: 35.2% (  7.5/ 21.3MB) ├███████████████─────────────────────────┤[1/2]   34 MB/s
2025-04-07 16:32:16,443 - DEBUG - you-get输出: 36.4% (  7.8/ 21.3MB) ├███████████████─────────────────────────┤[1/2]   16 MB/s
2025-04-07 16:32:16,459 - DEBUG - you-get输出: 37.6% (  8.0/ 21.3MB) ├███████████████─────────────────────────┤[1/2]   15 MB/s
2025-04-07 16:32:16,511 - DEBUG - you-get输出: 38.7% (  8.2/ 21.3MB) ├████████████████────────────────────────┤[1/2]   12 MB/s
2025-04-07 16:32:16,511 - DEBUG - you-get输出: 39.9% (  8.5/ 21.3MB) ├████████████████────────────────────────┤[1/2]    8 MB/s
2025-04-07 16:32:16,530 - DEBUG - you-get输出: 41.1% (  8.8/ 21.3MB) ├█████████████████───────────────────────┤[1/2]   10 MB/s
2025-04-07 16:32:16,547 - DEBUG - you-get输出: 42.3% (  9.0/ 21.3MB) ├█████████████████───────────────────────┤[1/2]   11 MB/s
2025-04-07 16:32:16,565 - DEBUG - you-get输出: 43.4% (  9.2/ 21.3MB) ├██████████████████──────────────────────┤[1/2]    9 MB/s
2025-04-07 16:32:16,619 - DEBUG - you-get输出: 44.6% (  9.5/ 21.3MB) ├██████████████████──────────────────────┤[1/2]    6 MB/s
2025-04-07 16:32:16,619 - DEBUG - you-get输出: 45.8% (  9.8/ 21.3MB) ├███████████████████─────────────────────┤[1/2]   20 MB/s
2025-04-07 16:32:16,636 - DEBUG - you-get输出: 47.0% ( 10.0/ 21.3MB) ├███████████████████─────────────────────┤[1/2]    7 MB/s
2025-04-07 16:32:16,652 - DEBUG - you-get输出: 48.1% ( 10.2/ 21.3MB) ├████████████████████────────────────────┤[1/2]   19 MB/s
2025-04-07 16:32:16,668 - DEBUG - you-get输出: 49.3% ( 10.5/ 21.3MB) ├████████████████████────────────────────┤[1/2]   10 MB/s
2025-04-07 16:32:16,723 - DEBUG - you-get输出: 50.5% ( 10.8/ 21.3MB) ├█████████████████████───────────────────┤[1/2]   11 MB/s
2025-04-07 16:32:16,724 - DEBUG - you-get输出: 51.6% ( 11.0/ 21.3MB) ├█████████████████████───────────────────┤[1/2]   11 MB/s
2025-04-07 16:32:16,740 - DEBUG - you-get输出: 52.8% ( 11.2/ 21.3MB) ├█████████████████████───────────────────┤[1/2]   10 MB/s
2025-04-07 16:32:16,758 - DEBUG - you-get输出: 54.0% ( 11.5/ 21.3MB) ├██████████████████████──────────────────┤[1/2]   10 MB/s
2025-04-07 16:32:16,776 - DEBUG - you-get输出: 55.2% ( 11.8/ 21.3MB) ├███████████████████████─────────────────┤[1/2]   10 MB/s
2025-04-07 16:32:16,838 - DEBUG - you-get输出: 56.3% ( 12.0/ 21.3MB) ├███████████████████████─────────────────┤[1/2]    9 MB/s
2025-04-07 16:32:16,839 - DEBUG - you-get输出: 57.5% ( 12.2/ 21.3MB) ├███████████████████████─────────────────┤[1/2]    9 MB/s
2025-04-07 16:32:16,856 - DEBUG - you-get输出: 58.7% ( 12.5/ 21.3MB) ├████████████████████████────────────────┤[1/2]   12 MB/s
2025-04-07 16:32:16,873 - DEBUG - you-get输出: 59.9% ( 12.8/ 21.3MB) ├████████████████████████────────────────┤[1/2]    8 MB/s
2025-04-07 16:32:16,889 - DEBUG - you-get输出: 61.0% ( 13.0/ 21.3MB) ├█████████████████████████───────────────┤[1/2]   11 MB/s
2025-04-07 16:32:16,945 - DEBUG - you-get输出: 62.2% ( 13.2/ 21.3MB) ├█████████████████████████───────────────┤[1/2]   11 MB/s
2025-04-07 16:32:16,946 - DEBUG - you-get输出: 63.4% ( 13.5/ 21.3MB) ├██████████████████████████──────────────┤[1/2]   11 MB/s
2025-04-07 16:32:16,963 - DEBUG - you-get输出: 64.6% ( 13.8/ 21.3MB) ├██████████████████████████──────────────┤[1/2]   10 MB/s
2025-04-07 16:32:16,980 - DEBUG - you-get输出: 65.7% ( 14.0/ 21.3MB) ├███████████████████████████─────────────┤[1/2]    9 MB/s
2025-04-07 16:32:16,996 - DEBUG - you-get输出: 66.9% ( 14.2/ 21.3MB) ├███████████████████████████─────────────┤[1/2]   12 MB/s
2025-04-07 16:32:17,053 - DEBUG - you-get输出: 68.1% ( 14.5/ 21.3MB) ├████████████████████████████────────────┤[1/2]    9 MB/s
2025-04-07 16:32:17,053 - DEBUG - you-get输出: 69.3% ( 14.8/ 21.3MB) ├████████████████████████████────────────┤[1/2]   10 MB/s
2025-04-07 16:32:17,070 - DEBUG - you-get输出: 70.4% ( 15.0/ 21.3MB) ├█████████████████████████████───────────┤[1/2]   12 MB/s
2025-04-07 16:32:17,088 - DEBUG - you-get输出: 71.6% ( 15.2/ 21.3MB) ├█████████████████████████████───────────┤[1/2]    8 MB/s
2025-04-07 16:32:17,109 - DEBUG - you-get输出: 72.8% ( 15.5/ 21.3MB) ├█████████████████████████████───────────┤[1/2]   13 MB/s
2025-04-07 16:32:17,169 - DEBUG - you-get输出: 74.0% ( 15.8/ 21.3MB) ├██████████████████████████████──────────┤[1/2]   10 MB/s
2025-04-07 16:32:17,170 - DEBUG - you-get输出: 75.1% ( 16.0/ 21.3MB) ├███████████████████████████████─────────┤[1/2]    8 MB/s
2025-04-07 16:32:17,188 - DEBUG - you-get输出: 76.3% ( 16.2/ 21.3MB) ├███████████████████████████████─────────┤[1/2]   17 MB/s
2025-04-07 16:32:17,205 - DEBUG - you-get输出: 77.5% ( 16.5/ 21.3MB) ├███████████████████████████████─────────┤[1/2]   30 MB/s
2025-04-07 16:32:17,222 - DEBUG - you-get输出: 78.6% ( 16.8/ 21.3MB) ├████████████████████████████████────────┤[1/2]   32 MB/s
2025-04-07 16:32:17,285 - DEBUG - you-get输出: 79.8% ( 17.0/ 21.3MB) ├████████████████████████████████────────┤[1/2]   30 MB/s
2025-04-07 16:32:17,285 - DEBUG - you-get输出: 81.0% ( 17.2/ 21.3MB) ├█████████████████████████████████───────┤[1/2]    8 MB/s
2025-04-07 16:32:17,302 - DEBUG - you-get输出: 82.2% ( 17.5/ 21.3MB) ├█████████████████████████████████───────┤[1/2]   30 MB/s
2025-04-07 16:32:17,320 - DEBUG - you-get输出: 83.3% ( 17.8/ 21.3MB) ├██████████████████████████████████──────┤[1/2]   43 MB/s
2025-04-07 16:32:17,337 - DEBUG - you-get输出: 84.5% ( 18.0/ 21.3MB) ├██████████████████████████████████──────┤[1/2]   10 MB/s
2025-04-07 16:32:17,391 - DEBUG - you-get输出: 85.7% ( 18.2/ 21.3MB) ├███████████████████████████████████─────┤[1/2]   34 MB/s
2025-04-07 16:32:17,392 - DEBUG - you-get输出: 86.9% ( 18.5/ 21.3MB) ├███████████████████████████████████─────┤[1/2]   43 MB/s
2025-04-07 16:32:17,431 - DEBUG - you-get输出: 86.9% ( 18.5/ 21.3MB) ├███████████████████████████████████─────┤[1/2]   12 MB/s
2025-04-07 16:32:17,450 - DEBUG - you-get输出: 88.0% ( 18.8/ 21.3MB) ├████████████████████████████████████────┤[2/2]    1 MB/s
2025-04-07 16:32:17,493 - DEBUG - you-get输出: 89.2% ( 19.0/ 21.3MB) ├████████████████████████████████████────┤[2/2]   14 MB/s
2025-04-07 16:32:17,493 - DEBUG - you-get输出: 90.4% ( 19.3/ 21.3MB) ├█████████████████████████████████████───┤[2/2]   23 MB/s
2025-04-07 16:32:17,511 - DEBUG - you-get输出: 91.6% ( 19.5/ 21.3MB) ├█████████████████████████████████████───┤[2/2]   17 MB/s
2025-04-07 16:32:17,528 - DEBUG - you-get输出: 92.7% ( 19.8/ 21.3MB) ├█████████████████████████████████████───┤[2/2]   16 MB/s
2025-04-07 16:32:17,544 - DEBUG - you-get输出: 93.9% ( 20.0/ 21.3MB) ├██████████████████████████████████████──┤[2/2]   29 MB/s
2025-04-07 16:32:17,598 - DEBUG - you-get输出: 95.1% ( 20.3/ 21.3MB) ├███████████████████████████████████████─┤[2/2]   40 MB/s
2025-04-07 16:32:17,599 - DEBUG - you-get输出: 96.3% ( 20.5/ 21.3MB) ├███████████████████████████████████████─┤[2/2]   30 MB/s
2025-04-07 16:32:17,615 - DEBUG - you-get输出: 97.4% ( 20.8/ 21.3MB) ├███████████████████████████████████████─┤[2/2]   34 MB/s
2025-04-07 16:32:17,631 - DEBUG - you-get输出: 98.6% ( 21.0/ 21.3MB) ├████████████████████████████████████████┤[2/2]   38 MB/s
2025-04-07 16:32:17,648 - DEBUG - you-get输出: 99.8% ( 21.3/ 21.3MB) ├████████████████████████████████████████┤[2/2]   11 MB/s
2025-04-07 16:32:17,700 - INFO - 视频 《原神》角色演示-「珐露珊：百岁珊」 下载完成
2025-04-07 16:32:17,843 - INFO - 弹幕下载状态: 禁用
2025-04-07 16:32:17,864 - INFO - 跳过下载视频 《原神》角色演示-「八 重 蔡 子」 的弹幕
2025-04-07 16:32:17,878 - DEBUG - 下载命令: "you-get" --format=dash-flv-AVC -o "D:/System/Desktop" -c "cookies.txt" --no-caption "https://www.bilibili.com/video/BV1X341177zi"
2025-04-07 16:32:22,764 - DEBUG - you-get输出: site:                Bilibili
2025-04-07 16:32:22,765 - DEBUG - you-get输出: title:               你 从 丹 东 来 ，想 吃 广 东 菜！🖐😭🤚
2025-04-07 16:32:22,778 - DEBUG - you-get输出: stream:
2025-04-07 16:32:22,791 - DEBUG - you-get输出: - format:        dash-flv-AVC
2025-04-07 16:32:22,803 - DEBUG - you-get输出: container:     mp4
2025-04-07 16:32:22,815 - DEBUG - you-get输出: quality:       高清 1080P avc1.640032
2025-04-07 16:32:22,825 - DEBUG - you-get输出: size:          20.9 MiB (21958102 bytes)
2025-04-07 16:32:22,836 - DEBUG - you-get输出: # download-with: you-get --format=dash-flv-AVC [URL]
2025-04-07 16:32:22,846 - DEBUG - you-get输出: Downloading 你 从 丹 东 来 ，想 吃 广 东 菜！🖐😭🤚.mp4 ...
2025-04-07 16:32:23,533 - DEBUG - you-get输出: 0.0% (  0.0/ 20.9MB) ├────────────────────────────────────────┤[1/2]
2025-04-07 16:32:23,596 - DEBUG - you-get输出: 1.2% (  0.2/ 20.9MB) ├█───────────────────────────────────────┤[1/2]  333 kB/s
2025-04-07 16:32:23,645 - DEBUG - you-get输出: 2.4% (  0.5/ 20.9MB) ├█───────────────────────────────────────┤[1/2]    4 MB/s
2025-04-07 16:32:23,690 - DEBUG - you-get输出: 3.6% (  0.8/ 20.9MB) ├██──────────────────────────────────────┤[1/2]    5 MB/s
2025-04-07 16:32:23,721 - DEBUG - you-get输出: 4.8% (  1.0/ 20.9MB) ├██──────────────────────────────────────┤[1/2]    6 MB/s
2025-04-07 16:32:23,767 - DEBUG - you-get输出: 6.0% (  1.2/ 20.9MB) ├███─────────────────────────────────────┤[1/2]    8 MB/s
2025-04-07 16:32:23,800 - DEBUG - you-get输出: 7.2% (  1.5/ 20.9MB) ├███─────────────────────────────────────┤[1/2]    5 MB/s
2025-04-07 16:32:23,835 - DEBUG - you-get输出: 8.4% (  1.8/ 20.9MB) ├████────────────────────────────────────┤[1/2]    8 MB/s
2025-04-07 16:32:23,891 - DEBUG - you-get输出: 9.6% (  2.0/ 20.9MB) ├████────────────────────────────────────┤[1/2]    7 MB/s
2025-04-07 16:32:23,928 - DEBUG - you-get输出: 10.7% (  2.2/ 20.9MB) ├█████───────────────────────────────────┤[1/2]    4 MB/s
2025-04-07 16:32:23,973 - DEBUG - you-get输出: 11.9% (  2.5/ 20.9MB) ├█████───────────────────────────────────┤[1/2]   10 MB/s
2025-04-07 16:32:23,985 - DEBUG - you-get输出: 13.1% (  2.8/ 20.9MB) ├██████──────────────────────────────────┤[1/2]    4 MB/s
2025-04-07 16:32:24,039 - DEBUG - you-get输出: 14.3% (  3.0/ 20.9MB) ├██████──────────────────────────────────┤[1/2]   22 MB/s
2025-04-07 16:32:24,075 - DEBUG - you-get输出: 15.5% (  3.2/ 20.9MB) ├███████─────────────────────────────────┤[1/2]    5 MB/s
2025-04-07 16:32:24,108 - DEBUG - you-get输出: 16.7% (  3.5/ 20.9MB) ├███████─────────────────────────────────┤[1/2]   13 MB/s
2025-04-07 16:32:24,125 - DEBUG - you-get输出: 17.9% (  3.8/ 20.9MB) ├███████─────────────────────────────────┤[1/2]    5 MB/s
2025-04-07 16:32:24,182 - DEBUG - you-get输出: 19.1% (  4.0/ 20.9MB) ├████████────────────────────────────────┤[1/2]   14 MB/s
2025-04-07 16:32:24,231 - DEBUG - you-get输出: 20.3% (  4.2/ 20.9MB) ├█████████───────────────────────────────┤[1/2]    4 MB/s
2025-04-07 16:32:24,251 - DEBUG - you-get输出: 21.5% (  4.5/ 20.9MB) ├█████████───────────────────────────────┤[1/2]    5 MB/s
2025-04-07 16:32:24,299 - DEBUG - you-get输出: 22.7% (  4.8/ 20.9MB) ├█████████───────────────────────────────┤[1/2]   12 MB/s
2025-04-07 16:32:24,347 - DEBUG - you-get输出: 23.9% (  5.0/ 20.9MB) ├██████████──────────────────────────────┤[1/2]    5 MB/s
2025-04-07 16:32:24,367 - DEBUG - you-get输出: 25.1% (  5.2/ 20.9MB) ├███████████─────────────────────────────┤[1/2]   13 MB/s
2025-04-07 16:32:24,388 - DEBUG - you-get输出: 26.3% (  5.5/ 20.9MB) ├███████████─────────────────────────────┤[1/2]    5 MB/s
2025-04-07 16:32:24,442 - DEBUG - you-get输出: 27.5% (  5.8/ 20.9MB) ├███████████─────────────────────────────┤[1/2]   12 MB/s
2025-04-07 16:32:24,494 - DEBUG - you-get输出: 28.7% (  6.0/ 20.9MB) ├████████████────────────────────────────┤[1/2]    5 MB/s
2025-04-07 16:32:24,516 - DEBUG - you-get输出: 29.8% (  6.2/ 20.9MB) ├████████████────────────────────────────┤[1/2]    5 MB/s
2025-04-07 16:32:24,574 - DEBUG - you-get输出: 31.0% (  6.5/ 20.9MB) ├█████████████───────────────────────────┤[1/2]   12 MB/s
2025-04-07 16:32:24,623 - DEBUG - you-get输出: 32.2% (  6.8/ 20.9MB) ├█████████████───────────────────────────┤[1/2]    4 MB/s
2025-04-07 16:32:24,643 - DEBUG - you-get输出: 33.4% (  7.0/ 20.9MB) ├██████████████──────────────────────────┤[1/2]    5 MB/s
2025-04-07 16:32:24,689 - DEBUG - you-get输出: 34.6% (  7.2/ 20.9MB) ├██████████████──────────────────────────┤[1/2]   12 MB/s
2025-04-07 16:32:24,728 - DEBUG - you-get输出: 35.8% (  7.5/ 20.9MB) ├███████████████─────────────────────────┤[1/2]    5 MB/s
2025-04-07 16:32:24,756 - DEBUG - you-get输出: 37.0% (  7.8/ 20.9MB) ├███████████████─────────────────────────┤[1/2]   11 MB/s
2025-04-07 16:32:24,781 - DEBUG - you-get输出: 38.2% (  8.0/ 20.9MB) ├████████████████────────────────────────┤[1/2]    6 MB/s
2025-04-07 16:32:24,835 - DEBUG - you-get输出: 39.4% (  8.2/ 20.9MB) ├████████████████────────────────────────┤[1/2]   10 MB/s
2025-04-07 16:32:24,879 - DEBUG - you-get输出: 40.6% (  8.5/ 20.9MB) ├█████████████████───────────────────────┤[1/2]    5 MB/s
2025-04-07 16:32:24,905 - DEBUG - you-get输出: 41.8% (  8.8/ 20.9MB) ├█████████████████───────────────────────┤[1/2]    6 MB/s
2025-04-07 16:32:24,947 - DEBUG - you-get输出: 43.0% (  9.0/ 20.9MB) ├██████████████████──────────────────────┤[1/2]   10 MB/s
2025-04-07 16:32:24,986 - DEBUG - you-get输出: 44.2% (  9.2/ 20.9MB) ├██████████████████──────────────────────┤[1/2]    6 MB/s
2025-04-07 16:32:25,018 - DEBUG - you-get输出: 45.4% (  9.5/ 20.9MB) ├███████████████████─────────────────────┤[1/2]   10 MB/s
2025-04-07 16:32:25,068 - DEBUG - you-get输出: 46.6% (  9.8/ 20.9MB) ├███████████████████─────────────────────┤[1/2]    5 MB/s
2025-04-07 16:32:25,106 - DEBUG - you-get输出: 47.8% ( 10.0/ 20.9MB) ├███████████████████─────────────────────┤[1/2]    5 MB/s
2025-04-07 16:32:25,137 - DEBUG - you-get输出: 48.9% ( 10.2/ 20.9MB) ├████████████████████────────────────────┤[1/2]    9 MB/s
2025-04-07 16:32:25,166 - DEBUG - you-get输出: 50.1% ( 10.5/ 20.9MB) ├█████████████████████───────────────────┤[1/2]    6 MB/s
2025-04-07 16:32:25,222 - DEBUG - you-get输出: 51.3% ( 10.8/ 20.9MB) ├█████████████████████───────────────────┤[1/2]    9 MB/s
2025-04-07 16:32:25,261 - DEBUG - you-get输出: 52.5% ( 11.0/ 20.9MB) ├█████████████████████───────────────────┤[1/2]    4 MB/s
2025-04-07 16:32:25,290 - DEBUG - you-get输出: 53.7% ( 11.2/ 20.9MB) ├██████████████████████──────────────────┤[1/2]    6 MB/s
2025-04-07 16:32:25,327 - DEBUG - you-get输出: 54.9% ( 11.5/ 20.9MB) ├██████████████████████──────────────────┤[1/2]    9 MB/s
2025-04-07 16:32:25,382 - DEBUG - you-get输出: 56.1% ( 11.8/ 20.9MB) ├███████████████████████─────────────────┤[1/2]    7 MB/s
2025-04-07 16:32:25,413 - DEBUG - you-get输出: 57.3% ( 12.0/ 20.9MB) ├███████████████████████─────────────────┤[1/2]    5 MB/s
2025-04-07 16:32:25,451 - DEBUG - you-get输出: 58.5% ( 12.2/ 20.9MB) ├████████████████████████────────────────┤[1/2]    8 MB/s
2025-04-07 16:32:25,489 - DEBUG - you-get输出: 59.7% ( 12.5/ 20.9MB) ├████████████████████████────────────────┤[1/2]    7 MB/s
2025-04-07 16:32:25,519 - DEBUG - you-get输出: 60.9% ( 12.8/ 20.9MB) ├█████████████████████████───────────────┤[1/2]    9 MB/s
2025-04-07 16:32:25,548 - DEBUG - you-get输出: 62.1% ( 13.0/ 20.9MB) ├█████████████████████████───────────────┤[1/2]    6 MB/s
2025-04-07 16:32:25,602 - DEBUG - you-get输出: 63.3% ( 13.2/ 20.9MB) ├██████████████████████████──────────────┤[1/2]    9 MB/s
2025-04-07 16:32:25,641 - DEBUG - you-get输出: 64.5% ( 13.5/ 20.9MB) ├██████████████████████████──────────────┤[1/2]    5 MB/s
2025-04-07 16:32:25,668 - DEBUG - you-get输出: 65.7% ( 13.8/ 20.9MB) ├███████████████████████████─────────────┤[1/2]    6 MB/s
2025-04-07 16:32:25,710 - DEBUG - you-get输出: 66.9% ( 14.0/ 20.9MB) ├███████████████████████████─────────────┤[1/2]    9 MB/s
2025-04-07 16:32:25,767 - DEBUG - you-get输出: 68.0% ( 14.2/ 20.9MB) ├████████████████████████████────────────┤[1/2]    6 MB/s
2025-04-07 16:32:25,797 - DEBUG - you-get输出: 69.2% ( 14.5/ 20.9MB) ├████████████████████████████────────────┤[1/2]    4 MB/s
2025-04-07 16:32:25,835 - DEBUG - you-get输出: 70.4% ( 14.8/ 20.9MB) ├█████████████████████████████───────────┤[1/2]    8 MB/s
2025-04-07 16:32:25,872 - DEBUG - you-get输出: 71.6% ( 15.0/ 20.9MB) ├█████████████████████████████───────────┤[1/2]    7 MB/s
2025-04-07 16:32:25,904 - DEBUG - you-get输出: 72.8% ( 15.2/ 20.9MB) ├█████████████████████████████───────────┤[1/2]    7 MB/s
2025-04-07 16:32:25,941 - DEBUG - you-get输出: 74.0% ( 15.5/ 20.9MB) ├██████████████████████████████──────────┤[1/2]    8 MB/s
2025-04-07 16:32:25,977 - DEBUG - you-get输出: 75.2% ( 15.8/ 20.9MB) ├███████████████████████████████─────────┤[1/2]    7 MB/s
2025-04-07 16:32:26,027 - DEBUG - you-get输出: 76.4% ( 16.0/ 20.9MB) ├███████████████████████████████─────────┤[1/2]    7 MB/s
2025-04-07 16:32:26,066 - DEBUG - you-get输出: 77.6% ( 16.2/ 20.9MB) ├███████████████████████████████─────────┤[1/2]    5 MB/s
2025-04-07 16:32:26,104 - DEBUG - you-get输出: 78.8% ( 16.5/ 20.9MB) ├████████████████████████████████────────┤[1/2]    6 MB/s
2025-04-07 16:32:26,146 - DEBUG - you-get输出: 80.0% ( 16.8/ 20.9MB) ├█████████████████████████████████───────┤[1/2]    7 MB/s
2025-04-07 16:32:26,171 - DEBUG - you-get输出: 81.2% ( 17.0/ 20.9MB) ├█████████████████████████████████───────┤[1/2]    5 MB/s
2025-04-07 16:32:26,230 - DEBUG - you-get输出: 82.4% ( 17.2/ 20.9MB) ├█████████████████████████████████───────┤[1/2]   10 MB/s
2025-04-07 16:32:26,272 - DEBUG - you-get输出: 83.6% ( 17.5/ 20.9MB) ├██████████████████████████████████──────┤[1/2]    4 MB/s
2025-04-07 16:32:26,336 - DEBUG - you-get输出: 84.8% ( 17.8/ 20.9MB) ├██████████████████████████████████──────┤[1/2]    6 MB/s
2025-04-07 16:32:26,357 - DEBUG - you-get输出: 86.0% ( 18.0/ 20.9MB) ├███████████████████████████████████─────┤[1/2]    4 MB/s
2025-04-07 16:32:26,845 - DEBUG - you-get输出: 86.7% ( 18.2/ 20.9MB) ├███████████████████████████████████─────┤[1/2]    8 MB/s
2025-04-07 16:32:26,884 - DEBUG - you-get输出: 87.9% ( 18.4/ 20.9MB) ├███████████████████████████████████─────┤[2/2]  525 kB/s
2025-04-07 16:32:26,910 - DEBUG - you-get输出: 89.1% ( 18.7/ 20.9MB) ├████████████████████████████████████────┤[2/2]    6 MB/s
2025-04-07 16:32:26,928 - DEBUG - you-get输出: 90.3% ( 18.9/ 20.9MB) ├█████████████████████████████████████───┤[2/2]   10 MB/s
2025-04-07 16:32:26,941 - DEBUG - you-get输出: 91.5% ( 19.2/ 20.9MB) ├█████████████████████████████████████───┤[2/2]   14 MB/s
2025-04-07 16:32:26,983 - DEBUG - you-get输出: 92.7% ( 19.4/ 20.9MB) ├█████████████████████████████████████───┤[2/2]   20 MB/s
2025-04-07 16:32:26,984 - DEBUG - you-get输出: 93.9% ( 19.7/ 20.9MB) ├██████████████████████████████████████──┤[2/2]   13 MB/s
2025-04-07 16:32:27,001 - DEBUG - you-get输出: 95.1% ( 19.9/ 20.9MB) ├███████████████████████████████████████─┤[2/2]   20 MB/s
2025-04-07 16:32:27,019 - DEBUG - you-get输出: 96.3% ( 20.2/ 20.9MB) ├███████████████████████████████████████─┤[2/2]   13 MB/s
2025-04-07 16:32:27,036 - DEBUG - you-get输出: 97.5% ( 20.4/ 20.9MB) ├███████████████████████████████████████─┤[2/2]   33 MB/s
2025-04-07 16:32:27,090 - DEBUG - you-get输出: 98.7% ( 20.7/ 20.9MB) ├████████████████████████████████████████┤[2/2]   13 MB/s
2025-04-07 16:32:27,091 - DEBUG - you-get输出: 99.9% ( 20.9/ 20.9MB) ├████████████████████████████████████████┤[2/2]   11 MB/s
2025-04-07 16:32:27,109 - DEBUG - you-get输出: 100% ( 20.9/ 20.9MB) ├████████████████████████████████████████┤[2/2]    3 MB/s
2025-04-07 16:32:27,128 - DEBUG - you-get输出: Merging video parts... Merged into 你 从 丹 东 来 ，想 吃 广 东 菜！🖐😭🤚.mp4
2025-04-07 16:32:27,146 - DEBUG - you-get输出: Skipping captions or danmaku.
2025-04-07 16:32:27,164 - INFO - 视频 你 从 丹 东 来 ，想 吃 广 东 菜！🖐😭🤚 下载完成
2025-04-07 16:32:30,996 - DEBUG - you-get输出: site:                Bilibili
2025-04-07 16:32:30,996 - DEBUG - you-get输出: title:               《原神》角色演示-「八 重 蔡 子」
2025-04-07 16:32:31,011 - DEBUG - you-get输出: stream:
2025-04-07 16:32:31,026 - DEBUG - you-get输出: - format:        dash-flv-AVC
2025-04-07 16:32:31,039 - DEBUG - you-get输出: container:     mp4
2025-04-07 16:32:31,052 - DEBUG - you-get输出: quality:       高清 1080P avc1.640032
2025-04-07 16:32:31,064 - DEBUG - you-get输出: size:          45.4 MiB (47623330 bytes)
2025-04-07 16:32:31,074 - DEBUG - you-get输出: # download-with: you-get --format=dash-flv-AVC [URL]
2025-04-07 16:32:31,084 - DEBUG - you-get输出: Downloading 《原神》角色演示-「八 重 蔡 子」.mp4 ...
2025-04-07 16:32:31,437 - DEBUG - you-get输出: 0.0% (  0.0/ 45.4MB) ├────────────────────────────────────────┤[1/2]
2025-04-07 16:32:31,485 - DEBUG - you-get输出: 0.6% (  0.2/ 45.4MB) ├────────────────────────────────────────┤[1/2]  580 kB/s
2025-04-07 16:32:31,514 - DEBUG - you-get输出: 1.1% (  0.5/ 45.4MB) ├█───────────────────────────────────────┤[1/2]    5 MB/s
2025-04-07 16:32:31,544 - DEBUG - you-get输出: 1.7% (  0.8/ 45.4MB) ├█───────────────────────────────────────┤[1/2]    9 MB/s
2025-04-07 16:32:31,579 - DEBUG - you-get输出: 2.2% (  1.0/ 45.4MB) ├█───────────────────────────────────────┤[1/2]    8 MB/s
2025-04-07 16:32:31,592 - DEBUG - you-get输出: 2.8% (  1.2/ 45.4MB) ├█───────────────────────────────────────┤[1/2]   18 MB/s
2025-04-07 16:32:31,604 - DEBUG - you-get输出: 3.3% (  1.5/ 45.4MB) ├██──────────────────────────────────────┤[1/2]    8 MB/s
2025-04-07 16:32:31,631 - DEBUG - you-get输出: 3.9% (  1.8/ 45.4MB) ├██──────────────────────────────────────┤[1/2]   21 MB/s
2025-04-07 16:32:31,648 - DEBUG - you-get输出: 4.4% (  2.0/ 45.4MB) ├██──────────────────────────────────────┤[1/2]    9 MB/s
2025-04-07 16:32:31,682 - DEBUG - you-get输出: 5.0% (  2.2/ 45.4MB) ├███─────────────────────────────────────┤[1/2]   15 MB/s
2025-04-07 16:32:31,705 - DEBUG - you-get输出: 5.5% (  2.5/ 45.4MB) ├███─────────────────────────────────────┤[1/2]   10 MB/s
2025-04-07 16:32:31,725 - DEBUG - you-get输出: 6.1% (  2.8/ 45.4MB) ├███─────────────────────────────────────┤[1/2]    8 MB/s
2025-04-07 16:32:31,761 - DEBUG - you-get输出: 6.6% (  3.0/ 45.4MB) ├███─────────────────────────────────────┤[1/2]   12 MB/s
2025-04-07 16:32:31,799 - DEBUG - you-get输出: 7.2% (  3.2/ 45.4MB) ├███─────────────────────────────────────┤[1/2]    7 MB/s
2025-04-07 16:32:31,799 - DEBUG - you-get输出: 7.7% (  3.5/ 45.4MB) ├███─────────────────────────────────────┤[1/2]   12 MB/s
2025-04-07 16:32:32,029 - DEBUG - you-get输出: 8.3% (  3.8/ 45.4MB) ├████────────────────────────────────────┤[1/2]   15 MB/s
2025-04-07 16:32:32,084 - DEBUG - you-get输出: 8.8% (  4.0/ 45.4MB) ├████────────────────────────────────────┤[1/2]    1 MB/s
2025-04-07 16:32:32,089 - DEBUG - you-get输出: 9.4% (  4.2/ 45.4MB) ├████────────────────────────────────────┤[1/2]    6 MB/s
2025-04-07 16:32:32,109 - DEBUG - you-get输出: 9.9% (  4.5/ 45.4MB) ├████────────────────────────────────────┤[1/2]   12 MB/s
2025-04-07 16:32:32,135 - DEBUG - you-get输出: 10.5% (  4.8/ 45.4MB) ├█████───────────────────────────────────┤[1/2]   12 MB/s
2025-04-07 16:32:32,175 - DEBUG - you-get输出: 11.0% (  5.0/ 45.4MB) ├█████───────────────────────────────────┤[1/2]   10 MB/s
2025-04-07 16:32:32,176 - DEBUG - you-get输出: 11.6% (  5.2/ 45.4MB) ├█████───────────────────────────────────┤[1/2]   11 MB/s
2025-04-07 16:32:32,200 - DEBUG - you-get输出: 12.1% (  5.5/ 45.4MB) ├█████───────────────────────────────────┤[1/2]   15 MB/s
2025-04-07 16:32:32,216 - DEBUG - you-get输出: 12.7% (  5.8/ 45.4MB) ├█████───────────────────────────────────┤[1/2]   10 MB/s
2025-04-07 16:32:32,247 - DEBUG - you-get输出: 13.2% (  6.0/ 45.4MB) ├██████──────────────────────────────────┤[1/2]   15 MB/s
2025-04-07 16:32:32,287 - DEBUG - you-get输出: 13.8% (  6.2/ 45.4MB) ├██████──────────────────────────────────┤[1/2]    8 MB/s
2025-04-07 16:32:32,287 - DEBUG - you-get输出: 14.3% (  6.5/ 45.4MB) ├██████──────────────────────────────────┤[1/2]   10 MB/s
2025-04-07 16:32:32,323 - DEBUG - you-get输出: 14.9% (  6.8/ 45.4MB) ├██████──────────────────────────────────┤[1/2]   33 MB/s
2025-04-07 16:32:32,345 - DEBUG - you-get输出: 15.4% (  7.0/ 45.4MB) ├███████─────────────────────────────────┤[1/2]    6 MB/s
2025-04-07 16:32:32,370 - DEBUG - you-get输出: 16.0% (  7.2/ 45.4MB) ├███████─────────────────────────────────┤[1/2]   11 MB/s
2025-04-07 16:32:32,410 - DEBUG - you-get输出: 16.5% (  7.5/ 45.4MB) ├███████─────────────────────────────────┤[1/2]   10 MB/s
2025-04-07 16:32:32,411 - DEBUG - you-get输出: 17.1% (  7.8/ 45.4MB) ├███████─────────────────────────────────┤[1/2]   19 MB/s
2025-04-07 16:32:32,430 - DEBUG - you-get输出: 17.6% (  8.0/ 45.4MB) ├███████─────────────────────────────────┤[1/2]   10 MB/s
2025-04-07 16:32:32,451 - DEBUG - you-get输出: 18.2% (  8.2/ 45.4MB) ├████████────────────────────────────────┤[1/2]   12 MB/s
2025-04-07 16:32:32,486 - DEBUG - you-get输出: 18.7% (  8.5/ 45.4MB) ├████████────────────────────────────────┤[1/2]   12 MB/s
2025-04-07 16:32:32,526 - DEBUG - you-get输出: 19.3% (  8.8/ 45.4MB) ├████████────────────────────────────────┤[1/2]    7 MB/s
2025-04-07 16:32:32,527 - DEBUG - you-get输出: 19.8% (  9.0/ 45.4MB) ├████████────────────────────────────────┤[1/2]   15 MB/s
2025-04-07 16:32:32,546 - DEBUG - you-get输出: 20.4% (  9.2/ 45.4MB) ├█████████───────────────────────────────┤[1/2]   12 MB/s
2025-04-07 16:32:32,567 - DEBUG - you-get输出: 20.9% (  9.5/ 45.4MB) ├█████████───────────────────────────────┤[1/2]   12 MB/s
2025-04-07 16:32:32,585 - DEBUG - you-get输出: 21.5% (  9.8/ 45.4MB) ├█████████───────────────────────────────┤[1/2]   12 MB/s
2025-04-07 16:32:32,644 - DEBUG - you-get输出: 22.0% ( 10.0/ 45.4MB) ├█████████───────────────────────────────┤[1/2]   14 MB/s
2025-04-07 16:32:32,645 - DEBUG - you-get输出: 22.6% ( 10.2/ 45.4MB) ├█████████───────────────────────────────┤[1/2]   11 MB/s
2025-04-07 16:32:32,666 - DEBUG - you-get输出: 23.1% ( 10.5/ 45.4MB) ├██████████──────────────────────────────┤[1/2]   13 MB/s
2025-04-07 16:32:32,688 - DEBUG - you-get输出: 23.7% ( 10.8/ 45.4MB) ├██████████──────────────────────────────┤[1/2]   12 MB/s
2025-04-07 16:32:32,747 - DEBUG - you-get输出: 24.2% ( 11.0/ 45.4MB) ├██████████──────────────────────────────┤[1/2]   13 MB/s
2025-04-07 16:32:32,747 - DEBUG - you-get输出: 24.8% ( 11.2/ 45.4MB) ├██████████──────────────────────────────┤[1/2]   10 MB/s
2025-04-07 16:32:32,768 - DEBUG - you-get输出: 25.3% ( 11.5/ 45.4MB) ├███████████─────────────────────────────┤[1/2]   15 MB/s
2025-04-07 16:32:32,786 - DEBUG - you-get输出: 25.9% ( 11.8/ 45.4MB) ├███████████─────────────────────────────┤[1/2]   11 MB/s
2025-04-07 16:32:32,804 - DEBUG - you-get输出: 26.4% ( 12.0/ 45.4MB) ├███████████─────────────────────────────┤[1/2]    7 MB/s
2025-04-07 16:32:32,862 - DEBUG - you-get输出: 27.0% ( 12.2/ 45.4MB) ├███████████─────────────────────────────┤[1/2]    7 MB/s
2025-04-07 16:32:32,862 - DEBUG - you-get输出: 27.5% ( 12.5/ 45.4MB) ├███████████─────────────────────────────┤[1/2]   34 MB/s
2025-04-07 16:32:32,882 - DEBUG - you-get输出: 28.1% ( 12.8/ 45.4MB) ├████████████────────────────────────────┤[1/2]   15 MB/s
2025-04-07 16:32:32,899 - DEBUG - you-get输出: 28.6% ( 13.0/ 45.4MB) ├████████████────────────────────────────┤[1/2]    7 MB/s
2025-04-07 16:32:32,916 - DEBUG - you-get输出: 29.2% ( 13.2/ 45.4MB) ├████████████────────────────────────────┤[1/2]   12 MB/s
2025-04-07 16:32:32,974 - DEBUG - you-get输出: 29.7% ( 13.5/ 45.4MB) ├████████████────────────────────────────┤[1/2]   15 MB/s
2025-04-07 16:32:32,975 - DEBUG - you-get输出: 30.3% ( 13.8/ 45.4MB) ├█████████████───────────────────────────┤[1/2]   23 MB/s
2025-04-07 16:32:32,995 - DEBUG - you-get输出: 30.8% ( 14.0/ 45.4MB) ├█████████████───────────────────────────┤[1/2]    7 MB/s
2025-04-07 16:32:33,012 - DEBUG - you-get输出: 31.4% ( 14.2/ 45.4MB) ├█████████████───────────────────────────┤[1/2]    8 MB/s
2025-04-07 16:32:33,104 - DEBUG - you-get输出: 31.9% ( 14.5/ 45.4MB) ├█████████████───────────────────────────┤[1/2]   36 MB/s
2025-04-07 16:32:33,104 - DEBUG - you-get输出: 32.5% ( 14.8/ 45.4MB) ├█████████████───────────────────────────┤[1/2]    8 MB/s
2025-04-07 16:32:33,123 - DEBUG - you-get输出: 33.0% ( 15.0/ 45.4MB) ├██████████████──────────────────────────┤[1/2]   19 MB/s
2025-04-07 16:32:33,180 - DEBUG - you-get输出: 33.6% ( 15.2/ 45.4MB) ├██████████████──────────────────────────┤[1/2]    7 MB/s
2025-04-07 16:32:33,181 - DEBUG - you-get输出: 34.1% ( 15.5/ 45.4MB) ├██████████████──────────────────────────┤[1/2]    8 MB/s
2025-04-07 16:32:33,325 - DEBUG - you-get输出: 34.7% ( 15.8/ 45.4MB) ├██████████████──────────────────────────┤[1/2]   34 MB/s
2025-04-07 16:32:33,364 - DEBUG - you-get输出: 35.2% ( 16.0/ 45.4MB) ├███████████████─────────────────────────┤[1/2]    1 MB/s
2025-04-07 16:32:33,368 - DEBUG - you-get输出: 35.8% ( 16.2/ 45.4MB) ├███████████████─────────────────────────┤[1/2]    7 MB/s
2025-04-07 16:32:33,402 - DEBUG - you-get输出: 36.3% ( 16.5/ 45.4MB) ├███████████████─────────────────────────┤[1/2]   26 MB/s
2025-04-07 16:32:33,416 - DEBUG - you-get输出: 36.9% ( 16.8/ 45.4MB) ├███████████████─────────────────────────┤[1/2]    7 MB/s
2025-04-07 16:32:33,444 - DEBUG - you-get输出: 37.4% ( 17.0/ 45.4MB) ├███████████████─────────────────────────┤[1/2]   17 MB/s
2025-04-07 16:32:33,481 - DEBUG - you-get输出: 38.0% ( 17.2/ 45.4MB) ├████████████████────────────────────────┤[1/2]    9 MB/s
2025-04-07 16:32:33,500 - DEBUG - you-get输出: 38.5% ( 17.5/ 45.4MB) ├████████████████────────────────────────┤[1/2]   11 MB/s
2025-04-07 16:32:33,508 - DEBUG - you-get输出: 39.1% ( 17.8/ 45.4MB) ├████████████████────────────────────────┤[1/2]    8 MB/s
2025-04-07 16:32:33,540 - DEBUG - you-get输出: 39.6% ( 18.0/ 45.4MB) ├████████████████────────────────────────┤[1/2]   31 MB/s
2025-04-07 16:32:33,559 - DEBUG - you-get输出: 40.2% ( 18.2/ 45.4MB) ├█████████████████───────────────────────┤[1/2]    8 MB/s
2025-04-07 16:32:33,596 - DEBUG - you-get输出: 40.7% ( 18.5/ 45.4MB) ├█████████████████───────────────────────┤[1/2]   13 MB/s
2025-04-07 16:32:33,600 - DEBUG - you-get输出: 41.3% ( 18.8/ 45.4MB) ├█████████████████───────────────────────┤[1/2]    8 MB/s
2025-04-07 16:32:33,635 - DEBUG - you-get输出: 41.8% ( 19.0/ 45.4MB) ├█████████████████───────────────────────┤[1/2]   23 MB/s
2025-04-07 16:32:33,661 - DEBUG - you-get输出: 42.4% ( 19.2/ 45.4MB) ├█████████████████───────────────────────┤[1/2]    7 MB/s
2025-04-07 16:32:33,697 - DEBUG - you-get输出: 42.9% ( 19.5/ 45.4MB) ├█████████████████───────────────────────┤[1/2]   10 MB/s
2025-04-07 16:32:33,797 - DEBUG - you-get输出: 43.5% ( 19.8/ 45.4MB) ├██████████████████──────────────────────┤[1/2]   10 MB/s
2025-04-07 16:32:33,841 - DEBUG - you-get输出: 44.0% ( 20.0/ 45.4MB) ├██████████████████──────────────────────┤[1/2]    2 MB/s
2025-04-07 16:32:33,841 - DEBUG - you-get输出: 44.6% ( 20.2/ 45.4MB) ├██████████████████──────────────────────┤[1/2]   12 MB/s
2025-04-07 16:32:33,860 - DEBUG - you-get输出: 45.1% ( 20.5/ 45.4MB) ├███████████████████─────────────────────┤[1/2]   13 MB/s
2025-04-07 16:32:33,925 - DEBUG - you-get输出: 45.7% ( 20.8/ 45.4MB) ├███████████████████─────────────────────┤[1/2]   12 MB/s
2025-04-07 16:32:33,996 - DEBUG - you-get输出: 46.2% ( 21.0/ 45.4MB) ├███████████████████─────────────────────┤[1/2]    4 MB/s
2025-04-07 16:32:33,997 - DEBUG - you-get输出: 46.8% ( 21.2/ 45.4MB) ├███████████████████─────────────────────┤[1/2]   12 MB/s
2025-04-07 16:32:34,015 - DEBUG - you-get输出: 47.3% ( 21.5/ 45.4MB) ├███████████████████─────────────────────┤[1/2]   12 MB/s
2025-04-07 16:32:34,071 - DEBUG - you-get输出: 47.9% ( 21.8/ 45.4MB) ├███████████████████─────────────────────┤[1/2]   11 MB/s
2025-04-07 16:32:34,106 - DEBUG - you-get输出: 48.4% ( 22.0/ 45.4MB) ├████████████████████────────────────────┤[1/2]    3 MB/s
2025-04-07 16:32:34,125 - DEBUG - you-get输出: 49.0% ( 22.2/ 45.4MB) ├████████████████████────────────────────┤[1/2]   12 MB/s
2025-04-07 16:32:34,145 - DEBUG - you-get输出: 49.5% ( 22.5/ 45.4MB) ├████████████████████────────────────────┤[1/2]    8 MB/s
2025-04-07 16:32:34,164 - DEBUG - you-get输出: 50.1% ( 22.8/ 45.4MB) ├█████████████████████───────────────────┤[1/2]   13 MB/s
2025-04-07 16:32:34,188 - DEBUG - you-get输出: 50.6% ( 23.0/ 45.4MB) ├█████████████████████───────────────────┤[1/2]   13 MB/s
2025-04-07 16:32:34,255 - DEBUG - you-get输出: 51.2% ( 23.2/ 45.4MB) ├█████████████████████───────────────────┤[1/2]   11 MB/s
2025-04-07 16:32:34,256 - DEBUG - you-get输出: 51.7% ( 23.5/ 45.4MB) ├█████████████████████───────────────────┤[1/2]   10 MB/s
2025-04-07 16:32:34,371 - DEBUG - you-get输出: 52.3% ( 23.8/ 45.4MB) ├█████████████████████───────────────────┤[1/2]    6 MB/s
2025-04-07 16:32:34,408 - DEBUG - you-get输出: 52.8% ( 24.0/ 45.4MB) ├█████████████████████───────────────────┤[1/2]    2 MB/s
2025-04-07 16:32:34,412 - DEBUG - you-get输出: 53.4% ( 24.2/ 45.4MB) ├██████████████████████──────────────────┤[1/2]   12 MB/s
2025-04-07 16:32:34,442 - DEBUG - you-get输出: 53.9% ( 24.5/ 45.4MB) ├██████████████████████──────────────────┤[1/2]   12 MB/s
2025-04-07 16:32:34,466 - DEBUG - you-get输出: 54.5% ( 24.8/ 45.4MB) ├██████████████████████──────────────────┤[1/2]    8 MB/s
2025-04-07 16:32:34,484 - DEBUG - you-get输出: 55.0% ( 25.0/ 45.4MB) ├███████████████████████─────────────────┤[1/2]   11 MB/s
2025-04-07 16:32:34,524 - DEBUG - you-get输出: 55.6% ( 25.2/ 45.4MB) ├███████████████████████─────────────────┤[1/2]   13 MB/s
2025-04-07 16:32:34,544 - DEBUG - you-get输出: 56.1% ( 25.5/ 45.4MB) ├███████████████████████─────────────────┤[1/2]    8 MB/s
2025-04-07 16:32:34,679 - DEBUG - you-get输出: 56.7% ( 25.8/ 45.4MB) ├███████████████████████─────────────────┤[1/2]    9 MB/s
2025-04-07 16:32:34,721 - DEBUG - you-get输出: 57.2% ( 26.0/ 45.4MB) ├███████████████████████─────────────────┤[1/2]    2 MB/s
2025-04-07 16:32:34,743 - DEBUG - you-get输出: 57.8% ( 26.2/ 45.4MB) ├███████████████████████─────────────────┤[1/2]    7 MB/s
2025-04-07 16:32:34,762 - DEBUG - you-get输出: 58.3% ( 26.5/ 45.4MB) ├████████████████████████────────────────┤[1/2]    9 MB/s
2025-04-07 16:32:34,779 - DEBUG - you-get输出: 58.9% ( 26.8/ 45.4MB) ├████████████████████████────────────────┤[1/2]   13 MB/s
2025-04-07 16:32:34,818 - DEBUG - you-get输出: 59.4% ( 27.0/ 45.4MB) ├████████████████████████────────────────┤[1/2]   15 MB/s
2025-04-07 16:32:34,820 - DEBUG - you-get输出: 60.0% ( 27.2/ 45.4MB) ├█████████████████████████───────────────┤[1/2]   11 MB/s
2025-04-07 16:32:34,843 - DEBUG - you-get输出: 60.5% ( 27.5/ 45.4MB) ├█████████████████████████───────────────┤[1/2]   14 MB/s
2025-04-07 16:32:35,060 - DEBUG - you-get输出: 61.1% ( 27.8/ 45.4MB) ├█████████████████████████───────────────┤[1/2]   11 MB/s
2025-04-07 16:32:35,111 - DEBUG - you-get输出: 61.7% ( 28.0/ 45.4MB) ├█████████████████████████───────────────┤[1/2]    1 MB/s
2025-04-07 16:32:35,111 - DEBUG - you-get输出: 62.2% ( 28.2/ 45.4MB) ├█████████████████████████───────────────┤[1/2]   12 MB/s
2025-04-07 16:32:35,130 - DEBUG - you-get输出: 62.8% ( 28.5/ 45.4MB) ├█████████████████████████───────────────┤[1/2]   13 MB/s
2025-04-07 16:32:35,149 - DEBUG - you-get输出: 63.3% ( 28.8/ 45.4MB) ├██████████████████████████──────────────┤[1/2]   13 MB/s
2025-04-07 16:32:35,206 - DEBUG - you-get输出: 63.9% ( 29.0/ 45.4MB) ├██████████████████████████──────────────┤[1/2]   11 MB/s
2025-04-07 16:32:35,207 - DEBUG - you-get输出: 64.4% ( 29.2/ 45.4MB) ├██████████████████████████──────────────┤[1/2]   14 MB/s
2025-04-07 16:32:35,224 - DEBUG - you-get输出: 65.0% ( 29.5/ 45.4MB) ├███████████████████████████─────────────┤[1/2]   11 MB/s
2025-04-07 16:32:35,397 - DEBUG - you-get输出: 65.5% ( 29.8/ 45.4MB) ├███████████████████████████─────────────┤[1/2]   12 MB/s
2025-04-07 16:32:35,434 - DEBUG - you-get输出: 66.1% ( 30.0/ 45.4MB) ├███████████████████████████─────────────┤[1/2]    1 MB/s
2025-04-07 16:32:35,437 - DEBUG - you-get输出: 66.6% ( 30.2/ 45.4MB) ├███████████████████████████─────────────┤[1/2]   12 MB/s
2025-04-07 16:32:35,460 - DEBUG - you-get输出: 67.2% ( 30.5/ 45.4MB) ├███████████████████████████─────────────┤[1/2]   13 MB/s
2025-04-07 16:32:35,492 - DEBUG - you-get输出: 67.7% ( 30.8/ 45.4MB) ├███████████████████████████─────────────┤[1/2]   11 MB/s
2025-04-07 16:32:35,500 - DEBUG - you-get输出: 68.3% ( 31.0/ 45.4MB) ├████████████████████████████────────────┤[1/2]    8 MB/s
2025-04-07 16:32:35,548 - DEBUG - you-get输出: 68.8% ( 31.2/ 45.4MB) ├████████████████████████████────────────┤[1/2]   32 MB/s
2025-04-07 16:32:35,549 - DEBUG - you-get输出: 69.4% ( 31.5/ 45.4MB) ├████████████████████████████────────────┤[1/2]    8 MB/s
2025-04-07 16:32:35,786 - DEBUG - you-get输出: 69.9% ( 31.8/ 45.4MB) ├████████████████████████████────────────┤[1/2]   31 MB/s
2025-04-07 16:32:35,829 - DEBUG - you-get输出: 70.5% ( 32.0/ 45.4MB) ├█████████████████████████████───────────┤[1/2]    1 MB/s
2025-04-07 16:32:35,829 - DEBUG - you-get输出: 71.0% ( 32.2/ 45.4MB) ├█████████████████████████████───────────┤[1/2]   12 MB/s
2025-04-07 16:32:35,848 - DEBUG - you-get输出: 71.6% ( 32.5/ 45.4MB) ├█████████████████████████████───────────┤[1/2]   11 MB/s
2025-04-07 16:32:35,865 - DEBUG - you-get输出: 72.1% ( 32.8/ 45.4MB) ├█████████████████████████████───────────┤[1/2]   15 MB/s
2025-04-07 16:32:35,888 - DEBUG - you-get输出: 72.7% ( 33.0/ 45.4MB) ├█████████████████████████████───────────┤[1/2]   13 MB/s
2025-04-07 16:32:35,940 - DEBUG - you-get输出: 73.2% ( 33.2/ 45.4MB) ├██████████████████████████████──────────┤[1/2]   11 MB/s
2025-04-07 16:32:35,954 - DEBUG - you-get输出: 73.8% ( 33.5/ 45.4MB) ├██████████████████████████████──────────┤[1/2]   15 MB/s
2025-04-07 16:32:36,153 - DEBUG - you-get输出: 74.3% ( 33.8/ 45.4MB) ├██████████████████████████████──────────┤[1/2]    5 MB/s
2025-04-07 16:32:36,199 - DEBUG - you-get输出: 74.9% ( 34.0/ 45.4MB) ├██████████████████████████████──────────┤[1/2]    1 MB/s
2025-04-07 16:32:36,199 - DEBUG - you-get输出: 75.4% ( 34.2/ 45.4MB) ├███████████████████████████████─────────┤[1/2]   12 MB/s
2025-04-07 16:32:36,218 - DEBUG - you-get输出: 76.0% ( 34.5/ 45.4MB) ├███████████████████████████████─────────┤[1/2]   14 MB/s
2025-04-07 16:32:36,237 - DEBUG - you-get输出: 76.5% ( 34.8/ 45.4MB) ├███████████████████████████████─────────┤[1/2]   12 MB/s
2025-04-07 16:32:36,302 - DEBUG - you-get输出: 77.1% ( 35.0/ 45.4MB) ├███████████████████████████████─────────┤[1/2]   13 MB/s
2025-04-07 16:32:36,303 - DEBUG - you-get输出: 77.6% ( 35.2/ 45.4MB) ├███████████████████████████████─────────┤[1/2]    7 MB/s
2025-04-07 16:32:36,320 - DEBUG - you-get输出: 78.2% ( 35.5/ 45.4MB) ├████████████████████████████████────────┤[1/2]   31 MB/s
2025-04-07 16:32:36,504 - DEBUG - you-get输出: 78.7% ( 35.8/ 45.4MB) ├████████████████████████████████────────┤[1/2]    7 MB/s
2025-04-07 16:32:36,553 - DEBUG - you-get输出: 79.3% ( 36.0/ 45.4MB) ├████████████████████████████████────────┤[1/2]    1 MB/s
2025-04-07 16:32:36,553 - DEBUG - you-get输出: 79.8% ( 36.2/ 45.4MB) ├████████████████████████████████────────┤[1/2]   12 MB/s
2025-04-07 16:32:36,574 - DEBUG - you-get输出: 80.4% ( 36.5/ 45.4MB) ├█████████████████████████████████───────┤[1/2]   13 MB/s
2025-04-07 16:32:36,629 - DEBUG - you-get输出: 80.9% ( 36.8/ 45.4MB) ├█████████████████████████████████───────┤[1/2]   10 MB/s
2025-04-07 16:32:36,706 - DEBUG - you-get输出: 81.5% ( 37.0/ 45.4MB) ├█████████████████████████████████───────┤[1/2]    4 MB/s
2025-04-07 16:32:36,707 - DEBUG - you-get输出: 82.0% ( 37.2/ 45.4MB) ├█████████████████████████████████───────┤[1/2]   13 MB/s
2025-04-07 16:32:36,728 - DEBUG - you-get输出: 82.6% ( 37.5/ 45.4MB) ├█████████████████████████████████───────┤[1/2]   12 MB/s
2025-04-07 16:32:36,798 - DEBUG - you-get输出: 83.1% ( 37.8/ 45.4MB) ├██████████████████████████████████──────┤[1/2]   11 MB/s
2025-04-07 16:32:36,799 - DEBUG - you-get输出: 83.7% ( 38.0/ 45.4MB) ├██████████████████████████████████──────┤[1/2]    3 MB/s
2025-04-07 16:32:36,831 - DEBUG - you-get输出: 84.2% ( 38.2/ 45.4MB) ├██████████████████████████████████──────┤[1/2]   13 MB/s
2025-04-07 16:32:36,847 - DEBUG - you-get输出: 84.8% ( 38.5/ 45.4MB) ├██████████████████████████████████──────┤[1/2]    7 MB/s
2025-04-07 16:32:36,904 - DEBUG - you-get输出: 85.3% ( 38.8/ 45.4MB) ├███████████████████████████████████─────┤[1/2]   16 MB/s
2025-04-07 16:32:36,904 - DEBUG - you-get输出: 85.9% ( 39.0/ 45.4MB) ├███████████████████████████████████─────┤[1/2]   10 MB/s
2025-04-07 16:32:36,924 - DEBUG - you-get输出: 86.4% ( 39.2/ 45.4MB) ├███████████████████████████████████─────┤[1/2]   12 MB/s
2025-04-07 16:32:36,943 - DEBUG - you-get输出: 87.0% ( 39.5/ 45.4MB) ├███████████████████████████████████─────┤[1/2]   14 MB/s
2025-04-07 16:32:36,997 - DEBUG - you-get输出: 87.5% ( 39.8/ 45.4MB) ├███████████████████████████████████─────┤[1/2]   11 MB/s
2025-04-07 16:32:36,997 - DEBUG - you-get输出: 88.1% ( 40.0/ 45.4MB) ├████████████████████████████████████────┤[1/2]   14 MB/s
2025-04-07 16:32:37,015 - DEBUG - you-get输出: 88.6% ( 40.2/ 45.4MB) ├████████████████████████████████████────┤[1/2]   11 MB/s
2025-04-07 16:32:37,033 - DEBUG - you-get输出: 89.2% ( 40.5/ 45.4MB) ├████████████████████████████████████────┤[1/2]   16 MB/s
2025-04-07 16:32:37,050 - DEBUG - you-get输出: 89.7% ( 40.8/ 45.4MB) ├████████████████████████████████████────┤[1/2]    6 MB/s
2025-04-07 16:32:37,115 - DEBUG - you-get输出: 90.3% ( 41.0/ 45.4MB) ├█████████████████████████████████████───┤[1/2]   17 MB/s
2025-04-07 16:32:37,116 - DEBUG - you-get输出: 90.8% ( 41.2/ 45.4MB) ├█████████████████████████████████████───┤[1/2]    8 MB/s
2025-04-07 16:32:37,134 - DEBUG - you-get输出: 91.4% ( 41.5/ 45.4MB) ├█████████████████████████████████████───┤[1/2]    7 MB/s
2025-04-07 16:32:37,239 - DEBUG - you-get输出: 91.9% ( 41.8/ 45.4MB) ├█████████████████████████████████████───┤[1/2]   33 MB/s
2025-04-07 16:32:37,281 - DEBUG - you-get输出: 92.5% ( 42.0/ 45.4MB) ├█████████████████████████████████████───┤[1/2]    2 MB/s
2025-04-07 16:32:37,281 - DEBUG - you-get输出: 93.0% ( 42.2/ 45.4MB) ├██████████████████████████████████████──┤[1/2]   13 MB/s
2025-04-07 16:32:37,303 - DEBUG - you-get输出: 93.6% ( 42.5/ 45.4MB) ├██████████████████████████████████████──┤[1/2]   11 MB/s
2025-04-07 16:32:37,320 - DEBUG - you-get输出: 94.1% ( 42.8/ 45.4MB) ├██████████████████████████████████████──┤[1/2]   12 MB/s
2025-04-07 16:32:37,683 - DEBUG - you-get输出: 94.3% ( 42.8/ 45.4MB) ├██████████████████████████████████████──┤[1/2]   67 MB/s
2025-04-07 16:32:37,724 - DEBUG - you-get输出: 94.8% ( 43.1/ 45.4MB) ├██████████████████████████████████████──┤[2/2]  675 kB/s
2025-04-07 16:32:37,744 - DEBUG - you-get输出: 95.4% ( 43.3/ 45.4MB) ├███████████████████████████████████████─┤[2/2]    8 MB/s
2025-04-07 16:32:37,761 - DEBUG - you-get输出: 95.9% ( 43.6/ 45.4MB) ├███████████████████████████████████████─┤[2/2]    9 MB/s
2025-04-07 16:32:37,779 - DEBUG - you-get输出: 96.5% ( 43.8/ 45.4MB) ├███████████████████████████████████████─┤[2/2]   15 MB/s
2025-04-07 16:32:37,829 - DEBUG - you-get输出: 97.0% ( 44.1/ 45.4MB) ├███████████████████████████████████████─┤[2/2]   14 MB/s
2025-04-07 16:32:37,829 - DEBUG - you-get输出: 97.6% ( 44.3/ 45.4MB) ├███████████████████████████████████████─┤[2/2]   25 MB/s
2025-04-07 16:32:37,849 - DEBUG - you-get输出: 98.1% ( 44.6/ 45.4MB) ├████████████████████████████████████████┤[2/2]   14 MB/s
2025-04-07 16:32:37,867 - DEBUG - you-get输出: 98.7% ( 44.8/ 45.4MB) ├████████████████████████████████████████┤[2/2]   32 MB/s
2025-04-07 16:32:38,027 - INFO - 视频 《原神》角色演示-「八 重 蔡 子」 下载完成
2025-04-07 16:32:41,010 - DEBUG - you-get输出: site:                Bilibili
2025-04-07 16:32:41,010 - DEBUG - you-get输出: title:               不眠之夜，但全程一个调
2025-04-07 16:32:41,025 - DEBUG - you-get输出: stream:
2025-04-07 16:32:41,039 - DEBUG - you-get输出: - format:        dash-flv-AVC
2025-04-07 16:32:41,052 - DEBUG - you-get输出: container:     mp4
2025-04-07 16:32:41,065 - DEBUG - you-get输出: quality:       高清 1080P avc1.640032
2025-04-07 16:32:41,078 - DEBUG - you-get输出: size:          28.3 MiB (29635259 bytes)
2025-04-07 16:32:41,089 - DEBUG - you-get输出: # download-with: you-get --format=dash-flv-AVC [URL]
2025-04-07 16:32:41,100 - DEBUG - you-get输出: Downloading 不眠之夜，但全程一个调.mp4 ...
2025-04-07 16:32:41,415 - DEBUG - you-get输出: 0.0% (  0.0/ 28.3MB) ├────────────────────────────────────────┤[1/2]
2025-04-07 16:32:41,450 - DEBUG - you-get输出: 0.9% (  0.2/ 28.3MB) ├────────────────────────────────────────┤[1/2]  631 kB/s
2025-04-07 16:32:41,480 - DEBUG - you-get输出: 1.8% (  0.5/ 28.3MB) ├█───────────────────────────────────────┤[1/2]    7 MB/s
2025-04-07 16:32:41,506 - DEBUG - you-get输出: 2.7% (  0.8/ 28.3MB) ├█───────────────────────────────────────┤[1/2]    8 MB/s
2025-04-07 16:32:41,530 - DEBUG - you-get输出: 3.5% (  1.0/ 28.3MB) ├██──────────────────────────────────────┤[1/2]   10 MB/s
2025-04-07 16:32:41,566 - DEBUG - you-get输出: 4.4% (  1.2/ 28.3MB) ├██──────────────────────────────────────┤[1/2]   11 MB/s
2025-04-07 16:32:41,567 - DEBUG - you-get输出: 5.3% (  1.5/ 28.3MB) ├███─────────────────────────────────────┤[1/2]   14 MB/s
2025-04-07 16:32:41,584 - DEBUG - you-get输出: 6.2% (  1.8/ 28.3MB) ├███─────────────────────────────────────┤[1/2]   13 MB/s
2025-04-07 16:32:41,611 - DEBUG - you-get输出: 7.1% (  2.0/ 28.3MB) ├███─────────────────────────────────────┤[1/2]   14 MB/s
2025-04-07 16:32:41,628 - DEBUG - you-get输出: 8.0% (  2.2/ 28.3MB) ├████────────────────────────────────────┤[1/2]    9 MB/s
2025-04-07 16:32:41,655 - DEBUG - you-get输出: 8.8% (  2.5/ 28.3MB) ├████────────────────────────────────────┤[1/2]   15 MB/s
2025-04-07 16:32:41,692 - DEBUG - you-get输出: 9.7% (  2.8/ 28.3MB) ├████────────────────────────────────────┤[1/2]    9 MB/s
2025-04-07 16:32:41,706 - DEBUG - you-get输出: 10.6% (  3.0/ 28.3MB) ├█████───────────────────────────────────┤[1/2]    9 MB/s
2025-04-07 16:32:41,725 - DEBUG - you-get输出: 11.5% (  3.2/ 28.3MB) ├█████───────────────────────────────────┤[1/2]   11 MB/s
2025-04-07 16:32:41,743 - DEBUG - you-get输出: 12.4% (  3.5/ 28.3MB) ├█████───────────────────────────────────┤[1/2]   13 MB/s
2025-04-07 16:32:41,766 - DEBUG - you-get输出: 13.3% (  3.8/ 28.3MB) ├██████──────────────────────────────────┤[1/2]   14 MB/s
2025-04-07 16:32:41,812 - DEBUG - you-get输出: 14.2% (  4.0/ 28.3MB) ├██████──────────────────────────────────┤[1/2]   11 MB/s
2025-04-07 16:32:41,813 - DEBUG - you-get输出: 15.0% (  4.2/ 28.3MB) ├███████─────────────────────────────────┤[1/2]   18 MB/s
2025-04-07 16:32:41,834 - DEBUG - you-get输出: 15.9% (  4.5/ 28.3MB) ├███████─────────────────────────────────┤[1/2]    9 MB/s
2025-04-07 16:32:41,850 - DEBUG - you-get输出: 16.8% (  4.8/ 28.3MB) ├███████─────────────────────────────────┤[1/2]    9 MB/s
2025-04-07 16:32:41,911 - DEBUG - you-get输出: 17.7% (  5.0/ 28.3MB) ├███████─────────────────────────────────┤[1/2]   19 MB/s
2025-04-07 16:32:41,912 - DEBUG - you-get输出: 18.6% (  5.2/ 28.3MB) ├████████────────────────────────────────┤[1/2]    9 MB/s
2025-04-07 16:32:41,930 - DEBUG - you-get输出: 19.5% (  5.5/ 28.3MB) ├████████────────────────────────────────┤[1/2]   15 MB/s
2025-04-07 16:32:41,949 - DEBUG - you-get输出: 20.3% (  5.8/ 28.3MB) ├█████████───────────────────────────────┤[1/2]   10 MB/s
2025-04-07 16:32:41,966 - DEBUG - you-get输出: 21.2% (  6.0/ 28.3MB) ├█████████───────────────────────────────┤[1/2]   10 MB/s
2025-04-07 16:32:42,028 - DEBUG - you-get输出: 22.1% (  6.2/ 28.3MB) ├█████████───────────────────────────────┤[1/2]   13 MB/s
2025-04-07 16:32:42,028 - DEBUG - you-get输出: 23.0% (  6.5/ 28.3MB) ├██████████──────────────────────────────┤[1/2]   14 MB/s
2025-04-07 16:32:42,047 - DEBUG - you-get输出: 23.9% (  6.8/ 28.3MB) ├██████████──────────────────────────────┤[1/2]   12 MB/s
2025-04-07 16:32:42,066 - DEBUG - you-get输出: 24.8% (  7.0/ 28.3MB) ├██████████──────────────────────────────┤[1/2]   15 MB/s
2025-04-07 16:32:42,132 - DEBUG - you-get输出: 25.7% (  7.2/ 28.3MB) ├███████████─────────────────────────────┤[1/2]   13 MB/s
2025-04-07 16:32:42,133 - DEBUG - you-get输出: 26.5% (  7.5/ 28.3MB) ├███████████─────────────────────────────┤[1/2]   12 MB/s
2025-04-07 16:32:42,151 - DEBUG - you-get输出: 27.4% (  7.8/ 28.3MB) ├███████████─────────────────────────────┤[1/2]   16 MB/s
2025-04-07 16:32:42,169 - DEBUG - you-get输出: 28.3% (  8.0/ 28.3MB) ├████████████────────────────────────────┤[1/2]    9 MB/s
2025-04-07 16:32:42,260 - DEBUG - you-get输出: 29.2% (  8.2/ 28.3MB) ├████████████────────────────────────────┤[1/2]   16 MB/s
2025-04-07 16:32:42,261 - DEBUG - you-get输出: 30.1% (  8.5/ 28.3MB) ├█████████████───────────────────────────┤[1/2]   10 MB/s
2025-04-07 16:32:42,280 - DEBUG - you-get输出: 31.0% (  8.8/ 28.3MB) ├█████████████───────────────────────────┤[1/2]    7 MB/s
2025-04-07 16:32:42,369 - DEBUG - you-get输出: 31.8% (  9.0/ 28.3MB) ├█████████████───────────────────────────┤[1/2]   53 MB/s
2025-04-07 16:32:42,370 - DEBUG - you-get输出: 32.7% (  9.2/ 28.3MB) ├█████████████───────────────────────────┤[1/2]    7 MB/s
2025-04-07 16:32:42,391 - DEBUG - you-get输出: 33.6% (  9.5/ 28.3MB) ├██████████████──────────────────────────┤[1/2]   52 MB/s
2025-04-07 16:32:42,456 - DEBUG - you-get输出: 34.5% (  9.8/ 28.3MB) ├██████████████──────────────────────────┤[1/2]    7 MB/s
2025-04-07 16:32:42,457 - DEBUG - you-get输出: 35.4% ( 10.0/ 28.3MB) ├███████████████─────────────────────────┤[1/2]   44 MB/s
2025-04-07 16:32:42,475 - DEBUG - you-get输出: 36.3% ( 10.2/ 28.3MB) ├███████████████─────────────────────────┤[1/2]    8 MB/s
2025-04-07 16:32:42,493 - DEBUG - you-get输出: 37.2% ( 10.5/ 28.3MB) ├███████████████─────────────────────────┤[1/2]    8 MB/s
2025-04-07 16:32:42,512 - DEBUG - you-get输出: 38.0% ( 10.8/ 28.3MB) ├████████████████────────────────────────┤[1/2]   32 MB/s
2025-04-07 16:32:42,572 - DEBUG - you-get输出: 38.9% ( 11.0/ 28.3MB) ├████████████████────────────────────────┤[1/2]    8 MB/s
2025-04-07 16:32:42,572 - DEBUG - you-get输出: 39.8% ( 11.2/ 28.3MB) ├████████████████────────────────────────┤[1/2]   36 MB/s
2025-04-07 16:32:42,590 - DEBUG - you-get输出: 40.7% ( 11.5/ 28.3MB) ├█████████████████───────────────────────┤[1/2]    8 MB/s
2025-04-07 16:32:42,610 - DEBUG - you-get输出: 41.6% ( 11.8/ 28.3MB) ├█████████████████───────────────────────┤[1/2]   34 MB/s
2025-04-07 16:32:42,628 - DEBUG - you-get输出: 42.5% ( 12.0/ 28.3MB) ├█████████████████───────────────────────┤[1/2]    8 MB/s
2025-04-07 16:32:42,704 - DEBUG - you-get输出: 43.3% ( 12.2/ 28.3MB) ├██████████████████──────────────────────┤[1/2]   42 MB/s
2025-04-07 16:32:42,705 - DEBUG - you-get输出: 44.2% ( 12.5/ 28.3MB) ├██████████████████──────────────────────┤[1/2]    7 MB/s
2025-04-07 16:32:42,726 - DEBUG - you-get输出: 45.1% ( 12.8/ 28.3MB) ├███████████████████─────────────────────┤[1/2]   25 MB/s
2025-04-07 16:32:42,746 - DEBUG - you-get输出: 46.0% ( 13.0/ 28.3MB) ├███████████████████─────────────────────┤[1/2]    9 MB/s
2025-04-07 16:32:42,806 - DEBUG - you-get输出: 46.9% ( 13.2/ 28.3MB) ├███████████████████─────────────────────┤[1/2]   25 MB/s
2025-04-07 16:32:42,806 - DEBUG - you-get输出: 47.8% ( 13.5/ 28.3MB) ├███████████████████─────────────────────┤[1/2]    9 MB/s
2025-04-07 16:32:42,823 - DEBUG - you-get输出: 48.7% ( 13.8/ 28.3MB) ├████████████████████────────────────────┤[1/2]    9 MB/s
2025-04-07 16:32:42,842 - DEBUG - you-get输出: 49.5% ( 14.0/ 28.3MB) ├████████████████████────────────────────┤[1/2]   25 MB/s
2025-04-07 16:32:42,860 - DEBUG - you-get输出: 50.4% ( 14.2/ 28.3MB) ├█████████████████████───────────────────┤[1/2]    9 MB/s
2025-04-07 16:32:42,916 - DEBUG - you-get输出: 51.3% ( 14.5/ 28.3MB) ├█████████████████████───────────────────┤[1/2]   17 MB/s
2025-04-07 16:32:42,917 - DEBUG - you-get输出: 52.2% ( 14.8/ 28.3MB) ├█████████████████████───────────────────┤[1/2]   12 MB/s
2025-04-07 16:32:42,935 - DEBUG - you-get输出: 53.1% ( 15.0/ 28.3MB) ├██████████████████████──────────────────┤[1/2]   14 MB/s
2025-04-07 16:32:42,953 - DEBUG - you-get输出: 54.0% ( 15.2/ 28.3MB) ├██████████████████████──────────────────┤[1/2]   13 MB/s
2025-04-07 16:32:42,971 - DEBUG - you-get输出: 54.8% ( 15.5/ 28.3MB) ├██████████████████████──────────────────┤[1/2]    9 MB/s
2025-04-07 16:32:43,035 - DEBUG - you-get输出: 55.7% ( 15.8/ 28.3MB) ├███████████████████████─────────────────┤[1/2]   14 MB/s
2025-04-07 16:32:43,035 - DEBUG - you-get输出: 56.6% ( 16.0/ 28.3MB) ├███████████████████████─────────────────┤[1/2]   12 MB/s
2025-04-07 16:32:43,053 - DEBUG - you-get输出: 57.5% ( 16.2/ 28.3MB) ├███████████████████████─────────────────┤[1/2]   16 MB/s
2025-04-07 16:32:43,071 - DEBUG - you-get输出: 58.4% ( 16.5/ 28.3MB) ├████████████████████████────────────────┤[1/2]   11 MB/s
2025-04-07 16:32:43,089 - DEBUG - you-get输出: 59.3% ( 16.8/ 28.3MB) ├████████████████████████────────────────┤[1/2]    8 MB/s
2025-04-07 16:32:43,150 - DEBUG - you-get输出: 60.2% ( 17.0/ 28.3MB) ├█████████████████████████───────────────┤[1/2]   29 MB/s
2025-04-07 16:32:43,150 - DEBUG - you-get输出: 61.0% ( 17.2/ 28.3MB) ├█████████████████████████───────────────┤[1/2]    8 MB/s
2025-04-07 16:32:43,170 - DEBUG - you-get输出: 61.9% ( 17.5/ 28.3MB) ├█████████████████████████───────────────┤[1/2]   35 MB/s
2025-04-07 16:32:43,190 - DEBUG - you-get输出: 62.8% ( 17.8/ 28.3MB) ├█████████████████████████───────────────┤[1/2]    8 MB/s
2025-04-07 16:32:43,253 - DEBUG - you-get输出: 63.7% ( 18.0/ 28.3MB) ├██████████████████████████──────────────┤[1/2]   35 MB/s
2025-04-07 16:32:43,253 - DEBUG - you-get输出: 64.6% ( 18.2/ 28.3MB) ├██████████████████████████──────────────┤[1/2]    8 MB/s
2025-04-07 16:32:43,271 - DEBUG - you-get输出: 65.5% ( 18.5/ 28.3MB) ├███████████████████████████─────────────┤[1/2]   31 MB/s
2025-04-07 16:32:43,288 - DEBUG - you-get输出: 66.3% ( 18.8/ 28.3MB) ├███████████████████████████─────────────┤[1/2]    9 MB/s
2025-04-07 16:32:43,305 - DEBUG - you-get输出: 67.2% ( 19.0/ 28.3MB) ├███████████████████████████─────────────┤[1/2]    8 MB/s
2025-04-07 16:32:43,362 - DEBUG - you-get输出: 68.1% ( 19.2/ 28.3MB) ├████████████████████████████────────────┤[1/2]   36 MB/s
2025-04-07 16:32:43,362 - DEBUG - you-get输出: 69.0% ( 19.5/ 28.3MB) ├████████████████████████████────────────┤[1/2]    8 MB/s
2025-04-07 16:32:43,380 - DEBUG - you-get输出: 69.9% ( 19.8/ 28.3MB) ├████████████████████████████────────────┤[1/2]   39 MB/s
2025-04-07 16:32:43,398 - DEBUG - you-get输出: 70.8% ( 20.0/ 28.3MB) ├█████████████████████████████───────────┤[1/2]    8 MB/s
2025-04-07 16:32:43,415 - DEBUG - you-get输出: 71.7% ( 20.2/ 28.3MB) ├█████████████████████████████───────────┤[1/2]   21 MB/s
2025-04-07 16:32:43,507 - DEBUG - you-get输出: 72.5% ( 20.5/ 28.3MB) ├█████████████████████████████───────────┤[1/2]    9 MB/s
2025-04-07 16:32:43,507 - DEBUG - you-get输出: 73.4% ( 20.8/ 28.3MB) ├██████████████████████████████──────────┤[1/2]   37 MB/s
2025-04-07 16:32:43,527 - DEBUG - you-get输出: 74.3% ( 21.0/ 28.3MB) ├██████████████████████████████──────────┤[1/2]    8 MB/s
2025-04-07 16:32:43,588 - DEBUG - you-get输出: 75.2% ( 21.2/ 28.3MB) ├███████████████████████████████─────────┤[1/2]   32 MB/s
2025-04-07 16:32:43,588 - DEBUG - you-get输出: 76.1% ( 21.5/ 28.3MB) ├███████████████████████████████─────────┤[1/2]    6 MB/s
2025-04-07 16:32:43,607 - DEBUG - you-get输出: 77.0% ( 21.8/ 28.3MB) ├███████████████████████████████─────────┤[1/2]   30 MB/s
2025-04-07 16:32:43,626 - DEBUG - you-get输出: 77.8% ( 22.0/ 28.3MB) ├███████████████████████████████─────────┤[1/2]    8 MB/s
2025-04-07 16:32:43,689 - DEBUG - you-get输出: 78.7% ( 22.2/ 28.3MB) ├████████████████████████████████────────┤[1/2]   11 MB/s
2025-04-07 16:32:43,690 - DEBUG - you-get输出: 79.6% ( 22.5/ 28.3MB) ├████████████████████████████████────────┤[1/2]   11 MB/s
2025-04-07 16:32:43,709 - DEBUG - you-get输出: 80.5% ( 22.8/ 28.3MB) ├█████████████████████████████████───────┤[1/2]    8 MB/s
2025-04-07 16:32:43,726 - DEBUG - you-get输出: 81.4% ( 23.0/ 28.3MB) ├█████████████████████████████████───────┤[1/2]   27 MB/s
2025-04-07 16:32:43,743 - DEBUG - you-get输出: 82.3% ( 23.2/ 28.3MB) ├█████████████████████████████████───────┤[1/2]    8 MB/s
2025-04-07 16:32:43,848 - DEBUG - you-get输出: 83.1% ( 23.5/ 28.3MB) ├██████████████████████████████████──────┤[1/2]   15 MB/s
2025-04-07 16:32:43,849 - DEBUG - you-get输出: 84.0% ( 23.8/ 28.3MB) ├██████████████████████████████████──────┤[1/2]    8 MB/s
2025-04-07 16:32:43,907 - DEBUG - you-get输出: 84.9% ( 24.0/ 28.3MB) ├██████████████████████████████████──────┤[1/2]   17 MB/s
2025-04-07 16:32:43,908 - DEBUG - you-get输出: 85.8% ( 24.2/ 28.3MB) ├███████████████████████████████████─────┤[1/2]   11 MB/s
2025-04-07 16:32:43,925 - DEBUG - you-get输出: 86.7% ( 24.5/ 28.3MB) ├███████████████████████████████████─────┤[1/2]    8 MB/s
2025-04-07 16:32:43,942 - DEBUG - you-get输出: 87.6% ( 24.8/ 28.3MB) ├███████████████████████████████████─────┤[1/2]   23 MB/s
2025-04-07 16:32:43,961 - DEBUG - you-get输出: 88.5% ( 25.0/ 28.3MB) ├████████████████████████████████████────┤[1/2]    8 MB/s
2025-04-07 16:32:44,016 - DEBUG - you-get输出: 89.3% ( 25.2/ 28.3MB) ├████████████████████████████████████────┤[1/2]   34 MB/s
2025-04-07 16:32:44,017 - DEBUG - you-get输出: 90.2% ( 25.5/ 28.3MB) ├█████████████████████████████████████───┤[1/2]    8 MB/s
2025-04-07 16:32:44,036 - DEBUG - you-get输出: 91.1% ( 25.8/ 28.3MB) ├█████████████████████████████████████───┤[1/2]    7 MB/s
2025-04-07 16:32:44,272 - DEBUG - you-get输出: 91.8% ( 25.9/ 28.3MB) ├█████████████████████████████████████───┤[1/2]   21 MB/s
2025-04-07 16:32:44,338 - DEBUG - you-get输出: 92.7% ( 26.2/ 28.3MB) ├█████████████████████████████████████───┤[2/2]  397 kB/s
2025-04-07 16:32:44,361 - DEBUG - you-get输出: 93.6% ( 26.4/ 28.3MB) ├██████████████████████████████████████──┤[2/2]    5 MB/s
2025-04-07 16:32:44,403 - DEBUG - you-get输出: 94.4% ( 26.7/ 28.3MB) ├██████████████████████████████████████──┤[2/2]    7 MB/s
2025-04-07 16:32:44,450 - DEBUG - you-get输出: 95.3% ( 26.9/ 28.3MB) ├███████████████████████████████████████─┤[2/2]    6 MB/s
2025-04-07 16:32:44,471 - DEBUG - you-get输出: 96.2% ( 27.2/ 28.3MB) ├███████████████████████████████████████─┤[2/2]    8 MB/s
2025-04-07 16:32:44,494 - DEBUG - you-get输出: 97.1% ( 27.4/ 28.3MB) ├███████████████████████████████████████─┤[2/2]    7 MB/s
2025-04-07 16:32:44,531 - DEBUG - you-get输出: 98.0% ( 27.7/ 28.3MB) ├████████████████████████████████████████┤[2/2]   11 MB/s
2025-04-07 16:32:44,583 - DEBUG - you-get输出: 98.9% ( 27.9/ 28.3MB) ├████████████████████████████████████████┤[2/2]    7 MB/s
2025-04-07 16:32:44,583 - DEBUG - you-get输出: 99.7% ( 28.2/ 28.3MB) ├████████████████████████████████████████┤[2/2]   14 MB/s
2025-04-07 16:32:44,604 - DEBUG - you-get输出: 100% ( 28.3/ 28.3MB) ├████████████████████████████████████████┤[2/2]    3 MB/s
2025-04-07 16:32:44,664 - DEBUG - you-get输出: Merging video parts... Merged into 不眠之夜，但全程一个调.mp4
2025-04-07 16:32:44,665 - DEBUG - you-get输出: Skipping captions or danmaku.
2025-04-07 16:32:44,690 - INFO - 视频 不眠之夜，但全程一个调 下载完成
