2025-04-07 16:59:59,829 - INFO - 开始登录...
2025-04-07 16:59:59,830 - INFO - 尝试刷新登录状态...
2025-04-07 17:00:00,034 - INFO - 登录刷新成功!
2025-04-07 17:00:00,035 - INFO - 登录成功!
2025-04-07 17:00:00,038 - INFO - 成功创建Netscape格式的cookies文件
2025-04-07 17:00:00,038 - DEBUG - 更新后的Cookie信息: {'SESSDATA': '60d30b4a%2C1759568400%2C1389d541CjAVWNJL7zo4iXyt4Z20tJZ8FB_fUygvM9x4Y57ZYu3xcwo3ENu0lvXasBEmFJ5sHwcSVnF3UkZDa21NQ1N0d3k1WHROUkY1Ylh4bi1FVlIwWEx5TzZjTE1XdkxPdFlxZ0dkVVRfUDZuOFJhU0lvOE52RkFuQUZGSmVMMlhuallpek13Z09kWHh3IIEC', 'bili_jct': 'ca98a4900e2c383621ddccdf60d75886', 'DedeUserID': '501695519', 'DedeUserID__ckMd5': '3584d425f96fc469', 'sid': 'g3unc841'}
2025-04-07 17:00:00,050 - DEBUG - 开始验证登录状态...
2025-04-07 17:00:00,054 - DEBUG - 当前Cookie信息: {'SESSDATA': '60d30b4a%2C1759568400%2C1389d541CjAVWNJL7zo4iXyt4Z20tJZ8FB_fUygvM9x4Y57ZYu3xcwo3ENu0lvXasBEmFJ5sHwcSVnF3UkZDa21NQ1N0d3k1WHROUkY1Ylh4bi1FVlIwWEx5TzZjTE1XdkxPdFlxZ0dkVVRfUDZuOFJhU0lvOE52RkFuQUZGSmVMMlhuallpek13Z09kWHh3IIEC', 'bili_jct': 'ca98a4900e2c383621ddccdf60d75886', 'buvid3': ''}
2025-04-07 17:00:00,055 - DEBUG - 发送验证请求...
2025-04-07 17:00:00,337 - DEBUG - 验证响应: {'code': 0, 'message': '0', 'ttl': 1, 'data': {'isLogin': True, 'email_verified': 1, 'face': 'https://i2.hdslb.com/bfs/face/8d6df08d48ff886b6d2d52cc07b5e167fc472f96.jpg', 'face_nft': 0, 'face_nft_type': 0, 'level_info': {'current_level': 5, 'current_min': 10800, 'current_exp': 18144, 'next_exp': 28800}, 'mid': 501695519, 'mobile_verified': 1, 'money': 280.2, 'moral': 70, 'official': {'role': 0, 'title': '', 'desc': '', 'type': -1}, 'officialVerify': {'type': -1, 'desc': ''}, 'pendant': {'pid': 0, 'name': '', 'image': '', 'expire': 0, 'image_enhance': '', 'image_enhance_frame': '', 'n_pid': 0}, 'scores': 0, 'uname': '取个好昵称真费劲', 'vipDueDate': 0, 'vipStatus': 0, 'vipType': 0, 'vip_pay_type': 0, 'vip_theme_type': 0, 'vip_label': {'path': '', 'text': '', 'label_theme': '', 'text_color': '', 'bg_style': 0, 'bg_color': '', 'border_color': '', 'use_img_label': True, 'img_label_uri_hans': '', 'img_label_uri_hant': '', 'img_label_uri_hans_static': 'https://i0.hdslb.com/bfs/vip/d7b702ef65a976b20ed854cbd04cb9e27341bb79.png', 'img_label_uri_hant_static': 'https://i0.hdslb.com/bfs/activity-plat/static/20220614/e369244d0b14644f5e1a06431e22a4d5/KJunwh19T5.png'}, 'vip_avatar_subscript': 0, 'vip_nickname_color': '', 'vip': {'type': 0, 'status': 0, 'due_date': 0, 'vip_pay_type': 0, 'theme_type': 0, 'label': {'path': '', 'text': '', 'label_theme': '', 'text_color': '', 'bg_style': 0, 'bg_color': '', 'border_color': '', 'use_img_label': True, 'img_label_uri_hans': '', 'img_label_uri_hant': '', 'img_label_uri_hans_static': 'https://i0.hdslb.com/bfs/vip/d7b702ef65a976b20ed854cbd04cb9e27341bb79.png', 'img_label_uri_hant_static': 'https://i0.hdslb.com/bfs/activity-plat/static/20220614/e369244d0b14644f5e1a06431e22a4d5/KJunwh19T5.png'}, 'avatar_subscript': 0, 'nickname_color': '', 'role': 0, 'avatar_subscript_url': '', 'tv_vip_status': 0, 'tv_vip_pay_type': 0, 'tv_due_date': 0, 'avatar_icon': {'icon_resource': {}}}, 'wallet': {'mid': 501695519, 'bcoin_balance': 0, 'coupon_balance': 0, 'coupon_due_time': 0}, 'has_shop': False, 'shop_url': '', 'answer_status': 0, 'is_senior_member': 0, 'wbi_img': {'img_url': 'https://i0.hdslb.com/bfs/wbi/7cd084941338484aae1ad9425b84077c.png', 'sub_url': 'https://i0.hdslb.com/bfs/wbi/4932caff0ff746eab6f01bf08b70ac45.png'}, 'is_jury': False, 'name_render': None}}
2025-04-07 17:00:00,339 - INFO - 成功创建Netscape格式的cookies文件
2025-04-07 17:00:00,559 - INFO - 登录状态有效：取个好昵称真费劲
2025-04-07 17:00:01,415 - DEBUG - 开始验证登录状态...
2025-04-07 17:00:01,416 - DEBUG - 当前Cookie信息: {'SESSDATA': '60d30b4a%2C1759568400%2C1389d541CjAVWNJL7zo4iXyt4Z20tJZ8FB_fUygvM9x4Y57ZYu3xcwo3ENu0lvXasBEmFJ5sHwcSVnF3UkZDa21NQ1N0d3k1WHROUkY1Ylh4bi1FVlIwWEx5TzZjTE1XdkxPdFlxZ0dkVVRfUDZuOFJhU0lvOE52RkFuQUZGSmVMMlhuallpek13Z09kWHh3IIEC', 'bili_jct': 'ca98a4900e2c383621ddccdf60d75886', 'buvid3': ''}
2025-04-07 17:00:01,416 - DEBUG - 发送验证请求...
2025-04-07 17:00:01,579 - DEBUG - 验证响应: {'code': 0, 'message': '0', 'ttl': 1, 'data': {'isLogin': True, 'email_verified': 1, 'face': 'https://i2.hdslb.com/bfs/face/8d6df08d48ff886b6d2d52cc07b5e167fc472f96.jpg', 'face_nft': 0, 'face_nft_type': 0, 'level_info': {'current_level': 5, 'current_min': 10800, 'current_exp': 18144, 'next_exp': 28800}, 'mid': 501695519, 'mobile_verified': 1, 'money': 280.2, 'moral': 70, 'official': {'role': 0, 'title': '', 'desc': '', 'type': -1}, 'officialVerify': {'type': -1, 'desc': ''}, 'pendant': {'pid': 0, 'name': '', 'image': '', 'expire': 0, 'image_enhance': '', 'image_enhance_frame': '', 'n_pid': 0}, 'scores': 0, 'uname': '取个好昵称真费劲', 'vipDueDate': 0, 'vipStatus': 0, 'vipType': 0, 'vip_pay_type': 0, 'vip_theme_type': 0, 'vip_label': {'path': '', 'text': '', 'label_theme': '', 'text_color': '', 'bg_style': 0, 'bg_color': '', 'border_color': '', 'use_img_label': True, 'img_label_uri_hans': '', 'img_label_uri_hant': '', 'img_label_uri_hans_static': 'https://i0.hdslb.com/bfs/vip/d7b702ef65a976b20ed854cbd04cb9e27341bb79.png', 'img_label_uri_hant_static': 'https://i0.hdslb.com/bfs/activity-plat/static/20220614/e369244d0b14644f5e1a06431e22a4d5/KJunwh19T5.png'}, 'vip_avatar_subscript': 0, 'vip_nickname_color': '', 'vip': {'type': 0, 'status': 0, 'due_date': 0, 'vip_pay_type': 0, 'theme_type': 0, 'label': {'path': '', 'text': '', 'label_theme': '', 'text_color': '', 'bg_style': 0, 'bg_color': '', 'border_color': '', 'use_img_label': True, 'img_label_uri_hans': '', 'img_label_uri_hant': '', 'img_label_uri_hans_static': 'https://i0.hdslb.com/bfs/vip/d7b702ef65a976b20ed854cbd04cb9e27341bb79.png', 'img_label_uri_hant_static': 'https://i0.hdslb.com/bfs/activity-plat/static/20220614/e369244d0b14644f5e1a06431e22a4d5/KJunwh19T5.png'}, 'avatar_subscript': 0, 'nickname_color': '', 'role': 0, 'avatar_subscript_url': '', 'tv_vip_status': 0, 'tv_vip_pay_type': 0, 'tv_due_date': 0, 'avatar_icon': {'icon_resource': {}}}, 'wallet': {'mid': 501695519, 'bcoin_balance': 0, 'coupon_balance': 0, 'coupon_due_time': 0}, 'has_shop': False, 'shop_url': '', 'answer_status': 0, 'is_senior_member': 0, 'wbi_img': {'img_url': 'https://i0.hdslb.com/bfs/wbi/7cd084941338484aae1ad9425b84077c.png', 'sub_url': 'https://i0.hdslb.com/bfs/wbi/4932caff0ff746eab6f01bf08b70ac45.png'}, 'is_jury': False, 'name_render': None}}
2025-04-07 17:00:01,581 - INFO - 成功创建Netscape格式的cookies文件
2025-04-07 17:00:01,581 - INFO - 登录状态有效：取个好昵称真费劲
2025-04-07 17:00:01,581 - INFO - 开始获取用户 501695519 的收藏夹 3473636419
2025-04-07 17:00:02,393 - INFO - 共找到 6 个视频
2025-04-07 17:00:02,725 - INFO - 使用缓存的格式信息：BV1uD421T7bx
2025-04-07 17:00:02,725 - INFO - 使用缓存的格式信息：BV1AcNpegEt1
2025-04-07 17:00:02,725 - INFO - 使用缓存的格式信息：BV1tM411B7NA
2025-04-07 17:00:02,813 - INFO - 完成获取格式：视频 BV1uD421T7bx
2025-04-07 17:00:03,027 - INFO - 完成获取格式：视频 BV1AcNpegEt1
2025-04-07 17:00:03,057 - INFO - 完成获取格式：视频 BV1tM411B7NA
2025-04-07 17:00:03,058 - INFO - 格式信息获取进度: 3/6
2025-04-07 17:00:03,093 - INFO - 使用缓存的格式信息：BV1X341177zi
2025-04-07 17:00:03,093 - INFO - 使用缓存的格式信息：BV1pu4y1N7KM
2025-04-07 17:00:03,093 - INFO - 使用缓存的格式信息：BV11u4y1B71e
2025-04-07 17:00:03,161 - INFO - 完成获取格式：视频 BV1X341177zi
2025-04-07 17:00:03,269 - INFO - 完成获取格式：视频 BV1pu4y1N7KM
2025-04-07 17:00:03,310 - INFO - 完成获取格式：视频 BV11u4y1B71e
2025-04-07 17:00:03,311 - INFO - 格式信息获取进度: 6/6
2025-04-07 17:00:03,350 - INFO - 所有视频格式获取完成
2025-04-07 17:00:05,783 - INFO - 为视频 不眠之夜，但全程一个调 选择格式：高清 1080P avc1.640032 (dash-flv-AVC) (代码: dash-flv-AVC)
2025-04-07 17:00:05,783 - INFO - 为视频 你 从 丹 东 来 ，想 吃 广 东 菜！🖐😭🤚 选择格式：高清 1080P avc1.640032 (dash-flv-AVC) (代码: dash-flv-AVC)
2025-04-07 17:00:05,784 - INFO - 为视频 《原神》角色演示-「珐露珊：百岁珊」 选择格式：高清 1080P avc1.640032 (dash-flv-AVC) (代码: dash-flv-AVC)
2025-04-07 17:00:05,784 - INFO - 为视频 《原神》角色演示-「八 重 蔡 子」 选择格式：高清 1080P avc1.640032 (dash-flv-AVC) (代码: dash-flv-AVC)
2025-04-07 17:00:05,784 - INFO - 为视频 《原神》角色演示-「芙宁娜：全程跑调」 选择格式：高清 1080P avc1.640033 (dash-flv-AVC) (代码: dash-flv-AVC)
2025-04-07 17:00:05,784 - INFO - 为视频 【星穹铁道】卡芙卡PV——「戏剧性漏气」 选择格式：高清 1080P avc1.640032 (dash-flv-AVC) (代码: dash-flv-AVC)
2025-04-07 17:00:13,862 - INFO - 弹幕下载状态: 禁用
2025-04-07 17:00:13,863 - INFO - 跳过下载视频 不眠之夜，但全程一个调 的弹幕
2025-04-07 17:00:13,874 - INFO - 弹幕下载状态: 禁用
2025-04-07 17:00:13,875 - DEBUG - 下载命令: "you-get" --format=dash-flv-AVC -o "D:/System/Desktop" -c "cookies.txt" --no-caption "https://www.bilibili.com/video/BV1uD421T7bx"
2025-04-07 17:00:13,887 - INFO - 跳过下载视频 你 从 丹 东 来 ，想 吃 广 东 菜！🖐😭🤚 的弹幕
2025-04-07 17:00:13,896 - INFO - 弹幕下载状态: 禁用
2025-04-07 17:00:13,908 - DEBUG - 下载命令: "you-get" --format=dash-flv-AVC -o "D:/System/Desktop" -c "cookies.txt" --no-caption "https://www.bilibili.com/video/BV1AcNpegEt1"
2025-04-07 17:00:13,921 - INFO - 跳过下载视频 《原神》角色演示-「珐露珊：百岁珊」 的弹幕
2025-04-07 17:00:13,943 - DEBUG - 下载命令: "you-get" --format=dash-flv-AVC -o "D:/System/Desktop" -c "cookies.txt" --no-caption "https://www.bilibili.com/video/BV1tM411B7NA"
2025-04-07 17:00:27,336 - DEBUG - you-get输出: site:                Bilibili
2025-04-07 17:00:27,336 - DEBUG - you-get输出: title:               你 从 丹 东 来 ，想 吃 广 东 菜！🖐😭🤚
2025-04-07 17:00:27,351 - DEBUG - you-get输出: stream:
2025-04-07 17:00:27,364 - DEBUG - you-get输出: - format:        dash-flv-AVC
2025-04-07 17:00:27,376 - DEBUG - you-get输出: container:     mp4
2025-04-07 17:00:27,386 - DEBUG - you-get输出: quality:       高清 1080P avc1.640032
2025-04-07 17:00:27,399 - DEBUG - you-get输出: size:          20.9 MiB (21958102 bytes)
2025-04-07 17:00:27,410 - DEBUG - you-get输出: # download-with: you-get --format=dash-flv-AVC [URL]
2025-04-07 17:00:27,422 - DEBUG - you-get输出: Downloading 你 从 丹 东 来 ，想 吃 广 东 菜！🖐😭🤚.mp4 ...
2025-04-07 17:00:27,999 - DEBUG - you-get输出: 0.0% (  0.0/ 20.9MB) ├────────────────────────────────────────┤[1/2]
2025-04-07 17:00:28,062 - DEBUG - you-get输出: 1.2% (  0.2/ 20.9MB) ├█───────────────────────────────────────┤[1/2]  386 kB/s
2025-04-07 17:00:28,112 - DEBUG - you-get输出: 2.4% (  0.5/ 20.9MB) ├█───────────────────────────────────────┤[1/2]    4 MB/s
2025-04-07 17:00:28,141 - DEBUG - you-get输出: 3.6% (  0.8/ 20.9MB) ├██──────────────────────────────────────┤[1/2]    5 MB/s
2025-04-07 17:00:28,168 - DEBUG - you-get输出: 4.8% (  1.0/ 20.9MB) ├██──────────────────────────────────────┤[1/2]   11 MB/s
2025-04-07 17:00:28,196 - DEBUG - you-get输出: 6.0% (  1.2/ 20.9MB) ├███─────────────────────────────────────┤[1/2]    8 MB/s
2025-04-07 17:00:28,211 - DEBUG - you-get输出: 7.2% (  1.5/ 20.9MB) ├███─────────────────────────────────────┤[1/2]    9 MB/s
2025-04-07 17:00:28,223 - DEBUG - you-get输出: 8.4% (  1.8/ 20.9MB) ├████────────────────────────────────────┤[1/2]   16 MB/s
2025-04-07 17:00:28,263 - DEBUG - you-get输出: 9.6% (  2.0/ 20.9MB) ├████────────────────────────────────────┤[1/2]   20 MB/s
2025-04-07 17:00:28,284 - DEBUG - you-get输出: 10.7% (  2.2/ 20.9MB) ├█████───────────────────────────────────┤[1/2]    6 MB/s
2025-04-07 17:00:28,294 - DEBUG - you-get输出: 11.9% (  2.5/ 20.9MB) ├█████───────────────────────────────────┤[1/2]   12 MB/s
2025-04-07 17:00:28,331 - DEBUG - you-get输出: 13.1% (  2.8/ 20.9MB) ├██████──────────────────────────────────┤[1/2]   23 MB/s
2025-04-07 17:00:28,369 - DEBUG - you-get输出: 14.3% (  3.0/ 20.9MB) ├██████──────────────────────────────────┤[1/2]    7 MB/s
2025-04-07 17:00:28,369 - DEBUG - you-get输出: 15.5% (  3.2/ 20.9MB) ├███████─────────────────────────────────┤[1/2]   12 MB/s
2025-04-07 17:00:28,386 - DEBUG - you-get输出: 16.7% (  3.5/ 20.9MB) ├███████─────────────────────────────────┤[1/2]   23 MB/s
2025-04-07 17:00:28,407 - DEBUG - you-get输出: 17.9% (  3.8/ 20.9MB) ├███████─────────────────────────────────┤[1/2]   36 MB/s
2025-04-07 17:00:28,430 - DEBUG - you-get输出: 19.1% (  4.0/ 20.9MB) ├████████────────────────────────────────┤[1/2]    7 MB/s
2025-04-07 17:00:28,962 - INFO - 暂停下载：你 从 丹 东 来 ，想 吃 广 东 菜！🖐😭🤚
2025-04-07 17:00:29,002 - DEBUG - you-get输出: 20.3% (  4.2/ 20.9MB) ├█████████───────────────────────────────┤[1/2]   19 MB/s
2025-04-07 17:00:29,056 - DEBUG - you-get输出: 21.5% (  4.5/ 20.9MB) ├█████████───────────────────────────────┤[1/2]    7 MB/s
2025-04-07 17:00:29,056 - DEBUG - you-get输出: 22.7% (  4.8/ 20.9MB) ├█████████───────────────────────────────┤[1/2]   17 MB/s
2025-04-07 17:00:29,077 - DEBUG - you-get输出: 23.9% (  5.0/ 20.9MB) ├██████████──────────────────────────────┤[1/2]   38 MB/s
2025-04-07 17:00:29,098 - DEBUG - you-get输出: 25.1% (  5.2/ 20.9MB) ├███████████─────────────────────────────┤[1/2]    6 MB/s
2025-04-07 17:00:29,160 - DEBUG - you-get输出: 26.3% (  5.5/ 20.9MB) ├███████████─────────────────────────────┤[1/2]   17 MB/s
2025-04-07 17:00:29,160 - DEBUG - you-get输出: 27.5% (  5.8/ 20.9MB) ├███████████─────────────────────────────┤[1/2]   35 MB/s
2025-04-07 17:00:29,178 - DEBUG - you-get输出: 28.7% (  6.0/ 20.9MB) ├████████████────────────────────────────┤[1/2]   36 MB/s
2025-04-07 17:00:29,197 - DEBUG - you-get输出: 29.8% (  6.2/ 20.9MB) ├████████████────────────────────────────┤[1/2]    4 MB/s
2025-04-07 17:00:29,217 - DEBUG - you-get输出: 31.0% (  6.5/ 20.9MB) ├█████████████───────────────────────────┤[1/2]   54 MB/s
2025-04-07 17:00:29,273 - DEBUG - you-get输出: 32.2% (  6.8/ 20.9MB) ├█████████████───────────────────────────┤[1/2]   30 MB/s
2025-04-07 17:00:29,273 - DEBUG - you-get输出: 33.4% (  7.0/ 20.9MB) ├██████████████──────────────────────────┤[1/2]    4 MB/s
2025-04-07 17:00:29,292 - DEBUG - you-get输出: 34.6% (  7.2/ 20.9MB) ├██████████████──────────────────────────┤[1/2]   30 MB/s
2025-04-07 17:00:29,311 - DEBUG - you-get输出: 35.8% (  7.5/ 20.9MB) ├███████████████─────────────────────────┤[1/2]   33 MB/s
2025-04-07 17:00:29,330 - DEBUG - you-get输出: 37.0% (  7.8/ 20.9MB) ├███████████████─────────────────────────┤[1/2]   60 MB/s
2025-04-07 17:00:29,385 - DEBUG - you-get输出: 38.2% (  8.0/ 20.9MB) ├████████████████────────────────────────┤[1/2]    5 MB/s
2025-04-07 17:00:29,386 - DEBUG - you-get输出: 39.4% (  8.2/ 20.9MB) ├████████████████────────────────────────┤[1/2]   14 MB/s
2025-04-07 17:00:29,403 - DEBUG - you-get输出: 40.6% (  8.5/ 20.9MB) ├█████████████████───────────────────────┤[1/2]   24 MB/s
2025-04-07 17:00:29,422 - DEBUG - you-get输出: 41.8% (  8.8/ 20.9MB) ├█████████████████───────────────────────┤[1/2]   35 MB/s
2025-04-07 17:00:29,440 - DEBUG - you-get输出: 43.0% (  9.0/ 20.9MB) ├██████████████████──────────────────────┤[1/2]    5 MB/s
2025-04-07 17:00:29,493 - DEBUG - you-get输出: 44.2% (  9.2/ 20.9MB) ├██████████████████──────────────────────┤[1/2]   32 MB/s
2025-04-07 17:00:29,494 - DEBUG - you-get输出: 45.4% (  9.5/ 20.9MB) ├███████████████████─────────────────────┤[1/2]   32 MB/s
2025-04-07 17:00:29,512 - DEBUG - you-get输出: 46.6% (  9.8/ 20.9MB) ├███████████████████─────────────────────┤[1/2]    5 MB/s
2025-04-07 17:00:29,529 - DEBUG - you-get输出: 47.8% ( 10.0/ 20.9MB) ├███████████████████─────────────────────┤[1/2]   24 MB/s
2025-04-07 17:00:29,548 - DEBUG - you-get输出: 48.9% ( 10.2/ 20.9MB) ├████████████████████────────────────────┤[1/2]   40 MB/s
2025-04-07 17:00:29,617 - DEBUG - you-get输出: 50.1% ( 10.5/ 20.9MB) ├█████████████████████───────────────────┤[1/2]   44 MB/s
2025-04-07 17:00:29,618 - DEBUG - you-get输出: 51.3% ( 10.8/ 20.9MB) ├█████████████████████───────────────────┤[1/2]    4 MB/s
2025-04-07 17:00:29,636 - DEBUG - you-get输出: 52.5% ( 11.0/ 20.9MB) ├█████████████████████───────────────────┤[1/2]  277 MB/s
2025-04-07 17:00:29,654 - DEBUG - you-get输出: 53.7% ( 11.2/ 20.9MB) ├██████████████████████──────────────────┤[1/2]  315 MB/s
2025-04-07 17:00:29,707 - DEBUG - you-get输出: 54.9% ( 11.5/ 20.9MB) ├██████████████████████──────────────────┤[1/2]    6 MB/s
2025-04-07 17:00:29,708 - DEBUG - you-get输出: 56.1% ( 11.8/ 20.9MB) ├███████████████████████─────────────────┤[1/2]   25 MB/s
2025-04-07 17:00:29,726 - DEBUG - you-get输出: 57.3% ( 12.0/ 20.9MB) ├███████████████████████─────────────────┤[1/2]   33 MB/s
2025-04-07 17:00:29,744 - DEBUG - you-get输出: 58.5% ( 12.2/ 20.9MB) ├████████████████████████────────────────┤[1/2]    6 MB/s
2025-04-07 17:00:29,761 - DEBUG - you-get输出: 59.7% ( 12.5/ 20.9MB) ├████████████████████████────────────────┤[1/2]   20 MB/s
2025-04-07 17:00:29,815 - DEBUG - you-get输出: 60.9% ( 12.8/ 20.9MB) ├█████████████████████████───────────────┤[1/2]   28 MB/s
2025-04-07 17:00:29,816 - DEBUG - you-get输出: 62.1% ( 13.0/ 20.9MB) ├█████████████████████████───────────────┤[1/2]    6 MB/s
2025-04-07 17:00:29,833 - DEBUG - you-get输出: 63.3% ( 13.2/ 20.9MB) ├██████████████████████████──────────────┤[1/2]   19 MB/s
2025-04-07 17:00:29,850 - DEBUG - you-get输出: 64.5% ( 13.5/ 20.9MB) ├██████████████████████████──────────────┤[1/2]   41 MB/s
2025-04-07 17:00:29,867 - DEBUG - you-get输出: 65.7% ( 13.8/ 20.9MB) ├███████████████████████████─────────────┤[1/2]    6 MB/s
2025-04-07 17:00:29,919 - DEBUG - you-get输出: 66.9% ( 14.0/ 20.9MB) ├███████████████████████████─────────────┤[1/2]   24 MB/s
2025-04-07 17:00:29,919 - DEBUG - you-get输出: 68.0% ( 14.2/ 20.9MB) ├████████████████████████████────────────┤[1/2]   17 MB/s
2025-04-07 17:00:29,937 - DEBUG - you-get输出: 69.2% ( 14.5/ 20.9MB) ├████████████████████████████────────────┤[1/2]    5 MB/s
2025-04-07 17:00:29,955 - DEBUG - you-get输出: 70.4% ( 14.8/ 20.9MB) ├█████████████████████████████───────────┤[1/2]   36 MB/s
2025-04-07 17:00:29,972 - DEBUG - you-get输出: 71.6% ( 15.0/ 20.9MB) ├█████████████████████████████───────────┤[1/2]   17 MB/s
2025-04-07 17:00:30,026 - DEBUG - you-get输出: 72.8% ( 15.2/ 20.9MB) ├█████████████████████████████───────────┤[1/2]   32 MB/s
2025-04-07 17:00:30,027 - DEBUG - you-get输出: 74.0% ( 15.5/ 20.9MB) ├██████████████████████████████──────────┤[1/2]    7 MB/s
2025-04-07 17:00:30,045 - DEBUG - you-get输出: 75.2% ( 15.8/ 20.9MB) ├███████████████████████████████─────────┤[1/2]   10 MB/s
2025-04-07 17:00:30,063 - DEBUG - you-get输出: 76.4% ( 16.0/ 20.9MB) ├███████████████████████████████─────────┤[1/2]   30 MB/s
2025-04-07 17:00:30,080 - DEBUG - you-get输出: 77.6% ( 16.2/ 20.9MB) ├███████████████████████████████─────────┤[1/2]   10 MB/s
2025-04-07 17:00:30,134 - DEBUG - you-get输出: 78.8% ( 16.5/ 20.9MB) ├████████████████████████████████────────┤[1/2]    8 MB/s
2025-04-07 17:00:30,135 - DEBUG - you-get输出: 80.0% ( 16.8/ 20.9MB) ├█████████████████████████████████───────┤[1/2]   19 MB/s
2025-04-07 17:00:30,152 - DEBUG - you-get输出: 81.2% ( 17.0/ 20.9MB) ├█████████████████████████████████───────┤[1/2]    2 MB/s
2025-04-07 17:00:30,171 - DEBUG - you-get输出: 82.4% ( 17.2/ 20.9MB) ├█████████████████████████████████───────┤[1/2]  305 MB/s
2025-04-07 17:00:30,189 - DEBUG - you-get输出: 83.6% ( 17.5/ 20.9MB) ├██████████████████████████████████──────┤[1/2]  328 MB/s
2025-04-07 17:00:30,264 - DEBUG - you-get输出: 84.8% ( 17.8/ 20.9MB) ├██████████████████████████████████──────┤[1/2]  286 MB/s
2025-04-07 17:00:30,265 - DEBUG - you-get输出: 86.0% ( 18.0/ 20.9MB) ├███████████████████████████████████─────┤[1/2]  289 MB/s
2025-04-07 17:00:30,285 - DEBUG - you-get输出: 86.7% ( 18.2/ 20.9MB) ├███████████████████████████████████─────┤[1/2]  256 MB/s
2025-04-07 17:00:30,304 - DEBUG - you-get输出: 87.9% ( 18.4/ 20.9MB) ├███████████████████████████████████─────┤[2/2]  567 kB/s
2025-04-07 17:00:30,358 - DEBUG - you-get输出: 89.1% ( 18.7/ 20.9MB) ├████████████████████████████████████────┤[2/2]    6 MB/s
2025-04-07 17:00:30,359 - DEBUG - you-get输出: 90.3% ( 18.9/ 20.9MB) ├█████████████████████████████████████───┤[2/2]    7 MB/s
2025-04-07 17:00:30,378 - DEBUG - you-get输出: 91.5% ( 19.2/ 20.9MB) ├█████████████████████████████████████───┤[2/2]   23 MB/s
2025-04-07 17:00:30,399 - DEBUG - you-get输出: 92.7% ( 19.4/ 20.9MB) ├█████████████████████████████████████───┤[2/2]    8 MB/s
2025-04-07 17:00:30,418 - INFO - 视频 你 从 丹 东 来 ，想 吃 广 东 菜！🖐😭🤚 下载完成
2025-04-07 17:00:30,489 - INFO - 弹幕下载状态: 禁用
2025-04-07 17:00:30,489 - INFO - 跳过下载视频 《原神》角色演示-「八 重 蔡 子」 的弹幕
2025-04-07 17:00:30,504 - DEBUG - 下载命令: "you-get" --format=dash-flv-AVC -o "D:/System/Desktop" -c "cookies.txt" --no-caption "https://www.bilibili.com/video/BV1X341177zi"
2025-04-07 17:00:34,374 - DEBUG - you-get输出: site:                Bilibili
2025-04-07 17:00:34,374 - DEBUG - you-get输出: title:               不眠之夜，但全程一个调
2025-04-07 17:00:34,391 - DEBUG - you-get输出: stream:
2025-04-07 17:00:34,408 - DEBUG - you-get输出: - format:        dash-flv-AVC
2025-04-07 17:00:34,421 - DEBUG - you-get输出: container:     mp4
2025-04-07 17:00:34,438 - DEBUG - you-get输出: quality:       高清 1080P avc1.640032
2025-04-07 17:00:34,448 - DEBUG - you-get输出: size:          28.3 MiB (29635259 bytes)
2025-04-07 17:00:34,461 - DEBUG - you-get输出: # download-with: you-get --format=dash-flv-AVC [URL]
2025-04-07 17:00:34,470 - DEBUG - you-get输出: Downloading 不眠之夜，但全程一个调.mp4 ...
2025-04-07 17:00:36,495 - DEBUG - you-get输出: 0.0% (  0.0/ 28.3MB) ├────────────────────────────────────────┤[1/2]
2025-04-07 17:00:36,540 - DEBUG - you-get输出: 0.9% (  0.2/ 28.3MB) ├────────────────────────────────────────┤[1/2]  121 kB/s
2025-04-07 17:00:36,571 - DEBUG - you-get输出: 1.8% (  0.5/ 28.3MB) ├█───────────────────────────────────────┤[1/2]    7 MB/s
2025-04-07 17:00:36,606 - DEBUG - you-get输出: 2.7% (  0.8/ 28.3MB) ├█───────────────────────────────────────┤[1/2]    7 MB/s
2025-04-07 17:00:36,650 - DEBUG - you-get输出: 3.5% (  1.0/ 28.3MB) ├██──────────────────────────────────────┤[1/2]    7 MB/s
2025-04-07 17:00:36,663 - DEBUG - you-get输出: 4.4% (  1.2/ 28.3MB) ├██──────────────────────────────────────┤[1/2]    6 MB/s
2025-04-07 17:00:36,699 - DEBUG - you-get输出: 5.3% (  1.5/ 28.3MB) ├███─────────────────────────────────────┤[1/2]   18 MB/s
2025-04-07 17:00:36,715 - DEBUG - you-get输出: 6.2% (  1.8/ 28.3MB) ├███─────────────────────────────────────┤[1/2]    7 MB/s
2025-04-07 17:00:36,752 - DEBUG - you-get输出: 7.1% (  2.0/ 28.3MB) ├███─────────────────────────────────────┤[1/2]   15 MB/s
2025-04-07 17:00:36,769 - DEBUG - you-get输出: 8.0% (  2.2/ 28.3MB) ├████────────────────────────────────────┤[1/2]   10 MB/s
2025-04-07 17:00:36,785 - DEBUG - you-get输出: 8.8% (  2.5/ 28.3MB) ├████────────────────────────────────────┤[1/2]    9 MB/s
2025-04-07 17:00:36,817 - DEBUG - you-get输出: 9.7% (  2.8/ 28.3MB) ├████────────────────────────────────────┤[1/2]   16 MB/s
2025-04-07 17:00:36,854 - DEBUG - you-get输出: 10.6% (  3.0/ 28.3MB) ├█████───────────────────────────────────┤[1/2]    8 MB/s
2025-04-07 17:00:36,866 - DEBUG - you-get输出: 11.5% (  3.2/ 28.3MB) ├█████───────────────────────────────────┤[1/2]   13 MB/s
2025-04-07 17:00:36,910 - DEBUG - you-get输出: 12.4% (  3.5/ 28.3MB) ├█████───────────────────────────────────┤[1/2]    8 MB/s
2025-04-07 17:00:36,924 - DEBUG - you-get输出: 13.3% (  3.8/ 28.3MB) ├██████──────────────────────────────────┤[1/2]    6 MB/s
2025-04-07 17:00:36,981 - DEBUG - you-get输出: 14.2% (  4.0/ 28.3MB) ├██████──────────────────────────────────┤[1/2]   17 MB/s
2025-04-07 17:00:37,009 - DEBUG - you-get输出: 15.0% (  4.2/ 28.3MB) ├███████─────────────────────────────────┤[1/2]    7 MB/s
2025-04-07 17:00:37,028 - DEBUG - you-get输出: 15.9% (  4.5/ 28.3MB) ├███████─────────────────────────────────┤[1/2]    5 MB/s
2025-04-07 17:00:37,059 - DEBUG - you-get输出: 16.8% (  4.8/ 28.3MB) ├███████─────────────────────────────────┤[1/2]   13 MB/s
2025-04-07 17:00:37,101 - DEBUG - you-get输出: 17.7% (  5.0/ 28.3MB) ├███████─────────────────────────────────┤[1/2]    8 MB/s
2025-04-07 17:00:37,103 - DEBUG - you-get输出: 18.6% (  5.2/ 28.3MB) ├████████────────────────────────────────┤[1/2]   17 MB/s
2025-04-07 17:00:37,145 - DEBUG - you-get输出: 19.5% (  5.5/ 28.3MB) ├████████────────────────────────────────┤[1/2]    9 MB/s
2025-04-07 17:00:37,151 - DEBUG - you-get输出: 20.3% (  5.8/ 28.3MB) ├█████████───────────────────────────────┤[1/2]    6 MB/s
2025-04-07 17:00:37,206 - DEBUG - you-get输出: 21.2% (  6.0/ 28.3MB) ├█████████───────────────────────────────┤[1/2]   48 MB/s
2025-04-07 17:00:37,207 - DEBUG - you-get输出: 22.1% (  6.2/ 28.3MB) ├█████████───────────────────────────────┤[1/2]    6 MB/s
2025-04-07 17:00:37,244 - DEBUG - you-get输出: 23.0% (  6.5/ 28.3MB) ├██████████──────────────────────────────┤[1/2]   23 MB/s
2025-04-07 17:00:37,250 - DEBUG - you-get输出: 23.9% (  6.8/ 28.3MB) ├██████████──────────────────────────────┤[1/2]    7 MB/s
2025-04-07 17:00:37,305 - DEBUG - you-get输出: 24.8% (  7.0/ 28.3MB) ├██████████──────────────────────────────┤[1/2]   38 MB/s
2025-04-07 17:00:37,306 - DEBUG - you-get输出: 25.7% (  7.2/ 28.3MB) ├███████████─────────────────────────────┤[1/2]    6 MB/s
2025-04-07 17:00:37,334 - DEBUG - you-get输出: 26.5% (  7.5/ 28.3MB) ├███████████─────────────────────────────┤[1/2]   21 MB/s
2025-04-07 17:00:37,372 - DEBUG - you-get输出: 27.4% (  7.8/ 28.3MB) ├███████████─────────────────────────────┤[1/2]    8 MB/s
2025-04-07 17:00:37,423 - DEBUG - you-get输出: 28.3% (  8.0/ 28.3MB) ├████████████────────────────────────────┤[1/2]    7 MB/s
2025-04-07 17:00:37,424 - DEBUG - you-get输出: 29.2% (  8.2/ 28.3MB) ├████████████────────────────────────────┤[1/2]    8 MB/s
2025-04-07 17:00:37,451 - DEBUG - you-get输出: 30.1% (  8.5/ 28.3MB) ├█████████████───────────────────────────┤[1/2]   19 MB/s
2025-04-07 17:00:37,461 - DEBUG - you-get输出: 31.0% (  8.8/ 28.3MB) ├█████████████───────────────────────────┤[1/2]    8 MB/s
2025-04-07 17:00:37,516 - DEBUG - you-get输出: 31.8% (  9.0/ 28.3MB) ├█████████████───────────────────────────┤[1/2]   32 MB/s
2025-04-07 17:00:37,516 - DEBUG - you-get输出: 32.7% (  9.2/ 28.3MB) ├█████████████───────────────────────────┤[1/2]    7 MB/s
2025-04-07 17:00:37,538 - DEBUG - you-get输出: 33.6% (  9.5/ 28.3MB) ├██████████████──────────────────────────┤[1/2]   29 MB/s
2025-04-07 17:00:37,571 - DEBUG - you-get输出: 34.5% (  9.8/ 28.3MB) ├██████████████──────────────────────────┤[1/2]    7 MB/s
2025-04-07 17:00:37,587 - DEBUG - you-get输出: 35.4% ( 10.0/ 28.3MB) ├███████████████─────────────────────────┤[1/2]    8 MB/s
2025-04-07 17:00:37,645 - DEBUG - you-get输出: 36.3% ( 10.2/ 28.3MB) ├███████████████─────────────────────────┤[1/2]   15 MB/s
2025-04-07 17:00:37,645 - DEBUG - you-get输出: 37.2% ( 10.5/ 28.3MB) ├███████████████─────────────────────────┤[1/2]   10 MB/s
2025-04-07 17:00:37,663 - DEBUG - you-get输出: 38.0% ( 10.8/ 28.3MB) ├████████████████────────────────────────┤[1/2]   20 MB/s
2025-04-07 17:00:37,680 - DEBUG - you-get输出: 38.9% ( 11.0/ 28.3MB) ├████████████████────────────────────────┤[1/2]    7 MB/s
2025-04-07 17:00:37,745 - DEBUG - you-get输出: 39.8% ( 11.2/ 28.3MB) ├████████████████────────────────────────┤[1/2]   35 MB/s
2025-04-07 17:00:37,746 - DEBUG - you-get输出: 40.7% ( 11.5/ 28.3MB) ├█████████████████───────────────────────┤[1/2]    6 MB/s
2025-04-07 17:00:37,766 - DEBUG - you-get输出: 41.6% ( 11.8/ 28.3MB) ├█████████████████───────────────────────┤[1/2]   35 MB/s
2025-04-07 17:00:37,784 - DEBUG - you-get输出: 42.5% ( 12.0/ 28.3MB) ├█████████████████───────────────────────┤[1/2]    6 MB/s
2025-04-07 17:00:37,837 - DEBUG - you-get输出: 43.3% ( 12.2/ 28.3MB) ├██████████████████──────────────────────┤[1/2]   38 MB/s
2025-04-07 17:00:37,837 - DEBUG - you-get输出: 44.2% ( 12.5/ 28.3MB) ├██████████████████──────────────────────┤[1/2]    6 MB/s
2025-04-07 17:00:37,856 - DEBUG - you-get输出: 45.1% ( 12.8/ 28.3MB) ├███████████████████─────────────────────┤[1/2]   20 MB/s
2025-04-07 17:00:37,883 - DEBUG - you-get输出: 46.0% ( 13.0/ 28.3MB) ├███████████████████─────────────────────┤[1/2]    7 MB/s
2025-04-07 17:00:37,912 - DEBUG - you-get输出: 46.9% ( 13.2/ 28.3MB) ├███████████████████─────────────────────┤[1/2]    9 MB/s
2025-04-07 17:00:38,007 - DEBUG - you-get输出: 47.8% ( 13.5/ 28.3MB) ├███████████████████─────────────────────┤[1/2]    9 MB/s
2025-04-07 17:00:38,009 - DEBUG - you-get输出: 48.7% ( 13.8/ 28.3MB) ├████████████████████────────────────────┤[1/2]   10 MB/s
2025-04-07 17:00:38,028 - DEBUG - you-get输出: 49.5% ( 14.0/ 28.3MB) ├████████████████████────────────────────┤[1/2]   17 MB/s
2025-04-07 17:00:38,125 - DEBUG - you-get输出: 50.4% ( 14.2/ 28.3MB) ├█████████████████████───────────────────┤[1/2]    7 MB/s
2025-04-07 17:00:38,126 - DEBUG - you-get输出: 51.3% ( 14.5/ 28.3MB) ├█████████████████████───────────────────┤[1/2]    4 MB/s
2025-04-07 17:00:38,145 - DEBUG - you-get输出: 52.2% ( 14.8/ 28.3MB) ├█████████████████████───────────────────┤[1/2]   22 MB/s
2025-04-07 17:00:38,258 - DEBUG - you-get输出: 53.1% ( 15.0/ 28.3MB) ├██████████████████████──────────────────┤[1/2]    6 MB/s
2025-04-07 17:00:38,259 - DEBUG - you-get输出: 54.0% ( 15.2/ 28.3MB) ├██████████████████████──────────────────┤[1/2]    7 MB/s
2025-04-07 17:00:38,351 - DEBUG - you-get输出: 54.8% ( 15.5/ 28.3MB) ├██████████████████████──────────────────┤[1/2]   19 MB/s
2025-04-07 17:00:38,352 - DEBUG - you-get输出: 55.7% ( 15.8/ 28.3MB) ├███████████████████████─────────────────┤[1/2]    9 MB/s
2025-04-07 17:00:38,372 - DEBUG - you-get输出: 56.6% ( 16.0/ 28.3MB) ├███████████████████████─────────────────┤[1/2]    7 MB/s
2025-04-07 17:00:38,464 - DEBUG - you-get输出: 57.5% ( 16.2/ 28.3MB) ├███████████████████████─────────────────┤[1/2]   16 MB/s
2025-04-07 17:00:38,464 - DEBUG - you-get输出: 58.4% ( 16.5/ 28.3MB) ├████████████████████████────────────────┤[1/2]    7 MB/s
2025-04-07 17:00:38,483 - DEBUG - you-get输出: 59.3% ( 16.8/ 28.3MB) ├████████████████████████────────────────┤[1/2]   24 MB/s
2025-04-07 17:00:38,574 - DEBUG - you-get输出: 60.2% ( 17.0/ 28.3MB) ├█████████████████████████───────────────┤[1/2]    7 MB/s
2025-04-07 17:00:38,574 - DEBUG - you-get输出: 61.0% ( 17.2/ 28.3MB) ├█████████████████████████───────────────┤[1/2]   33 MB/s
2025-04-07 17:00:38,592 - DEBUG - you-get输出: 61.9% ( 17.5/ 28.3MB) ├█████████████████████████───────────────┤[1/2]    6 MB/s
2025-04-07 17:00:38,686 - DEBUG - you-get输出: 62.8% ( 17.8/ 28.3MB) ├█████████████████████████───────────────┤[1/2]   33 MB/s
2025-04-07 17:00:38,686 - DEBUG - you-get输出: 63.7% ( 18.0/ 28.3MB) ├██████████████████████████──────────────┤[1/2]    5 MB/s
2025-04-07 17:00:38,705 - DEBUG - you-get输出: 64.6% ( 18.2/ 28.3MB) ├██████████████████████████──────────────┤[1/2]   20 MB/s
2025-04-07 17:00:38,795 - DEBUG - you-get输出: 65.5% ( 18.5/ 28.3MB) ├███████████████████████████─────────────┤[1/2]    6 MB/s
2025-04-07 17:00:38,796 - DEBUG - you-get输出: 66.3% ( 18.8/ 28.3MB) ├███████████████████████████─────────────┤[1/2]   11 MB/s
2025-04-07 17:00:38,813 - DEBUG - you-get输出: 67.2% ( 19.0/ 28.3MB) ├███████████████████████████─────────────┤[1/2]   12 MB/s
2025-04-07 17:00:38,920 - DEBUG - you-get输出: 68.1% ( 19.2/ 28.3MB) ├████████████████████████████────────────┤[1/2]    7 MB/s
2025-04-07 17:00:38,921 - DEBUG - you-get输出: 69.0% ( 19.5/ 28.3MB) ├████████████████████████████────────────┤[1/2]   32 MB/s
2025-04-07 17:00:39,010 - DEBUG - you-get输出: 69.9% ( 19.8/ 28.3MB) ├████████████████████████████────────────┤[1/2]    7 MB/s
2025-04-07 17:00:39,010 - DEBUG - you-get输出: 70.8% ( 20.0/ 28.3MB) ├█████████████████████████████───────────┤[1/2]    6 MB/s
2025-04-07 17:00:39,016 - DEBUG - you-get输出: site:                Bilibili
2025-04-07 17:00:39,029 - DEBUG - you-get输出: 71.7% ( 20.2/ 28.3MB) ├█████████████████████████████───────────┤[1/2]   26 MB/s
2025-04-07 17:00:39,048 - DEBUG - you-get输出: title:               《原神》角色演示-「珐露珊：百岁珊」 (P1. 《原神》角色演示-「珐露珊：百岁珊」)
2025-04-07 17:00:39,080 - DEBUG - you-get输出: stream:
2025-04-07 17:00:39,116 - DEBUG - you-get输出: - format:        dash-flv-AVC
2025-04-07 17:00:39,149 - DEBUG - you-get输出: container:     mp4
2025-04-07 17:00:39,163 - DEBUG - you-get输出: quality:       高清 1080P avc1.640032
2025-04-07 17:00:39,176 - DEBUG - you-get输出: size:          21.3 MiB (22331947 bytes)
2025-04-07 17:00:39,189 - DEBUG - you-get输出: # download-with: you-get --format=dash-flv-AVC [URL]
2025-04-07 17:00:39,200 - DEBUG - you-get输出: Downloading 《原神》角色演示-「珐露珊：百岁珊」 (P1. 《原神》角色演示-「珐露珊：百岁珊」).mp4 ...
2025-04-07 17:00:39,229 - DEBUG - you-get输出: 72.5% ( 20.5/ 28.3MB) ├█████████████████████████████───────────┤[1/2]    6 MB/s
2025-04-07 17:00:39,278 - DEBUG - you-get输出: 73.4% ( 20.8/ 28.3MB) ├██████████████████████████████──────────┤[1/2]    6 MB/s
2025-04-07 17:00:39,278 - DEBUG - you-get输出: 74.3% ( 21.0/ 28.3MB) ├██████████████████████████████──────────┤[1/2]   33 MB/s
2025-04-07 17:00:39,295 - DEBUG - you-get输出: 75.2% ( 21.2/ 28.3MB) ├███████████████████████████████─────────┤[1/2]    6 MB/s
2025-04-07 17:00:39,312 - DEBUG - you-get输出: 76.1% ( 21.5/ 28.3MB) ├███████████████████████████████─────────┤[1/2]    7 MB/s
2025-04-07 17:00:39,329 - DEBUG - you-get输出: 77.0% ( 21.8/ 28.3MB) ├███████████████████████████████─────────┤[1/2]    9 MB/s
2025-04-07 17:00:39,428 - DEBUG - you-get输出: 77.8% ( 22.0/ 28.3MB) ├███████████████████████████████─────────┤[1/2]   16 MB/s
2025-04-07 17:00:39,428 - DEBUG - you-get输出: 78.7% ( 22.2/ 28.3MB) ├████████████████████████████████────────┤[1/2]    6 MB/s
2025-04-07 17:00:39,445 - DEBUG - you-get输出: 79.6% ( 22.5/ 28.3MB) ├████████████████████████████████────────┤[1/2]   34 MB/s
2025-04-07 17:00:39,534 - DEBUG - you-get输出: 80.5% ( 22.8/ 28.3MB) ├█████████████████████████████████───────┤[1/2]    7 MB/s
2025-04-07 17:00:39,535 - DEBUG - you-get输出: 81.4% ( 23.0/ 28.3MB) ├█████████████████████████████████───────┤[1/2]    7 MB/s
2025-04-07 17:00:39,551 - DEBUG - you-get输出: 82.3% ( 23.2/ 28.3MB) ├█████████████████████████████████───────┤[1/2]    9 MB/s
2025-04-07 17:00:39,648 - DEBUG - you-get输出: 83.1% ( 23.5/ 28.3MB) ├██████████████████████████████████──────┤[1/2]   10 MB/s
2025-04-07 17:00:39,648 - DEBUG - you-get输出: 84.0% ( 23.8/ 28.3MB) ├██████████████████████████████████──────┤[1/2]    6 MB/s
2025-04-07 17:00:39,705 - DEBUG - you-get输出: 0.0% (  0.0/ 21.3MB) ├────────────────────────────────────────┤[1/2]
2025-04-07 17:00:39,783 - DEBUG - you-get输出: 1.2% (  0.2/ 21.3MB) ├█───────────────────────────────────────┤[1/2]  372 kB/s
2025-04-07 17:00:39,783 - DEBUG - you-get输出: 84.9% ( 24.0/ 28.3MB) ├██████████████████████████████████──────┤[1/2]   14 MB/s
2025-04-07 17:00:39,846 - DEBUG - you-get输出: 2.3% (  0.5/ 21.3MB) ├█───────────────────────────────────────┤[1/2]    3 MB/s
2025-04-07 17:00:39,918 - DEBUG - you-get输出: 3.5% (  0.8/ 21.3MB) ├██──────────────────────────────────────┤[1/2]    4 MB/s
2025-04-07 17:00:39,918 - DEBUG - you-get输出: 85.8% ( 24.2/ 28.3MB) ├███████████████████████████████████─────┤[1/2]    8 MB/s
2025-04-07 17:00:39,959 - DEBUG - you-get输出: 4.7% (  1.0/ 21.3MB) ├██──────────────────────────────────────┤[1/2]    8 MB/s
2025-04-07 17:00:40,043 - DEBUG - you-get输出: 86.7% ( 24.5/ 28.3MB) ├███████████████████████████████████─────┤[1/2]   12 MB/s
2025-04-07 17:00:40,079 - DEBUG - you-get输出: 5.9% (  1.2/ 21.3MB) ├███─────────────────────────────────────┤[1/2]    3 MB/s
2025-04-07 17:00:40,134 - DEBUG - you-get输出: 87.6% ( 24.8/ 28.3MB) ├███████████████████████████████████─────┤[1/2]    9 MB/s
2025-04-07 17:00:40,135 - DEBUG - you-get输出: 88.5% ( 25.0/ 28.3MB) ├████████████████████████████████████────┤[1/2]    6 MB/s
2025-04-07 17:00:40,224 - DEBUG - you-get输出: 89.3% ( 25.2/ 28.3MB) ├████████████████████████████████████────┤[1/2]   16 MB/s
2025-04-07 17:00:40,224 - DEBUG - you-get输出: 90.2% ( 25.5/ 28.3MB) ├█████████████████████████████████████───┤[1/2]    9 MB/s
2025-04-07 17:00:40,241 - DEBUG - you-get输出: 91.1% ( 25.8/ 28.3MB) ├█████████████████████████████████████───┤[1/2]   10 MB/s
2025-04-07 17:00:40,355 - DEBUG - you-get输出: 91.8% ( 25.9/ 28.3MB) ├█████████████████████████████████████───┤[1/2]   36 MB/s
2025-04-07 17:00:40,386 - DEBUG - you-get输出: 92.7% ( 26.2/ 28.3MB) ├█████████████████████████████████████───┤[2/2]  244 kB/s
2025-04-07 17:00:40,453 - DEBUG - you-get输出: 93.6% ( 26.4/ 28.3MB) ├██████████████████████████████████████──┤[2/2]    5 MB/s
2025-04-07 17:00:40,458 - DEBUG - you-get输出: 7.0% (  1.5/ 21.3MB) ├███─────────────────────────────────────┤[1/2]    2 MB/s
2025-04-07 17:00:40,465 - DEBUG - you-get输出: 94.4% ( 26.7/ 28.3MB) ├██████████████████████████████████████──┤[2/2]    8 MB/s
2025-04-07 17:00:40,585 - DEBUG - you-get输出: 95.3% ( 26.9/ 28.3MB) ├███████████████████████████████████████─┤[2/2]    5 MB/s
2025-04-07 17:00:40,586 - DEBUG - you-get输出: 8.2% (  1.8/ 21.3MB) ├████────────────────────────────────────┤[1/2]  674 kB/s
2025-04-07 17:00:40,586 - DEBUG - you-get输出: 96.2% ( 27.2/ 28.3MB) ├███████████████████████████████████████─┤[2/2]    6 MB/s
2025-04-07 17:00:40,722 - DEBUG - you-get输出: 97.1% ( 27.4/ 28.3MB) ├███████████████████████████████████████─┤[2/2]   10 MB/s
2025-04-07 17:00:40,722 - DEBUG - you-get输出: 9.4% (  2.0/ 21.3MB) ├████────────────────────────────────────┤[1/2]   15 MB/s
2025-04-07 17:00:40,862 - DEBUG - you-get输出: 10.6% (  2.2/ 21.3MB) ├█████───────────────────────────────────┤[1/2]   21 MB/s
2025-04-07 17:00:40,863 - INFO - 视频 不眠之夜，但全程一个调 下载完成
2025-04-07 17:00:40,970 - INFO - 弹幕下载状态: 禁用
2025-04-07 17:00:40,971 - INFO - 跳过下载视频 《原神》角色演示-「芙宁娜：全程跑调」 的弹幕
2025-04-07 17:00:40,988 - DEBUG - 下载命令: "you-get" --format=dash-flv-AVC -o "D:/System/Desktop" -c "cookies.txt" --no-caption "https://www.bilibili.com/video/BV1pu4y1N7KM"
2025-04-07 17:00:41,047 - DEBUG - you-get输出: 11.7% (  2.5/ 21.3MB) ├█████───────────────────────────────────┤[1/2]    5 MB/s
2025-04-07 17:00:41,109 - DEBUG - you-get输出: 12.9% (  2.8/ 21.3MB) ├█████───────────────────────────────────┤[1/2]    4 MB/s
2025-04-07 17:00:41,109 - DEBUG - you-get输出: 14.1% (  3.0/ 21.3MB) ├██████──────────────────────────────────┤[1/2]   23 MB/s
2025-04-07 17:00:41,125 - DEBUG - you-get输出: 15.3% (  3.2/ 21.3MB) ├███████─────────────────────────────────┤[1/2]    5 MB/s
2025-04-07 17:00:41,142 - DEBUG - you-get输出: 16.4% (  3.5/ 21.3MB) ├███████─────────────────────────────────┤[1/2]    5 MB/s
2025-04-07 17:00:41,261 - DEBUG - you-get输出: 17.6% (  3.8/ 21.3MB) ├███████─────────────────────────────────┤[1/2]   12 MB/s
2025-04-07 17:00:41,333 - DEBUG - you-get输出: 18.8% (  4.0/ 21.3MB) ├████████────────────────────────────────┤[1/2]    6 MB/s
2025-04-07 17:00:41,334 - DEBUG - you-get输出: 20.0% (  4.2/ 21.3MB) ├█████████───────────────────────────────┤[1/2]   13 MB/s
2025-04-07 17:00:41,446 - DEBUG - you-get输出: 21.1% (  4.5/ 21.3MB) ├█████████───────────────────────────────┤[1/2]    6 MB/s
2025-04-07 17:00:41,446 - DEBUG - you-get输出: 22.3% (  4.8/ 21.3MB) ├█████████───────────────────────────────┤[1/2]    5 MB/s
2025-04-07 17:00:41,547 - DEBUG - you-get输出: 23.5% (  5.0/ 21.3MB) ├██████████──────────────────────────────┤[1/2]   11 MB/s
2025-04-07 17:00:41,548 - DEBUG - you-get输出: 24.7% (  5.2/ 21.3MB) ├██████████──────────────────────────────┤[1/2]    5 MB/s
2025-04-07 17:00:41,654 - DEBUG - you-get输出: 25.8% (  5.5/ 21.3MB) ├███████████─────────────────────────────┤[1/2]    4 MB/s
2025-04-07 17:00:41,655 - DEBUG - you-get输出: 27.0% (  5.8/ 21.3MB) ├███████████─────────────────────────────┤[1/2]   22 MB/s
2025-04-07 17:00:41,754 - DEBUG - you-get输出: 28.2% (  6.0/ 21.3MB) ├████████████────────────────────────────┤[1/2]    5 MB/s
2025-04-07 17:00:41,754 - DEBUG - you-get输出: 29.3% (  6.2/ 21.3MB) ├████████████────────────────────────────┤[1/2]   20 MB/s
2025-04-07 17:00:41,773 - DEBUG - you-get输出: 30.5% (  6.5/ 21.3MB) ├█████████████───────────────────────────┤[1/2]    5 MB/s
2025-04-07 17:00:41,871 - DEBUG - you-get输出: 31.7% (  6.8/ 21.3MB) ├█████████████───────────────────────────┤[1/2]   15 MB/s
2025-04-07 17:00:41,871 - DEBUG - you-get输出: 32.9% (  7.0/ 21.3MB) ├█████████████───────────────────────────┤[1/2]    5 MB/s
2025-04-07 17:00:41,890 - DEBUG - you-get输出: 34.0% (  7.2/ 21.3MB) ├██████████████──────────────────────────┤[1/2]    4 MB/s
2025-04-07 17:00:41,980 - DEBUG - you-get输出: 35.2% (  7.5/ 21.3MB) ├███████████████─────────────────────────┤[1/2]   24 MB/s
2025-04-07 17:00:41,981 - DEBUG - you-get输出: 36.4% (  7.8/ 21.3MB) ├███████████████─────────────────────────┤[1/2]    5 MB/s
2025-04-07 17:00:41,998 - DEBUG - you-get输出: 37.6% (  8.0/ 21.3MB) ├███████████████─────────────────────────┤[1/2]   15 MB/s
2025-04-07 17:00:42,085 - DEBUG - you-get输出: 38.7% (  8.2/ 21.3MB) ├████████████████────────────────────────┤[1/2]    6 MB/s
2025-04-07 17:00:42,085 - DEBUG - you-get输出: 39.9% (  8.5/ 21.3MB) ├████████████████────────────────────────┤[1/2]    5 MB/s
2025-04-07 17:00:42,103 - DEBUG - you-get输出: 41.1% (  8.8/ 21.3MB) ├█████████████████───────────────────────┤[1/2]   13 MB/s
2025-04-07 17:00:42,191 - DEBUG - you-get输出: 42.3% (  9.0/ 21.3MB) ├█████████████████───────────────────────┤[1/2]    5 MB/s
2025-04-07 17:00:42,192 - DEBUG - you-get输出: 43.4% (  9.2/ 21.3MB) ├██████████████████──────────────────────┤[1/2]   12 MB/s
2025-04-07 17:00:42,210 - DEBUG - you-get输出: 44.6% (  9.5/ 21.3MB) ├██████████████████──────────────────────┤[1/2]    6 MB/s
2025-04-07 17:00:42,298 - DEBUG - you-get输出: 45.8% (  9.8/ 21.3MB) ├███████████████████─────────────────────┤[1/2]   16 MB/s
2025-04-07 17:00:42,298 - DEBUG - you-get输出: 47.0% ( 10.0/ 21.3MB) ├███████████████████─────────────────────┤[1/2]    5 MB/s
2025-04-07 17:00:42,316 - DEBUG - you-get输出: 48.1% ( 10.2/ 21.3MB) ├████████████████████────────────────────┤[1/2]    5 MB/s
2025-04-07 17:00:42,403 - DEBUG - you-get输出: 49.3% ( 10.5/ 21.3MB) ├████████████████████────────────────────┤[1/2]   19 MB/s
2025-04-07 17:00:42,403 - DEBUG - you-get输出: 50.5% ( 10.8/ 21.3MB) ├█████████████████████───────────────────┤[1/2]    4 MB/s
2025-04-07 17:00:42,422 - DEBUG - you-get输出: 51.6% ( 11.0/ 21.3MB) ├█████████████████████───────────────────┤[1/2]   12 MB/s
2025-04-07 17:00:42,512 - DEBUG - you-get输出: 52.8% ( 11.2/ 21.3MB) ├█████████████████████───────────────────┤[1/2]    5 MB/s
2025-04-07 17:00:42,512 - DEBUG - you-get输出: 54.0% ( 11.5/ 21.3MB) ├██████████████████████──────────────────┤[1/2]    5 MB/s
2025-04-07 17:00:42,530 - DEBUG - you-get输出: 55.2% ( 11.8/ 21.3MB) ├███████████████████████─────────────────┤[1/2]   20 MB/s
2025-04-07 17:00:42,629 - DEBUG - you-get输出: 56.3% ( 12.0/ 21.3MB) ├███████████████████████─────────────────┤[1/2]    4 MB/s
2025-04-07 17:00:42,630 - DEBUG - you-get输出: 57.5% ( 12.2/ 21.3MB) ├███████████████████████─────────────────┤[1/2]   19 MB/s
2025-04-07 17:00:42,648 - DEBUG - you-get输出: 58.7% ( 12.5/ 21.3MB) ├████████████████████████────────────────┤[1/2]    6 MB/s
2025-04-07 17:00:42,753 - DEBUG - you-get输出: 59.9% ( 12.8/ 21.3MB) ├████████████████████████────────────────┤[1/2]   16 MB/s
2025-04-07 17:00:42,754 - DEBUG - you-get输出: 61.0% ( 13.0/ 21.3MB) ├█████████████████████████───────────────┤[1/2]    5 MB/s
2025-04-07 17:00:42,851 - DEBUG - you-get输出: 62.2% ( 13.2/ 21.3MB) ├█████████████████████████───────────────┤[1/2]   28 MB/s
2025-04-07 17:00:42,851 - DEBUG - you-get输出: 63.4% ( 13.5/ 21.3MB) ├██████████████████████████──────────────┤[1/2]    4 MB/s
2025-04-07 17:00:42,869 - DEBUG - you-get输出: 64.6% ( 13.8/ 21.3MB) ├██████████████████████████──────────────┤[1/2]   14 MB/s
2025-04-07 17:00:42,957 - DEBUG - you-get输出: 65.7% ( 14.0/ 21.3MB) ├███████████████████████████─────────────┤[1/2]    6 MB/s
2025-04-07 17:00:42,957 - DEBUG - you-get输出: 66.9% ( 14.2/ 21.3MB) ├███████████████████████████─────────────┤[1/2]   25 MB/s
2025-04-07 17:00:42,974 - DEBUG - you-get输出: 68.1% ( 14.5/ 21.3MB) ├████████████████████████████────────────┤[1/2]    4 MB/s
2025-04-07 17:00:43,064 - DEBUG - you-get输出: 69.3% ( 14.8/ 21.3MB) ├████████████████████████████────────────┤[1/2]   22 MB/s
2025-04-07 17:00:43,065 - DEBUG - you-get输出: 70.4% ( 15.0/ 21.3MB) ├█████████████████████████████───────────┤[1/2]    4 MB/s
2025-04-07 17:00:43,084 - DEBUG - you-get输出: 71.6% ( 15.2/ 21.3MB) ├█████████████████████████████───────────┤[1/2]    9 MB/s
2025-04-07 17:00:43,175 - DEBUG - you-get输出: 72.8% ( 15.5/ 21.3MB) ├█████████████████████████████───────────┤[1/2]    5 MB/s
2025-04-07 17:00:43,176 - DEBUG - you-get输出: 74.0% ( 15.8/ 21.3MB) ├██████████████████████████████──────────┤[1/2]    4 MB/s
2025-04-07 17:00:43,194 - DEBUG - you-get输出: 75.1% ( 16.0/ 21.3MB) ├███████████████████████████████─────────┤[1/2]   19 MB/s
2025-04-07 17:00:43,282 - DEBUG - you-get输出: 76.3% ( 16.2/ 21.3MB) ├███████████████████████████████─────────┤[1/2]    5 MB/s
2025-04-07 17:00:43,283 - DEBUG - you-get输出: 77.5% ( 16.5/ 21.3MB) ├███████████████████████████████─────────┤[1/2]   23 MB/s
2025-04-07 17:00:43,301 - DEBUG - you-get输出: 78.6% ( 16.8/ 21.3MB) ├████████████████████████████████────────┤[1/2]    3 MB/s
2025-04-07 17:00:43,389 - DEBUG - you-get输出: 79.8% ( 17.0/ 21.3MB) ├████████████████████████████████────────┤[1/2]  294 MB/s
2025-04-07 17:00:43,389 - DEBUG - you-get输出: 81.0% ( 17.2/ 21.3MB) ├█████████████████████████████████───────┤[1/2]    4 MB/s
2025-04-07 17:00:43,408 - DEBUG - you-get输出: 82.2% ( 17.5/ 21.3MB) ├█████████████████████████████████───────┤[1/2]   24 MB/s
2025-04-07 17:00:43,499 - DEBUG - you-get输出: 83.3% ( 17.8/ 21.3MB) ├██████████████████████████████████──────┤[1/2]    4 MB/s
2025-04-07 17:00:43,500 - DEBUG - you-get输出: 84.5% ( 18.0/ 21.3MB) ├██████████████████████████████████──────┤[1/2]   17 MB/s
2025-04-07 17:00:43,517 - DEBUG - you-get输出: 85.7% ( 18.2/ 21.3MB) ├███████████████████████████████████─────┤[1/2]    5 MB/s
2025-04-07 17:00:43,607 - DEBUG - you-get输出: 86.9% ( 18.5/ 21.3MB) ├███████████████████████████████████─────┤[1/2]   18 MB/s
2025-04-07 17:00:44,800 - DEBUG - you-get输出: 86.9% ( 18.5/ 21.3MB) ├███████████████████████████████████─────┤[1/2]    9 MB/s
2025-04-07 17:00:44,857 - DEBUG - you-get输出: 88.0% ( 18.8/ 21.3MB) ├████████████████████████████████████────┤[2/2]  131 kB/s
2025-04-07 17:00:44,904 - DEBUG - you-get输出: 89.2% ( 19.0/ 21.3MB) ├████████████████████████████████████────┤[2/2]    4 MB/s
2025-04-07 17:00:44,942 - DEBUG - you-get输出: 90.4% ( 19.3/ 21.3MB) ├█████████████████████████████████████───┤[2/2]    5 MB/s
2025-04-07 17:00:44,965 - DEBUG - you-get输出: 91.6% ( 19.5/ 21.3MB) ├█████████████████████████████████████───┤[2/2]    7 MB/s
2025-04-07 17:00:45,026 - DEBUG - you-get输出: 92.7% ( 19.8/ 21.3MB) ├█████████████████████████████████████───┤[2/2]   11 MB/s
2025-04-07 17:00:45,080 - DEBUG - you-get输出: 93.9% ( 20.0/ 21.3MB) ├██████████████████████████████████████──┤[2/2]    4 MB/s
2025-04-07 17:00:45,097 - DEBUG - you-get输出: 95.1% ( 20.3/ 21.3MB) ├███████████████████████████████████████─┤[2/2]   22 MB/s
2025-04-07 17:00:45,147 - DEBUG - you-get输出: 96.3% ( 20.5/ 21.3MB) ├███████████████████████████████████████─┤[2/2]    4 MB/s
2025-04-07 17:00:45,181 - DEBUG - you-get输出: 97.4% ( 20.8/ 21.3MB) ├███████████████████████████████████████─┤[2/2]    5 MB/s
2025-04-07 17:00:45,202 - DEBUG - you-get输出: 98.6% ( 21.0/ 21.3MB) ├████████████████████████████████████████┤[2/2]   15 MB/s
2025-04-07 17:00:45,209 - DEBUG - you-get输出: 99.8% ( 21.3/ 21.3MB) ├████████████████████████████████████████┤[2/2]    7 MB/s
2025-04-07 17:00:45,220 - DEBUG - you-get输出: 100% ( 21.3/ 21.3MB) ├████████████████████████████████████████┤[2/2]    6 MB/s
2025-04-07 17:00:45,285 - DEBUG - you-get输出: Merging video parts... Merged into 《原神》角色演示-「珐露珊：百岁珊」 (P1. 《原神》角色演示-「珐露珊：百岁珊」).mp4
2025-04-07 17:00:45,286 - DEBUG - you-get输出: Skipping captions or danmaku.
2025-04-07 17:00:45,307 - INFO - 视频 《原神》角色演示-「珐露珊：百岁珊」 下载完成
2025-04-07 17:00:45,374 - INFO - 弹幕下载状态: 禁用
2025-04-07 17:00:45,407 - INFO - 跳过下载视频 【星穹铁道】卡芙卡PV——「戏剧性漏气」 的弹幕
2025-04-07 17:00:45,424 - DEBUG - 下载命令: "you-get" --format=dash-flv-AVC -o "D:/System/Desktop" -c "cookies.txt" --no-caption "https://www.bilibili.com/video/BV11u4y1B71e"
2025-04-07 17:00:45,514 - DEBUG - you-get输出: site:                Bilibili
2025-04-07 17:00:45,514 - DEBUG - you-get输出: title:               《原神》角色演示-「八 重 蔡 子」
2025-04-07 17:00:45,529 - DEBUG - you-get输出: stream:
2025-04-07 17:00:45,542 - DEBUG - you-get输出: - format:        dash-flv-AVC
2025-04-07 17:00:45,553 - DEBUG - you-get输出: container:     mp4
2025-04-07 17:00:45,563 - DEBUG - you-get输出: quality:       高清 1080P avc1.640032
2025-04-07 17:00:45,575 - DEBUG - you-get输出: size:          45.4 MiB (47623330 bytes)
2025-04-07 17:00:45,607 - DEBUG - you-get输出: # download-with: you-get --format=dash-flv-AVC [URL]
2025-04-07 17:00:45,618 - DEBUG - you-get输出: Downloading 《原神》角色演示-「八 重 蔡 子」.mp4 ...
2025-04-07 17:00:46,008 - DEBUG - you-get输出: 0.0% (  0.0/ 45.4MB) ├────────────────────────────────────────┤[1/2]
2025-04-07 17:00:46,065 - DEBUG - you-get输出: 0.6% (  0.2/ 45.4MB) ├────────────────────────────────────────┤[1/2]  518 kB/s
2025-04-07 17:00:46,075 - DEBUG - you-get输出: 1.1% (  0.5/ 45.4MB) ├█───────────────────────────────────────┤[1/2]    6 MB/s
2025-04-07 17:00:46,110 - DEBUG - you-get输出: 1.7% (  0.8/ 45.4MB) ├█───────────────────────────────────────┤[1/2]    9 MB/s
2025-04-07 17:00:46,195 - DEBUG - you-get输出: 2.2% (  1.0/ 45.4MB) ├█───────────────────────────────────────┤[1/2]    7 MB/s
2025-04-07 17:00:46,195 - DEBUG - you-get输出: 2.8% (  1.2/ 45.4MB) ├█───────────────────────────────────────┤[1/2]   14 MB/s
2025-04-07 17:00:46,323 - DEBUG - you-get输出: 3.3% (  1.5/ 45.4MB) ├██──────────────────────────────────────┤[1/2]    9 MB/s
2025-04-07 17:00:46,378 - DEBUG - you-get输出: 3.9% (  1.8/ 45.4MB) ├██──────────────────────────────────────┤[1/2]   23 MB/s
2025-04-07 17:00:46,379 - DEBUG - you-get输出: 4.4% (  2.0/ 45.4MB) ├██──────────────────────────────────────┤[1/2]    8 MB/s
2025-04-07 17:00:46,394 - DEBUG - you-get输出: 5.0% (  2.2/ 45.4MB) ├███─────────────────────────────────────┤[1/2]   14 MB/s
2025-04-07 17:00:46,409 - DEBUG - you-get输出: 5.5% (  2.5/ 45.4MB) ├███─────────────────────────────────────┤[1/2]    7 MB/s
2025-04-07 17:00:46,509 - DEBUG - you-get输出: 6.1% (  2.8/ 45.4MB) ├███─────────────────────────────────────┤[1/2]   37 MB/s
2025-04-07 17:00:46,510 - DEBUG - you-get输出: 6.6% (  3.0/ 45.4MB) ├███─────────────────────────────────────┤[1/2]    7 MB/s
2025-04-07 17:00:46,622 - DEBUG - you-get输出: 7.2% (  3.2/ 45.4MB) ├███─────────────────────────────────────┤[1/2]   34 MB/s
2025-04-07 17:00:46,624 - DEBUG - you-get输出: 7.7% (  3.5/ 45.4MB) ├███─────────────────────────────────────┤[1/2]    8 MB/s
2025-04-07 17:00:46,730 - DEBUG - you-get输出: 8.3% (  3.8/ 45.4MB) ├████────────────────────────────────────┤[1/2]    6 MB/s
2025-04-07 17:00:46,730 - DEBUG - you-get输出: 8.8% (  4.0/ 45.4MB) ├████────────────────────────────────────┤[1/2]   25 MB/s
2025-04-07 17:00:46,823 - DEBUG - you-get输出: 9.4% (  4.2/ 45.4MB) ├████────────────────────────────────────┤[1/2]    6 MB/s
2025-04-07 17:00:46,824 - DEBUG - you-get输出: 9.9% (  4.5/ 45.4MB) ├████────────────────────────────────────┤[1/2]   17 MB/s
2025-04-07 17:00:46,841 - DEBUG - you-get输出: 10.5% (  4.8/ 45.4MB) ├█████───────────────────────────────────┤[1/2]    6 MB/s
2025-04-07 17:00:46,932 - DEBUG - you-get输出: 11.0% (  5.0/ 45.4MB) ├█████───────────────────────────────────┤[1/2]   42 MB/s
2025-04-07 17:00:46,932 - DEBUG - you-get输出: 11.6% (  5.2/ 45.4MB) ├█████───────────────────────────────────┤[1/2]    8 MB/s
2025-04-07 17:00:46,951 - DEBUG - you-get输出: 12.1% (  5.5/ 45.4MB) ├█████───────────────────────────────────┤[1/2]   33 MB/s
2025-04-07 17:00:47,043 - DEBUG - you-get输出: 12.7% (  5.8/ 45.4MB) ├█████───────────────────────────────────┤[1/2]    8 MB/s
2025-04-07 17:00:47,043 - DEBUG - you-get输出: 13.2% (  6.0/ 45.4MB) ├██████──────────────────────────────────┤[1/2]   15 MB/s
2025-04-07 17:00:47,062 - DEBUG - you-get输出: 13.8% (  6.2/ 45.4MB) ├██████──────────────────────────────────┤[1/2]   11 MB/s
2025-04-07 17:00:47,167 - DEBUG - you-get输出: 14.3% (  6.5/ 45.4MB) ├██████──────────────────────────────────┤[1/2]   17 MB/s
2025-04-07 17:00:47,167 - DEBUG - you-get输出: 14.9% (  6.8/ 45.4MB) ├██████──────────────────────────────────┤[1/2]    7 MB/s
2025-04-07 17:00:47,268 - DEBUG - you-get输出: 15.4% (  7.0/ 45.4MB) ├███████─────────────────────────────────┤[1/2]   10 MB/s
2025-04-07 17:00:47,269 - DEBUG - you-get输出: 16.0% (  7.2/ 45.4MB) ├███████─────────────────────────────────┤[1/2]   16 MB/s
2025-04-07 17:00:47,375 - DEBUG - you-get输出: 16.5% (  7.5/ 45.4MB) ├███████─────────────────────────────────┤[1/2]   12 MB/s
2025-04-07 17:00:47,375 - DEBUG - you-get输出: 17.1% (  7.8/ 45.4MB) ├███████─────────────────────────────────┤[1/2]   12 MB/s
2025-04-07 17:00:47,474 - DEBUG - you-get输出: 17.6% (  8.0/ 45.4MB) ├███████─────────────────────────────────┤[1/2]   13 MB/s
2025-04-07 17:00:47,474 - DEBUG - you-get输出: 18.2% (  8.2/ 45.4MB) ├████████────────────────────────────────┤[1/2]   12 MB/s
2025-04-07 17:00:47,493 - DEBUG - you-get输出: 18.7% (  8.5/ 45.4MB) ├████████────────────────────────────────┤[1/2]    9 MB/s
2025-04-07 17:00:47,594 - DEBUG - you-get输出: 19.3% (  8.8/ 45.4MB) ├████████────────────────────────────────┤[1/2]   16 MB/s
2025-04-07 17:00:47,595 - DEBUG - you-get输出: 19.8% (  9.0/ 45.4MB) ├████████────────────────────────────────┤[1/2]    8 MB/s
2025-04-07 17:00:47,684 - DEBUG - you-get输出: 20.4% (  9.2/ 45.4MB) ├█████████───────────────────────────────┤[1/2]   12 MB/s
2025-04-07 17:00:47,684 - DEBUG - you-get输出: 20.9% (  9.5/ 45.4MB) ├█████████───────────────────────────────┤[1/2]    5 MB/s
2025-04-07 17:00:47,702 - DEBUG - you-get输出: 21.5% (  9.8/ 45.4MB) ├█████████───────────────────────────────┤[1/2]   11 MB/s
2025-04-07 17:00:47,795 - DEBUG - you-get输出: 22.0% ( 10.0/ 45.4MB) ├█████████───────────────────────────────┤[1/2]    8 MB/s
2025-04-07 17:00:47,796 - DEBUG - you-get输出: 22.6% ( 10.2/ 45.4MB) ├█████████───────────────────────────────┤[1/2]   11 MB/s
2025-04-07 17:00:47,815 - DEBUG - you-get输出: 23.1% ( 10.5/ 45.4MB) ├██████████──────────────────────────────┤[1/2]    7 MB/s
2025-04-07 17:00:47,906 - DEBUG - you-get输出: 23.7% ( 10.8/ 45.4MB) ├██████████──────────────────────────────┤[1/2]   22 MB/s
2025-04-07 17:00:47,907 - DEBUG - you-get输出: 24.2% ( 11.0/ 45.4MB) ├██████████──────────────────────────────┤[1/2]    5 MB/s
2025-04-07 17:00:47,925 - DEBUG - you-get输出: 24.8% ( 11.2/ 45.4MB) ├██████████──────────────────────────────┤[1/2]   32 MB/s
2025-04-07 17:00:48,018 - DEBUG - you-get输出: 25.3% ( 11.5/ 45.4MB) ├███████████─────────────────────────────┤[1/2]    6 MB/s
2025-04-07 17:00:48,019 - DEBUG - you-get输出: 25.9% ( 11.8/ 45.4MB) ├███████████─────────────────────────────┤[1/2]   19 MB/s
2025-04-07 17:00:48,036 - DEBUG - you-get输出: 26.4% ( 12.0/ 45.4MB) ├███████████─────────────────────────────┤[1/2]    8 MB/s
2025-04-07 17:00:48,129 - DEBUG - you-get输出: 27.0% ( 12.2/ 45.4MB) ├███████████─────────────────────────────┤[1/2]    7 MB/s
2025-04-07 17:00:48,129 - DEBUG - you-get输出: 27.5% ( 12.5/ 45.4MB) ├███████████─────────────────────────────┤[1/2]   24 MB/s
2025-04-07 17:00:48,147 - DEBUG - you-get输出: 28.1% ( 12.8/ 45.4MB) ├████████████────────────────────────────┤[1/2]    6 MB/s
2025-04-07 17:00:48,251 - DEBUG - you-get输出: 28.6% ( 13.0/ 45.4MB) ├████████████────────────────────────────┤[1/2]    5 MB/s
2025-04-07 17:00:48,252 - DEBUG - you-get输出: 29.2% ( 13.2/ 45.4MB) ├████████████────────────────────────────┤[1/2]   17 MB/s
2025-04-07 17:00:48,346 - DEBUG - you-get输出: 29.7% ( 13.5/ 45.4MB) ├████████████────────────────────────────┤[1/2]    8 MB/s
2025-04-07 17:00:48,346 - DEBUG - you-get输出: 30.3% ( 13.8/ 45.4MB) ├█████████████───────────────────────────┤[1/2]    6 MB/s
2025-04-07 17:00:48,363 - DEBUG - you-get输出: 30.8% ( 14.0/ 45.4MB) ├█████████████───────────────────────────┤[1/2]   42 MB/s
2025-04-07 17:00:48,464 - DEBUG - you-get输出: 31.4% ( 14.2/ 45.4MB) ├█████████████───────────────────────────┤[1/2]    7 MB/s
2025-04-07 17:00:48,464 - DEBUG - you-get输出: 31.9% ( 14.5/ 45.4MB) ├█████████████───────────────────────────┤[1/2]   27 MB/s
2025-04-07 17:00:48,567 - DEBUG - you-get输出: 32.5% ( 14.8/ 45.4MB) ├█████████████───────────────────────────┤[1/2]    6 MB/s
2025-04-07 17:00:48,568 - DEBUG - you-get输出: 33.0% ( 15.0/ 45.4MB) ├██████████████──────────────────────────┤[1/2]   23 MB/s
2025-04-07 17:00:48,669 - DEBUG - you-get输出: 33.6% ( 15.2/ 45.4MB) ├██████████████──────────────────────────┤[1/2]    7 MB/s
2025-04-07 17:00:48,670 - DEBUG - you-get输出: 34.1% ( 15.5/ 45.4MB) ├██████████████──────────────────────────┤[1/2]    7 MB/s
2025-04-07 17:00:48,768 - DEBUG - you-get输出: 34.7% ( 15.8/ 45.4MB) ├██████████████──────────────────────────┤[1/2]   18 MB/s
2025-04-07 17:00:48,769 - DEBUG - you-get输出: 35.2% ( 16.0/ 45.4MB) ├███████████████─────────────────────────┤[1/2]    6 MB/s
2025-04-07 17:00:48,788 - DEBUG - you-get输出: 35.8% ( 16.2/ 45.4MB) ├███████████████─────────────────────────┤[1/2]    8 MB/s
2025-04-07 17:00:48,899 - DEBUG - you-get输出: 36.3% ( 16.5/ 45.4MB) ├███████████████─────────────────────────┤[1/2]    7 MB/s
2025-04-07 17:00:48,900 - DEBUG - you-get输出: 36.9% ( 16.8/ 45.4MB) ├███████████████─────────────────────────┤[1/2]   24 MB/s
2025-04-07 17:00:48,988 - DEBUG - you-get输出: 37.4% ( 17.0/ 45.4MB) ├███████████████─────────────────────────┤[1/2]    7 MB/s
2025-04-07 17:00:48,989 - DEBUG - you-get输出: 38.0% ( 17.2/ 45.4MB) ├████████████████────────────────────────┤[1/2]   42 MB/s
2025-04-07 17:00:49,006 - DEBUG - you-get输出: 38.5% ( 17.5/ 45.4MB) ├████████████████────────────────────────┤[1/2]    6 MB/s
2025-04-07 17:00:49,096 - DEBUG - you-get输出: 39.1% ( 17.8/ 45.4MB) ├████████████████────────────────────────┤[1/2]   33 MB/s
2025-04-07 17:00:49,096 - DEBUG - you-get输出: 39.6% ( 18.0/ 45.4MB) ├████████████████────────────────────────┤[1/2]    7 MB/s
2025-04-07 17:00:49,114 - DEBUG - you-get输出: 40.2% ( 18.2/ 45.4MB) ├█████████████████───────────────────────┤[1/2]   33 MB/s
2025-04-07 17:00:49,200 - DEBUG - you-get输出: 40.7% ( 18.5/ 45.4MB) ├█████████████████───────────────────────┤[1/2]    6 MB/s
2025-04-07 17:00:49,201 - DEBUG - you-get输出: 41.3% ( 18.8/ 45.4MB) ├█████████████████───────────────────────┤[1/2]   39 MB/s
2025-04-07 17:00:49,218 - DEBUG - you-get输出: 41.8% ( 19.0/ 45.4MB) ├█████████████████───────────────────────┤[1/2]    6 MB/s
2025-04-07 17:00:49,311 - DEBUG - you-get输出: 42.4% ( 19.2/ 45.4MB) ├█████████████████───────────────────────┤[1/2]    7 MB/s
2025-04-07 17:00:49,311 - DEBUG - you-get输出: 42.9% ( 19.5/ 45.4MB) ├█████████████████───────────────────────┤[1/2]   30 MB/s
2025-04-07 17:00:49,330 - DEBUG - you-get输出: 43.5% ( 19.8/ 45.4MB) ├██████████████████──────────────────────┤[1/2]    7 MB/s
2025-04-07 17:00:49,419 - DEBUG - you-get输出: 44.0% ( 20.0/ 45.4MB) ├██████████████████──────────────────────┤[1/2]  779 kB/s
2025-04-07 17:00:49,420 - DEBUG - you-get输出: 44.6% ( 20.2/ 45.4MB) ├██████████████████──────────────────────┤[1/2]  358 MB/s
2025-04-07 17:00:49,438 - DEBUG - you-get输出: 45.1% ( 20.5/ 45.4MB) ├███████████████████─────────────────────┤[1/2]  281 MB/s
2025-04-07 17:00:49,528 - DEBUG - you-get输出: 45.7% ( 20.8/ 45.4MB) ├███████████████████─────────────────────┤[1/2]  332 MB/s
2025-04-07 17:00:49,528 - DEBUG - you-get输出: 46.2% ( 21.0/ 45.4MB) ├███████████████████─────────────────────┤[1/2]  243 MB/s
2025-04-07 17:00:49,547 - DEBUG - you-get输出: 46.8% ( 21.2/ 45.4MB) ├███████████████████─────────────────────┤[1/2]  178 MB/s
2025-04-07 17:00:49,649 - DEBUG - you-get输出: 47.3% ( 21.5/ 45.4MB) ├███████████████████─────────────────────┤[1/2]  290 MB/s
2025-04-07 17:00:49,650 - DEBUG - you-get输出: 47.9% ( 21.8/ 45.4MB) ├███████████████████─────────────────────┤[1/2]  290 MB/s
2025-04-07 17:00:49,743 - DEBUG - you-get输出: 48.4% ( 22.0/ 45.4MB) ├████████████████████────────────────────┤[1/2]  307 MB/s
2025-04-07 17:00:49,744 - DEBUG - you-get输出: 49.0% ( 22.2/ 45.4MB) ├████████████████████────────────────────┤[1/2]    7 MB/s
2025-04-07 17:00:49,762 - DEBUG - you-get输出: 49.5% ( 22.5/ 45.4MB) ├████████████████████────────────────────┤[1/2]    8 MB/s
2025-04-07 17:00:49,855 - DEBUG - you-get输出: 50.1% ( 22.8/ 45.4MB) ├█████████████████████───────────────────┤[1/2]   28 MB/s
2025-04-07 17:00:49,856 - DEBUG - you-get输出: 50.6% ( 23.0/ 45.4MB) ├█████████████████████───────────────────┤[1/2]    8 MB/s
2025-04-07 17:00:49,875 - DEBUG - you-get输出: 51.2% ( 23.2/ 45.4MB) ├█████████████████████───────────────────┤[1/2]   30 MB/s
2025-04-07 17:00:49,973 - DEBUG - you-get输出: 51.7% ( 23.5/ 45.4MB) ├█████████████████████───────────────────┤[1/2]    8 MB/s
2025-04-07 17:00:49,973 - DEBUG - you-get输出: 52.3% ( 23.8/ 45.4MB) ├█████████████████████───────────────────┤[1/2]   29 MB/s
2025-04-07 17:00:49,991 - DEBUG - you-get输出: 52.8% ( 24.0/ 45.4MB) ├█████████████████████───────────────────┤[1/2]    8 MB/s
2025-04-07 17:00:50,079 - DEBUG - you-get输出: 53.4% ( 24.2/ 45.4MB) ├██████████████████████──────────────────┤[1/2]   27 MB/s
2025-04-07 17:00:50,080 - DEBUG - you-get输出: 53.9% ( 24.5/ 45.4MB) ├██████████████████████──────────────────┤[1/2]    8 MB/s
2025-04-07 17:00:50,097 - DEBUG - you-get输出: 54.5% ( 24.8/ 45.4MB) ├██████████████████████──────────────────┤[1/2]   22 MB/s
2025-04-07 17:00:50,186 - DEBUG - you-get输出: 55.0% ( 25.0/ 45.4MB) ├███████████████████████─────────────────┤[1/2]    8 MB/s
2025-04-07 17:00:50,187 - DEBUG - you-get输出: 55.6% ( 25.2/ 45.4MB) ├███████████████████████─────────────────┤[1/2]    8 MB/s
2025-04-07 17:00:50,205 - DEBUG - you-get输出: 56.1% ( 25.5/ 45.4MB) ├███████████████████████─────────────────┤[1/2]   25 MB/s
2025-04-07 17:00:50,294 - DEBUG - you-get输出: 56.7% ( 25.8/ 45.4MB) ├███████████████████████─────────────────┤[1/2]    9 MB/s
2025-04-07 17:00:50,295 - DEBUG - you-get输出: 57.2% ( 26.0/ 45.4MB) ├███████████████████████─────────────────┤[1/2]   20 MB/s
2025-04-07 17:00:50,313 - DEBUG - you-get输出: 57.8% ( 26.2/ 45.4MB) ├███████████████████████─────────────────┤[1/2]  407 kB/s
2025-04-07 17:00:50,403 - DEBUG - you-get输出: 58.3% ( 26.5/ 45.4MB) ├████████████████████████────────────────┤[1/2]  297 MB/s
2025-04-07 17:00:50,405 - DEBUG - you-get输出: 58.9% ( 26.8/ 45.4MB) ├████████████████████████────────────────┤[1/2]  321 MB/s
2025-04-07 17:00:50,423 - DEBUG - you-get输出: 59.4% ( 27.0/ 45.4MB) ├████████████████████████────────────────┤[1/2]  323 MB/s
2025-04-07 17:00:50,525 - DEBUG - you-get输出: 60.0% ( 27.2/ 45.4MB) ├█████████████████████████───────────────┤[1/2]  321 MB/s
2025-04-07 17:00:50,526 - DEBUG - you-get输出: 60.5% ( 27.5/ 45.4MB) ├█████████████████████████───────────────┤[1/2]  298 MB/s
2025-04-07 17:00:50,628 - DEBUG - you-get输出: 61.1% ( 27.8/ 45.4MB) ├█████████████████████████───────────────┤[1/2]  255 MB/s
2025-04-07 17:00:50,628 - DEBUG - you-get输出: 61.7% ( 28.0/ 45.4MB) ├█████████████████████████───────────────┤[1/2]  201 MB/s
2025-04-07 17:00:50,757 - DEBUG - you-get输出: 62.2% ( 28.2/ 45.4MB) ├█████████████████████████───────────────┤[1/2]  323 MB/s
2025-04-07 17:00:50,823 - DEBUG - you-get输出: 62.8% ( 28.5/ 45.4MB) ├█████████████████████████───────────────┤[1/2]    7 MB/s
2025-04-07 17:00:50,824 - DEBUG - you-get输出: 63.3% ( 28.8/ 45.4MB) ├██████████████████████████──────────────┤[1/2]    8 MB/s
2025-04-07 17:00:50,846 - DEBUG - you-get输出: 63.9% ( 29.0/ 45.4MB) ├██████████████████████████──────────────┤[1/2]   31 MB/s
2025-04-07 17:00:50,952 - DEBUG - you-get输出: 64.4% ( 29.2/ 45.4MB) ├██████████████████████████──────────────┤[1/2]    7 MB/s
2025-04-07 17:00:50,953 - DEBUG - you-get输出: 65.0% ( 29.5/ 45.4MB) ├███████████████████████████─────────────┤[1/2]   29 MB/s
2025-04-07 17:00:51,056 - DEBUG - you-get输出: 65.5% ( 29.8/ 45.4MB) ├███████████████████████████─────────────┤[1/2]    6 MB/s
2025-04-07 17:00:51,057 - DEBUG - you-get输出: 66.1% ( 30.0/ 45.4MB) ├███████████████████████████─────────────┤[1/2]    8 MB/s
2025-04-07 17:00:51,154 - DEBUG - you-get输出: 66.6% ( 30.2/ 45.4MB) ├███████████████████████████─────────────┤[1/2]   30 MB/s
2025-04-07 17:00:51,154 - DEBUG - you-get输出: 67.2% ( 30.5/ 45.4MB) ├███████████████████████████─────────────┤[1/2]    7 MB/s
2025-04-07 17:00:51,172 - DEBUG - you-get输出: 67.7% ( 30.8/ 45.4MB) ├███████████████████████████─────────────┤[1/2]    8 MB/s
2025-04-07 17:00:51,263 - DEBUG - you-get输出: 68.3% ( 31.0/ 45.4MB) ├████████████████████████████────────────┤[1/2]   28 MB/s
2025-04-07 17:00:51,263 - DEBUG - you-get输出: 68.8% ( 31.2/ 45.4MB) ├████████████████████████████────────────┤[1/2]    8 MB/s
2025-04-07 17:00:51,281 - DEBUG - you-get输出: 69.4% ( 31.5/ 45.4MB) ├████████████████████████████────────────┤[1/2]   26 MB/s
2025-04-07 17:00:51,379 - DEBUG - you-get输出: 69.9% ( 31.8/ 45.4MB) ├████████████████████████████────────────┤[1/2]    8 MB/s
2025-04-07 17:00:51,380 - DEBUG - you-get输出: 70.5% ( 32.0/ 45.4MB) ├█████████████████████████████───────────┤[1/2]   15 MB/s
2025-04-07 17:00:51,397 - DEBUG - you-get输出: 71.0% ( 32.2/ 45.4MB) ├█████████████████████████████───────────┤[1/2]   11 MB/s
2025-04-07 17:00:51,487 - DEBUG - you-get输出: 71.6% ( 32.5/ 45.4MB) ├█████████████████████████████───────────┤[1/2]  452 kB/s
2025-04-07 17:00:51,487 - DEBUG - you-get输出: 72.1% ( 32.8/ 45.4MB) ├█████████████████████████████───────────┤[1/2]  388 MB/s
2025-04-07 17:00:51,505 - DEBUG - you-get输出: 72.7% ( 33.0/ 45.4MB) ├█████████████████████████████───────────┤[1/2]  318 MB/s
2025-04-07 17:00:51,601 - DEBUG - you-get输出: 73.2% ( 33.2/ 45.4MB) ├██████████████████████████████──────────┤[1/2]  352 MB/s
2025-04-07 17:00:51,602 - DEBUG - you-get输出: 73.8% ( 33.5/ 45.4MB) ├██████████████████████████████──────────┤[1/2]  386 MB/s
2025-04-07 17:00:51,621 - DEBUG - you-get输出: 74.3% ( 33.8/ 45.4MB) ├██████████████████████████████──────────┤[1/2]  329 MB/s
2025-04-07 17:00:51,723 - DEBUG - you-get输出: 74.9% ( 34.0/ 45.4MB) ├██████████████████████████████──────────┤[1/2]  371 MB/s
2025-04-07 17:00:51,724 - DEBUG - you-get输出: 75.4% ( 34.2/ 45.4MB) ├███████████████████████████████─────────┤[1/2]  193 MB/s
2025-04-07 17:00:51,823 - DEBUG - you-get输出: 76.0% ( 34.5/ 45.4MB) ├███████████████████████████████─────────┤[1/2]    8 MB/s
2025-04-07 17:00:51,824 - DEBUG - you-get输出: 76.5% ( 34.8/ 45.4MB) ├███████████████████████████████─────────┤[1/2]   36 MB/s
2025-04-07 17:00:51,922 - DEBUG - you-get输出: 77.1% ( 35.0/ 45.4MB) ├███████████████████████████████─────────┤[1/2]    7 MB/s
2025-04-07 17:00:51,923 - DEBUG - you-get输出: 77.6% ( 35.2/ 45.4MB) ├███████████████████████████████─────────┤[1/2]   32 MB/s
2025-04-07 17:00:51,941 - DEBUG - you-get输出: 78.2% ( 35.5/ 45.4MB) ├████████████████████████████████────────┤[1/2]    6 MB/s
2025-04-07 17:00:52,039 - DEBUG - you-get输出: 78.7% ( 35.8/ 45.4MB) ├████████████████████████████████────────┤[1/2]   44 MB/s
2025-04-07 17:00:52,040 - DEBUG - you-get输出: 79.3% ( 36.0/ 45.4MB) ├████████████████████████████████────────┤[1/2]    7 MB/s
2025-04-07 17:00:52,058 - DEBUG - you-get输出: 79.8% ( 36.2/ 45.4MB) ├████████████████████████████████────────┤[1/2]    7 MB/s
2025-04-07 17:00:52,151 - DEBUG - you-get输出: 80.4% ( 36.5/ 45.4MB) ├█████████████████████████████████───────┤[1/2]   33 MB/s
2025-04-07 17:00:52,152 - DEBUG - you-get输出: 80.9% ( 36.8/ 45.4MB) ├█████████████████████████████████───────┤[1/2]    7 MB/s
2025-04-07 17:00:52,171 - DEBUG - you-get输出: 81.5% ( 37.0/ 45.4MB) ├█████████████████████████████████───────┤[1/2]   16 MB/s
2025-04-07 17:00:52,268 - DEBUG - you-get输出: 82.0% ( 37.2/ 45.4MB) ├█████████████████████████████████───────┤[1/2]    9 MB/s
2025-04-07 17:00:52,268 - DEBUG - you-get输出: 82.6% ( 37.5/ 45.4MB) ├█████████████████████████████████───────┤[1/2]   26 MB/s
2025-04-07 17:00:52,286 - DEBUG - you-get输出: 83.1% ( 37.8/ 45.4MB) ├██████████████████████████████████──────┤[1/2]    7 MB/s
2025-04-07 17:00:52,376 - DEBUG - you-get输出: 83.7% ( 38.0/ 45.4MB) ├██████████████████████████████████──────┤[1/2]   11 MB/s
2025-04-07 17:00:52,376 - DEBUG - you-get输出: 84.2% ( 38.2/ 45.4MB) ├██████████████████████████████████──────┤[1/2]   16 MB/s
2025-04-07 17:00:52,393 - DEBUG - you-get输出: 84.8% ( 38.5/ 45.4MB) ├██████████████████████████████████──────┤[1/2]   10 MB/s
2025-04-07 17:00:52,481 - DEBUG - you-get输出: 85.3% ( 38.8/ 45.4MB) ├███████████████████████████████████─────┤[1/2]  369 kB/s
2025-04-07 17:00:52,482 - DEBUG - you-get输出: 85.9% ( 39.0/ 45.4MB) ├███████████████████████████████████─────┤[1/2]  179 MB/s
2025-04-07 17:00:52,501 - DEBUG - you-get输出: 86.4% ( 39.2/ 45.4MB) ├███████████████████████████████████─────┤[1/2]  239 MB/s
2025-04-07 17:00:52,602 - INFO - 视频 《原神》角色演示-「八 重 蔡 子」 下载完成
2025-04-07 17:00:54,118 - DEBUG - you-get输出: site:                Bilibili
2025-04-07 17:00:54,118 - DEBUG - you-get输出: title:               《原神》角色演示-「芙宁娜：全程跑调」
2025-04-07 17:00:54,133 - DEBUG - you-get输出: stream:
2025-04-07 17:00:54,148 - DEBUG - you-get输出: - format:        dash-flv-AVC
2025-04-07 17:00:54,161 - DEBUG - you-get输出: container:     mp4
2025-04-07 17:00:54,174 - DEBUG - you-get输出: quality:       高清 1080P avc1.640033
2025-04-07 17:00:54,187 - DEBUG - you-get输出: size:          75.5 MiB (79116407 bytes)
2025-04-07 17:00:54,198 - DEBUG - you-get输出: # download-with: you-get --format=dash-flv-AVC [URL]
2025-04-07 17:00:54,208 - DEBUG - you-get输出: Downloading 《原神》角色演示-「芙宁娜：全程跑调」.mp4 ...
2025-04-07 17:00:54,592 - DEBUG - you-get输出: 0.0% (  0.0/ 75.5MB) ├────────────────────────────────────────┤[1/2]
2025-04-07 17:00:54,635 - DEBUG - you-get输出: 0.3% (  0.2/ 75.5MB) ├────────────────────────────────────────┤[1/2]  540 kB/s
2025-04-07 17:00:54,668 - DEBUG - you-get输出: 0.7% (  0.5/ 75.5MB) ├────────────────────────────────────────┤[1/2]    6 MB/s
2025-04-07 17:00:54,691 - DEBUG - you-get输出: 1.0% (  0.8/ 75.5MB) ├█───────────────────────────────────────┤[1/2]    7 MB/s
2025-04-07 17:00:54,725 - DEBUG - you-get输出: 1.3% (  1.0/ 75.5MB) ├█───────────────────────────────────────┤[1/2]   11 MB/s
2025-04-07 17:00:54,759 - DEBUG - you-get输出: 1.7% (  1.2/ 75.5MB) ├█───────────────────────────────────────┤[1/2]    7 MB/s
2025-04-07 17:00:54,775 - DEBUG - you-get输出: 2.0% (  1.5/ 75.5MB) ├█───────────────────────────────────────┤[1/2]    8 MB/s
2025-04-07 17:00:54,812 - DEBUG - you-get输出: 2.3% (  1.8/ 75.5MB) ├█───────────────────────────────────────┤[1/2]   15 MB/s
2025-04-07 17:00:54,822 - DEBUG - you-get输出: 2.7% (  2.0/ 75.5MB) ├█───────────────────────────────────────┤[1/2]    7 MB/s
2025-04-07 17:00:54,863 - DEBUG - you-get输出: 3.0% (  2.2/ 75.5MB) ├██──────────────────────────────────────┤[1/2]   25 MB/s
2025-04-07 17:00:54,866 - DEBUG - you-get输出: 3.3% (  2.5/ 75.5MB) ├██──────────────────────────────────────┤[1/2]    7 MB/s
2025-04-07 17:00:54,902 - DEBUG - you-get输出: 3.6% (  2.8/ 75.5MB) ├██──────────────────────────────────────┤[1/2]   28 MB/s
2025-04-07 17:00:54,993 - DEBUG - you-get输出: 4.0% (  3.0/ 75.5MB) ├██──────────────────────────────────────┤[1/2]    7 MB/s
2025-04-07 17:00:54,993 - DEBUG - you-get输出: 4.3% (  3.2/ 75.5MB) ├██──────────────────────────────────────┤[1/2]   23 MB/s
2025-04-07 17:00:55,012 - DEBUG - you-get输出: 4.6% (  3.5/ 75.5MB) ├██──────────────────────────────────────┤[1/2]    7 MB/s
2025-04-07 17:00:55,078 - DEBUG - you-get输出: 5.0% (  3.8/ 75.5MB) ├███─────────────────────────────────────┤[1/2]   13 MB/s
2025-04-07 17:00:55,139 - DEBUG - you-get输出: 5.3% (  4.0/ 75.5MB) ├███─────────────────────────────────────┤[1/2]    2 MB/s
2025-04-07 17:00:55,147 - DEBUG - you-get输出: 5.6% (  4.2/ 75.5MB) ├███─────────────────────────────────────┤[1/2]    6 MB/s
2025-04-07 17:00:55,182 - DEBUG - you-get输出: 6.0% (  4.5/ 75.5MB) ├███─────────────────────────────────────┤[1/2]   10 MB/s
2025-04-07 17:00:55,238 - DEBUG - you-get输出: 6.3% (  4.8/ 75.5MB) ├███─────────────────────────────────────┤[1/2]    7 MB/s
2025-04-07 17:00:55,238 - DEBUG - you-get输出: 6.6% (  5.0/ 75.5MB) ├███─────────────────────────────────────┤[1/2]   14 MB/s
2025-04-07 17:00:55,257 - DEBUG - you-get输出: 7.0% (  5.2/ 75.5MB) ├███─────────────────────────────────────┤[1/2]   10 MB/s
2025-04-07 17:00:55,275 - DEBUG - you-get输出: 7.3% (  5.5/ 75.5MB) ├███─────────────────────────────────────┤[1/2]    9 MB/s
2025-04-07 17:00:55,426 - DEBUG - you-get输出: 7.6% (  5.8/ 75.5MB) ├███─────────────────────────────────────┤[1/2]   12 MB/s
2025-04-07 17:00:55,496 - DEBUG - you-get输出: 8.0% (  6.0/ 75.5MB) ├████────────────────────────────────────┤[1/2]    2 MB/s
2025-04-07 17:00:55,497 - DEBUG - you-get输出: 8.3% (  6.2/ 75.5MB) ├████────────────────────────────────────┤[1/2]    5 MB/s
2025-04-07 17:00:55,534 - DEBUG - you-get输出: 8.6% (  6.5/ 75.5MB) ├████────────────────────────────────────┤[1/2]   10 MB/s
2025-04-07 17:00:55,588 - DEBUG - you-get输出: 8.9% (  6.8/ 75.5MB) ├████────────────────────────────────────┤[1/2]    7 MB/s
2025-04-07 17:00:55,588 - DEBUG - you-get输出: 9.3% (  7.0/ 75.5MB) ├████────────────────────────────────────┤[1/2]   12 MB/s
2025-04-07 17:00:55,607 - DEBUG - you-get输出: 9.6% (  7.2/ 75.5MB) ├████────────────────────────────────────┤[1/2]   11 MB/s
2025-04-07 17:00:55,632 - DEBUG - you-get输出: 9.9% (  7.5/ 75.5MB) ├████────────────────────────────────────┤[1/2]   12 MB/s
2025-04-07 17:00:55,713 - DEBUG - you-get输出: 10.3% (  7.8/ 75.5MB) ├█████───────────────────────────────────┤[1/2]    8 MB/s
2025-04-07 17:00:55,737 - DEBUG - you-get输出: 10.6% (  8.0/ 75.5MB) ├█████───────────────────────────────────┤[1/2]    4 MB/s
2025-04-07 17:00:55,758 - DEBUG - you-get输出: 10.9% (  8.2/ 75.5MB) ├█████───────────────────────────────────┤[1/2]    5 MB/s
2025-04-07 17:00:55,869 - DEBUG - you-get输出: 11.3% (  8.5/ 75.5MB) ├█████───────────────────────────────────┤[1/2]   12 MB/s
2025-04-07 17:00:55,870 - DEBUG - you-get输出: 11.6% (  8.8/ 75.5MB) ├█████───────────────────────────────────┤[1/2]    7 MB/s
2025-04-07 17:00:55,962 - DEBUG - you-get输出: 11.9% (  9.0/ 75.5MB) ├█████───────────────────────────────────┤[1/2]   20 MB/s
2025-04-07 17:00:55,962 - DEBUG - you-get输出: 12.3% (  9.2/ 75.5MB) ├█████───────────────────────────────────┤[1/2]    8 MB/s
2025-04-07 17:00:55,980 - DEBUG - you-get输出: 12.6% (  9.5/ 75.5MB) ├█████───────────────────────────────────┤[1/2]   15 MB/s
2025-04-07 17:00:56,067 - DEBUG - you-get输出: 12.9% (  9.8/ 75.5MB) ├█████───────────────────────────────────┤[1/2]    7 MB/s
2025-04-07 17:00:56,084 - INFO - 暂停下载：《原神》角色演示-「芙宁娜：全程跑调」
2025-04-07 17:00:56,098 - DEBUG - you-get输出: 13.3% ( 10.0/ 75.5MB) ├██████──────────────────────────────────┤[1/2]    2 MB/s
2025-04-07 17:00:56,178 - DEBUG - you-get输出: 13.6% ( 10.2/ 75.5MB) ├██████──────────────────────────────────┤[1/2]    5 MB/s
2025-04-07 17:00:56,179 - DEBUG - you-get输出: 13.9% ( 10.5/ 75.5MB) ├██████──────────────────────────────────┤[1/2]    9 MB/s
2025-04-07 17:00:56,196 - DEBUG - you-get输出: 14.2% ( 10.8/ 75.5MB) ├██████──────────────────────────────────┤[1/2]    9 MB/s
2025-04-07 17:00:56,212 - DEBUG - you-get输出: 14.6% ( 11.0/ 75.5MB) ├██████──────────────────────────────────┤[1/2]   10 MB/s
2025-04-07 17:00:56,269 - DEBUG - you-get输出: 14.9% ( 11.2/ 75.5MB) ├██████──────────────────────────────────┤[1/2]   12 MB/s
2025-04-07 17:00:56,270 - DEBUG - you-get输出: 15.2% ( 11.5/ 75.5MB) ├███████─────────────────────────────────┤[1/2]    8 MB/s
2025-04-07 17:00:56,401 - DEBUG - you-get输出: 15.6% ( 11.8/ 75.5MB) ├███████─────────────────────────────────┤[1/2]   18 MB/s
2025-04-07 17:00:56,448 - DEBUG - you-get输出: 15.9% ( 12.0/ 75.5MB) ├███████─────────────────────────────────┤[1/2]    2 MB/s
2025-04-07 17:00:56,475 - DEBUG - you-get输出: 16.2% ( 12.2/ 75.5MB) ├███████─────────────────────────────────┤[1/2]    5 MB/s
2025-04-07 17:00:56,498 - DEBUG - you-get输出: 16.6% ( 12.5/ 75.5MB) ├███████─────────────────────────────────┤[1/2]   10 MB/s
2025-04-07 17:00:56,522 - DEBUG - you-get输出: 16.9% ( 12.8/ 75.5MB) ├███████─────────────────────────────────┤[1/2]   11 MB/s
2025-04-07 17:00:56,584 - DEBUG - you-get输出: 17.2% ( 13.0/ 75.5MB) ├███████─────────────────────────────────┤[1/2]   10 MB/s
2025-04-07 17:00:56,585 - DEBUG - you-get输出: 17.6% ( 13.2/ 75.5MB) ├███████─────────────────────────────────┤[1/2]    9 MB/s
2025-04-07 17:00:56,603 - DEBUG - you-get输出: 17.9% ( 13.5/ 75.5MB) ├███████─────────────────────────────────┤[1/2]   10 MB/s
2025-04-07 17:00:56,750 - DEBUG - you-get输出: 18.2% ( 13.8/ 75.5MB) ├████████────────────────────────────────┤[1/2]   10 MB/s
2025-04-07 17:00:56,797 - DEBUG - you-get输出: 18.6% ( 14.0/ 75.5MB) ├████████────────────────────────────────┤[1/2]    2 MB/s
2025-04-07 17:00:56,821 - DEBUG - you-get输出: 18.9% ( 14.2/ 75.5MB) ├████████────────────────────────────────┤[1/2]    5 MB/s
2025-04-07 17:00:56,846 - DEBUG - you-get输出: 19.2% ( 14.5/ 75.5MB) ├████████────────────────────────────────┤[1/2]   10 MB/s
2025-04-07 17:00:56,872 - DEBUG - you-get输出: 19.5% ( 14.8/ 75.5MB) ├████████────────────────────────────────┤[1/2]   10 MB/s
2025-04-07 17:00:56,914 - DEBUG - you-get输出: 19.9% ( 15.0/ 75.5MB) ├████████────────────────────────────────┤[1/2]   10 MB/s
2025-04-07 17:00:56,925 - DEBUG - you-get输出: 20.2% ( 15.2/ 75.5MB) ├█████████───────────────────────────────┤[1/2]   10 MB/s
2025-04-07 17:00:56,945 - DEBUG - you-get输出: 20.5% ( 15.5/ 75.5MB) ├█████████───────────────────────────────┤[1/2]    9 MB/s
2025-04-07 17:00:57,118 - DEBUG - you-get输出: 20.9% ( 15.8/ 75.5MB) ├█████████───────────────────────────────┤[1/2]   12 MB/s
2025-04-07 17:00:57,174 - DEBUG - you-get输出: 21.2% ( 16.0/ 75.5MB) ├█████████───────────────────────────────┤[1/2]    1 MB/s
2025-04-07 17:00:57,197 - DEBUG - you-get输出: 21.5% ( 16.2/ 75.5MB) ├█████████───────────────────────────────┤[1/2]    5 MB/s
2025-04-07 17:00:57,214 - DEBUG - you-get输出: 21.9% ( 16.5/ 75.5MB) ├█████████───────────────────────────────┤[1/2]    8 MB/s
2025-04-07 17:00:57,247 - DEBUG - you-get输出: 22.2% ( 16.8/ 75.5MB) ├█████████───────────────────────────────┤[1/2]   14 MB/s
2025-04-07 17:00:57,284 - DEBUG - you-get输出: 22.5% ( 17.0/ 75.5MB) ├█████████───────────────────────────────┤[1/2]    8 MB/s
2025-04-07 17:00:57,292 - DEBUG - you-get输出: 22.9% ( 17.2/ 75.5MB) ├█████████───────────────────────────────┤[1/2]   12 MB/s
2025-04-07 17:00:57,312 - DEBUG - you-get输出: 23.2% ( 17.5/ 75.5MB) ├██████████──────────────────────────────┤[1/2]   10 MB/s
2025-04-07 17:00:57,386 - DEBUG - you-get输出: 23.5% ( 17.8/ 75.5MB) ├██████████──────────────────────────────┤[1/2]   13 MB/s
2025-04-07 17:00:57,424 - DEBUG - you-get输出: 23.9% ( 18.0/ 75.5MB) ├██████████──────────────────────────────┤[1/2]    3 MB/s
2025-04-07 17:00:57,460 - DEBUG - you-get输出: 24.2% ( 18.2/ 75.5MB) ├██████████──────────────────────────────┤[1/2]    7 MB/s
2025-04-07 17:00:57,483 - DEBUG - you-get输出: 24.5% ( 18.5/ 75.5MB) ├██████████──────────────────────────────┤[1/2]    6 MB/s
2025-04-07 17:00:57,507 - DEBUG - you-get输出: 24.9% ( 18.8/ 75.5MB) ├██████████──────────────────────────────┤[1/2]   11 MB/s
2025-04-07 17:00:57,561 - DEBUG - you-get输出: 25.2% ( 19.0/ 75.5MB) ├███████████─────────────────────────────┤[1/2]   10 MB/s
2025-04-07 17:00:57,562 - DEBUG - you-get输出: 25.5% ( 19.2/ 75.5MB) ├███████████─────────────────────────────┤[1/2]    9 MB/s
2025-04-07 17:00:57,584 - DEBUG - you-get输出: 25.8% ( 19.5/ 75.5MB) ├███████████─────────────────────────────┤[1/2]    9 MB/s
2025-04-07 17:00:57,660 - DEBUG - you-get输出: 26.2% ( 19.8/ 75.5MB) ├███████████─────────────────────────────┤[1/2]   12 MB/s
2025-04-07 17:00:57,716 - DEBUG - you-get输出: 26.5% ( 20.0/ 75.5MB) ├███████████─────────────────────────────┤[1/2]    3 MB/s
2025-04-07 17:00:57,771 - DEBUG - you-get输出: 26.8% ( 20.2/ 75.5MB) ├███████████─────────────────────────────┤[1/2]    8 MB/s
2025-04-07 17:00:57,835 - DEBUG - you-get输出: 27.2% ( 20.5/ 75.5MB) ├███████████─────────────────────────────┤[1/2]    3 MB/s
2025-04-07 17:00:58,008 - DEBUG - you-get输出: 27.5% ( 20.8/ 75.5MB) ├███████████─────────────────────────────┤[1/2]    8 MB/s
2025-04-07 17:00:58,064 - DEBUG - you-get输出: 27.8% ( 21.0/ 75.5MB) ├███████████─────────────────────────────┤[1/2]    1 MB/s
2025-04-07 17:00:58,091 - INFO - 暂停下载：【星穹铁道】卡芙卡PV——「戏剧性漏气」
2025-04-07 17:00:58,097 - DEBUG - you-get输出: 28.2% ( 21.2/ 75.5MB) ├████████████────────────────────────────┤[1/2]    9 MB/s
2025-04-07 17:00:58,161 - DEBUG - you-get输出: 28.5% ( 21.5/ 75.5MB) ├████████████────────────────────────────┤[1/2]    4 MB/s
2025-04-07 17:00:58,218 - DEBUG - you-get输出: 28.8% ( 21.8/ 75.5MB) ├████████████────────────────────────────┤[1/2]    9 MB/s
2025-04-07 17:00:58,266 - DEBUG - you-get输出: 29.2% ( 22.0/ 75.5MB) ├████████████────────────────────────────┤[1/2]    3 MB/s
2025-04-07 17:00:58,302 - DEBUG - you-get输出: 29.5% ( 22.2/ 75.5MB) ├████████████────────────────────────────┤[1/2]    5 MB/s
2025-04-07 17:00:58,316 - DEBUG - you-get输出: 29.8% ( 22.5/ 75.5MB) ├████████████────────────────────────────┤[1/2]    8 MB/s
2025-04-07 17:00:58,342 - DEBUG - you-get输出: 30.2% ( 22.8/ 75.5MB) ├█████████████───────────────────────────┤[1/2]   13 MB/s
2025-04-07 17:00:58,366 - DEBUG - you-get输出: 30.5% ( 23.0/ 75.5MB) ├█████████████───────────────────────────┤[1/2]   10 MB/s
2025-04-07 17:00:58,406 - DEBUG - you-get输出: 30.8% ( 23.2/ 75.5MB) ├█████████████───────────────────────────┤[1/2]   10 MB/s
2025-04-07 17:00:58,418 - DEBUG - you-get输出: 31.1% ( 23.5/ 75.5MB) ├█████████████───────────────────────────┤[1/2]   10 MB/s
2025-04-07 17:00:58,422 - DEBUG - you-get输出: site:                Bilibili
2025-04-07 17:00:58,446 - DEBUG - you-get输出: title:               【星穹铁道】卡芙卡PV——「戏剧性漏气」
2025-04-07 17:00:58,461 - DEBUG - you-get输出: stream:
2025-04-07 17:00:58,476 - DEBUG - you-get输出: - format:        dash-flv-AVC
2025-04-07 17:00:58,490 - DEBUG - you-get输出: container:     mp4
2025-04-07 17:00:58,505 - DEBUG - you-get输出: quality:       高清 1080P avc1.640032
2025-04-07 17:00:58,518 - DEBUG - you-get输出: size:          31.6 MiB (33108996 bytes)
2025-04-07 17:00:58,522 - DEBUG - you-get输出: 31.5% ( 23.8/ 75.5MB) ├█████████████───────────────────────────┤[1/2]   10 MB/s
2025-04-07 17:00:58,530 - DEBUG - you-get输出: # download-with: you-get --format=dash-flv-AVC [URL]
2025-04-07 17:00:58,554 - DEBUG - you-get输出: Downloading 【星穹铁道】卡芙卡PV——「戏剧性漏气」.mp4 ...
2025-04-07 17:00:58,598 - DEBUG - you-get输出: 31.8% ( 24.0/ 75.5MB) ├█████████████───────────────────────────┤[1/2]    2 MB/s
2025-04-07 17:00:58,744 - DEBUG - you-get输出: 32.1% ( 24.2/ 75.5MB) ├█████████████───────────────────────────┤[1/2]    5 MB/s
2025-04-07 17:00:58,776 - DEBUG - you-get输出: 32.5% ( 24.5/ 75.5MB) ├█████████████───────────────────────────┤[1/2]    1 MB/s
2025-04-07 17:00:58,815 - DEBUG - you-get输出: 32.8% ( 24.8/ 75.5MB) ├█████████████───────────────────────────┤[1/2]   10 MB/s
2025-04-07 17:00:58,841 - DEBUG - you-get输出: 33.1% ( 25.0/ 75.5MB) ├██████████████──────────────────────────┤[1/2]    6 MB/s
2025-04-07 17:00:58,918 - DEBUG - you-get输出: 0.0% (  0.0/ 31.6MB) ├────────────────────────────────────────┤[1/2]
2025-04-07 17:00:58,950 - DEBUG - you-get输出: 33.5% ( 25.2/ 75.5MB) ├██████████████──────────────────────────┤[1/2]   10 MB/s
2025-04-07 17:00:59,438 - INFO - 暂停下载：《原神》角色演示-「芙宁娜：全程跑调」
2025-04-07 17:00:59,473 - DEBUG - you-get输出: 33.8% ( 25.5/ 75.5MB) ├██████████████──────────────────────────┤[1/2]    2 MB/s
2025-04-07 17:00:59,473 - DEBUG - you-get输出: 0.8% (  0.2/ 31.6MB) ├────────────────────────────────────────┤[1/2]  516 kB/s
2025-04-07 17:00:59,520 - DEBUG - you-get输出: 1.6% (  0.5/ 31.6MB) ├█───────────────────────────────────────┤[1/2]    6 MB/s
2025-04-07 17:00:59,521 - DEBUG - you-get输出: 2.4% (  0.8/ 31.6MB) ├█───────────────────────────────────────┤[1/2]    6 MB/s
2025-04-07 17:00:59,545 - DEBUG - you-get输出: 3.2% (  1.0/ 31.6MB) ├██──────────────────────────────────────┤[1/2]   19 MB/s
2025-04-07 17:00:59,561 - DEBUG - you-get输出: 4.0% (  1.2/ 31.6MB) ├██──────────────────────────────────────┤[1/2]    9 MB/s
2025-04-07 17:00:59,578 - DEBUG - you-get输出: 4.8% (  1.5/ 31.6MB) ├██──────────────────────────────────────┤[1/2]   26 MB/s
2025-04-07 17:00:59,638 - DEBUG - you-get输出: 5.5% (  1.8/ 31.6MB) ├███─────────────────────────────────────┤[1/2]   23 MB/s
2025-04-07 17:00:59,638 - DEBUG - you-get输出: 34.1% ( 25.8/ 75.5MB) ├██████████████──────────────────────────┤[1/2]   12 MB/s
2025-04-07 17:00:59,639 - DEBUG - you-get输出: 6.3% (  2.0/ 31.6MB) ├███─────────────────────────────────────┤[1/2]   38 MB/s
2025-04-07 17:00:59,692 - DEBUG - you-get输出: 7.1% (  2.2/ 31.6MB) ├███─────────────────────────────────────┤[1/2]   19 MB/s
2025-04-07 17:00:59,768 - DEBUG - you-get输出: 7.9% (  2.5/ 31.6MB) ├███─────────────────────────────────────┤[1/2]   15 MB/s
2025-04-07 17:00:59,768 - DEBUG - you-get输出: 34.5% ( 26.0/ 75.5MB) ├██████████████──────────────────────────┤[1/2]    4 MB/s
2025-04-07 17:00:59,769 - DEBUG - you-get输出: 8.7% (  2.8/ 31.6MB) ├████────────────────────────────────────┤[1/2]   25 MB/s
2025-04-07 17:00:59,808 - DEBUG - you-get输出: 9.5% (  3.0/ 31.6MB) ├████────────────────────────────────────┤[1/2]   16 MB/s
2025-04-07 17:00:59,896 - DEBUG - you-get输出: 10.3% (  3.2/ 31.6MB) ├█████───────────────────────────────────┤[1/2]   30 MB/s
2025-04-07 17:00:59,897 - DEBUG - you-get输出: 34.8% ( 26.2/ 75.5MB) ├██████████████──────────────────────────┤[1/2]    8 MB/s
2025-04-07 17:00:59,897 - DEBUG - you-get输出: 11.1% (  3.5/ 31.6MB) ├█████───────────────────────────────────┤[1/2]   32 MB/s
2025-04-07 17:00:59,969 - DEBUG - you-get输出: 11.9% (  3.8/ 31.6MB) ├█████───────────────────────────────────┤[1/2]   38 MB/s
2025-04-07 17:00:59,969 - DEBUG - you-get输出: 35.1% ( 26.5/ 75.5MB) ├███████████████─────────────────────────┤[1/2]   11 MB/s
2025-04-07 17:00:59,969 - DEBUG - you-get输出: 12.7% (  4.0/ 31.6MB) ├█████───────────────────────────────────┤[1/2]   31 MB/s
2025-04-07 17:00:59,990 - DEBUG - you-get输出: 35.5% ( 26.8/ 75.5MB) ├███████████████─────────────────────────┤[1/2]    6 MB/s
2025-04-07 17:01:00,007 - DEBUG - you-get输出: 13.5% (  4.2/ 31.6MB) ├██████──────────────────────────────────┤[1/2]   22 MB/s
2025-04-07 17:01:00,078 - DEBUG - you-get输出: 14.3% (  4.5/ 31.6MB) ├██████──────────────────────────────────┤[1/2]   24 MB/s
2025-04-07 17:01:00,078 - DEBUG - you-get输出: 35.8% ( 27.0/ 75.5MB) ├███████████████─────────────────────────┤[1/2]    5 MB/s
2025-04-07 17:01:00,079 - DEBUG - you-get输出: 15.0% (  4.8/ 31.6MB) ├███████─────────────────────────────────┤[1/2]   29 MB/s
2025-04-07 17:01:00,096 - DEBUG - you-get输出: 36.1% ( 27.2/ 75.5MB) ├███████████████─────────────────────────┤[1/2]    6 MB/s
2025-04-07 17:01:00,117 - DEBUG - you-get输出: 15.8% (  5.0/ 31.6MB) ├███████─────────────────────────────────┤[1/2]   17 MB/s
2025-04-07 17:01:00,200 - DEBUG - you-get输出: 36.4% ( 27.5/ 75.5MB) ├███████████████─────────────────────────┤[1/2]    3 MB/s
2025-04-07 17:01:00,200 - DEBUG - you-get输出: 16.6% (  5.2/ 31.6MB) ├███████─────────────────────────────────┤[1/2]   35 MB/s
2025-04-07 17:01:00,201 - DEBUG - you-get输出: 36.8% ( 27.8/ 75.5MB) ├███████████████─────────────────────────┤[1/2]    5 MB/s
2025-04-07 17:01:00,220 - DEBUG - you-get输出: 17.4% (  5.5/ 31.6MB) ├███████─────────────────────────────────┤[1/2]   32 MB/s
2025-04-07 17:01:00,238 - DEBUG - you-get输出: 37.1% ( 28.0/ 75.5MB) ├███████████████─────────────────────────┤[1/2]    6 MB/s
2025-04-07 17:01:00,257 - DEBUG - you-get输出: 18.2% (  5.8/ 31.6MB) ├████████────────────────────────────────┤[1/2]   27 MB/s
2025-04-07 17:01:00,335 - DEBUG - you-get输出: 19.0% (  6.0/ 31.6MB) ├████████────────────────────────────────┤[1/2]   24 MB/s
2025-04-07 17:01:00,335 - DEBUG - you-get输出: 37.4% ( 28.2/ 75.5MB) ├███████████████─────────────────────────┤[1/2]   17 MB/s
2025-04-07 17:01:00,336 - DEBUG - you-get输出: 19.8% (  6.2/ 31.6MB) ├████████────────────────────────────────┤[1/2]   31 MB/s
2025-04-07 17:01:00,355 - DEBUG - you-get输出: 37.8% ( 28.5/ 75.5MB) ├███████████████─────────────────────────┤[1/2]    8 MB/s
2025-04-07 17:01:00,373 - DEBUG - you-get输出: 20.6% (  6.5/ 31.6MB) ├█████████───────────────────────────────┤[1/2]   37 MB/s
2025-04-07 17:01:00,455 - DEBUG - you-get输出: 21.4% (  6.8/ 31.6MB) ├█████████───────────────────────────────┤[1/2]    1 MB/s
2025-04-07 17:01:00,455 - DEBUG - you-get输出: 38.1% ( 28.8/ 75.5MB) ├████████████████────────────────────────┤[1/2]   13 MB/s
2025-04-07 17:01:00,455 - DEBUG - you-get输出: 22.2% (  7.0/ 31.6MB) ├█████████───────────────────────────────┤[1/2]  310 MB/s
2025-04-07 17:01:00,475 - DEBUG - you-get输出: 38.4% ( 29.0/ 75.5MB) ├████████████████────────────────────────┤[1/2]    7 MB/s
2025-04-07 17:01:00,494 - DEBUG - you-get输出: 23.0% (  7.2/ 31.6MB) ├██████████──────────────────────────────┤[1/2]  235 MB/s
2025-04-07 17:01:00,604 - DEBUG - you-get输出: 23.8% (  7.5/ 31.6MB) ├██████████──────────────────────────────┤[1/2]  270 MB/s
2025-04-07 17:01:00,604 - DEBUG - you-get输出: 38.8% ( 29.2/ 75.5MB) ├████████████████────────────────────────┤[1/2]    3 MB/s
2025-04-07 17:01:00,605 - DEBUG - you-get输出: 24.5% (  7.8/ 31.6MB) ├██████████──────────────────────────────┤[1/2]  287 MB/s
2025-04-07 17:01:00,684 - DEBUG - you-get输出: 25.3% (  8.0/ 31.6MB) ├███████████─────────────────────────────┤[1/2]  317 MB/s
2025-04-07 17:01:00,684 - DEBUG - you-get输出: 39.1% ( 29.5/ 75.5MB) ├████████████████────────────────────────┤[1/2]    5 MB/s
2025-04-07 17:01:00,684 - DEBUG - you-get输出: 26.1% (  8.2/ 31.6MB) ├███████████─────────────────────────────┤[1/2]  299 MB/s
2025-04-07 17:01:00,704 - DEBUG - you-get输出: 39.4% ( 29.8/ 75.5MB) ├████████████████────────────────────────┤[1/2]    2 MB/s
2025-04-07 17:01:00,723 - DEBUG - you-get输出: 26.9% (  8.5/ 31.6MB) ├███████████─────────────────────────────┤[1/2]  308 MB/s
2025-04-07 17:01:00,807 - DEBUG - you-get输出: 39.8% ( 30.0/ 75.5MB) ├████████████████────────────────────────┤[1/2]    4 MB/s
2025-04-07 17:01:00,807 - DEBUG - you-get输出: 27.7% (  8.8/ 31.6MB) ├███████████─────────────────────────────┤[1/2]  295 MB/s
2025-04-07 17:01:00,808 - DEBUG - you-get输出: 40.1% ( 30.2/ 75.5MB) ├█████████████████───────────────────────┤[1/2]   10 MB/s
2025-04-07 17:01:00,825 - DEBUG - you-get输出: 28.5% (  9.0/ 31.6MB) ├████████████────────────────────────────┤[1/2]  290 MB/s
2025-04-07 17:01:00,924 - DEBUG - you-get输出: 29.3% (  9.2/ 31.6MB) ├████████████────────────────────────────┤[1/2]  187 MB/s
2025-04-07 17:01:00,925 - DEBUG - you-get输出: 40.4% ( 30.5/ 75.5MB) ├█████████████████───────────────────────┤[1/2]   10 MB/s
2025-04-07 17:01:00,925 - DEBUG - you-get输出: 30.1% (  9.5/ 31.6MB) ├█████████████───────────────────────────┤[1/2]  194 MB/s
2025-04-07 17:01:00,960 - DEBUG - you-get输出: 30.9% (  9.8/ 31.6MB) ├█████████████───────────────────────────┤[1/2]  281 MB/s
2025-04-07 17:01:01,031 - DEBUG - you-get输出: 40.8% ( 30.8/ 75.5MB) ├█████████████████───────────────────────┤[1/2]   10 MB/s
2025-04-07 17:01:01,031 - DEBUG - you-get输出: 31.7% ( 10.0/ 31.6MB) ├█████████████───────────────────────────┤[1/2]  269 MB/s
2025-04-07 17:01:01,032 - DEBUG - you-get输出: 41.1% ( 31.0/ 75.5MB) ├█████████████████───────────────────────┤[1/2]   10 MB/s
2025-04-07 17:01:01,050 - DEBUG - you-get输出: 32.5% ( 10.2/ 31.6MB) ├█████████████───────────────────────────┤[1/2]  249 MB/s
2025-04-07 17:01:01,858 - INFO - 取消所有下载
