2025-04-07 16:26:47,103 - INFO - 开始登录...
2025-04-07 16:26:47,104 - INFO - 尝试刷新登录状态...
2025-04-07 16:26:47,355 - INFO - 登录刷新成功!
2025-04-07 16:26:47,359 - INFO - 登录成功!
2025-04-07 16:26:47,364 - INFO - 成功创建Netscape格式的cookies文件
2025-04-07 16:26:47,369 - DEBUG - 更新后的Cookie信息: {'SESSDATA': 'bd5c3932%2C1759566407%2Cfd7afb41CjArQFPWJ18V6jr6q1Ya4-IF14VYRpKeOG876LL37SbU_zdJilMt2j1nNbHscOcOIF8SVjVmSnd3Q3NEYVRSQlZRNmFRN3dJZVZwRFBXV3lVS011YWJFS050cm9KSTFoZURvZzJYS29WeGlIX3BxRFVxeXoxcFRMUEpaYjhjR0pxZmJzZk12UkVBIIEC', 'bili_jct': 'e15bc921db980bb2db4b246d7adb0015', 'DedeUserID': '501695519', 'DedeUserID__ckMd5': '3584d425f96fc469', 'sid': '8f3rffbx'}
2025-04-07 16:26:47,381 - DEBUG - 开始验证登录状态...
2025-04-07 16:26:47,387 - DEBUG - 当前Cookie信息: {'SESSDATA': 'bd5c3932%2C1759566407%2Cfd7afb41CjArQFPWJ18V6jr6q1Ya4-IF14VYRpKeOG876LL37SbU_zdJilMt2j1nNbHscOcOIF8SVjVmSnd3Q3NEYVRSQlZRNmFRN3dJZVZwRFBXV3lVS011YWJFS050cm9KSTFoZURvZzJYS29WeGlIX3BxRFVxeXoxcFRMUEpaYjhjR0pxZmJzZk12UkVBIIEC', 'bili_jct': 'e15bc921db980bb2db4b246d7adb0015', 'buvid3': ''}
2025-04-07 16:26:47,391 - DEBUG - 发送验证请求...
2025-04-07 16:26:48,457 - DEBUG - 验证响应: {'code': 0, 'message': '0', 'ttl': 1, 'data': {'isLogin': True, 'email_verified': 1, 'face': 'https://i2.hdslb.com/bfs/face/8d6df08d48ff886b6d2d52cc07b5e167fc472f96.jpg', 'face_nft': 0, 'face_nft_type': 0, 'level_info': {'current_level': 5, 'current_min': 10800, 'current_exp': 18144, 'next_exp': 28800}, 'mid': 501695519, 'mobile_verified': 1, 'money': 280.2, 'moral': 70, 'official': {'role': 0, 'title': '', 'desc': '', 'type': -1}, 'officialVerify': {'type': -1, 'desc': ''}, 'pendant': {'pid': 0, 'name': '', 'image': '', 'expire': 0, 'image_enhance': '', 'image_enhance_frame': '', 'n_pid': 0}, 'scores': 0, 'uname': '取个好昵称真费劲', 'vipDueDate': 0, 'vipStatus': 0, 'vipType': 0, 'vip_pay_type': 0, 'vip_theme_type': 0, 'vip_label': {'path': '', 'text': '', 'label_theme': '', 'text_color': '', 'bg_style': 0, 'bg_color': '', 'border_color': '', 'use_img_label': True, 'img_label_uri_hans': '', 'img_label_uri_hant': '', 'img_label_uri_hans_static': 'https://i0.hdslb.com/bfs/vip/d7b702ef65a976b20ed854cbd04cb9e27341bb79.png', 'img_label_uri_hant_static': 'https://i0.hdslb.com/bfs/activity-plat/static/20220614/e369244d0b14644f5e1a06431e22a4d5/KJunwh19T5.png'}, 'vip_avatar_subscript': 0, 'vip_nickname_color': '', 'vip': {'type': 0, 'status': 0, 'due_date': 0, 'vip_pay_type': 0, 'theme_type': 0, 'label': {'path': '', 'text': '', 'label_theme': '', 'text_color': '', 'bg_style': 0, 'bg_color': '', 'border_color': '', 'use_img_label': True, 'img_label_uri_hans': '', 'img_label_uri_hant': '', 'img_label_uri_hans_static': 'https://i0.hdslb.com/bfs/vip/d7b702ef65a976b20ed854cbd04cb9e27341bb79.png', 'img_label_uri_hant_static': 'https://i0.hdslb.com/bfs/activity-plat/static/20220614/e369244d0b14644f5e1a06431e22a4d5/KJunwh19T5.png'}, 'avatar_subscript': 0, 'nickname_color': '', 'role': 0, 'avatar_subscript_url': '', 'tv_vip_status': 0, 'tv_vip_pay_type': 0, 'tv_due_date': 0, 'avatar_icon': {'icon_resource': {}}}, 'wallet': {'mid': 501695519, 'bcoin_balance': 0, 'coupon_balance': 0, 'coupon_due_time': 0}, 'has_shop': False, 'shop_url': '', 'answer_status': 0, 'is_senior_member': 0, 'wbi_img': {'img_url': 'https://i0.hdslb.com/bfs/wbi/7cd084941338484aae1ad9425b84077c.png', 'sub_url': 'https://i0.hdslb.com/bfs/wbi/4932caff0ff746eab6f01bf08b70ac45.png'}, 'is_jury': False, 'name_render': None}}
2025-04-07 16:26:48,575 - INFO - 成功创建Netscape格式的cookies文件
2025-04-07 16:26:48,864 - INFO - 登录状态有效：取个好昵称真费劲
2025-04-07 16:26:50,317 - DEBUG - 开始验证登录状态...
2025-04-07 16:26:50,317 - DEBUG - 当前Cookie信息: {'SESSDATA': 'bd5c3932%2C1759566407%2Cfd7afb41CjArQFPWJ18V6jr6q1Ya4-IF14VYRpKeOG876LL37SbU_zdJilMt2j1nNbHscOcOIF8SVjVmSnd3Q3NEYVRSQlZRNmFRN3dJZVZwRFBXV3lVS011YWJFS050cm9KSTFoZURvZzJYS29WeGlIX3BxRFVxeXoxcFRMUEpaYjhjR0pxZmJzZk12UkVBIIEC', 'bili_jct': 'e15bc921db980bb2db4b246d7adb0015', 'buvid3': ''}
2025-04-07 16:26:50,318 - DEBUG - 发送验证请求...
2025-04-07 16:26:50,443 - DEBUG - 验证响应: {'code': 0, 'message': '0', 'ttl': 1, 'data': {'isLogin': True, 'email_verified': 1, 'face': 'https://i2.hdslb.com/bfs/face/8d6df08d48ff886b6d2d52cc07b5e167fc472f96.jpg', 'face_nft': 0, 'face_nft_type': 0, 'level_info': {'current_level': 5, 'current_min': 10800, 'current_exp': 18144, 'next_exp': 28800}, 'mid': 501695519, 'mobile_verified': 1, 'money': 280.2, 'moral': 70, 'official': {'role': 0, 'title': '', 'desc': '', 'type': -1}, 'officialVerify': {'type': -1, 'desc': ''}, 'pendant': {'pid': 0, 'name': '', 'image': '', 'expire': 0, 'image_enhance': '', 'image_enhance_frame': '', 'n_pid': 0}, 'scores': 0, 'uname': '取个好昵称真费劲', 'vipDueDate': 0, 'vipStatus': 0, 'vipType': 0, 'vip_pay_type': 0, 'vip_theme_type': 0, 'vip_label': {'path': '', 'text': '', 'label_theme': '', 'text_color': '', 'bg_style': 0, 'bg_color': '', 'border_color': '', 'use_img_label': True, 'img_label_uri_hans': '', 'img_label_uri_hant': '', 'img_label_uri_hans_static': 'https://i0.hdslb.com/bfs/vip/d7b702ef65a976b20ed854cbd04cb9e27341bb79.png', 'img_label_uri_hant_static': 'https://i0.hdslb.com/bfs/activity-plat/static/20220614/e369244d0b14644f5e1a06431e22a4d5/KJunwh19T5.png'}, 'vip_avatar_subscript': 0, 'vip_nickname_color': '', 'vip': {'type': 0, 'status': 0, 'due_date': 0, 'vip_pay_type': 0, 'theme_type': 0, 'label': {'path': '', 'text': '', 'label_theme': '', 'text_color': '', 'bg_style': 0, 'bg_color': '', 'border_color': '', 'use_img_label': True, 'img_label_uri_hans': '', 'img_label_uri_hant': '', 'img_label_uri_hans_static': 'https://i0.hdslb.com/bfs/vip/d7b702ef65a976b20ed854cbd04cb9e27341bb79.png', 'img_label_uri_hant_static': 'https://i0.hdslb.com/bfs/activity-plat/static/20220614/e369244d0b14644f5e1a06431e22a4d5/KJunwh19T5.png'}, 'avatar_subscript': 0, 'nickname_color': '', 'role': 0, 'avatar_subscript_url': '', 'tv_vip_status': 0, 'tv_vip_pay_type': 0, 'tv_due_date': 0, 'avatar_icon': {'icon_resource': {}}}, 'wallet': {'mid': 501695519, 'bcoin_balance': 0, 'coupon_balance': 0, 'coupon_due_time': 0}, 'has_shop': False, 'shop_url': '', 'answer_status': 0, 'is_senior_member': 0, 'wbi_img': {'img_url': 'https://i0.hdslb.com/bfs/wbi/7cd084941338484aae1ad9425b84077c.png', 'sub_url': 'https://i0.hdslb.com/bfs/wbi/4932caff0ff746eab6f01bf08b70ac45.png'}, 'is_jury': False, 'name_render': None}}
2025-04-07 16:26:50,445 - INFO - 成功创建Netscape格式的cookies文件
2025-04-07 16:26:50,446 - INFO - 登录状态有效：取个好昵称真费劲
2025-04-07 16:26:50,446 - INFO - 开始获取用户 501695519 的收藏夹 3473636419
2025-04-07 16:26:51,733 - INFO - 共找到 6 个视频，开始获取格式信息...
2025-04-07 16:26:52,163 - INFO - 使用缓存的格式信息：BV1uD421T7bx
2025-04-07 16:26:52,164 - INFO - 使用缓存的格式信息：BV1AcNpegEt1
2025-04-07 16:26:52,164 - INFO - 使用缓存的格式信息：BV1tM411B7NA
2025-04-07 16:26:52,235 - INFO - 使用缓存的格式信息：BV1X341177zi
2025-04-07 16:26:52,235 - INFO - 格式信息获取进度: 1/6
2025-04-07 16:26:52,366 - INFO - 使用缓存的格式信息：BV1pu4y1N7KM
2025-04-07 16:26:52,510 - INFO - 使用缓存的格式信息：BV11u4y1B71e
2025-04-07 16:26:52,874 - INFO - 格式信息获取进度: 2/6
2025-04-07 16:26:52,993 - INFO - 格式信息获取进度: 3/6
2025-04-07 16:26:53,073 - INFO - 格式信息获取进度: 4/6
2025-04-07 16:26:53,156 - INFO - 格式信息获取进度: 5/6
2025-04-07 16:26:53,242 - INFO - 格式信息获取进度: 6/6
2025-04-07 16:26:53,330 - INFO - 所有视频格式获取完成
2025-04-07 16:27:09,369 - DEBUG - 开始验证登录状态...
2025-04-07 16:27:09,370 - DEBUG - 当前Cookie信息: {'SESSDATA': 'bd5c3932%2C1759566407%2Cfd7afb41CjArQFPWJ18V6jr6q1Ya4-IF14VYRpKeOG876LL37SbU_zdJilMt2j1nNbHscOcOIF8SVjVmSnd3Q3NEYVRSQlZRNmFRN3dJZVZwRFBXV3lVS011YWJFS050cm9KSTFoZURvZzJYS29WeGlIX3BxRFVxeXoxcFRMUEpaYjhjR0pxZmJzZk12UkVBIIEC', 'bili_jct': 'e15bc921db980bb2db4b246d7adb0015', 'buvid3': ''}
2025-04-07 16:27:09,370 - DEBUG - 发送验证请求...
2025-04-07 16:27:09,515 - DEBUG - 验证响应: {'code': 0, 'message': '0', 'ttl': 1, 'data': {'isLogin': True, 'email_verified': 1, 'face': 'https://i2.hdslb.com/bfs/face/8d6df08d48ff886b6d2d52cc07b5e167fc472f96.jpg', 'face_nft': 0, 'face_nft_type': 0, 'level_info': {'current_level': 5, 'current_min': 10800, 'current_exp': 18144, 'next_exp': 28800}, 'mid': 501695519, 'mobile_verified': 1, 'money': 280.2, 'moral': 70, 'official': {'role': 0, 'title': '', 'desc': '', 'type': -1}, 'officialVerify': {'type': -1, 'desc': ''}, 'pendant': {'pid': 0, 'name': '', 'image': '', 'expire': 0, 'image_enhance': '', 'image_enhance_frame': '', 'n_pid': 0}, 'scores': 0, 'uname': '取个好昵称真费劲', 'vipDueDate': 0, 'vipStatus': 0, 'vipType': 0, 'vip_pay_type': 0, 'vip_theme_type': 0, 'vip_label': {'path': '', 'text': '', 'label_theme': '', 'text_color': '', 'bg_style': 0, 'bg_color': '', 'border_color': '', 'use_img_label': True, 'img_label_uri_hans': '', 'img_label_uri_hant': '', 'img_label_uri_hans_static': 'https://i0.hdslb.com/bfs/vip/d7b702ef65a976b20ed854cbd04cb9e27341bb79.png', 'img_label_uri_hant_static': 'https://i0.hdslb.com/bfs/activity-plat/static/20220614/e369244d0b14644f5e1a06431e22a4d5/KJunwh19T5.png'}, 'vip_avatar_subscript': 0, 'vip_nickname_color': '', 'vip': {'type': 0, 'status': 0, 'due_date': 0, 'vip_pay_type': 0, 'theme_type': 0, 'label': {'path': '', 'text': '', 'label_theme': '', 'text_color': '', 'bg_style': 0, 'bg_color': '', 'border_color': '', 'use_img_label': True, 'img_label_uri_hans': '', 'img_label_uri_hant': '', 'img_label_uri_hans_static': 'https://i0.hdslb.com/bfs/vip/d7b702ef65a976b20ed854cbd04cb9e27341bb79.png', 'img_label_uri_hant_static': 'https://i0.hdslb.com/bfs/activity-plat/static/20220614/e369244d0b14644f5e1a06431e22a4d5/KJunwh19T5.png'}, 'avatar_subscript': 0, 'nickname_color': '', 'role': 0, 'avatar_subscript_url': '', 'tv_vip_status': 0, 'tv_vip_pay_type': 0, 'tv_due_date': 0, 'avatar_icon': {'icon_resource': {}}}, 'wallet': {'mid': 501695519, 'bcoin_balance': 0, 'coupon_balance': 0, 'coupon_due_time': 0}, 'has_shop': False, 'shop_url': '', 'answer_status': 0, 'is_senior_member': 0, 'wbi_img': {'img_url': 'https://i0.hdslb.com/bfs/wbi/7cd084941338484aae1ad9425b84077c.png', 'sub_url': 'https://i0.hdslb.com/bfs/wbi/4932caff0ff746eab6f01bf08b70ac45.png'}, 'is_jury': False, 'name_render': None}}
2025-04-07 16:27:09,517 - INFO - 成功创建Netscape格式的cookies文件
2025-04-07 16:27:09,517 - INFO - 登录状态有效：取个好昵称真费劲
2025-04-07 16:27:09,518 - INFO - 开始获取用户 501695519 的收藏夹 3416214719
2025-04-07 16:27:10,686 - INFO - 共找到 3 个视频，开始获取格式信息...
2025-04-07 16:27:10,863 - INFO - 获取视频格式信息：https://www.bilibili.com/video/BV1FAwweqEDX
2025-04-07 16:27:10,863 - INFO - 获取视频格式信息：https://www.bilibili.com/video/BV1YicBedEw1
2025-04-07 16:27:10,863 - INFO - 获取视频格式信息：https://www.bilibili.com/video/BV117wUekEcW
2025-04-07 16:27:19,947 - DEBUG - you-get输出：
site:                Bilibili
title:               看看遐蝶的小蝴蝶~
streams:             # Available quality and codecs
    [ DASH ] ____________________________________
    - format:        dash-flv-AVC
      container:     mp4
      quality:       高清 1080P avc1.640032
      size:          8.3 MiB (8697711 bytes)
    # download-with: you-get --format=dash-flv-AVC [URL]

    - format:        dash-flv-HEVC
      container:     mp4
      quality:       高清 1080P hev1.1.6.L150.90
      size:          5.5 MiB (5729093 bytes)
    # download-with: you-get --format=dash-flv-HEVC [URL]

    - format:        dash-flv-AV1
      container:     mp4
      quality:       高清 1080P av01.0.00M.10.0.110.01.01.01.0
      size:          5.0 MiB (5247042 bytes)
    # download-with: you-get --format=dash-flv-AV1 [URL]

    - format:        dash-flv720-AVC
      container:     mp4
      quality:       高清 720P avc1.640028
      size:          4.5 MiB (4675576 bytes)
    # download-with: you-get --format=dash-flv720-AVC [URL]

    - format:        dash-flv720-HEVC
      container:     mp4
      quality:       高清 720P hev1.1.6.L120.90
      size:          3.0 MiB (3094113 bytes)
    # download-with: you-get --format=dash-flv720-HEVC [URL]

    - format:        dash-flv720-AV1
      container:     mp4
      quality:       高清 720P av01.0.00M.10.0.110.01.01.01.0
      size:          2.8 MiB (2905250 bytes)
    # download-with: you-get --format=dash-flv720-AV1 [URL]

    - format:        dash-flv480-AVC
      container:     mp4
      quality:       清晰 480P avc1.64001F
      size:          2.7 MiB (2866480 bytes)
    # download-with: you-get --format=dash-flv480-AVC [URL]

    - format:        dash-flv480-HEVC
      container:     mp4
      quality:       清晰 480P hev1.1.6.L120.90
      size:          1.8 MiB (1934228 bytes)
    # download-with: you-get --format=dash-flv480-HEVC [URL]

    - format:        dash-flv480-AV1
      container:     mp4
      quality:       清晰 480P av01.0.00M.10.0.110.01.01.01.0
      size:          1.8 MiB (1894905 bytes)
    # download-with: you-get --format=dash-flv480-AV1 [URL]

    - format:        dash-flv360-AVC
      container:     mp4
      quality:       流畅 360P avc1.64001E
      size:          1.6 MiB (1692490 bytes)
    # download-with: you-get --format=dash-flv360-AVC [URL]

    - format:        dash-flv360-HEVC
      container:     mp4
      quality:       流畅 360P hev1.1.6.L120.90
      size:          1.0 MiB (1098625 bytes)
    # download-with: you-get --format=dash-flv360-HEVC [URL]

    - format:        dash-flv360-AV1
      container:     mp4
      quality:       流畅 360P av01.0.00M.10.0.110.01.01.01.0
      size:          1.0 MiB (1076382 bytes)
    # download-with: you-get --format=dash-flv360-AV1 [URL]


2025-04-07 16:27:19,952 - INFO - 找到以下格式：['高清 1080P avc1.640032 (dash-flv-AVC)', '高清 1080P hev1.1.6.L150.90 (dash-flv-HEVC)', '高清 1080P av01.0.00M.10.0.110.01.01.01.0 (dash-flv-AV1)', '高清 720P avc1.640028 (dash-flv720-AVC)', '高清 720P hev1.1.6.L120.90 (dash-flv720-HEVC)', '高清 720P av01.0.00M.10.0.110.01.01.01.0 (dash-flv720-AV1)', '清晰 480P avc1.64001F (dash-flv480-AVC)', '清晰 480P hev1.1.6.L120.90 (dash-flv480-HEVC)', '清晰 480P av01.0.00M.10.0.110.01.01.01.0 (dash-flv480-AV1)', '流畅 360P avc1.64001E (dash-flv360-AVC)', '流畅 360P hev1.1.6.L120.90 (dash-flv360-HEVC)', '流畅 360P av01.0.00M.10.0.110.01.01.01.0 (dash-flv360-AV1)']
2025-04-07 16:27:19,986 - INFO - 格式信息获取进度: 1/3
2025-04-07 16:27:20,064 - DEBUG - you-get输出：
site:                Bilibili
title:               自动推送给遐蝶厨
streams:             # Available quality and codecs
    [ DASH ] ____________________________________
    - format:        dash-flv-AVC
      container:     mp4
      quality:       高清 1080P avc1.640032
      size:          4.4 MiB (4618059 bytes)
    # download-with: you-get --format=dash-flv-AVC [URL]

    - format:        dash-flv720-AVC
      container:     mp4
      quality:       高清 720P avc1.640028
      size:          2.7 MiB (2856700 bytes)
    # download-with: you-get --format=dash-flv720-AVC [URL]

    - format:        dash-flv-HEVC
      container:     mp4
      quality:       高清 1080P hev1.1.6.L150.90
      size:          2.2 MiB (2312951 bytes)
    # download-with: you-get --format=dash-flv-HEVC [URL]

    - format:        dash-flv-AV1
      container:     mp4
      quality:       高清 1080P av01.0.00M.10.0.110.01.01.01.0
      size:          2.0 MiB (2138132 bytes)
    # download-with: you-get --format=dash-flv-AV1 [URL]

    - format:        dash-flv480-AVC
      container:     mp4
      quality:       清晰 480P avc1.64001F
      size:          1.5 MiB (1547246 bytes)
    # download-with: you-get --format=dash-flv480-AVC [URL]

    - format:        dash-flv720-HEVC
      container:     mp4
      quality:       高清 720P hev1.1.6.L120.90
      size:          1.5 MiB (1536412 bytes)
    # download-with: you-get --format=dash-flv720-HEVC [URL]

    - format:        dash-flv720-AV1
      container:     mp4
      quality:       高清 720P av01.0.00M.10.0.110.01.01.01.0
      size:          1.3 MiB (1398840 bytes)
    # download-with: you-get --format=dash-flv720-AV1 [URL]

    - format:        dash-flv480-HEVC
      container:     mp4
      quality:       清晰 480P hev1.1.6.L120.90
      size:          1.2 MiB (1298732 bytes)
    # download-with: you-get --format=dash-flv480-HEVC [URL]

    - format:        dash-flv480-AV1
      container:     mp4
      quality:       清晰 480P av01.0.00M.10.0.110.01.01.01.0
      size:          1.2 MiB (1221397 bytes)
    # download-with: you-get --format=dash-flv480-AV1 [URL]

    - format:        dash-flv360-AVC
      container:     mp4
      quality:       流畅 360P avc1.64001E
      size:          0.7 MiB (742103 bytes)
    # download-with: you-get --format=dash-flv360-AVC [URL]

    - format:        dash-flv360-AV1
      container:     mp4
      quality:       流畅 360P av01.0.00M.10.0.110.01.01.01.0
      size:          0.6 MiB (583954 bytes)
    # download-with: you-get --format=dash-flv360-AV1 [URL]

    - format:        dash-flv360-HEVC
      container:     mp4
      quality:       流畅 360P hev1.1.6.L120.90
      size:          0.6 MiB (579703 bytes)
    # download-with: you-get --format=dash-flv360-HEVC [URL]


2025-04-07 16:27:20,085 - INFO - 找到以下格式：['高清 1080P avc1.640032 (dash-flv-AVC)', '高清 720P avc1.640028 (dash-flv720-AVC)', '高清 1080P hev1.1.6.L150.90 (dash-flv-HEVC)', '高清 1080P av01.0.00M.10.0.110.01.01.01.0 (dash-flv-AV1)', '清晰 480P avc1.64001F (dash-flv480-AVC)', '高清 720P hev1.1.6.L120.90 (dash-flv720-HEVC)', '高清 720P av01.0.00M.10.0.110.01.01.01.0 (dash-flv720-AV1)', '清晰 480P hev1.1.6.L120.90 (dash-flv480-HEVC)', '清晰 480P av01.0.00M.10.0.110.01.01.01.0 (dash-flv480-AV1)', '流畅 360P avc1.64001E (dash-flv360-AVC)', '流畅 360P av01.0.00M.10.0.110.01.01.01.0 (dash-flv360-AV1)', '流畅 360P hev1.1.6.L120.90 (dash-flv360-HEVC)']
2025-04-07 16:27:20,124 - INFO - 格式信息获取进度: 2/3
2025-04-07 16:27:34,719 - DEBUG - you-get输出：
site:                Bilibili
title:               支线里随叫随到的遐蝶belike
streams:             # Available quality and codecs
    [ DASH ] ____________________________________
    - format:        dash-flv-AVC
      container:     mp4
      quality:       高清 1080P avc1.640032
      size:          3.4 MiB (3525160 bytes)
    # download-with: you-get --format=dash-flv-AVC [URL]

    - format:        dash-flv720-AVC
      container:     mp4
      quality:       高清 720P avc1.640028
      size:          2.1 MiB (2251732 bytes)
    # download-with: you-get --format=dash-flv720-AVC [URL]

    - format:        dash-flv-HEVC
      container:     mp4
      quality:       高清 1080P hev1.1.6.L150.90
      size:          1.8 MiB (1920047 bytes)
    # download-with: you-get --format=dash-flv-HEVC [URL]

    - format:        dash-flv-AV1
      container:     mp4
      quality:       高清 1080P av01.0.00M.10.0.110.01.01.01.0
      size:          1.6 MiB (1721644 bytes)
    # download-with: you-get --format=dash-flv-AV1 [URL]

    - format:        dash-flv480-AVC
      container:     mp4
      quality:       清晰 480P avc1.64001F
      size:          1.3 MiB (1335726 bytes)
    # download-with: you-get --format=dash-flv480-AVC [URL]

    - format:        dash-flv720-HEVC
      container:     mp4
      quality:       高清 720P hev1.1.6.L120.90
      size:          1.2 MiB (1303891 bytes)
    # download-with: you-get --format=dash-flv720-HEVC [URL]

    - format:        dash-flv720-AV1
      container:     mp4
      quality:       高清 720P av01.0.00M.10.0.110.01.01.01.0
      size:          1.1 MiB (1152795 bytes)
    # download-with: you-get --format=dash-flv720-AV1 [URL]

    - format:        dash-flv480-HEVC
      container:     mp4
      quality:       清晰 480P hev1.1.6.L120.90
      size:          1.1 MiB (1109123 bytes)
    # download-with: you-get --format=dash-flv480-HEVC [URL]

    - format:        dash-flv480-AV1
      container:     mp4
      quality:       清晰 480P av01.0.00M.10.0.110.01.01.01.0
      size:          1.0 MiB (1032425 bytes)
    # download-with: you-get --format=dash-flv480-AV1 [URL]

    - format:        dash-flv360-AVC
      container:     mp4
      quality:       流畅 360P avc1.64001E
      size:          0.6 MiB (638472 bytes)
    # download-with: you-get --format=dash-flv360-AVC [URL]

    - format:        dash-flv360-AV1
      container:     mp4
      quality:       流畅 360P av01.0.00M.10.0.110.01.01.01.0
      size:          0.5 MiB (509249 bytes)
    # download-with: you-get --format=dash-flv360-AV1 [URL]

    - format:        dash-flv360-HEVC
      container:     mp4
      quality:       流畅 360P hev1.1.6.L120.90
      size:          0.5 MiB (502160 bytes)
    # download-with: you-get --format=dash-flv360-HEVC [URL]


2025-04-07 16:27:34,721 - INFO - 找到以下格式：['高清 1080P avc1.640032 (dash-flv-AVC)', '高清 720P avc1.640028 (dash-flv720-AVC)', '高清 1080P hev1.1.6.L150.90 (dash-flv-HEVC)', '高清 1080P av01.0.00M.10.0.110.01.01.01.0 (dash-flv-AV1)', '清晰 480P avc1.64001F (dash-flv480-AVC)', '高清 720P hev1.1.6.L120.90 (dash-flv720-HEVC)', '高清 720P av01.0.00M.10.0.110.01.01.01.0 (dash-flv720-AV1)', '清晰 480P hev1.1.6.L120.90 (dash-flv480-HEVC)', '清晰 480P av01.0.00M.10.0.110.01.01.01.0 (dash-flv480-AV1)', '流畅 360P avc1.64001E (dash-flv360-AVC)', '流畅 360P av01.0.00M.10.0.110.01.01.01.0 (dash-flv360-AV1)', '流畅 360P hev1.1.6.L120.90 (dash-flv360-HEVC)']
2025-04-07 16:27:34,749 - INFO - 格式信息获取进度: 3/3
2025-04-07 16:27:34,795 - INFO - 所有视频格式获取完成
